Started by timer
Running as SYSTEM
[EnvInject] - Loading node environment variables.
Building remotely on sos-builder02-ubuntu18 (lin ubuntu18 java11) in workspace /builds/workspace/Java8 Workshop
[WS-CLEANUP] Deleting project workspace...
[WS-CLEANUP] Deferred wipeout is used...
[WS-CLEANUP] Done
The recommended git tool is: NONE
No credentials specified
Cloning the remote Git repository
Cloning repository https://github.com/nurkiewicz/java8-workshop.git
 > git init /builds/workspace/Java8 Workshop # timeout=10
Fetching upstream changes from https://github.com/nurkiewicz/java8-workshop.git
 > git --version # timeout=10
 > git --version # 'git version 2.17.1'
 > git fetch --tags --progress -- https://github.com/nurkiewicz/java8-workshop.git +refs/heads/*:refs/remotes/origin/* # timeout=10
 > git config remote.origin.url https://github.com/nurkiewicz/java8-workshop.git # timeout=10
 > git config --add remote.origin.fetch +refs/heads/*:refs/remotes/origin/* # timeout=10
Avoid second fetch
 > git rev-parse refs/remotes/origin/master^{commit} # timeout=10
Checking out Revision 6e52e762f7ade6f3788d130950a3d5d68785a184 (refs/remotes/origin/master)
 > git config core.sparsecheckout # timeout=10
 > git checkout -f 6e52e762f7ade6f3788d130950a3d5d68785a184 # timeout=10
Commit message: "Wrong package"
 > git rev-list --no-walk 6e52e762f7ade6f3788d130950a3d5d68785a184 # timeout=10
[Java8 Workshop] $ /bin/sh -xe /tmp/jenkins9333849621318702271.sh
+ stdbuf -i 50k bash
+ curl https://spoon.gforge.inria.fr/jenkins/build.sh
  % Total    % Received % Xferd  Average Speed   Time    Time     Time  Current
                                 Dload  Upload   Total   Spent    Left  Speed
  0     0    0     0    0     0      0      0 --:--:-- --:--:-- --:--:--     0 
-------------------------------------------------------
Initizalizes project
-------------------------------------------------------
 
100 21399  100 21399    0     0   141k      0 --:--:-- --:--:-- --:--:--  141k
HEAD is now at 6e52e76 Wrong package

--- Displays variables used in the build ---
Artifact id: java8
Version: 0.0.1-SNAPSHOT
Modules job:
- Java8 Workshop
Has checkstyle: true
Has enforcer: true
Git version id: 6e52e762f7ade6f3788d130950a3d5d68785a184
Java version: Picked up JAVA_TOOL_OPTIONS: -Dfile.encoding=UTF8
openjdk version "11.0.9.1" 2020-11-04
OpenJDK Runtime Environment (build 11.0.9.1+1-Ubuntu-0ubuntu1.18.04)
OpenJDK 64-Bit Server VM (build 11.0.9.1+1-Ubuntu-0ubuntu1.18.04, mixed mode, sharing)
Java home: /usr/lib/jvm/java-11-openjdk-amd64
 
-------------------------------------------------------
Compiles project (at the root project if it's a multi module project) without spoon
-------------------------------------------------------
 
Picked up JAVA_TOOL_OPTIONS: -Dfile.encoding=UTF8
WARNING: An illegal reflective access operation has occurred
WARNING: Illegal reflective access by com.google.inject.internal.cglib.core.$ReflectUtils$1 (file:/usr/share/maven/lib/guice.jar) to method java.lang.ClassLoader.defineClass(java.lang.String,byte[],int,int,java.security.ProtectionDomain)
WARNING: Please consider reporting this to the maintainers of com.google.inject.internal.cglib.core.$ReflectUtils$1
WARNING: Use --illegal-access=warn to enable warnings of further illegal reflective access operations
WARNING: All illegal access operations will be denied in a future release
[[1;34mINFO[m] Scanning for projects...
[[1;34mINFO[m] 
[[1;34mINFO[m] [1m------------------------< [0;36mcom.nurkiewicz:java8[0;1m >------------------------[m
[[1;34mINFO[m] [1mBuilding Java 8 workshop 0.0.1-SNAPSHOT[m
[[1;34mINFO[m] [1m--------------------------------[ jar ]---------------------------------[m
[[1;34mINFO[m] 
[[1;34mINFO[m] [1m--- [0;32mmaven-clean-plugin:2.5:clean[m [1m(default-clean)[m @ [36mjava8[0;1m ---[m
[[1;34mINFO[m] 
[[1;34mINFO[m] [1m--- [0;32mmaven-resources-plugin:2.6:resources[m [1m(default-resources)[m @ [36mjava8[0;1m ---[m
[[1;34mINFO[m] Using 'UTF-8' encoding to copy filtered resources.
[[1;34mINFO[m] Copying 6 resources
[[1;34mINFO[m] 
[[1;34mINFO[m] [1m--- [0;32mmaven-compiler-plugin:3.1:compile[m [1m(default-compile)[m @ [36mjava8[0;1m ---[m
[[1;34mINFO[m] Changes detected - recompiling the module!
[[1;34mINFO[m] Compiling 39 source files to /builds/workspace/Java8 Workshop/target/classes
[[1;34mINFO[m] 
[[1;34mINFO[m] [1m--- [0;32mmaven-resources-plugin:2.6:testResources[m [1m(default-testResources)[m @ [36mjava8[0;1m ---[m
[[1;34mINFO[m] Using 'UTF-8' encoding to copy filtered resources.
[[1;34mINFO[m] skip non existing resourceDirectory /builds/workspace/Java8 Workshop/src/test/resources
[[1;34mINFO[m] 
[[1;34mINFO[m] [1m--- [0;32mmaven-compiler-plugin:3.1:testCompile[m [1m(default-testCompile)[m @ [36mjava8[0;1m ---[m
[[1;34mINFO[m] Changes detected - recompiling the module!
[[1;34mINFO[m] Compiling 50 source files to /builds/workspace/Java8 Workshop/target/test-classes
[[1;33mWARNING[m] /builds/workspace/Java8 Workshop/src/test/java/com/nurkiewicz/rxjava/R49_TransformingTest.java: /builds/workspace/Java8 Workshop/src/test/java/com/nurkiewicz/rxjava/R49_TransformingTest.java uses unchecked or unsafe operations.
[[1;33mWARNING[m] /builds/workspace/Java8 Workshop/src/test/java/com/nurkiewicz/rxjava/R49_TransformingTest.java: Recompile with -Xlint:unchecked for details.
[[1;34mINFO[m] 
[[1;34mINFO[m] [1m--- [0;32mmaven-surefire-plugin:2.12.4:test[m [1m(default-test)[m @ [36mjava8[0;1m ---[m
[[1;34mINFO[m] Surefire report directory: /builds/workspace/Java8 Workshop/target/surefire-reports

-------------------------------------------------------
 T E S T S
-------------------------------------------------------
Picked up JAVA_TOOL_OPTIONS: -Dfile.encoding=UTF8
Running com.nurkiewicz.java8.J07c_StreamInfiniteTest
Tests run: 1, Failures: 0, Errors: 0, Skipped: 1, Time elapsed: 0.039 sec
Running com.nurkiewicz.java8.J05_MultiRunnerTest
Tests run: 1, Failures: 0, Errors: 0, Skipped: 1, Time elapsed: 0.003 sec
Running com.nurkiewicz.java8.J07d_CustomCollectorTest
Tests run: 1, Failures: 0, Errors: 0, Skipped: 1, Time elapsed: 0 sec
Running com.nurkiewicz.java8.J02_InterfacesTest
Tests run: 3, Failures: 0, Errors: 0, Skipped: 0, Time elapsed: 0.136 sec
Running com.nurkiewicz.java8.J07b_StreamReduceTest
Tests run: 1, Failures: 0, Errors: 0, Skipped: 1, Time elapsed: 0.001 sec
Running com.nurkiewicz.java8.J21_FuturesIntroductionTest
Tests run: 1, Failures: 0, Errors: 0, Skipped: 1, Time elapsed: 0.003 sec
Running com.nurkiewicz.java8.holidays.PolishHolidaysTest
Tests run: 5, Failures: 0, Errors: 0, Skipped: 0, Time elapsed: 0.036 sec
Running com.nurkiewicz.java8.holidays.EasterTest
Tests run: 41, Failures: 0, Errors: 0, Skipped: 0, Time elapsed: 0.266 sec
Running com.nurkiewicz.java8.holidays.HolidaysFactoryTest
Tests run: 2, Failures: 0, Errors: 0, Skipped: 0, Time elapsed: 0.005 sec
Running com.nurkiewicz.java8.J08_NewMapMethodsTest
Tests run: 1, Failures: 0, Errors: 0, Skipped: 1, Time elapsed: 0.009 sec
Running com.nurkiewicz.java8.J29_AsyncAgentFuturesTest
Tests run: 1, Failures: 0, Errors: 0, Skipped: 1, Time elapsed: 0 sec
Running com.nurkiewicz.java8.J07_StreamsTest
Tests run: 1, Failures: 0, Errors: 0, Skipped: 1, Time elapsed: 0.001 sec
Running com.nurkiewicz.java8.J08_FilesTest
Tests run: 1, Failures: 0, Errors: 0, Skipped: 1, Time elapsed: 0.002 sec
Running com.nurkiewicz.java8.J25_ZipTest
Tests run: 1, Failures: 0, Errors: 0, Skipped: 1, Time elapsed: 0.002 sec
Running com.nurkiewicz.java8.J26_AllAnyTest
Tests run: 1, Failures: 0, Errors: 0, Skipped: 1, Time elapsed: 0.002 sec
Running com.nurkiewicz.java8.J24_FlatMapTest
Tests run: 1, Failures: 0, Errors: 0, Skipped: 1, Time elapsed: 0 sec
Running com.nurkiewicz.java8.J06_OptionalTest
Tests run: 1, Failures: 0, Errors: 0, Skipped: 1, Time elapsed: 0.002 sec
Running com.nurkiewicz.java8.J10_ParallelStreamsTest
Tests run: 1, Failures: 0, Errors: 0, Skipped: 1, Time elapsed: 0.001 sec
Running com.nurkiewicz.java8.J12_BigDecimalAccumulatorTest
Tests run: 1, Failures: 0, Errors: 0, Skipped: 1, Time elapsed: 0.001 sec
Running com.nurkiewicz.java8.J60_CovarianceTest
Tests run: 1, Failures: 0, Errors: 0, Skipped: 1, Time elapsed: 0.007 sec
Running com.nurkiewicz.java8.J27_PromisesTest
Tests run: 1, Failures: 0, Errors: 0, Skipped: 1, Time elapsed: 0.003 sec
Running com.nurkiewicz.java8.J22_CreatingTest
Tests run: 1, Failures: 0, Errors: 0, Skipped: 1, Time elapsed: 0.001 sec
Running com.nurkiewicz.java8.J11b_AtomicTest
Tests run: 1, Failures: 0, Errors: 0, Skipped: 1, Time elapsed: 0 sec
Running com.nurkiewicz.java8.J11_AtomicTest
Tests run: 1, Failures: 0, Errors: 0, Skipped: 1, Time elapsed: 0 sec
Running com.nurkiewicz.java8.J03_FunctionTest
Tests run: 1, Failures: 0, Errors: 0, Skipped: 1, Time elapsed: 0.006 sec
Running com.nurkiewicz.java8.J09_CollectorsTest
Tests run: 1, Failures: 0, Errors: 0, Skipped: 1, Time elapsed: 0 sec
Running com.nurkiewicz.java8.J28_CustomFutureOperatorsTest
Tests run: 1, Failures: 0, Errors: 0, Skipped: 1, Time elapsed: 0.002 sec
Running com.nurkiewicz.java8.J04_FunctionalInterfacesTest
Tests run: 1, Failures: 0, Errors: 0, Skipped: 1, Time elapsed: 0.001 sec
Running com.nurkiewicz.java8.J08_LocalDateTest
Tests run: 1, Failures: 0, Errors: 0, Skipped: 1, Time elapsed: 0 sec
Running com.nurkiewicz.java8.J02b_ConflictingDefaultMethodsTest
Tests run: 1, Failures: 0, Errors: 0, Skipped: 1, Time elapsed: 0.007 sec
Running com.nurkiewicz.java8.J09_StringsTest
Tests run: 1, Failures: 0, Errors: 0, Skipped: 1, Time elapsed: 0 sec
Running com.nurkiewicz.java8.J11c_AtomicTest
Tests run: 1, Failures: 0, Errors: 0, Skipped: 1, Time elapsed: 0 sec
Running com.nurkiewicz.java8.J01_HelloWorldTest
Tests run: 1, Failures: 0, Errors: 0, Skipped: 0, Time elapsed: 0.001 sec
Running com.nurkiewicz.java8.J23_MapTest
Tests run: 1, Failures: 0, Errors: 0, Skipped: 1, Time elapsed: 0.003 sec
Running com.nurkiewicz.java8.J13_AsyncAgentTest
Tests run: 1, Failures: 0, Errors: 0, Skipped: 1, Time elapsed: 0 sec
Running com.nurkiewicz.rxjava.R42_CreatingTest
Tests run: 1, Failures: 0, Errors: 0, Skipped: 1, Time elapsed: 0.001 sec
Running com.nurkiewicz.rxjava.R51_InfiniteObservableTest
Tests run: 1, Failures: 0, Errors: 0, Skipped: 1, Time elapsed: 0 sec
Running com.nurkiewicz.rxjava.R43_ListeningTest
Tests run: 1, Failures: 0, Errors: 0, Skipped: 1, Time elapsed: 0.003 sec
Running com.nurkiewicz.rxjava.R45_FilteringTest
Tests run: 1, Failures: 0, Errors: 0, Skipped: 1, Time elapsed: 0 sec
Running com.nurkiewicz.rxjava.R46_ComposingTest
Tests run: 1, Failures: 0, Errors: 0, Skipped: 1, Time elapsed: 0.001 sec
Running com.nurkiewicz.rxjava.R50_OperatorsTest
Tests run: 1, Failures: 0, Errors: 0, Skipped: 1, Time elapsed: 0.004 sec
Running com.nurkiewicz.rxjava.R41_IntroductionTest
Tests run: 1, Failures: 0, Errors: 0, Skipped: 1, Time elapsed: 0 sec
Running com.nurkiewicz.rxjava.R49_TransformingTest
Tests run: 1, Failures: 0, Errors: 0, Skipped: 1, Time elapsed: 0 sec
Running com.nurkiewicz.rxjava.R47_IndexingTest
Tests run: 1, Failures: 0, Errors: 0, Skipped: 1, Time elapsed: 0 sec

Results :

Tests run: 91, Failures: 0, Errors: 0, Skipped: 39

[[1;34mINFO[m] 
[[1;34mINFO[m] [1m--- [0;32mmaven-jar-plugin:2.4:jar[m [1m(default-jar)[m @ [36mjava8[0;1m ---[m
[[1;34mINFO[m] Building jar: /builds/workspace/Java8 Workshop/target/java8-0.0.1-SNAPSHOT.jar
[[1;34mINFO[m] 
[[1;34mINFO[m] [1m--- [0;32mmaven-install-plugin:2.4:install[m [1m(default-install)[m @ [36mjava8[0;1m ---[m
[[1;34mINFO[m] Installing /builds/workspace/Java8 Workshop/target/java8-0.0.1-SNAPSHOT.jar to /builds/.m2/repository/com/nurkiewicz/java8/0.0.1-SNAPSHOT/java8-0.0.1-SNAPSHOT.jar
[[1;34mINFO[m] Installing /builds/workspace/Java8 Workshop/pom.xml to /builds/.m2/repository/com/nurkiewicz/java8/0.0.1-SNAPSHOT/java8-0.0.1-SNAPSHOT.pom
[[1;34mINFO[m] [1m------------------------------------------------------------------------[m
[[1;34mINFO[m] [1;32mBUILD SUCCESS[m
[[1;34mINFO[m] [1m------------------------------------------------------------------------[m
[[1;34mINFO[m] Total time:  10.148 s
[[1;34mINFO[m] Finished at: 2022-05-28T00:54:14+02:00
[[1;34mINFO[m] [1m------------------------------------------------------------------------[m
bash: line 97: bc: command not found
 
--- Displays results of the maven compile ---
Time to compile: 
Number of tests: 91
Number of tests skipped: 39
Number of failures in tests: 0
Number of errors in tests: 0
 
-------------------------------------------------------
Inserts the maven plugin to spoon the project
-------------------------------------------------------
 
bash: line 169: pom.bak9.xml: No space left on device
bash: line 170: pom.bak10.xml: No space left on device
bash: line 171: pom.bak11.xml: No space left on device
bash: line 172: pom.bak12.xml: No space left on device
bash: line 173: pom.bak14.xml: No space left on device
bash: line 174: pom.bak19.xml: No space left on device
bash: line 175: pom.bak20.xml: No space left on device
bash: line 176: pom.bak21.xml: No space left on device
bash: line 177: pom.bak22.xml: No space left on device
mv: cannot stat 'pom.bak22.xml': No such file or directory
Picked up JAVA_TOOL_OPTIONS: -Dfile.encoding=UTF8
WARNING: An illegal reflective access operation has occurred
WARNING: Illegal reflective access by com.google.inject.internal.cglib.core.$ReflectUtils$1 (file:/usr/share/maven/lib/guice.jar) to method java.lang.ClassLoader.defineClass(java.lang.String,byte[],int,int,java.security.ProtectionDomain)
WARNING: Please consider reporting this to the maintainers of com.google.inject.internal.cglib.core.$ReflectUtils$1
WARNING: Use --illegal-access=warn to enable warnings of further illegal reflective access operations
WARNING: All illegal access operations will be denied in a future release
[[1;34mINFO[m] Scanning for projects...
[[1;34mINFO[m] 
[[1;34mINFO[m] [1m------------------------< [0;36mcom.nurkiewicz:java8[0;1m >------------------------[m
[[1;34mINFO[m] [1mBuilding Java 8 workshop 0.0.1-SNAPSHOT[m
[[1;34mINFO[m] [1m--------------------------------[ jar ]---------------------------------[m
[[1;34mINFO[m] 
[[1;34mINFO[m] [1m--- [0;32mmaven-dependency-plugin:2.8:purge-local-repository[m [1m(default-cli)[m @ [36mjava8[0;1m ---[m
[[1;34mINFO[m] [1m------------------------------------------------------------------------[m
[[1;34mINFO[m] [1;32mBUILD SUCCESS[m
[[1;34mINFO[m] [1m------------------------------------------------------------------------[m
[[1;34mINFO[m] Total time:  2.562 s
[[1;34mINFO[m] Finished at: 2022-05-28T00:54:20+02:00
[[1;34mINFO[m] [1m------------------------------------------------------------------------[m
Picked up JAVA_TOOL_OPTIONS: -Dfile.encoding=UTF8
WARNING: An illegal reflective access operation has occurred
WARNING: Illegal reflective access by com.google.inject.internal.cglib.core.$ReflectUtils$1 (file:/usr/share/maven/lib/guice.jar) to method java.lang.ClassLoader.defineClass(java.lang.String,byte[],int,int,java.security.ProtectionDomain)
WARNING: Please consider reporting this to the maintainers of com.google.inject.internal.cglib.core.$ReflectUtils$1
WARNING: Use --illegal-access=warn to enable warnings of further illegal reflective access operations
WARNING: All illegal access operations will be denied in a future release
[[1;34mINFO[m] Scanning for projects...
[[1;34mINFO[m] 
[[1;34mINFO[m] [1m------------------------< [0;36mcom.nurkiewicz:java8[0;1m >------------------------[m
[[1;34mINFO[m] [1mBuilding Java 8 workshop 0.0.1-SNAPSHOT[m
[[1;34mINFO[m] [1m--------------------------------[ jar ]---------------------------------[m
[[1;34mINFO[m] 
[[1;34mINFO[m] [1m--- [0;32mmaven-clean-plugin:2.5:clean[m [1m(default-clean)[m @ [36mjava8[0;1m ---[m
[[1;34mINFO[m] Deleting /builds/workspace/Java8 Workshop/target
[[1;34mINFO[m] 
[[1;34mINFO[m] [1m--- [0;32mmaven-resources-plugin:2.6:resources[m [1m(default-resources)[m @ [36mjava8[0;1m ---[m
[[1;34mINFO[m] Using 'UTF-8' encoding to copy filtered resources.
[[1;34mINFO[m] Copying 6 resources
[[1;34mINFO[m] 
[[1;34mINFO[m] [1m--- [0;32mmaven-compiler-plugin:3.1:compile[m [1m(default-compile)[m @ [36mjava8[0;1m ---[m
[[1;34mINFO[m] Changes detected - recompiling the module!
[[1;34mINFO[m] Compiling 39 source files to /builds/workspace/Java8 Workshop/target/classes
[[1;34mINFO[m] 
[[1;34mINFO[m] [1m--- [0;32mmaven-resources-plugin:2.6:testResources[m [1m(default-testResources)[m @ [36mjava8[0;1m ---[m
[[1;34mINFO[m] Using 'UTF-8' encoding to copy filtered resources.
[[1;34mINFO[m] skip non existing resourceDirectory /builds/workspace/Java8 Workshop/src/test/resources
[[1;34mINFO[m] 
[[1;34mINFO[m] [1m--- [0;32mmaven-compiler-plugin:3.1:testCompile[m [1m(default-testCompile)[m @ [36mjava8[0;1m ---[m
[[1;34mINFO[m] Changes detected - recompiling the module!
[[1;34mINFO[m] Compiling 50 source files to /builds/workspace/Java8 Workshop/target/test-classes
[[1;33mWARNING[m] /builds/workspace/Java8 Workshop/src/test/java/com/nurkiewicz/rxjava/R49_TransformingTest.java: /builds/workspace/Java8 Workshop/src/test/java/com/nurkiewicz/rxjava/R49_TransformingTest.java uses unchecked or unsafe operations.
[[1;33mWARNING[m] /builds/workspace/Java8 Workshop/src/test/java/com/nurkiewicz/rxjava/R49_TransformingTest.java: Recompile with -Xlint:unchecked for details.
[[1;34mINFO[m] 
[[1;34mINFO[m] [1m--- [0;32mmaven-surefire-plugin:2.12.4:test[m [1m(default-test)[m @ [36mjava8[0;1m ---[m
[[1;34mINFO[m] Tests are skipped.
[[1;34mINFO[m] [1m------------------------------------------------------------------------[m
[[1;34mINFO[m] [1;32mBUILD SUCCESS[m
[[1;34mINFO[m] [1m------------------------------------------------------------------------[m
[[1;34mINFO[m] Total time:  7.715 s
[[1;34mINFO[m] Finished at: 2022-05-28T00:54:31+02:00
[[1;34mINFO[m] [1m------------------------------------------------------------------------[m
bash: line 193: bc: command not found
Picked up JAVA_TOOL_OPTIONS: -Dfile.encoding=UTF8
WARNING: An illegal reflective access operation has occurred
WARNING: Illegal reflective access by com.google.inject.internal.cglib.core.$ReflectUtils$1 (file:/usr/share/maven/lib/guice.jar) to method java.lang.ClassLoader.defineClass(java.lang.String,byte[],int,int,java.security.ProtectionDomain)
WARNING: Please consider reporting this to the maintainers of com.google.inject.internal.cglib.core.$ReflectUtils$1
WARNING: Use --illegal-access=warn to enable warnings of further illegal reflective access operations
WARNING: All illegal access operations will be denied in a future release
[[1;34mINFO[m] Scanning for projects...
Downloading from ow2.org-snapshot: https://repository.ow2.org/nexus/content/repositories/snapshots/fr/inria/gforge/spoon/spoon-maven-plugin/maven-metadata.xml
Downloading from central: https://repo.maven.apache.org/maven2/fr/inria/gforge/spoon/spoon-maven-plugin/maven-metadata.xml
Progress (1): 810 B                   Downloaded from central: https://repo.maven.apache.org/maven2/fr/inria/gforge/spoon/spoon-maven-plugin/maven-metadata.xml (810 B at 1.4 kB/s)
Progress (1): 331 B                   Downloaded from ow2.org-snapshot: https://repository.ow2.org/nexus/content/repositories/snapshots/fr/inria/gforge/spoon/spoon-maven-plugin/maven-metadata.xml (331 B at 491 B/s)
Downloading from ow2.org-snapshot: https://repository.ow2.org/nexus/content/repositories/snapshots/fr/inria/gforge/spoon/spoon-maven-plugin/3.5/spoon-maven-plugin-3.5.pom
Downloading from central: https://repo.maven.apache.org/maven2/fr/inria/gforge/spoon/spoon-maven-plugin/3.5/spoon-maven-plugin-3.5.pom
Progress (1): 1.4/8.6 kBProgress (1): 2.7/8.6 kBProgress (1): 4.1/8.6 kBProgress (1): 5.5/8.6 kBProgress (1): 6.9/8.6 kBProgress (1): 8.2/8.6 kBProgress (1): 8.6 kB                        Downloaded from central: https://repo.maven.apache.org/maven2/fr/inria/gforge/spoon/spoon-maven-plugin/3.5/spoon-maven-plugin-3.5.pom (8.6 kB at 287 kB/s)
Downloading from ow2.org-snapshot: https://repository.ow2.org/nexus/content/repositories/snapshots/fr/inria/gforge/spoon/spoon-maven-plugin/3.5/spoon-maven-plugin-3.5.jar
Downloading from central: https://repo.maven.apache.org/maven2/fr/inria/gforge/spoon/spoon-maven-plugin/3.5/spoon-maven-plugin-3.5.jar
Progress (1): 1.4/36 kBProgress (1): 2.7/36 kBProgress (1): 4.1/36 kBProgress (1): 5.5/36 kBProgress (1): 6.9/36 kBProgress (1): 8.2/36 kBProgress (1): 9.6/36 kBProgress (1): 11/36 kB Progress (1): 12/36 kBProgress (1): 14/36 kBProgress (1): 15/36 kBProgress (1): 16/36 kBProgress (1): 17/36 kBProgress (1): 19/36 kBProgress (1): 20/36 kBProgress (1): 21/36 kBProgress (1): 23/36 kBProgress (1): 24/36 kBProgress (1): 25/36 kBProgress (1): 27/36 kBProgress (1): 28/36 kBProgress (1): 30/36 kBProgress (1): 31/36 kBProgress (1): 32/36 kBProgress (1): 34/36 kBProgress (1): 35/36 kBProgress (1): 36 kB                      Downloaded from central: https://repo.maven.apache.org/maven2/fr/inria/gforge/spoon/spoon-maven-plugin/3.5/spoon-maven-plugin-3.5.jar (36 kB at 579 kB/s)
[[1;34mINFO[m] 
[[1;34mINFO[m] [1m------------------------< [0;36mcom.nurkiewicz:java8[0;1m >------------------------[m
[[1;34mINFO[m] [1mBuilding Java 8 workshop 0.0.1-SNAPSHOT[m
[[1;34mINFO[m] [1m--------------------------------[ jar ]---------------------------------[m
[[1;34mINFO[m] 
[[1;34mINFO[m] [1m--- [0;32mspoon-maven-plugin:3.5:generate[m [1m(default-cli)[m @ [36mjava8[0;1m ---[m
Downloading from ow2.org-snapshot: https://repository.ow2.org/nexus/content/repositories/snapshots/fr/inria/gforge/spoon/spoon-core/9.1.0/spoon-core-9.1.0.pom
Downloading from central: https://repo.maven.apache.org/maven2/fr/inria/gforge/spoon/spoon-core/9.1.0/spoon-core-9.1.0.pom
Progress (1): 1.4/11 kBProgress (1): 2.7/11 kBProgress (1): 4.1/11 kBProgress (1): 5.5/11 kBProgress (1): 6.9/11 kBProgress (1): 8.2/11 kBProgress (1): 9.6/11 kBProgress (1): 11 kB                       Downloaded from central: https://repo.maven.apache.org/maven2/fr/inria/gforge/spoon/spoon-core/9.1.0/spoon-core-9.1.0.pom (11 kB at 145 kB/s)
Downloading from ow2.org-snapshot: https://repository.ow2.org/nexus/content/repositories/snapshots/fr/inria/gforge/spoon/spoon-core/9.1.0/spoon-core-9.1.0.jar
Downloading from central: https://repo.maven.apache.org/maven2/fr/inria/gforge/spoon/spoon-core/9.1.0/spoon-core-9.1.0.jar
Progress (1): 0/1.8 MBProgress (1): 0/1.8 MBProgress (1): 0/1.8 MBProgress (1): 0/1.8 MBProgress (1): 0/1.8 MBProgress (1): 0/1.8 MBProgress (1): 0/1.8 MBProgress (1): 0/1.8 MBProgress (1): 0/1.8 MBProgress (1): 0/1.8 MBProgress (1): 0/1.8 MBProgress (1): 0/1.8 MBProgress (1): 0.1/1.8 MBProgress (1): 0.1/1.8 MBProgress (1): 0.1/1.8 MBProgress (1): 0.1/1.8 MBProgress (1): 0.1/1.8 MBProgress (1): 0.1/1.8 MBProgress (1): 0.1/1.8 MBProgress (1): 0.1/1.8 MBProgress (1): 0.1/1.8 MBProgress (1): 0.1/1.8 MBProgress (1): 0.1/1.8 MBProgress (1): 0.1/1.8 MBProgress (1): 0.1/1.8 MBProgress (1): 0.1/1.8 MBProgress (1): 0.1/1.8 MBProgress (1): 0.1/1.8 MBProgress (1): 0.1/1.8 MBProgress (1): 0.1/1.8 MBProgress (1): 0.1/1.8 MBProgress (1): 0.1/1.8 MBProgress (1): 0.1/1.8 MBProgress (1): 0.1/1.8 MBProgress (1): 0.1/1.8 MBProgress (1): 0.1/1.8 MBProgress (1): 0.2/1.8 MBProgress (1): 0.2/1.8 MBProgress (1): 0.2/1.8 MBProgress (1): 0.2/1.8 MBProgress (1): 0.2/1.8 MBProgress (1): 0.2/1.8 MBProgress (1): 0.2/1.8 MBProgress (1): 0.2/1.8 MBProgress (1): 0.2/1.8 MBProgress (1): 0.2/1.8 MBProgress (1): 0.2/1.8 MBProgress (1): 0.2/1.8 MBProgress (1): 0.2/1.8 MBProgress (1): 0.2/1.8 MBProgress (1): 0.2/1.8 MBProgress (1): 0.2/1.8 MBProgress (1): 0.2/1.8 MBProgress (1): 0.2/1.8 MBProgress (1): 0.2/1.8 MBProgress (1): 0.2/1.8 MBProgress (1): 0.2/1.8 MBProgress (1): 0.2/1.8 MBProgress (1): 0.2/1.8 MBProgress (1): 0.2/1.8 MBProgress (1): 0.2/1.8 MBProgress (1): 0.3/1.8 MBProgress (1): 0.3/1.8 MBProgress (1): 0.3/1.8 MBProgress (1): 0.3/1.8 MBProgress (1): 0.3/1.8 MBProgress (1): 0.3/1.8 MBProgress (1): 0.3/1.8 MBProgress (1): 0.3/1.8 MBProgress (1): 0.3/1.8 MBProgress (1): 0.3/1.8 MBProgress (1): 0.3/1.8 MBProgress (1): 0.3/1.8 MBProgress (1): 0.3/1.8 MBProgress (1): 0.3/1.8 MBProgress (1): 0.3/1.8 MBProgress (1): 0.3/1.8 MBProgress (1): 0.3/1.8 MBProgress (1): 0.3/1.8 MBProgress (1): 0.3/1.8 MBProgress (1): 0.3/1.8 MBProgress (1): 0.3/1.8 MBProgress (1): 0.3/1.8 MBProgress (1): 0.3/1.8 MBProgress (1): 0.3/1.8 MBProgress (1): 0.4/1.8 MBProgress (1): 0.4/1.8 MBProgress (1): 0.4/1.8 MBProgress (1): 0.4/1.8 MBProgress (1): 0.4/1.8 MBProgress (1): 0.4/1.8 MBProgress (1): 0.4/1.8 MBProgress (1): 0.4/1.8 MBProgress (1): 0.4/1.8 MBProgress (1): 0.4/1.8 MBProgress (1): 0.4/1.8 MBProgress (1): 0.4/1.8 MBProgress (1): 0.4/1.8 MBProgress (1): 0.4/1.8 MBProgress (1): 0.4/1.8 MBProgress (1): 0.4/1.8 MBProgress (1): 0.4/1.8 MBProgress (1): 0.4/1.8 MBProgress (1): 0.4/1.8 MBProgress (1): 0.4/1.8 MBProgress (1): 0.4/1.8 MBProgress (1): 0.4/1.8 MBProgress (1): 0.4/1.8 MBProgress (1): 0.4/1.8 MBProgress (1): 0.4/1.8 MBProgress (1): 0.5/1.8 MBProgress (1): 0.5/1.8 MBProgress (1): 0.5/1.8 MBProgress (1): 0.5/1.8 MBProgress (1): 0.5/1.8 MBProgress (1): 0.5/1.8 MBProgress (1): 0.5/1.8 MBProgress (1): 0.5/1.8 MBProgress (1): 0.5/1.8 MBProgress (1): 0.5/1.8 MBProgress (1): 0.5/1.8 MBProgress (1): 0.5/1.8 MBProgress (1): 0.5/1.8 MBProgress (1): 0.5/1.8 MBProgress (1): 0.5/1.8 MBProgress (1): 0.5/1.8 MBProgress (1): 0.5/1.8 MBProgress (1): 0.5/1.8 MBProgress (1): 0.5/1.8 MBProgress (1): 0.5/1.8 MBProgress (1): 0.5/1.8 MBProgress (1): 0.5/1.8 MBProgress (1): 0.5/1.8 MBProgress (1): 0.5/1.8 MBProgress (1): 0.6/1.8 MBProgress (1): 0.6/1.8 MBProgress (1): 0.6/1.8 MBProgress (1): 0.6/1.8 MBProgress (1): 0.6/1.8 MBProgress (1): 0.6/1.8 MBProgress (1): 0.6/1.8 MBProgress (1): 0.6/1.8 MBProgress (1): 0.6/1.8 MBProgress (1): 0.6/1.8 MBProgress (1): 0.6/1.8 MBProgress (1): 0.6/1.8 MBProgress (1): 0.6/1.8 MBProgress (1): 0.6/1.8 MBProgress (1): 0.6/1.8 MBProgress (1): 0.6/1.8 MBProgress (1): 0.6/1.8 MBProgress (1): 0.6/1.8 MBProgress (1): 0.6/1.8 MBProgress (1): 0.6/1.8 MBProgress (1): 0.6/1.8 MBProgress (1): 0.6/1.8 MBProgress (1): 0.6/1.8 MBProgress (1): 0.6/1.8 MBProgress (1): 0.7/1.8 MBProgress (1): 0.7/1.8 MBProgress (1): 0.7/1.8 MBProgress (1): 0.7/1.8 MBProgress (1): 0.7/1.8 MBProgress (1): 0.7/1.8 MBProgress (1): 0.7/1.8 MBProgress (1): 0.7/1.8 MBProgress (1): 0.7/1.8 MBProgress (1): 0.7/1.8 MBProgress (1): 0.7/1.8 MBProgress (1): 0.7/1.8 MBProgress (1): 0.7/1.8 MBProgress (1): 0.7/1.8 MBProgress (1): 0.7/1.8 MBProgress (1): 0.7/1.8 MBProgress (1): 0.7/1.8 MBProgress (1): 0.7/1.8 MBProgress (1): 0.7/1.8 MBProgress (1): 0.7/1.8 MBProgress (1): 0.7/1.8 MBProgress (1): 0.7/1.8 MBProgress (1): 0.7/1.8 MBProgress (1): 0.7/1.8 MBProgress (1): 0.7/1.8 MBProgress (1): 0.8/1.8 MBProgress (1): 0.8/1.8 MBProgress (1): 0.8/1.8 MBProgress (1): 0.8/1.8 MBProgress (1): 0.8/1.8 MBProgress (1): 0.8/1.8 MBProgress (1): 0.8/1.8 MBProgress (1): 0.8/1.8 MBProgress (1): 0.8/1.8 MBProgress (1): 0.8/1.8 MBProgress (1): 0.8/1.8 MBProgress (1): 0.8/1.8 MBProgress (1): 0.8/1.8 MBProgress (1): 0.8/1.8 MBProgress (1): 0.8/1.8 MBProgress (1): 0.8/1.8 MBProgress (1): 0.8/1.8 MBProgress (1): 0.8/1.8 MBProgress (1): 0.8/1.8 MBProgress (1): 0.8/1.8 MBProgress (1): 0.8/1.8 MBProgress (1): 0.8/1.8 MBProgress (1): 0.8/1.8 MBProgress (1): 0.8/1.8 MBProgress (1): 0.9/1.8 MBProgress (1): 0.9/1.8 MBProgress (1): 0.9/1.8 MBProgress (1): 0.9/1.8 MBProgress (1): 0.9/1.8 MBProgress (1): 0.9/1.8 MBProgress (1): 0.9/1.8 MBProgress (1): 0.9/1.8 MBProgress (1): 0.9/1.8 MBProgress (1): 0.9/1.8 MBProgress (1): 0.9/1.8 MBProgress (1): 0.9/1.8 MBProgress (1): 0.9/1.8 MBProgress (1): 0.9/1.8 MBProgress (1): 0.9/1.8 MBProgress (1): 0.9/1.8 MBProgress (1): 0.9/1.8 MBProgress (1): 0.9/1.8 MBProgress (1): 0.9/1.8 MBProgress (1): 0.9/1.8 MBProgress (1): 0.9/1.8 MBProgress (1): 0.9/1.8 MBProgress (1): 0.9/1.8 MBProgress (1): 0.9/1.8 MBProgress (1): 0.9/1.8 MBProgress (1): 1.0/1.8 MBProgress (1): 1.0/1.8 MBProgress (1): 1.0/1.8 MBProgress (1): 1.0/1.8 MBProgress (1): 1.0/1.8 MBProgress (1): 1.0/1.8 MBProgress (1): 1.0/1.8 MBProgress (1): 1.0/1.8 MBProgress (1): 1.0/1.8 MBProgress (1): 1.0/1.8 MBProgress (1): 1.0/1.8 MBProgress (1): 1.0/1.8 MBProgress (1): 1.0/1.8 MBProgress (1): 1.0/1.8 MBProgress (1): 1.0/1.8 MBProgress (1): 1.0/1.8 MBProgress (1): 1.0/1.8 MBProgress (1): 1.0/1.8 MBProgress (1): 1.0/1.8 MBProgress (1): 1.0/1.8 MBProgress (1): 1.0/1.8 MBProgress (1): 1.0/1.8 MBProgress (1): 1.0/1.8 MBProgress (1): 1.0/1.8 MBProgress (1): 1.1/1.8 MBProgress (1): 1.1/1.8 MBProgress (1): 1.1/1.8 MBProgress (1): 1.1/1.8 MBProgress (1): 1.1/1.8 MBProgress (1): 1.1/1.8 MBProgress (1): 1.1/1.8 MBProgress (1): 1.1/1.8 MBProgress (1): 1.1/1.8 MBProgress (1): 1.1/1.8 MBProgress (1): 1.1/1.8 MBProgress (1): 1.1/1.8 MBProgress (1): 1.1/1.8 MBProgress (1): 1.1/1.8 MBProgress (1): 1.1/1.8 MBProgress (1): 1.1/1.8 MBProgress (1): 1.1/1.8 MBProgress (1): 1.1/1.8 MBProgress (1): 1.1/1.8 MBProgress (1): 1.1/1.8 MBProgress (1): 1.1/1.8 MBProgress (1): 1.1/1.8 MBProgress (1): 1.1/1.8 MBProgress (1): 1.1/1.8 MBProgress (1): 1.2/1.8 MBProgress (1): 1.2/1.8 MBProgress (1): 1.2/1.8 MBProgress (1): 1.2/1.8 MBProgress (1): 1.2/1.8 MBProgress (1): 1.2/1.8 MBProgress (1): 1.2/1.8 MBProgress (1): 1.2/1.8 MBProgress (1): 1.2/1.8 MBProgress (1): 1.2/1.8 MBProgress (1): 1.2/1.8 MBProgress (1): 1.2/1.8 MBProgress (1): 1.2/1.8 MBProgress (1): 1.2/1.8 MBProgress (1): 1.2/1.8 MBProgress (1): 1.2/1.8 MBProgress (1): 1.2/1.8 MBProgress (1): 1.2/1.8 MBProgress (1): 1.2/1.8 MBProgress (1): 1.2/1.8 MBProgress (1): 1.2/1.8 MBProgress (1): 1.2/1.8 MBProgress (1): 1.2/1.8 MBProgress (1): 1.2/1.8 MBProgress (1): 1.2/1.8 MBProgress (1): 1.3/1.8 MBProgress (1): 1.3/1.8 MBProgress (1): 1.3/1.8 MBProgress (1): 1.3/1.8 MBProgress (1): 1.3/1.8 MBProgress (1): 1.3/1.8 MBProgress (1): 1.3/1.8 MBProgress (1): 1.3/1.8 MBProgress (1): 1.3/1.8 MBProgress (1): 1.3/1.8 MBProgress (1): 1.3/1.8 MBProgress (1): 1.3/1.8 MBProgress (1): 1.3/1.8 MBProgress (1): 1.3/1.8 MBProgress (1): 1.3/1.8 MBProgress (1): 1.3/1.8 MBProgress (1): 1.3/1.8 MBProgress (1): 1.3/1.8 MBProgress (1): 1.3/1.8 MBProgress (1): 1.3/1.8 MBProgress (1): 1.3/1.8 MBProgress (1): 1.3/1.8 MBProgress (1): 1.3/1.8 MBProgress (1): 1.3/1.8 MBProgress (1): 1.4/1.8 MBProgress (1): 1.4/1.8 MBProgress (1): 1.4/1.8 MBProgress (1): 1.4/1.8 MBProgress (1): 1.4/1.8 MBProgress (1): 1.4/1.8 MBProgress (1): 1.4/1.8 MBProgress (1): 1.4/1.8 MBProgress (1): 1.4/1.8 MBProgress (1): 1.4/1.8 MBProgress (1): 1.4/1.8 MBProgress (1): 1.4/1.8 MBProgress (1): 1.4/1.8 MBProgress (1): 1.4/1.8 MBProgress (1): 1.4/1.8 MBProgress (1): 1.4/1.8 MBProgress (1): 1.4/1.8 MBProgress (1): 1.4/1.8 MBProgress (1): 1.4/1.8 MBProgress (1): 1.4/1.8 MBProgress (1): 1.4/1.8 MBProgress (1): 1.4/1.8 MBProgress (1): 1.4/1.8 MBProgress (1): 1.4/1.8 MBProgress (1): 1.4/1.8 MBProgress (1): 1.5/1.8 MBProgress (1): 1.5/1.8 MBProgress (1): 1.5/1.8 MBProgress (1): 1.5/1.8 MBProgress (1): 1.5/1.8 MBProgress (1): 1.5/1.8 MBProgress (1): 1.5/1.8 MBProgress (1): 1.5/1.8 MBProgress (1): 1.5/1.8 MBProgress (1): 1.5/1.8 MBProgress (1): 1.5/1.8 MBProgress (1): 1.5/1.8 MBProgress (1): 1.5/1.8 MBProgress (1): 1.5/1.8 MBProgress (1): 1.5/1.8 MBProgress (1): 1.5/1.8 MBProgress (1): 1.5/1.8 MBProgress (1): 1.5/1.8 MBProgress (1): 1.5/1.8 MBProgress (1): 1.5/1.8 MBProgress (1): 1.5/1.8 MBProgress (1): 1.5/1.8 MBProgress (1): 1.5/1.8 MBProgress (1): 1.5/1.8 MBProgress (1): 1.6/1.8 MBProgress (1): 1.6/1.8 MBProgress (1): 1.6/1.8 MBProgress (1): 1.6/1.8 MBProgress (1): 1.6/1.8 MBProgress (1): 1.6/1.8 MBProgress (1): 1.6/1.8 MBProgress (1): 1.6/1.8 MBProgress (1): 1.6/1.8 MBProgress (1): 1.6/1.8 MBProgress (1): 1.6/1.8 MBProgress (1): 1.6/1.8 MBProgress (1): 1.6/1.8 MBProgress (1): 1.6/1.8 MBProgress (1): 1.6/1.8 MBProgress (1): 1.6/1.8 MBProgress (1): 1.6/1.8 MBProgress (1): 1.6/1.8 MBProgress (1): 1.6/1.8 MBProgress (1): 1.6/1.8 MBProgress (1): 1.6/1.8 MBProgress (1): 1.6/1.8 MBProgress (1): 1.6/1.8 MBProgress (1): 1.6/1.8 MBProgress (1): 1.7/1.8 MBProgress (1): 1.7/1.8 MBProgress (1): 1.7/1.8 MBProgress (1): 1.7/1.8 MBProgress (1): 1.7/1.8 MBProgress (1): 1.7/1.8 MBProgress (1): 1.7/1.8 MBProgress (1): 1.7/1.8 MBProgress (1): 1.7/1.8 MBProgress (1): 1.7/1.8 MBProgress (1): 1.7/1.8 MBProgress (1): 1.7/1.8 MBProgress (1): 1.7/1.8 MBProgress (1): 1.7/1.8 MBProgress (1): 1.7/1.8 MBProgress (1): 1.7/1.8 MBProgress (1): 1.7/1.8 MBProgress (1): 1.7/1.8 MBProgress (1): 1.7/1.8 MBProgress (1): 1.7/1.8 MBProgress (1): 1.7/1.8 MBProgress (1): 1.7/1.8 MBProgress (1): 1.7/1.8 MBProgress (1): 1.7/1.8 MBProgress (1): 1.7/1.8 MBProgress (1): 1.8/1.8 MBProgress (1): 1.8/1.8 MBProgress (1): 1.8/1.8 MBProgress (1): 1.8/1.8 MBProgress (1): 1.8/1.8 MBProgress (1): 1.8/1.8 MBProgress (1): 1.8/1.8 MBProgress (1): 1.8/1.8 MBProgress (1): 1.8/1.8 MBProgress (1): 1.8/1.8 MBProgress (1): 1.8/1.8 MBProgress (1): 1.8/1.8 MBProgress (1): 1.8 MB                        Downloaded from central: https://repo.maven.apache.org/maven2/fr/inria/gforge/spoon/spoon-core/9.1.0/spoon-core-9.1.0.jar (1.8 MB at 2.7 MB/s)
[[1;34mINFO[m] Running in FULLCLASSPATH mode (doc: http://spoon.gforge.inria.fr/launcher.html).
[[1;34mINFO[m] Spoon version ${project.version}
[[1;34mINFO[m] running Spoon...
[[1;34mINFO[m] start processing...
[[1;34mINFO[m] spoon.support.JavaOutputProcessor
[[1;34mINFO[m] end of processing: 
[[1;34mINFO[m] no errors, no warnings
[[1;34mINFO[m] [1m------------------------------------------------------------------------[m
[[1;34mINFO[m] [1;32mBUILD SUCCESS[m
[[1;34mINFO[m] [1m------------------------------------------------------------------------[m
[[1;34mINFO[m] Total time:  9.477 s
[[1;34mINFO[m] Finished at: 2022-05-28T00:54:43+02:00
[[1;34mINFO[m] [1m------------------------------------------------------------------------[m
ERROR: no tag class, spoon has failed
Build step 'Execute shell' marked build as failure
Archiving artifacts
/net/www/ci/sos/jobs/Java8 Workshop/builds/2462/archive does not exist.
ERROR: Step ?Publish XML Summary Reports? failed: /net/www/ci/sos/jobs/Java8 Workshop/builds/2462/archive does not exist.
Finished: FAILURE
