Started by timer
Running as SYSTEM
[EnvInject] - Loading node environment variables.
Building remotely on sos-builder02-ubuntu18 (lin ubuntu18 java11) in workspace /builds/workspace/Java8 Workshop
[WS-CLEANUP] Deleting project workspace...
[WS-CLEANUP] Deferred wipeout is used...
[WS-CLEANUP] Done
The recommended git tool is: NONE
No credentials specified
Cloning the remote Git repository
Cloning repository https://github.com/nurkiewicz/java8-workshop.git
 > git init /builds/workspace/Java8 Workshop # timeout=10
Fetching upstream changes from https://github.com/nurkiewicz/java8-workshop.git
 > git --version # timeout=10
 > git --version # 'git version 2.17.1'
 > git fetch --tags --progress -- https://github.com/nurkiewicz/java8-workshop.git +refs/heads/*:refs/remotes/origin/* # timeout=10
 > git config remote.origin.url https://github.com/nurkiewicz/java8-workshop.git # timeout=10
 > git config --add remote.origin.fetch +refs/heads/*:refs/remotes/origin/* # timeout=10
Avoid second fetch
 > git rev-parse refs/remotes/origin/master^{commit} # timeout=10
Checking out Revision 6e52e762f7ade6f3788d130950a3d5d68785a184 (refs/remotes/origin/master)
 > git config core.sparsecheckout # timeout=10
 > git checkout -f 6e52e762f7ade6f3788d130950a3d5d68785a184 # timeout=10
Commit message: "Wrong package"
 > git rev-list --no-walk 6e52e762f7ade6f3788d130950a3d5d68785a184 # timeout=10
[Java8 Workshop] $ /bin/sh -xe /tmp/jenkins1104492722917202601.sh
+ stdbuf -i 50k bash
+ curl https://spoon.gforge.inria.fr/jenkins/build.sh
  % Total    % Received % Xferd  Average Speed   Time    Time     Time  Current
                                 Dload  Upload   Total   Spent    Left  Speed
  0     0    0     0    0     0      0      0 --:--:-- --:--:-- --:--:--     0  0     0    0     0    0     0      0      0 --:--:-- --:--:-- --:--:--     0 
-------------------------------------------------------
Initizalizes project
-------------------------------------------------------
 
100 21399  100 21399    0     0   119k      0 --:--:-- --:--:-- --:--:--  118k
HEAD is now at 6e52e76 Wrong package

--- Displays variables used in the build ---
Artifact id: java8
Version: 0.0.1-SNAPSHOT
Modules job:
- Java8 Workshop
Has checkstyle: true
Has enforcer: true
Git version id: 6e52e762f7ade6f3788d130950a3d5d68785a184
Java version: Picked up JAVA_TOOL_OPTIONS: -Dfile.encoding=UTF8
openjdk version "11.0.9.1" 2020-11-04
OpenJDK Runtime Environment (build 11.0.9.1+1-Ubuntu-0ubuntu1.18.04)
OpenJDK 64-Bit Server VM (build 11.0.9.1+1-Ubuntu-0ubuntu1.18.04, mixed mode, sharing)
Java home: /usr/lib/jvm/java-11-openjdk-amd64
 
-------------------------------------------------------
Compiles project (at the root project if it's a multi module project) without spoon
-------------------------------------------------------
 
Picked up JAVA_TOOL_OPTIONS: -Dfile.encoding=UTF8
WARNING: An illegal reflective access operation has occurred
WARNING: Illegal reflective access by com.google.inject.internal.cglib.core.$ReflectUtils$1 (file:/usr/share/maven/lib/guice.jar) to method java.lang.ClassLoader.defineClass(java.lang.String,byte[],int,int,java.security.ProtectionDomain)
WARNING: Please consider reporting this to the maintainers of com.google.inject.internal.cglib.core.$ReflectUtils$1
WARNING: Use --illegal-access=warn to enable warnings of further illegal reflective access operations
WARNING: All illegal access operations will be denied in a future release
[[1;34mINFO[m] Scanning for projects...
[[1;34mINFO[m] 
[[1;34mINFO[m] [1m------------------------< [0;36mcom.nurkiewicz:java8[0;1m >------------------------[m
[[1;34mINFO[m] [1mBuilding Java 8 workshop 0.0.1-SNAPSHOT[m
[[1;34mINFO[m] [1m--------------------------------[ jar ]---------------------------------[m
[[1;34mINFO[m] 
[[1;34mINFO[m] [1m--- [0;32mmaven-clean-plugin:2.5:clean[m [1m(default-clean)[m @ [36mjava8[0;1m ---[m
[[1;34mINFO[m] 
[[1;34mINFO[m] [1m--- [0;32mmaven-resources-plugin:2.6:resources[m [1m(default-resources)[m @ [36mjava8[0;1m ---[m
[[1;34mINFO[m] Using 'UTF-8' encoding to copy filtered resources.
[[1;34mINFO[m] Copying 6 resources
[[1;34mINFO[m] 
[[1;34mINFO[m] [1m--- [0;32mmaven-compiler-plugin:3.1:compile[m [1m(default-compile)[m @ [36mjava8[0;1m ---[m
[[1;34mINFO[m] Changes detected - recompiling the module!
[[1;34mINFO[m] Compiling 39 source files to /builds/workspace/Java8 Workshop/target/classes
[[1;34mINFO[m] 
[[1;34mINFO[m] [1m--- [0;32mmaven-resources-plugin:2.6:testResources[m [1m(default-testResources)[m @ [36mjava8[0;1m ---[m
[[1;34mINFO[m] Using 'UTF-8' encoding to copy filtered resources.
[[1;34mINFO[m] skip non existing resourceDirectory /builds/workspace/Java8 Workshop/src/test/resources
[[1;34mINFO[m] 
[[1;34mINFO[m] [1m--- [0;32mmaven-compiler-plugin:3.1:testCompile[m [1m(default-testCompile)[m @ [36mjava8[0;1m ---[m
[[1;34mINFO[m] Changes detected - recompiling the module!
[[1;34mINFO[m] Compiling 50 source files to /builds/workspace/Java8 Workshop/target/test-classes
[[1;33mWARNING[m] /builds/workspace/Java8 Workshop/src/test/java/com/nurkiewicz/rxjava/R49_TransformingTest.java: /builds/workspace/Java8 Workshop/src/test/java/com/nurkiewicz/rxjava/R49_TransformingTest.java uses unchecked or unsafe operations.
[[1;33mWARNING[m] /builds/workspace/Java8 Workshop/src/test/java/com/nurkiewicz/rxjava/R49_TransformingTest.java: Recompile with -Xlint:unchecked for details.
[[1;34mINFO[m] 
[[1;34mINFO[m] [1m--- [0;32mmaven-surefire-plugin:2.12.4:test[m [1m(default-test)[m @ [36mjava8[0;1m ---[m
[[1;34mINFO[m] Surefire report directory: /builds/workspace/Java8 Workshop/target/surefire-reports

-------------------------------------------------------
 T E S T S
-------------------------------------------------------
Picked up JAVA_TOOL_OPTIONS: -Dfile.encoding=UTF8
Running com.nurkiewicz.java8.J07c_StreamInfiniteTest
Tests run: 1, Failures: 0, Errors: 0, Skipped: 1, Time elapsed: 0.017 sec
Running com.nurkiewicz.java8.J05_MultiRunnerTest
Tests run: 1, Failures: 0, Errors: 0, Skipped: 1, Time elapsed: 0 sec
Running com.nurkiewicz.java8.J07d_CustomCollectorTest
Tests run: 1, Failures: 0, Errors: 0, Skipped: 1, Time elapsed: 0.007 sec
Running com.nurkiewicz.java8.J02_InterfacesTest
Tests run: 3, Failures: 0, Errors: 0, Skipped: 0, Time elapsed: 0.135 sec
Running com.nurkiewicz.java8.J07b_StreamReduceTest
Tests run: 1, Failures: 0, Errors: 0, Skipped: 1, Time elapsed: 0 sec
Running com.nurkiewicz.java8.J21_FuturesIntroductionTest
Tests run: 1, Failures: 0, Errors: 0, Skipped: 1, Time elapsed: 0.004 sec
Running com.nurkiewicz.java8.holidays.PolishHolidaysTest
Tests run: 5, Failures: 0, Errors: 0, Skipped: 0, Time elapsed: 0.059 sec
Running com.nurkiewicz.java8.holidays.EasterTest
Tests run: 41, Failures: 0, Errors: 0, Skipped: 0, Time elapsed: 0.277 sec
Running com.nurkiewicz.java8.holidays.HolidaysFactoryTest
Tests run: 2, Failures: 0, Errors: 0, Skipped: 0, Time elapsed: 0.003 sec
Running com.nurkiewicz.java8.J08_NewMapMethodsTest
Tests run: 1, Failures: 0, Errors: 0, Skipped: 1, Time elapsed: 0.006 sec
Running com.nurkiewicz.java8.J29_AsyncAgentFuturesTest
Tests run: 1, Failures: 0, Errors: 0, Skipped: 1, Time elapsed: 0.001 sec
Running com.nurkiewicz.java8.J07_StreamsTest
Tests run: 1, Failures: 0, Errors: 0, Skipped: 1, Time elapsed: 0 sec
Running com.nurkiewicz.java8.J08_FilesTest
Tests run: 1, Failures: 0, Errors: 0, Skipped: 1, Time elapsed: 0.002 sec
Running com.nurkiewicz.java8.J25_ZipTest
Tests run: 1, Failures: 0, Errors: 0, Skipped: 1, Time elapsed: 0.007 sec
Running com.nurkiewicz.java8.J26_AllAnyTest
Tests run: 1, Failures: 0, Errors: 0, Skipped: 1, Time elapsed: 0.004 sec
Running com.nurkiewicz.java8.J24_FlatMapTest
Tests run: 1, Failures: 0, Errors: 0, Skipped: 1, Time elapsed: 0.001 sec
Running com.nurkiewicz.java8.J06_OptionalTest
Tests run: 1, Failures: 0, Errors: 0, Skipped: 1, Time elapsed: 0.005 sec
Running com.nurkiewicz.java8.J10_ParallelStreamsTest
Tests run: 1, Failures: 0, Errors: 0, Skipped: 1, Time elapsed: 0.001 sec
Running com.nurkiewicz.java8.J12_BigDecimalAccumulatorTest
Tests run: 1, Failures: 0, Errors: 0, Skipped: 1, Time elapsed: 0 sec
Running com.nurkiewicz.java8.J60_CovarianceTest
Tests run: 1, Failures: 0, Errors: 0, Skipped: 1, Time elapsed: 0.007 sec
Running com.nurkiewicz.java8.J27_PromisesTest
Tests run: 1, Failures: 0, Errors: 0, Skipped: 1, Time elapsed: 0 sec
Running com.nurkiewicz.java8.J22_CreatingTest
Tests run: 1, Failures: 0, Errors: 0, Skipped: 1, Time elapsed: 0 sec
Running com.nurkiewicz.java8.J11b_AtomicTest
Tests run: 1, Failures: 0, Errors: 0, Skipped: 1, Time elapsed: 0.001 sec
Running com.nurkiewicz.java8.J11_AtomicTest
Tests run: 1, Failures: 0, Errors: 0, Skipped: 1, Time elapsed: 0.001 sec
Running com.nurkiewicz.java8.J03_FunctionTest
Tests run: 1, Failures: 0, Errors: 0, Skipped: 1, Time elapsed: 0.006 sec
Running com.nurkiewicz.java8.J09_CollectorsTest
Tests run: 1, Failures: 0, Errors: 0, Skipped: 1, Time elapsed: 0 sec
Running com.nurkiewicz.java8.J28_CustomFutureOperatorsTest
Tests run: 1, Failures: 0, Errors: 0, Skipped: 1, Time elapsed: 0.001 sec
Running com.nurkiewicz.java8.J04_FunctionalInterfacesTest
Tests run: 1, Failures: 0, Errors: 0, Skipped: 1, Time elapsed: 0 sec
Running com.nurkiewicz.java8.J08_LocalDateTest
Tests run: 1, Failures: 0, Errors: 0, Skipped: 1, Time elapsed: 0 sec
Running com.nurkiewicz.java8.J02b_ConflictingDefaultMethodsTest
Tests run: 1, Failures: 0, Errors: 0, Skipped: 1, Time elapsed: 0.002 sec
Running com.nurkiewicz.java8.J09_StringsTest
Tests run: 1, Failures: 0, Errors: 0, Skipped: 1, Time elapsed: 0.001 sec
Running com.nurkiewicz.java8.J11c_AtomicTest
Tests run: 1, Failures: 0, Errors: 0, Skipped: 1, Time elapsed: 0 sec
Running com.nurkiewicz.java8.J01_HelloWorldTest
Tests run: 1, Failures: 0, Errors: 0, Skipped: 0, Time elapsed: 0.001 sec
Running com.nurkiewicz.java8.J23_MapTest
Tests run: 1, Failures: 0, Errors: 0, Skipped: 1, Time elapsed: 0 sec
Running com.nurkiewicz.java8.J13_AsyncAgentTest
Tests run: 1, Failures: 0, Errors: 0, Skipped: 1, Time elapsed: 0.002 sec
Running com.nurkiewicz.rxjava.R42_CreatingTest
Tests run: 1, Failures: 0, Errors: 0, Skipped: 1, Time elapsed: 0.001 sec
Running com.nurkiewicz.rxjava.R51_InfiniteObservableTest
Tests run: 1, Failures: 0, Errors: 0, Skipped: 1, Time elapsed: 0 sec
Running com.nurkiewicz.rxjava.R43_ListeningTest
Tests run: 1, Failures: 0, Errors: 0, Skipped: 1, Time elapsed: 0.004 sec
Running com.nurkiewicz.rxjava.R45_FilteringTest
Tests run: 1, Failures: 0, Errors: 0, Skipped: 1, Time elapsed: 0.001 sec
Running com.nurkiewicz.rxjava.R46_ComposingTest
Tests run: 1, Failures: 0, Errors: 0, Skipped: 1, Time elapsed: 0.001 sec
Running com.nurkiewicz.rxjava.R50_OperatorsTest
Tests run: 1, Failures: 0, Errors: 0, Skipped: 1, Time elapsed: 0.004 sec
Running com.nurkiewicz.rxjava.R41_IntroductionTest
Tests run: 1, Failures: 0, Errors: 0, Skipped: 1, Time elapsed: 0.002 sec
Running com.nurkiewicz.rxjava.R49_TransformingTest
Tests run: 1, Failures: 0, Errors: 0, Skipped: 1, Time elapsed: 0.008 sec
Running com.nurkiewicz.rxjava.R47_IndexingTest
Tests run: 1, Failures: 0, Errors: 0, Skipped: 1, Time elapsed: 0 sec

Results :

Tests run: 91, Failures: 0, Errors: 0, Skipped: 39

[[1;34mINFO[m] 
[[1;34mINFO[m] [1m--- [0;32mmaven-jar-plugin:2.4:jar[m [1m(default-jar)[m @ [36mjava8[0;1m ---[m
[[1;34mINFO[m] Building jar: /builds/workspace/Java8 Workshop/target/java8-0.0.1-SNAPSHOT.jar
[[1;34mINFO[m] 
[[1;34mINFO[m] [1m--- [0;32mmaven-install-plugin:2.4:install[m [1m(default-install)[m @ [36mjava8[0;1m ---[m
[[1;34mINFO[m] Installing /builds/workspace/Java8 Workshop/target/java8-0.0.1-SNAPSHOT.jar to /builds/.m2/repository/com/nurkiewicz/java8/0.0.1-SNAPSHOT/java8-0.0.1-SNAPSHOT.jar
[[1;34mINFO[m] Installing /builds/workspace/Java8 Workshop/pom.xml to /builds/.m2/repository/com/nurkiewicz/java8/0.0.1-SNAPSHOT/java8-0.0.1-SNAPSHOT.pom
[[1;34mINFO[m] [1m------------------------------------------------------------------------[m
[[1;34mINFO[m] [1;32mBUILD SUCCESS[m
[[1;34mINFO[m] [1m------------------------------------------------------------------------[m
[[1;34mINFO[m] Total time:  9.896 s
[[1;34mINFO[m] Finished at: 2022-05-27T00:54:14+02:00
[[1;34mINFO[m] [1m------------------------------------------------------------------------[m
bash: line 97: bc: command not found
 
--- Displays results of the maven compile ---
Time to compile: 
Number of tests: 91
Number of tests skipped: 39
Number of failures in tests: 0
Number of errors in tests: 0
 
-------------------------------------------------------
Inserts the maven plugin to spoon the project
-------------------------------------------------------
 
Picked up JAVA_TOOL_OPTIONS: -Dfile.encoding=UTF8
WARNING: An illegal reflective access operation has occurred
WARNING: Illegal reflective access by com.google.inject.internal.cglib.core.$ReflectUtils$1 (file:/usr/share/maven/lib/guice.jar) to method java.lang.ClassLoader.defineClass(java.lang.String,byte[],int,int,java.security.ProtectionDomain)
WARNING: Please consider reporting this to the maintainers of com.google.inject.internal.cglib.core.$ReflectUtils$1
WARNING: Use --illegal-access=warn to enable warnings of further illegal reflective access operations
WARNING: All illegal access operations will be denied in a future release
[[1;34mINFO[m] Scanning for projects...
Downloading from ow2.org-snapshot: https://repository.ow2.org/nexus/content/repositories/snapshots/fr/inria/gforge/spoon/spoon-maven-plugin/3.5-SNAPSHOT/maven-metadata.xml
Progress (1): 783 B                   Downloaded from ow2.org-snapshot: https://repository.ow2.org/nexus/content/repositories/snapshots/fr/inria/gforge/spoon/spoon-maven-plugin/3.5-SNAPSHOT/maven-metadata.xml (783 B at 1.1 kB/s)
[[1;34mINFO[m] 
[[1;34mINFO[m] [1m------------------------< [0;36mcom.nurkiewicz:java8[0;1m >------------------------[m
[[1;34mINFO[m] [1mBuilding Java 8 workshop 0.0.1-SNAPSHOT[m
[[1;34mINFO[m] [1m--------------------------------[ jar ]---------------------------------[m
[[1;34mINFO[m] 
[[1;34mINFO[m] [1m--- [0;32mmaven-dependency-plugin:2.8:purge-local-repository[m [1m(default-cli)[m @ [36mjava8[0;1m ---[m
[[1;34mINFO[m] [1m------------------------------------------------------------------------[m
[[1;34mINFO[m] [1;32mBUILD SUCCESS[m
[[1;34mINFO[m] [1m------------------------------------------------------------------------[m
[[1;34mINFO[m] Total time:  3.819 s
[[1;34mINFO[m] Finished at: 2022-05-27T00:54:21+02:00
[[1;34mINFO[m] [1m------------------------------------------------------------------------[m
Picked up JAVA_TOOL_OPTIONS: -Dfile.encoding=UTF8
WARNING: An illegal reflective access operation has occurred
WARNING: Illegal reflective access by com.google.inject.internal.cglib.core.$ReflectUtils$1 (file:/usr/share/maven/lib/guice.jar) to method java.lang.ClassLoader.defineClass(java.lang.String,byte[],int,int,java.security.ProtectionDomain)
WARNING: Please consider reporting this to the maintainers of com.google.inject.internal.cglib.core.$ReflectUtils$1
WARNING: Use --illegal-access=warn to enable warnings of further illegal reflective access operations
WARNING: All illegal access operations will be denied in a future release
[[1;34mINFO[m] Scanning for projects...
[[1;34mINFO[m] 
[[1;34mINFO[m] [1m------------------------< [0;36mcom.nurkiewicz:java8[0;1m >------------------------[m
[[1;34mINFO[m] [1mBuilding Java 8 workshop 0.0.1-SNAPSHOT[m
[[1;34mINFO[m] [1m--------------------------------[ jar ]---------------------------------[m
[[1;34mINFO[m] 
[[1;34mINFO[m] [1m--- [0;32mmaven-clean-plugin:2.5:clean[m [1m(default-clean)[m @ [36mjava8[0;1m ---[m
[[1;34mINFO[m] Deleting /builds/workspace/Java8 Workshop/target
[[1;34mINFO[m] 
[[1;34mINFO[m] [1m--- [0;32mmaven-resources-plugin:2.6:resources[m [1m(default-resources)[m @ [36mjava8[0;1m ---[m
[[1;34mINFO[m] Using 'UTF-8' encoding to copy filtered resources.
[[1;34mINFO[m] Copying 6 resources
[[1;34mINFO[m] 
[[1;34mINFO[m] [1m--- [0;32mmaven-compiler-plugin:3.1:compile[m [1m(default-compile)[m @ [36mjava8[0;1m ---[m
[[1;34mINFO[m] Changes detected - recompiling the module!
[[1;34mINFO[m] Compiling 39 source files to /builds/workspace/Java8 Workshop/target/classes
[[1;34mINFO[m] 
[[1;34mINFO[m] [1m--- [0;32mmaven-resources-plugin:2.6:testResources[m [1m(default-testResources)[m @ [36mjava8[0;1m ---[m
[[1;34mINFO[m] Using 'UTF-8' encoding to copy filtered resources.
[[1;34mINFO[m] skip non existing resourceDirectory /builds/workspace/Java8 Workshop/src/test/resources
[[1;34mINFO[m] 
[[1;34mINFO[m] [1m--- [0;32mmaven-compiler-plugin:3.1:testCompile[m [1m(default-testCompile)[m @ [36mjava8[0;1m ---[m
[[1;34mINFO[m] Changes detected - recompiling the module!
[[1;34mINFO[m] Compiling 50 source files to /builds/workspace/Java8 Workshop/target/test-classes
[[1;33mWARNING[m] /builds/workspace/Java8 Workshop/src/test/java/com/nurkiewicz/rxjava/R49_TransformingTest.java: /builds/workspace/Java8 Workshop/src/test/java/com/nurkiewicz/rxjava/R49_TransformingTest.java uses unchecked or unsafe operations.
[[1;33mWARNING[m] /builds/workspace/Java8 Workshop/src/test/java/com/nurkiewicz/rxjava/R49_TransformingTest.java: Recompile with -Xlint:unchecked for details.
[[1;34mINFO[m] 
[[1;34mINFO[m] [1m--- [0;32mmaven-surefire-plugin:2.12.4:test[m [1m(default-test)[m @ [36mjava8[0;1m ---[m
[[1;34mINFO[m] Tests are skipped.
[[1;34mINFO[m] [1m------------------------------------------------------------------------[m
[[1;34mINFO[m] [1;32mBUILD SUCCESS[m
[[1;34mINFO[m] [1m------------------------------------------------------------------------[m
[[1;34mINFO[m] Total time:  7.817 s
[[1;34mINFO[m] Finished at: 2022-05-27T00:54:32+02:00
[[1;34mINFO[m] [1m------------------------------------------------------------------------[m
bash: line 193: bc: command not found
Picked up JAVA_TOOL_OPTIONS: -Dfile.encoding=UTF8
WARNING: An illegal reflective access operation has occurred
WARNING: Illegal reflective access by com.google.inject.internal.cglib.core.$ReflectUtils$1 (file:/usr/share/maven/lib/guice.jar) to method java.lang.ClassLoader.defineClass(java.lang.String,byte[],int,int,java.security.ProtectionDomain)
WARNING: Please consider reporting this to the maintainers of com.google.inject.internal.cglib.core.$ReflectUtils$1
WARNING: Use --illegal-access=warn to enable warnings of further illegal reflective access operations
WARNING: All illegal access operations will be denied in a future release
[[1;34mINFO[m] Scanning for projects...
[[1;34mINFO[m] 
[[1;34mINFO[m] [1m------------------------< [0;36mcom.nurkiewicz:java8[0;1m >------------------------[m
[[1;34mINFO[m] [1mBuilding Java 8 workshop 0.0.1-SNAPSHOT[m
[[1;34mINFO[m] [1m--------------------------------[ jar ]---------------------------------[m
[[1;34mINFO[m] 
[[1;34mINFO[m] [1m--- [0;32mspoon-maven-plugin:3.5-SNAPSHOT:generate[m [1m(default-cli)[m @ [36mjava8[0;1m ---[m
Downloading from sonatype-nexus-snapshots: https://oss.sonatype.org/content/repositories/snapshots/fr/inria/gforge/spoon/spoon-core/maven-metadata.xml
Downloading from ow2.org-snapshot: https://repository.ow2.org/nexus/content/repositories/snapshots/fr/inria/gforge/spoon/spoon-core/maven-metadata.xml
Downloading from central: https://repo.maven.apache.org/maven2/fr/inria/gforge/spoon/spoon-core/maven-metadata.xml
Progress (1): 676 BProgress (2): 676 B | 1.4/7.4 kBProgress (2): 676 B | 2.7/7.4 kBProgress (2): 676 B | 4.1/7.4 kBProgress (2): 676 B | 5.5/7.4 kBProgress (2): 676 B | 6.9/7.4 kBProgress (2): 676 B | 7.4 kB                                Downloaded from central: https://repo.maven.apache.org/maven2/fr/inria/gforge/spoon/spoon-core/maven-metadata.xml (7.4 kB at 10 kB/s)
Downloaded from ow2.org-snapshot: https://repository.ow2.org/nexus/content/repositories/snapshots/fr/inria/gforge/spoon/spoon-core/maven-metadata.xml (676 B at 863 B/s)
Downloading from ow2.org-snapshot: https://repository.ow2.org/nexus/content/repositories/snapshots/fr/inria/gforge/spoon/spoon-core/7.0.0/spoon-core-7.0.0.pom
Downloading from central: https://repo.maven.apache.org/maven2/fr/inria/gforge/spoon/spoon-core/7.0.0/spoon-core-7.0.0.pom
Progress (1): 1.4/22 kBProgress (1): 2.7/22 kBProgress (1): 4.1/22 kBProgress (1): 5.5/22 kBProgress (1): 6.9/22 kBProgress (1): 8.2/22 kBProgress (1): 9.6/22 kBProgress (1): 11/22 kB Progress (1): 12/22 kBProgress (1): 14/22 kBProgress (1): 15/22 kBProgress (1): 16/22 kBProgress (1): 17/22 kBProgress (1): 19/22 kBProgress (1): 20/22 kBProgress (1): 21/22 kBProgress (1): 22 kB                      Downloaded from central: https://repo.maven.apache.org/maven2/fr/inria/gforge/spoon/spoon-core/7.0.0/spoon-core-7.0.0.pom (22 kB at 473 kB/s)
Downloading from ow2.org-snapshot: https://repository.ow2.org/nexus/content/repositories/snapshots/org/eclipse/platform/org.eclipse.core.resources/maven-metadata.xml
Downloading from sonatype-nexus-snapshots: https://oss.sonatype.org/content/repositories/snapshots/org/eclipse/platform/org.eclipse.core.resources/maven-metadata.xml
Downloading from maven.inria.fr-snapshot: http://maven.inria.fr/artifactory/spoon-public-snapshot/org/eclipse/platform/org.eclipse.core.resources/maven-metadata.xml
Downloading from ow2.org-snapshot: https://repository.ow2.org/nexus/content/repositories/snapshots/org/eclipse/platform/org.eclipse.core.expressions/maven-metadata.xml
Downloading from sonatype-nexus-snapshots: https://oss.sonatype.org/content/repositories/snapshots/org/eclipse/platform/org.eclipse.core.expressions/maven-metadata.xml
Downloading from maven.inria.fr-snapshot: http://maven.inria.fr/artifactory/spoon-public-snapshot/org/eclipse/platform/org.eclipse.core.expressions/maven-metadata.xml
Downloading from ow2.org-snapshot: https://repository.ow2.org/nexus/content/repositories/snapshots/org/eclipse/platform/org.eclipse.core.runtime/maven-metadata.xml
Downloading from sonatype-nexus-snapshots: https://oss.sonatype.org/content/repositories/snapshots/org/eclipse/platform/org.eclipse.core.runtime/maven-metadata.xml
Downloading from maven.inria.fr-snapshot: http://maven.inria.fr/artifactory/spoon-public-snapshot/org/eclipse/platform/org.eclipse.core.runtime/maven-metadata.xml
Downloading from ow2.org-snapshot: https://repository.ow2.org/nexus/content/repositories/snapshots/org/eclipse/platform/org.eclipse.osgi/maven-metadata.xml
Downloading from sonatype-nexus-snapshots: https://oss.sonatype.org/content/repositories/snapshots/org/eclipse/platform/org.eclipse.osgi/maven-metadata.xml
Downloading from maven.inria.fr-snapshot: http://maven.inria.fr/artifactory/spoon-public-snapshot/org/eclipse/platform/org.eclipse.osgi/maven-metadata.xml
Downloading from ow2.org-snapshot: https://repository.ow2.org/nexus/content/repositories/snapshots/org/eclipse/platform/org.eclipse.equinox.common/maven-metadata.xml
Downloading from sonatype-nexus-snapshots: https://oss.sonatype.org/content/repositories/snapshots/org/eclipse/platform/org.eclipse.equinox.common/maven-metadata.xml
Downloading from maven.inria.fr-snapshot: http://maven.inria.fr/artifactory/spoon-public-snapshot/org/eclipse/platform/org.eclipse.equinox.common/maven-metadata.xml
Downloading from ow2.org-snapshot: https://repository.ow2.org/nexus/content/repositories/snapshots/org/eclipse/platform/org.eclipse.core.jobs/maven-metadata.xml
Downloading from sonatype-nexus-snapshots: https://oss.sonatype.org/content/repositories/snapshots/org/eclipse/platform/org.eclipse.core.jobs/maven-metadata.xml
Downloading from maven.inria.fr-snapshot: http://maven.inria.fr/artifactory/spoon-public-snapshot/org/eclipse/platform/org.eclipse.core.jobs/maven-metadata.xml
Downloading from ow2.org-snapshot: https://repository.ow2.org/nexus/content/repositories/snapshots/org/eclipse/platform/org.eclipse.equinox.registry/maven-metadata.xml
Downloading from sonatype-nexus-snapshots: https://oss.sonatype.org/content/repositories/snapshots/org/eclipse/platform/org.eclipse.equinox.registry/maven-metadata.xml
Downloading from maven.inria.fr-snapshot: http://maven.inria.fr/artifactory/spoon-public-snapshot/org/eclipse/platform/org.eclipse.equinox.registry/maven-metadata.xml
Downloading from ow2.org-snapshot: https://repository.ow2.org/nexus/content/repositories/snapshots/org/eclipse/platform/org.eclipse.equinox.preferences/maven-metadata.xml
Downloading from sonatype-nexus-snapshots: https://oss.sonatype.org/content/repositories/snapshots/org/eclipse/platform/org.eclipse.equinox.preferences/maven-metadata.xml
Downloading from maven.inria.fr-snapshot: http://maven.inria.fr/artifactory/spoon-public-snapshot/org/eclipse/platform/org.eclipse.equinox.preferences/maven-metadata.xml
Downloading from ow2.org-snapshot: https://repository.ow2.org/nexus/content/repositories/snapshots/org/eclipse/platform/org.eclipse.core.contenttype/maven-metadata.xml
Downloading from sonatype-nexus-snapshots: https://oss.sonatype.org/content/repositories/snapshots/org/eclipse/platform/org.eclipse.core.contenttype/maven-metadata.xml
Downloading from maven.inria.fr-snapshot: http://maven.inria.fr/artifactory/spoon-public-snapshot/org/eclipse/platform/org.eclipse.core.contenttype/maven-metadata.xml
Downloading from ow2.org-snapshot: https://repository.ow2.org/nexus/content/repositories/snapshots/org/eclipse/platform/org.eclipse.equinox.app/maven-metadata.xml
Downloading from sonatype-nexus-snapshots: https://oss.sonatype.org/content/repositories/snapshots/org/eclipse/platform/org.eclipse.equinox.app/maven-metadata.xml
Downloading from maven.inria.fr-snapshot: http://maven.inria.fr/artifactory/spoon-public-snapshot/org/eclipse/platform/org.eclipse.equinox.app/maven-metadata.xml
Downloading from ow2.org-snapshot: https://repository.ow2.org/nexus/content/repositories/snapshots/org/eclipse/platform/org.eclipse.core.filesystem/maven-metadata.xml
Downloading from sonatype-nexus-snapshots: https://oss.sonatype.org/content/repositories/snapshots/org/eclipse/platform/org.eclipse.core.filesystem/maven-metadata.xml
Downloading from maven.inria.fr-snapshot: http://maven.inria.fr/artifactory/spoon-public-snapshot/org/eclipse/platform/org.eclipse.core.filesystem/maven-metadata.xml
Downloading from ow2.org-snapshot: https://repository.ow2.org/nexus/content/repositories/snapshots/org/eclipse/platform/org.eclipse.text/maven-metadata.xml
Downloading from sonatype-nexus-snapshots: https://oss.sonatype.org/content/repositories/snapshots/org/eclipse/platform/org.eclipse.text/maven-metadata.xml
Downloading from maven.inria.fr-snapshot: http://maven.inria.fr/artifactory/spoon-public-snapshot/org/eclipse/platform/org.eclipse.text/maven-metadata.xml
Downloading from ow2.org-snapshot: https://repository.ow2.org/nexus/content/repositories/snapshots/org/eclipse/platform/org.eclipse.core.commands/maven-metadata.xml
Downloading from sonatype-nexus-snapshots: https://oss.sonatype.org/content/repositories/snapshots/org/eclipse/platform/org.eclipse.core.commands/maven-metadata.xml
Downloading from maven.inria.fr-snapshot: http://maven.inria.fr/artifactory/spoon-public-snapshot/org/eclipse/platform/org.eclipse.core.commands/maven-metadata.xml
Downloading from ow2.org-snapshot: https://repository.ow2.org/nexus/content/repositories/snapshots/fr/inria/gforge/spoon/spoon-core/7.1.0/spoon-core-7.1.0.pom
Downloading from central: https://repo.maven.apache.org/maven2/fr/inria/gforge/spoon/spoon-core/7.1.0/spoon-core-7.1.0.pom
Progress (1): 1.4/23 kBProgress (1): 2.7/23 kBProgress (1): 4.1/23 kBProgress (1): 5.5/23 kBProgress (1): 6.9/23 kBProgress (1): 8.2/23 kBProgress (1): 9.6/23 kBProgress (1): 11/23 kB Progress (1): 12/23 kBProgress (1): 14/23 kBProgress (1): 15/23 kBProgress (1): 16/23 kBProgress (1): 17/23 kBProgress (1): 19/23 kBProgress (1): 20/23 kBProgress (1): 21/23 kBProgress (1): 23 kB                      Downloaded from central: https://repo.maven.apache.org/maven2/fr/inria/gforge/spoon/spoon-core/7.1.0/spoon-core-7.1.0.pom (23 kB at 578 kB/s)
Downloading from inria: http://maven.inria.fr/artifactory/triskell-public-release/org/eclipse/platform/org.eclipse.core.resources/maven-metadata.xml
Downloading from inria: http://maven.inria.fr/artifactory/triskell-public-release/org/eclipse/platform/org.eclipse.core.expressions/maven-metadata.xml
Downloading from inria: http://maven.inria.fr/artifactory/triskell-public-release/org/eclipse/platform/org.eclipse.core.runtime/maven-metadata.xml
Downloading from inria: http://maven.inria.fr/artifactory/triskell-public-release/org/eclipse/platform/org.eclipse.osgi/maven-metadata.xml
Downloading from inria: http://maven.inria.fr/artifactory/triskell-public-release/org/eclipse/platform/org.eclipse.equinox.common/maven-metadata.xml
Downloading from inria: http://maven.inria.fr/artifactory/triskell-public-release/org/eclipse/platform/org.eclipse.core.jobs/maven-metadata.xml
Downloading from inria: http://maven.inria.fr/artifactory/triskell-public-release/org/eclipse/platform/org.eclipse.equinox.registry/maven-metadata.xml
Downloading from inria: http://maven.inria.fr/artifactory/triskell-public-release/org/eclipse/platform/org.eclipse.equinox.preferences/maven-metadata.xml
Downloading from inria: http://maven.inria.fr/artifactory/triskell-public-release/org/eclipse/platform/org.eclipse.core.contenttype/maven-metadata.xml
Downloading from inria: http://maven.inria.fr/artifactory/triskell-public-release/org/eclipse/platform/org.eclipse.equinox.app/maven-metadata.xml
Downloading from inria: http://maven.inria.fr/artifactory/triskell-public-release/org/eclipse/platform/org.eclipse.core.filesystem/maven-metadata.xml
Downloading from inria: http://maven.inria.fr/artifactory/triskell-public-release/org/eclipse/platform/org.eclipse.text/maven-metadata.xml
Downloading from inria: http://maven.inria.fr/artifactory/triskell-public-release/org/eclipse/platform/org.eclipse.core.commands/maven-metadata.xml
Downloading from ow2.org-snapshot: https://repository.ow2.org/nexus/content/repositories/snapshots/fr/inria/gforge/spoon/spoon-core/7.2.0/spoon-core-7.2.0.pom
Downloading from central: https://repo.maven.apache.org/maven2/fr/inria/gforge/spoon/spoon-core/7.2.0/spoon-core-7.2.0.pom
Progress (1): 1.4/6.9 kBProgress (1): 2.7/6.9 kBProgress (1): 4.1/6.9 kBProgress (1): 5.5/6.9 kBProgress (1): 6.9/6.9 kBProgress (1): 6.9 kB                        Downloaded from central: https://repo.maven.apache.org/maven2/fr/inria/gforge/spoon/spoon-core/7.2.0/spoon-core-7.2.0.pom (6.9 kB at 329 kB/s)
Downloading from ow2.org-snapshot: https://repository.ow2.org/nexus/content/repositories/snapshots/fr/inria/gforge/spoon/spoon-core/7.3.0/spoon-core-7.3.0.pom
Downloading from central: https://repo.maven.apache.org/maven2/fr/inria/gforge/spoon/spoon-core/7.3.0/spoon-core-7.3.0.pom
Progress (1): 4.1/6.7 kBProgress (1): 6.7 kB                        Downloaded from central: https://repo.maven.apache.org/maven2/fr/inria/gforge/spoon/spoon-core/7.3.0/spoon-core-7.3.0.pom (6.7 kB at 422 kB/s)
Downloading from ow2.org-snapshot: https://repository.ow2.org/nexus/content/repositories/snapshots/fr/inria/gforge/spoon/spoon-core/7.4.0-beta-09/spoon-core-7.4.0-beta-09.pom
Downloading from central: https://repo.maven.apache.org/maven2/fr/inria/gforge/spoon/spoon-core/7.4.0-beta-09/spoon-core-7.4.0-beta-09.pom
Progress (1): 4.1/6.6 kBProgress (1): 6.6 kB                        Downloaded from central: https://repo.maven.apache.org/maven2/fr/inria/gforge/spoon/spoon-core/7.4.0-beta-09/spoon-core-7.4.0-beta-09.pom (6.6 kB at 388 kB/s)
Downloading from ow2.org-snapshot: https://repository.ow2.org/nexus/content/repositories/snapshots/fr/inria/gforge/spoon/spoon-core/7.4.0-beta-10/spoon-core-7.4.0-beta-10.pom
Downloading from central: https://repo.maven.apache.org/maven2/fr/inria/gforge/spoon/spoon-core/7.4.0-beta-10/spoon-core-7.4.0-beta-10.pom
Progress (1): 4.1/6.6 kBProgress (1): 6.6 kB                        Downloaded from central: https://repo.maven.apache.org/maven2/fr/inria/gforge/spoon/spoon-core/7.4.0-beta-10/spoon-core-7.4.0-beta-10.pom (6.6 kB at 471 kB/s)
Downloading from ow2.org-snapshot: https://repository.ow2.org/nexus/content/repositories/snapshots/fr/inria/gforge/spoon/spoon-core/7.4.0-beta-11/spoon-core-7.4.0-beta-11.pom
Downloading from central: https://repo.maven.apache.org/maven2/fr/inria/gforge/spoon/spoon-core/7.4.0-beta-11/spoon-core-7.4.0-beta-11.pom
Progress (1): 4.1/6.6 kBProgress (1): 6.6 kB                        Downloaded from central: https://repo.maven.apache.org/maven2/fr/inria/gforge/spoon/spoon-core/7.4.0-beta-11/spoon-core-7.4.0-beta-11.pom (6.6 kB at 367 kB/s)
Downloading from ow2.org-snapshot: https://repository.ow2.org/nexus/content/repositories/snapshots/fr/inria/gforge/spoon/spoon-core/7.4.0-beta-12/spoon-core-7.4.0-beta-12.pom
Downloading from central: https://repo.maven.apache.org/maven2/fr/inria/gforge/spoon/spoon-core/7.4.0-beta-12/spoon-core-7.4.0-beta-12.pom
Progress (1): 4.1/6.6 kBProgress (1): 6.6 kB                        Downloaded from central: https://repo.maven.apache.org/maven2/fr/inria/gforge/spoon/spoon-core/7.4.0-beta-12/spoon-core-7.4.0-beta-12.pom (6.6 kB at 440 kB/s)
Downloading from ow2.org-snapshot: https://repository.ow2.org/nexus/content/repositories/snapshots/fr/inria/gforge/spoon/spoon-core/7.4.0-beta-13/spoon-core-7.4.0-beta-13.pom
Downloading from central: https://repo.maven.apache.org/maven2/fr/inria/gforge/spoon/spoon-core/7.4.0-beta-13/spoon-core-7.4.0-beta-13.pom
Progress (1): 4.1/6.6 kBProgress (1): 6.6 kB                        Downloaded from central: https://repo.maven.apache.org/maven2/fr/inria/gforge/spoon/spoon-core/7.4.0-beta-13/spoon-core-7.4.0-beta-13.pom (6.6 kB at 264 kB/s)
Downloading from ow2.org-snapshot: https://repository.ow2.org/nexus/content/repositories/snapshots/fr/inria/gforge/spoon/spoon-core/7.4.0-beta-14/spoon-core-7.4.0-beta-14.pom
Downloading from central: https://repo.maven.apache.org/maven2/fr/inria/gforge/spoon/spoon-core/7.4.0-beta-14/spoon-core-7.4.0-beta-14.pom
Progress (1): 4.1/6.6 kBProgress (1): 6.6 kB                        Downloaded from central: https://repo.maven.apache.org/maven2/fr/inria/gforge/spoon/spoon-core/7.4.0-beta-14/spoon-core-7.4.0-beta-14.pom (6.6 kB at 300 kB/s)
Downloading from ow2.org-snapshot: https://repository.ow2.org/nexus/content/repositories/snapshots/fr/inria/gforge/spoon/spoon-core/7.4.0-beta-15/spoon-core-7.4.0-beta-15.pom
Downloading from central: https://repo.maven.apache.org/maven2/fr/inria/gforge/spoon/spoon-core/7.4.0-beta-15/spoon-core-7.4.0-beta-15.pom
Progress (1): 4.1/6.6 kBProgress (1): 6.6 kB                        Downloaded from central: https://repo.maven.apache.org/maven2/fr/inria/gforge/spoon/spoon-core/7.4.0-beta-15/spoon-core-7.4.0-beta-15.pom (6.6 kB at 471 kB/s)
Downloading from ow2.org-snapshot: https://repository.ow2.org/nexus/content/repositories/snapshots/fr/inria/gforge/spoon/spoon-core/7.4.0-beta-16/spoon-core-7.4.0-beta-16.pom
Downloading from central: https://repo.maven.apache.org/maven2/fr/inria/gforge/spoon/spoon-core/7.4.0-beta-16/spoon-core-7.4.0-beta-16.pom
Progress (1): 4.1/6.6 kBProgress (1): 6.6 kB                        Downloaded from central: https://repo.maven.apache.org/maven2/fr/inria/gforge/spoon/spoon-core/7.4.0-beta-16/spoon-core-7.4.0-beta-16.pom (6.6 kB at 550 kB/s)
Downloading from ow2.org-snapshot: https://repository.ow2.org/nexus/content/repositories/snapshots/fr/inria/gforge/spoon/spoon-core/7.4.0-beta-17/spoon-core-7.4.0-beta-17.pom
Downloading from central: https://repo.maven.apache.org/maven2/fr/inria/gforge/spoon/spoon-core/7.4.0-beta-17/spoon-core-7.4.0-beta-17.pom
Progress (1): 4.1/6.6 kBProgress (1): 6.6 kB                        Downloaded from central: https://repo.maven.apache.org/maven2/fr/inria/gforge/spoon/spoon-core/7.4.0-beta-17/spoon-core-7.4.0-beta-17.pom (6.6 kB at 440 kB/s)
Downloading from ow2.org-snapshot: https://repository.ow2.org/nexus/content/repositories/snapshots/fr/inria/gforge/spoon/spoon-core/7.4.0-beta-18/spoon-core-7.4.0-beta-18.pom
Downloading from central: https://repo.maven.apache.org/maven2/fr/inria/gforge/spoon/spoon-core/7.4.0-beta-18/spoon-core-7.4.0-beta-18.pom
Progress (1): 4.1/6.6 kBProgress (1): 6.6 kB                        Downloaded from central: https://repo.maven.apache.org/maven2/fr/inria/gforge/spoon/spoon-core/7.4.0-beta-18/spoon-core-7.4.0-beta-18.pom (6.6 kB at 471 kB/s)
Downloading from ow2.org-snapshot: https://repository.ow2.org/nexus/content/repositories/snapshots/fr/inria/gforge/spoon/spoon-core/7.4.0-beta-19/spoon-core-7.4.0-beta-19.pom
Downloading from central: https://repo.maven.apache.org/maven2/fr/inria/gforge/spoon/spoon-core/7.4.0-beta-19/spoon-core-7.4.0-beta-19.pom
Progress (1): 4.1/6.6 kBProgress (1): 6.6 kB                        Downloaded from central: https://repo.maven.apache.org/maven2/fr/inria/gforge/spoon/spoon-core/7.4.0-beta-19/spoon-core-7.4.0-beta-19.pom (6.6 kB at 287 kB/s)
Downloading from ow2.org-snapshot: https://repository.ow2.org/nexus/content/repositories/snapshots/fr/inria/gforge/spoon/spoon-core/7.4.0/spoon-core-7.4.0.pom
Downloading from central: https://repo.maven.apache.org/maven2/fr/inria/gforge/spoon/spoon-core/7.4.0/spoon-core-7.4.0.pom
Progress (1): 4.1/6.6 kBProgress (1): 6.6 kB                        Downloaded from central: https://repo.maven.apache.org/maven2/fr/inria/gforge/spoon/spoon-core/7.4.0/spoon-core-7.4.0.pom (6.6 kB at 388 kB/s)
Downloading from ow2.org-snapshot: https://repository.ow2.org/nexus/content/repositories/snapshots/fr/inria/gforge/spoon/spoon-core/7.5.0-beta-1/spoon-core-7.5.0-beta-1.pom
Downloading from central: https://repo.maven.apache.org/maven2/fr/inria/gforge/spoon/spoon-core/7.5.0-beta-1/spoon-core-7.5.0-beta-1.pom
Progress (1): 4.1/6.6 kBProgress (1): 6.6 kB                        Downloaded from central: https://repo.maven.apache.org/maven2/fr/inria/gforge/spoon/spoon-core/7.5.0-beta-1/spoon-core-7.5.0-beta-1.pom (6.6 kB at 150 kB/s)
Downloading from ow2.org-snapshot: https://repository.ow2.org/nexus/content/repositories/snapshots/fr/inria/gforge/spoon/spoon-core/7.5.0-beta-2/spoon-core-7.5.0-beta-2.pom
Downloading from central: https://repo.maven.apache.org/maven2/fr/inria/gforge/spoon/spoon-core/7.5.0-beta-2/spoon-core-7.5.0-beta-2.pom
Progress (1): 4.1/6.6 kBProgress (1): 6.6 kB                        Downloaded from central: https://repo.maven.apache.org/maven2/fr/inria/gforge/spoon/spoon-core/7.5.0-beta-2/spoon-core-7.5.0-beta-2.pom (6.6 kB at 264 kB/s)
Downloading from ow2.org-snapshot: https://repository.ow2.org/nexus/content/repositories/snapshots/fr/inria/gforge/spoon/spoon-core/7.5.0-beta-3/spoon-core-7.5.0-beta-3.pom
Downloading from central: https://repo.maven.apache.org/maven2/fr/inria/gforge/spoon/spoon-core/7.5.0-beta-3/spoon-core-7.5.0-beta-3.pom
Progress (1): 4.1/6.6 kBProgress (1): 6.6 kB                        Downloaded from central: https://repo.maven.apache.org/maven2/fr/inria/gforge/spoon/spoon-core/7.5.0-beta-3/spoon-core-7.5.0-beta-3.pom (6.6 kB at 550 kB/s)
Downloading from ow2.org-snapshot: https://repository.ow2.org/nexus/content/repositories/snapshots/fr/inria/gforge/spoon/spoon-core/7.5.0-beta-4/spoon-core-7.5.0-beta-4.pom
Downloading from central: https://repo.maven.apache.org/maven2/fr/inria/gforge/spoon/spoon-core/7.5.0-beta-4/spoon-core-7.5.0-beta-4.pom
Progress (1): 4.1/6.6 kBProgress (1): 6.6 kB                        Downloaded from central: https://repo.maven.apache.org/maven2/fr/inria/gforge/spoon/spoon-core/7.5.0-beta-4/spoon-core-7.5.0-beta-4.pom (6.6 kB at 366 kB/s)
Downloading from ow2.org-snapshot: https://repository.ow2.org/nexus/content/repositories/snapshots/fr/inria/gforge/spoon/spoon-core/7.5.0-beta-5/spoon-core-7.5.0-beta-5.pom
Downloading from central: https://repo.maven.apache.org/maven2/fr/inria/gforge/spoon/spoon-core/7.5.0-beta-5/spoon-core-7.5.0-beta-5.pom
Progress (1): 4.1/6.6 kBProgress (1): 6.6 kB                        Downloaded from central: https://repo.maven.apache.org/maven2/fr/inria/gforge/spoon/spoon-core/7.5.0-beta-5/spoon-core-7.5.0-beta-5.pom (6.6 kB at 188 kB/s)
Downloading from ow2.org-snapshot: https://repository.ow2.org/nexus/content/repositories/snapshots/fr/inria/gforge/spoon/spoon-core/7.5.0-beta-6/spoon-core-7.5.0-beta-6.pom
Downloading from central: https://repo.maven.apache.org/maven2/fr/inria/gforge/spoon/spoon-core/7.5.0-beta-6/spoon-core-7.5.0-beta-6.pom
Progress (1): 4.1/6.6 kBProgress (1): 6.6 kB                        Downloaded from central: https://repo.maven.apache.org/maven2/fr/inria/gforge/spoon/spoon-core/7.5.0-beta-6/spoon-core-7.5.0-beta-6.pom (6.6 kB at 412 kB/s)
Downloading from ow2.org-snapshot: https://repository.ow2.org/nexus/content/repositories/snapshots/fr/inria/gforge/spoon/spoon-core/7.5.0-beta-7/spoon-core-7.5.0-beta-7.pom
Downloading from central: https://repo.maven.apache.org/maven2/fr/inria/gforge/spoon/spoon-core/7.5.0-beta-7/spoon-core-7.5.0-beta-7.pom
Progress (1): 4.1/6.6 kBProgress (1): 6.6 kB                        Downloaded from central: https://repo.maven.apache.org/maven2/fr/inria/gforge/spoon/spoon-core/7.5.0-beta-7/spoon-core-7.5.0-beta-7.pom (6.6 kB at 471 kB/s)
Downloading from ow2.org-snapshot: https://repository.ow2.org/nexus/content/repositories/snapshots/fr/inria/gforge/spoon/spoon-core/7.5.0-beta-8/spoon-core-7.5.0-beta-8.pom
Downloading from central: https://repo.maven.apache.org/maven2/fr/inria/gforge/spoon/spoon-core/7.5.0-beta-8/spoon-core-7.5.0-beta-8.pom
Progress (1): 4.1/6.6 kBProgress (1): 6.6 kB                        Downloaded from central: https://repo.maven.apache.org/maven2/fr/inria/gforge/spoon/spoon-core/7.5.0-beta-8/spoon-core-7.5.0-beta-8.pom (6.6 kB at 275 kB/s)
Downloading from ow2.org-snapshot: https://repository.ow2.org/nexus/content/repositories/snapshots/fr/inria/gforge/spoon/spoon-core/7.5.0-beta-9/spoon-core-7.5.0-beta-9.pom
Downloading from central: https://repo.maven.apache.org/maven2/fr/inria/gforge/spoon/spoon-core/7.5.0-beta-9/spoon-core-7.5.0-beta-9.pom
Progress (1): 4.1/6.6 kBProgress (1): 6.6 kB                        Downloaded from central: https://repo.maven.apache.org/maven2/fr/inria/gforge/spoon/spoon-core/7.5.0-beta-9/spoon-core-7.5.0-beta-9.pom (6.6 kB at 236 kB/s)
Downloading from ow2.org-snapshot: https://repository.ow2.org/nexus/content/repositories/snapshots/fr/inria/gforge/spoon/spoon-core/7.5.0-beta-20/spoon-core-7.5.0-beta-20.pom
Downloading from central: https://repo.maven.apache.org/maven2/fr/inria/gforge/spoon/spoon-core/7.5.0-beta-20/spoon-core-7.5.0-beta-20.pom
Progress (1): 4.1/6.6 kBProgress (1): 6.6 kB                        Downloaded from central: https://repo.maven.apache.org/maven2/fr/inria/gforge/spoon/spoon-core/7.5.0-beta-20/spoon-core-7.5.0-beta-20.pom (6.6 kB at 440 kB/s)
Downloading from ow2.org-snapshot: https://repository.ow2.org/nexus/content/repositories/snapshots/fr/inria/gforge/spoon/spoon-core/7.5.0-beta-21/spoon-core-7.5.0-beta-21.pom
Downloading from central: https://repo.maven.apache.org/maven2/fr/inria/gforge/spoon/spoon-core/7.5.0-beta-21/spoon-core-7.5.0-beta-21.pom
Progress (1): 4.1/6.6 kBProgress (1): 6.6 kB                        Downloaded from central: https://repo.maven.apache.org/maven2/fr/inria/gforge/spoon/spoon-core/7.5.0-beta-21/spoon-core-7.5.0-beta-21.pom (6.6 kB at 287 kB/s)
Downloading from ow2.org-snapshot: https://repository.ow2.org/nexus/content/repositories/snapshots/fr/inria/gforge/spoon/spoon-core/7.5.0/spoon-core-7.5.0.pom
Downloading from central: https://repo.maven.apache.org/maven2/fr/inria/gforge/spoon/spoon-core/7.5.0/spoon-core-7.5.0.pom
Progress (1): 4.1/6.6 kBProgress (1): 6.6 kB                        Downloaded from central: https://repo.maven.apache.org/maven2/fr/inria/gforge/spoon/spoon-core/7.5.0/spoon-core-7.5.0.pom (6.6 kB at 412 kB/s)
Downloading from ow2.org-snapshot: https://repository.ow2.org/nexus/content/repositories/snapshots/fr/inria/gforge/spoon/spoon-core/7.6.0-beta-1/spoon-core-7.6.0-beta-1.pom
Downloading from central: https://repo.maven.apache.org/maven2/fr/inria/gforge/spoon/spoon-core/7.6.0-beta-1/spoon-core-7.6.0-beta-1.pom
Progress (1): 4.1/6.6 kBProgress (1): 6.6 kB                        Downloaded from central: https://repo.maven.apache.org/maven2/fr/inria/gforge/spoon/spoon-core/7.6.0-beta-1/spoon-core-7.6.0-beta-1.pom (6.6 kB at 264 kB/s)
Downloading from ow2.org-snapshot: https://repository.ow2.org/nexus/content/repositories/snapshots/fr/inria/gforge/spoon/spoon-core/7.6.0-beta-2/spoon-core-7.6.0-beta-2.pom
Downloading from central: https://repo.maven.apache.org/maven2/fr/inria/gforge/spoon/spoon-core/7.6.0-beta-2/spoon-core-7.6.0-beta-2.pom
Progress (1): 4.1/6.6 kBProgress (1): 6.6 kB                        Downloaded from central: https://repo.maven.apache.org/maven2/fr/inria/gforge/spoon/spoon-core/7.6.0-beta-2/spoon-core-7.6.0-beta-2.pom (6.6 kB at 600 kB/s)
Downloading from ow2.org-snapshot: https://repository.ow2.org/nexus/content/repositories/snapshots/fr/inria/gforge/spoon/spoon-core/7.6.0-beta-3/spoon-core-7.6.0-beta-3.pom
Downloading from central: https://repo.maven.apache.org/maven2/fr/inria/gforge/spoon/spoon-core/7.6.0-beta-3/spoon-core-7.6.0-beta-3.pom
Progress (1): 4.1/6.6 kBProgress (1): 6.6 kB                        Downloaded from central: https://repo.maven.apache.org/maven2/fr/inria/gforge/spoon/spoon-core/7.6.0-beta-3/spoon-core-7.6.0-beta-3.pom (6.6 kB at 388 kB/s)
Downloading from ow2.org-snapshot: https://repository.ow2.org/nexus/content/repositories/snapshots/fr/inria/gforge/spoon/spoon-core/7.6.0-beta-4/spoon-core-7.6.0-beta-4.pom
Downloading from central: https://repo.maven.apache.org/maven2/fr/inria/gforge/spoon/spoon-core/7.6.0-beta-4/spoon-core-7.6.0-beta-4.pom
Progress (1): 4.1/6.6 kBProgress (1): 6.6 kB                        Downloaded from central: https://repo.maven.apache.org/maven2/fr/inria/gforge/spoon/spoon-core/7.6.0-beta-4/spoon-core-7.6.0-beta-4.pom (6.6 kB at 507 kB/s)
Downloading from ow2.org-snapshot: https://repository.ow2.org/nexus/content/repositories/snapshots/fr/inria/gforge/spoon/spoon-core/7.6.0-beta-5/spoon-core-7.6.0-beta-5.pom
Downloading from central: https://repo.maven.apache.org/maven2/fr/inria/gforge/spoon/spoon-core/7.6.0-beta-5/spoon-core-7.6.0-beta-5.pom
Progress (1): 4.1/6.1 kBProgress (1): 6.1 kB                        Downloaded from central: https://repo.maven.apache.org/maven2/fr/inria/gforge/spoon/spoon-core/7.6.0-beta-5/spoon-core-7.6.0-beta-5.pom (6.1 kB at 469 kB/s)
Downloading from ow2.org-snapshot: https://repository.ow2.org/nexus/content/repositories/snapshots/fr/inria/gforge/spoon/spoon-core/7.6.0-beta-6/spoon-core-7.6.0-beta-6.pom
Downloading from central: https://repo.maven.apache.org/maven2/fr/inria/gforge/spoon/spoon-core/7.6.0-beta-6/spoon-core-7.6.0-beta-6.pom
Progress (1): 4.1/6.1 kBProgress (1): 6.1 kB                        Downloaded from central: https://repo.maven.apache.org/maven2/fr/inria/gforge/spoon/spoon-core/7.6.0-beta-6/spoon-core-7.6.0-beta-6.pom (6.1 kB at 359 kB/s)
Downloading from ow2.org-snapshot: https://repository.ow2.org/nexus/content/repositories/snapshots/fr/inria/gforge/spoon/spoon-core/7.6.0/spoon-core-7.6.0.pom
Downloading from central: https://repo.maven.apache.org/maven2/fr/inria/gforge/spoon/spoon-core/7.6.0/spoon-core-7.6.0.pom
Progress (1): 4.1/6.1 kBProgress (1): 6.1 kB                        Downloaded from central: https://repo.maven.apache.org/maven2/fr/inria/gforge/spoon/spoon-core/7.6.0/spoon-core-7.6.0.pom (6.1 kB at 609 kB/s)
Downloading from ow2.org-snapshot: https://repository.ow2.org/nexus/content/repositories/snapshots/fr/inria/gforge/spoon/spoon-core/8.0.0-beta-1/spoon-core-8.0.0-beta-1.pom
Downloading from central: https://repo.maven.apache.org/maven2/fr/inria/gforge/spoon/spoon-core/8.0.0-beta-1/spoon-core-8.0.0-beta-1.pom
Progress (1): 4.1/6.1 kBProgress (1): 6.1 kB                        Downloaded from central: https://repo.maven.apache.org/maven2/fr/inria/gforge/spoon/spoon-core/8.0.0-beta-1/spoon-core-8.0.0-beta-1.pom (6.1 kB at 436 kB/s)
Downloading from ow2.org-snapshot: https://repository.ow2.org/nexus/content/repositories/snapshots/fr/inria/gforge/spoon/spoon-core/8.0.0/spoon-core-8.0.0.pom
Downloading from central: https://repo.maven.apache.org/maven2/fr/inria/gforge/spoon/spoon-core/8.0.0/spoon-core-8.0.0.pom
Progress (1): 4.1/6.1 kBProgress (1): 6.1 kB                        Downloaded from central: https://repo.maven.apache.org/maven2/fr/inria/gforge/spoon/spoon-core/8.0.0/spoon-core-8.0.0.pom (6.1 kB at 554 kB/s)
Downloading from ow2.org-snapshot: https://repository.ow2.org/nexus/content/repositories/snapshots/fr/inria/gforge/spoon/spoon-core/8.1.0-beta-1/spoon-core-8.1.0-beta-1.pom
Downloading from central: https://repo.maven.apache.org/maven2/fr/inria/gforge/spoon/spoon-core/8.1.0-beta-1/spoon-core-8.1.0-beta-1.pom
Progress (1): 4.1/6.1 kBProgress (1): 6.1 kB                        Downloaded from central: https://repo.maven.apache.org/maven2/fr/inria/gforge/spoon/spoon-core/8.1.0-beta-1/spoon-core-8.1.0-beta-1.pom (6.1 kB at 407 kB/s)
Downloading from ow2.org-snapshot: https://repository.ow2.org/nexus/content/repositories/snapshots/fr/inria/gforge/spoon/spoon-core/8.1.0-beta-2/spoon-core-8.1.0-beta-2.pom
Downloading from central: https://repo.maven.apache.org/maven2/fr/inria/gforge/spoon/spoon-core/8.1.0-beta-2/spoon-core-8.1.0-beta-2.pom
Progress (1): 4.1/6.1 kBProgress (1): 6.1 kB                        Downloaded from central: https://repo.maven.apache.org/maven2/fr/inria/gforge/spoon/spoon-core/8.1.0-beta-2/spoon-core-8.1.0-beta-2.pom (6.1 kB at 554 kB/s)
Downloading from ow2.org-snapshot: https://repository.ow2.org/nexus/content/repositories/snapshots/fr/inria/gforge/spoon/spoon-core/8.1.0-beta-3/spoon-core-8.1.0-beta-3.pom
Downloading from central: https://repo.maven.apache.org/maven2/fr/inria/gforge/spoon/spoon-core/8.1.0-beta-3/spoon-core-8.1.0-beta-3.pom
Progress (1): 4.1/6.9 kBProgress (1): 6.9 kB                        Downloaded from central: https://repo.maven.apache.org/maven2/fr/inria/gforge/spoon/spoon-core/8.1.0-beta-3/spoon-core-8.1.0-beta-3.pom (6.9 kB at 530 kB/s)
Downloading from ow2.org-snapshot: https://repository.ow2.org/nexus/content/repositories/snapshots/fr/inria/gforge/spoon/spoon-core/8.1.0-beta-4/spoon-core-8.1.0-beta-4.pom
Downloading from central: https://repo.maven.apache.org/maven2/fr/inria/gforge/spoon/spoon-core/8.1.0-beta-4/spoon-core-8.1.0-beta-4.pom
Progress (1): 4.1/6.9 kBProgress (1): 6.9 kB                        Downloaded from central: https://repo.maven.apache.org/maven2/fr/inria/gforge/spoon/spoon-core/8.1.0-beta-4/spoon-core-8.1.0-beta-4.pom (6.9 kB at 328 kB/s)
Downloading from ow2.org-snapshot: https://repository.ow2.org/nexus/content/repositories/snapshots/fr/inria/gforge/spoon/spoon-core/8.1.0-beta-5/spoon-core-8.1.0-beta-5.pom
Downloading from central: https://repo.maven.apache.org/maven2/fr/inria/gforge/spoon/spoon-core/8.1.0-beta-5/spoon-core-8.1.0-beta-5.pom
Progress (1): 4.1/6.9 kBProgress (1): 6.9 kB                        Downloaded from central: https://repo.maven.apache.org/maven2/fr/inria/gforge/spoon/spoon-core/8.1.0-beta-5/spoon-core-8.1.0-beta-5.pom (6.9 kB at 344 kB/s)
Downloading from ow2.org-snapshot: https://repository.ow2.org/nexus/content/repositories/snapshots/fr/inria/gforge/spoon/spoon-core/8.1.0-beta-6/spoon-core-8.1.0-beta-6.pom
Downloading from central: https://repo.maven.apache.org/maven2/fr/inria/gforge/spoon/spoon-core/8.1.0-beta-6/spoon-core-8.1.0-beta-6.pom
Progress (1): 4.1/6.9 kBProgress (1): 6.9 kB                        Downloaded from central: https://repo.maven.apache.org/maven2/fr/inria/gforge/spoon/spoon-core/8.1.0-beta-6/spoon-core-8.1.0-beta-6.pom (6.9 kB at 689 kB/s)
Downloading from ow2.org-snapshot: https://repository.ow2.org/nexus/content/repositories/snapshots/fr/inria/gforge/spoon/spoon-core/8.1.0-beta-7/spoon-core-8.1.0-beta-7.pom
Downloading from central: https://repo.maven.apache.org/maven2/fr/inria/gforge/spoon/spoon-core/8.1.0-beta-7/spoon-core-8.1.0-beta-7.pom
Progress (1): 4.1/6.9 kBProgress (1): 6.9 kB                        Downloaded from central: https://repo.maven.apache.org/maven2/fr/inria/gforge/spoon/spoon-core/8.1.0-beta-7/spoon-core-8.1.0-beta-7.pom (6.9 kB at 265 kB/s)
Downloading from ow2.org-snapshot: https://repository.ow2.org/nexus/content/repositories/snapshots/fr/inria/gforge/spoon/spoon-core/8.1.0-beta-8/spoon-core-8.1.0-beta-8.pom
Downloading from central: https://repo.maven.apache.org/maven2/fr/inria/gforge/spoon/spoon-core/8.1.0-beta-8/spoon-core-8.1.0-beta-8.pom
Progress (1): 4.1/6.9 kBProgress (1): 6.9 kB                        Downloaded from central: https://repo.maven.apache.org/maven2/fr/inria/gforge/spoon/spoon-core/8.1.0-beta-8/spoon-core-8.1.0-beta-8.pom (6.9 kB at 459 kB/s)
Downloading from ow2.org-snapshot: https://repository.ow2.org/nexus/content/repositories/snapshots/fr/inria/gforge/spoon/spoon-core/8.1.0-beta-9/spoon-core-8.1.0-beta-9.pom
Downloading from central: https://repo.maven.apache.org/maven2/fr/inria/gforge/spoon/spoon-core/8.1.0-beta-9/spoon-core-8.1.0-beta-9.pom
Progress (1): 4.1/6.9 kBProgress (1): 6.9 kB                        Downloaded from central: https://repo.maven.apache.org/maven2/fr/inria/gforge/spoon/spoon-core/8.1.0-beta-9/spoon-core-8.1.0-beta-9.pom (6.9 kB at 34 kB/s)
Downloading from ow2.org-snapshot: https://repository.ow2.org/nexus/content/repositories/snapshots/fr/inria/gforge/spoon/spoon-core/8.1.0-beta-10/spoon-core-8.1.0-beta-10.pom
Downloading from central: https://repo.maven.apache.org/maven2/fr/inria/gforge/spoon/spoon-core/8.1.0-beta-10/spoon-core-8.1.0-beta-10.pom
Progress (1): 4.1/6.9 kBProgress (1): 6.9 kB                        Downloaded from central: https://repo.maven.apache.org/maven2/fr/inria/gforge/spoon/spoon-core/8.1.0-beta-10/spoon-core-8.1.0-beta-10.pom (6.9 kB at 494 kB/s)
Downloading from ow2.org-snapshot: https://repository.ow2.org/nexus/content/repositories/snapshots/fr/inria/gforge/spoon/spoon-core/8.1.0-beta-11/spoon-core-8.1.0-beta-11.pom
Downloading from central: https://repo.maven.apache.org/maven2/fr/inria/gforge/spoon/spoon-core/8.1.0-beta-11/spoon-core-8.1.0-beta-11.pom
Progress (1): 4.1/6.9 kBProgress (1): 6.9 kB                        Downloaded from central: https://repo.maven.apache.org/maven2/fr/inria/gforge/spoon/spoon-core/8.1.0-beta-11/spoon-core-8.1.0-beta-11.pom (6.9 kB at 532 kB/s)
Downloading from ow2.org-snapshot: https://repository.ow2.org/nexus/content/repositories/snapshots/fr/inria/gforge/spoon/spoon-core/8.1.0-beta-12/spoon-core-8.1.0-beta-12.pom
Downloading from central: https://repo.maven.apache.org/maven2/fr/inria/gforge/spoon/spoon-core/8.1.0-beta-12/spoon-core-8.1.0-beta-12.pom
Progress (1): 4.1/7.1 kBProgress (1): 7.1 kB                        Downloaded from central: https://repo.maven.apache.org/maven2/fr/inria/gforge/spoon/spoon-core/8.1.0-beta-12/spoon-core-8.1.0-beta-12.pom (7.1 kB at 286 kB/s)
Downloading from ow2.org-snapshot: https://repository.ow2.org/nexus/content/repositories/snapshots/fr/inria/gforge/spoon/spoon-core/8.1.0-beta-13/spoon-core-8.1.0-beta-13.pom
Downloading from central: https://repo.maven.apache.org/maven2/fr/inria/gforge/spoon/spoon-core/8.1.0-beta-13/spoon-core-8.1.0-beta-13.pom
Progress (1): 4.1/7.3 kBProgress (1): 7.3 kB                        Downloaded from central: https://repo.maven.apache.org/maven2/fr/inria/gforge/spoon/spoon-core/8.1.0-beta-13/spoon-core-8.1.0-beta-13.pom (7.3 kB at 563 kB/s)
Downloading from ow2.org-snapshot: https://repository.ow2.org/nexus/content/repositories/snapshots/fr/inria/gforge/spoon/spoon-core/8.1.0-beta-14/spoon-core-8.1.0-beta-14.pom
Downloading from central: https://repo.maven.apache.org/maven2/fr/inria/gforge/spoon/spoon-core/8.1.0-beta-14/spoon-core-8.1.0-beta-14.pom
Progress (1): 4.1/7.3 kBProgress (1): 7.3 kB                        Downloaded from central: https://repo.maven.apache.org/maven2/fr/inria/gforge/spoon/spoon-core/8.1.0-beta-14/spoon-core-8.1.0-beta-14.pom (7.3 kB at 523 kB/s)
Downloading from ow2.org-snapshot: https://repository.ow2.org/nexus/content/repositories/snapshots/fr/inria/gforge/spoon/spoon-core/8.1.0-beta-15/spoon-core-8.1.0-beta-15.pom
Downloading from central: https://repo.maven.apache.org/maven2/fr/inria/gforge/spoon/spoon-core/8.1.0-beta-15/spoon-core-8.1.0-beta-15.pom
Progress (1): 4.1/7.3 kBProgress (1): 7.3 kB                        Downloaded from central: https://repo.maven.apache.org/maven2/fr/inria/gforge/spoon/spoon-core/8.1.0-beta-15/spoon-core-8.1.0-beta-15.pom (7.3 kB at 610 kB/s)
Downloading from ow2.org-snapshot: https://repository.ow2.org/nexus/content/repositories/snapshots/fr/inria/gforge/spoon/spoon-core/8.1.0-beta-16/spoon-core-8.1.0-beta-16.pom
Downloading from central: https://repo.maven.apache.org/maven2/fr/inria/gforge/spoon/spoon-core/8.1.0-beta-16/spoon-core-8.1.0-beta-16.pom
Progress (1): 4.1/7.3 kBProgress (1): 7.3 kB                        Downloaded from central: https://repo.maven.apache.org/maven2/fr/inria/gforge/spoon/spoon-core/8.1.0-beta-16/spoon-core-8.1.0-beta-16.pom (7.3 kB at 563 kB/s)
Downloading from ow2.org-snapshot: https://repository.ow2.org/nexus/content/repositories/snapshots/fr/inria/gforge/spoon/spoon-core/8.1.0-beta-17/spoon-core-8.1.0-beta-17.pom
Downloading from central: https://repo.maven.apache.org/maven2/fr/inria/gforge/spoon/spoon-core/8.1.0-beta-17/spoon-core-8.1.0-beta-17.pom
Progress (1): 4.1/7.3 kBProgress (1): 7.3 kB                        Downloaded from central: https://repo.maven.apache.org/maven2/fr/inria/gforge/spoon/spoon-core/8.1.0-beta-17/spoon-core-8.1.0-beta-17.pom (7.3 kB at 610 kB/s)
Downloading from ow2.org-snapshot: https://repository.ow2.org/nexus/content/repositories/snapshots/fr/inria/gforge/spoon/spoon-core/8.1.0-beta-18/spoon-core-8.1.0-beta-18.pom
Downloading from central: https://repo.maven.apache.org/maven2/fr/inria/gforge/spoon/spoon-core/8.1.0-beta-18/spoon-core-8.1.0-beta-18.pom
Progress (1): 4.1/7.5 kBProgress (1): 7.5 kB                        Downloaded from central: https://repo.maven.apache.org/maven2/fr/inria/gforge/spoon/spoon-core/8.1.0-beta-18/spoon-core-8.1.0-beta-18.pom (7.5 kB at 624 kB/s)
Downloading from ow2.org-snapshot: https://repository.ow2.org/nexus/content/repositories/snapshots/fr/inria/gforge/spoon/spoon-core/8.1.0-beta-19/spoon-core-8.1.0-beta-19.pom
Downloading from central: https://repo.maven.apache.org/maven2/fr/inria/gforge/spoon/spoon-core/8.1.0-beta-19/spoon-core-8.1.0-beta-19.pom
Progress (1): 4.1/7.5 kBProgress (1): 7.5 kB                        Downloaded from central: https://repo.maven.apache.org/maven2/fr/inria/gforge/spoon/spoon-core/8.1.0-beta-19/spoon-core-8.1.0-beta-19.pom (7.5 kB at 681 kB/s)
Downloading from ow2.org-snapshot: https://repository.ow2.org/nexus/content/repositories/snapshots/fr/inria/gforge/spoon/spoon-core/8.1.0-SNAPSHOT/maven-metadata.xml
Downloading from sonatype-nexus-snapshots: https://oss.sonatype.org/content/repositories/snapshots/fr/inria/gforge/spoon/spoon-core/8.1.0-SNAPSHOT/maven-metadata.xml
Progress (1): 1.0 kB                    Downloaded from ow2.org-snapshot: https://repository.ow2.org/nexus/content/repositories/snapshots/fr/inria/gforge/spoon/spoon-core/8.1.0-SNAPSHOT/maven-metadata.xml (1.0 kB at 8.8 kB/s)
Downloading from ow2.org-snapshot: https://repository.ow2.org/nexus/content/repositories/snapshots/fr/inria/gforge/spoon/spoon-core/8.1.0-SNAPSHOT/spoon-core-8.1.0-20200317.052413-1.pom
Progress (1): 889 BProgress (1): 3.5 kBProgress (1): 6.1 kBProgress (1): 7.7 kB                    Downloaded from ow2.org-snapshot: https://repository.ow2.org/nexus/content/repositories/snapshots/fr/inria/gforge/spoon/spoon-core/8.1.0-SNAPSHOT/spoon-core-8.1.0-20200317.052413-1.pom (7.7 kB at 59 kB/s)
Downloading from ow2.org-snapshot: https://repository.ow2.org/nexus/content/repositories/snapshots/fr/inria/gforge/spoon/spoon-core/8.1.0/spoon-core-8.1.0.pom
Downloading from central: https://repo.maven.apache.org/maven2/fr/inria/gforge/spoon/spoon-core/8.1.0/spoon-core-8.1.0.pom
Progress (1): 4.1/7.5 kBProgress (1): 7.5 kB                        Downloaded from central: https://repo.maven.apache.org/maven2/fr/inria/gforge/spoon/spoon-core/8.1.0/spoon-core-8.1.0.pom (7.5 kB at 832 kB/s)
Downloading from ow2.org-snapshot: https://repository.ow2.org/nexus/content/repositories/snapshots/fr/inria/gforge/spoon/spoon-core/8.2.0-beta-1/spoon-core-8.2.0-beta-1.pom
Downloading from central: https://repo.maven.apache.org/maven2/fr/inria/gforge/spoon/spoon-core/8.2.0-beta-1/spoon-core-8.2.0-beta-1.pom
Progress (1): 4.1/7.5 kBProgress (1): 7.5 kB                        Downloaded from central: https://repo.maven.apache.org/maven2/fr/inria/gforge/spoon/spoon-core/8.2.0-beta-1/spoon-core-8.2.0-beta-1.pom (7.5 kB at 79 kB/s)
Downloading from ow2.org-snapshot: https://repository.ow2.org/nexus/content/repositories/snapshots/fr/inria/gforge/spoon/spoon-core/8.2.0-beta-2/spoon-core-8.2.0-beta-2.pom
Downloading from central: https://repo.maven.apache.org/maven2/fr/inria/gforge/spoon/spoon-core/8.2.0-beta-2/spoon-core-8.2.0-beta-2.pom
Progress (1): 4.1/7.5 kBProgress (1): 7.5 kB                        Downloaded from central: https://repo.maven.apache.org/maven2/fr/inria/gforge/spoon/spoon-core/8.2.0-beta-2/spoon-core-8.2.0-beta-2.pom (7.5 kB at 416 kB/s)
Downloading from ow2.org-snapshot: https://repository.ow2.org/nexus/content/repositories/snapshots/fr/inria/gforge/spoon/spoon-core/8.2.0-beta-3/spoon-core-8.2.0-beta-3.pom
Downloading from central: https://repo.maven.apache.org/maven2/fr/inria/gforge/spoon/spoon-core/8.2.0-beta-3/spoon-core-8.2.0-beta-3.pom
Progress (1): 4.1/7.5 kBProgress (1): 7.5 kB                        Downloaded from central: https://repo.maven.apache.org/maven2/fr/inria/gforge/spoon/spoon-core/8.2.0-beta-3/spoon-core-8.2.0-beta-3.pom (7.5 kB at 681 kB/s)
Downloading from ow2.org-snapshot: https://repository.ow2.org/nexus/content/repositories/snapshots/fr/inria/gforge/spoon/spoon-core/8.2.0-beta-4/spoon-core-8.2.0-beta-4.pom
Downloading from central: https://repo.maven.apache.org/maven2/fr/inria/gforge/spoon/spoon-core/8.2.0-beta-4/spoon-core-8.2.0-beta-4.pom
Progress (1): 4.1/7.5 kBProgress (1): 7.5 kB                        Downloaded from central: https://repo.maven.apache.org/maven2/fr/inria/gforge/spoon/spoon-core/8.2.0-beta-4/spoon-core-8.2.0-beta-4.pom (7.5 kB at 576 kB/s)
Downloading from ow2.org-snapshot: https://repository.ow2.org/nexus/content/repositories/snapshots/fr/inria/gforge/spoon/spoon-core/8.2.0-beta-5/spoon-core-8.2.0-beta-5.pom
Downloading from central: https://repo.maven.apache.org/maven2/fr/inria/gforge/spoon/spoon-core/8.2.0-beta-5/spoon-core-8.2.0-beta-5.pom
Progress (1): 4.1/7.5 kBProgress (1): 7.5 kB                        Downloaded from central: https://repo.maven.apache.org/maven2/fr/inria/gforge/spoon/spoon-core/8.2.0-beta-5/spoon-core-8.2.0-beta-5.pom (7.5 kB at 535 kB/s)
Downloading from ow2.org-snapshot: https://repository.ow2.org/nexus/content/repositories/snapshots/fr/inria/gforge/spoon/spoon-core/8.2.0-beta-6/spoon-core-8.2.0-beta-6.pom
Downloading from central: https://repo.maven.apache.org/maven2/fr/inria/gforge/spoon/spoon-core/8.2.0-beta-6/spoon-core-8.2.0-beta-6.pom
Progress (1): 4.1/7.8 kBProgress (1): 7.8 kB                        Downloaded from central: https://repo.maven.apache.org/maven2/fr/inria/gforge/spoon/spoon-core/8.2.0-beta-6/spoon-core-8.2.0-beta-6.pom (7.8 kB at 705 kB/s)
Downloading from ow2.org-snapshot: https://repository.ow2.org/nexus/content/repositories/snapshots/fr/inria/gforge/spoon/spoon-core/8.2.0-beta-7/spoon-core-8.2.0-beta-7.pom
Downloading from central: https://repo.maven.apache.org/maven2/fr/inria/gforge/spoon/spoon-core/8.2.0-beta-7/spoon-core-8.2.0-beta-7.pom
Progress (1): 4.1/7.8 kBProgress (1): 7.8 kB                        Downloaded from central: https://repo.maven.apache.org/maven2/fr/inria/gforge/spoon/spoon-core/8.2.0-beta-7/spoon-core-8.2.0-beta-7.pom (7.8 kB at 40 kB/s)
Downloading from ow2.org-snapshot: https://repository.ow2.org/nexus/content/repositories/snapshots/fr/inria/gforge/spoon/spoon-core/8.2.0-beta-8/spoon-core-8.2.0-beta-8.pom
Downloading from central: https://repo.maven.apache.org/maven2/fr/inria/gforge/spoon/spoon-core/8.2.0-beta-8/spoon-core-8.2.0-beta-8.pom
Progress (1): 4.1/7.8 kBProgress (1): 7.8 kB                        Downloaded from central: https://repo.maven.apache.org/maven2/fr/inria/gforge/spoon/spoon-core/8.2.0-beta-8/spoon-core-8.2.0-beta-8.pom (7.8 kB at 597 kB/s)
Downloading from ow2.org-snapshot: https://repository.ow2.org/nexus/content/repositories/snapshots/fr/inria/gforge/spoon/spoon-core/8.2.0-beta-9/spoon-core-8.2.0-beta-9.pom
Downloading from central: https://repo.maven.apache.org/maven2/fr/inria/gforge/spoon/spoon-core/8.2.0-beta-9/spoon-core-8.2.0-beta-9.pom
Progress (1): 4.1/7.8 kBProgress (1): 7.8 kB                        Downloaded from central: https://repo.maven.apache.org/maven2/fr/inria/gforge/spoon/spoon-core/8.2.0-beta-9/spoon-core-8.2.0-beta-9.pom (7.8 kB at 705 kB/s)
Downloading from ow2.org-snapshot: https://repository.ow2.org/nexus/content/repositories/snapshots/fr/inria/gforge/spoon/spoon-core/8.2.0-beta-10/spoon-core-8.2.0-beta-10.pom
Downloading from central: https://repo.maven.apache.org/maven2/fr/inria/gforge/spoon/spoon-core/8.2.0-beta-10/spoon-core-8.2.0-beta-10.pom
Progress (1): 4.1/7.8 kBProgress (1): 7.8 kB                        Downloaded from central: https://repo.maven.apache.org/maven2/fr/inria/gforge/spoon/spoon-core/8.2.0-beta-10/spoon-core-8.2.0-beta-10.pom (7.8 kB at 647 kB/s)
Downloading from ow2.org-snapshot: https://repository.ow2.org/nexus/content/repositories/snapshots/fr/inria/gforge/spoon/spoon-core/8.2.0-beta-11/spoon-core-8.2.0-beta-11.pom
Downloading from central: https://repo.maven.apache.org/maven2/fr/inria/gforge/spoon/spoon-core/8.2.0-beta-11/spoon-core-8.2.0-beta-11.pom
Progress (1): 4.1/7.8 kBProgress (1): 7.8 kB                        Downloaded from central: https://repo.maven.apache.org/maven2/fr/inria/gforge/spoon/spoon-core/8.2.0-beta-11/spoon-core-8.2.0-beta-11.pom (7.8 kB at 776 kB/s)
Downloading from ow2.org-snapshot: https://repository.ow2.org/nexus/content/repositories/snapshots/fr/inria/gforge/spoon/spoon-core/8.2.0-beta-12/spoon-core-8.2.0-beta-12.pom
Downloading from central: https://repo.maven.apache.org/maven2/fr/inria/gforge/spoon/spoon-core/8.2.0-beta-12/spoon-core-8.2.0-beta-12.pom
Progress (1): 4.1/7.8 kBProgress (1): 7.8 kB                        Downloaded from central: https://repo.maven.apache.org/maven2/fr/inria/gforge/spoon/spoon-core/8.2.0-beta-12/spoon-core-8.2.0-beta-12.pom (7.8 kB at 647 kB/s)
Downloading from ow2.org-snapshot: https://repository.ow2.org/nexus/content/repositories/snapshots/fr/inria/gforge/spoon/spoon-core/8.2.0-beta-13/spoon-core-8.2.0-beta-13.pom
Downloading from central: https://repo.maven.apache.org/maven2/fr/inria/gforge/spoon/spoon-core/8.2.0-beta-13/spoon-core-8.2.0-beta-13.pom
Progress (1): 4.1/7.8 kBProgress (1): 7.8 kB                        Downloaded from central: https://repo.maven.apache.org/maven2/fr/inria/gforge/spoon/spoon-core/8.2.0-beta-13/spoon-core-8.2.0-beta-13.pom (7.8 kB at 705 kB/s)
Downloading from ow2.org-snapshot: https://repository.ow2.org/nexus/content/repositories/snapshots/fr/inria/gforge/spoon/spoon-core/8.2.0-beta-14/spoon-core-8.2.0-beta-14.pom
Downloading from central: https://repo.maven.apache.org/maven2/fr/inria/gforge/spoon/spoon-core/8.2.0-beta-14/spoon-core-8.2.0-beta-14.pom
Progress (1): 4.1/7.8 kBProgress (1): 7.8 kB                        Downloaded from central: https://repo.maven.apache.org/maven2/fr/inria/gforge/spoon/spoon-core/8.2.0-beta-14/spoon-core-8.2.0-beta-14.pom (7.8 kB at 647 kB/s)
Downloading from ow2.org-snapshot: https://repository.ow2.org/nexus/content/repositories/snapshots/fr/inria/gforge/spoon/spoon-core/8.2.0-beta-15/spoon-core-8.2.0-beta-15.pom
Downloading from central: https://repo.maven.apache.org/maven2/fr/inria/gforge/spoon/spoon-core/8.2.0-beta-15/spoon-core-8.2.0-beta-15.pom
Progress (1): 4.1/7.8 kBProgress (1): 7.8 kB                        Downloaded from central: https://repo.maven.apache.org/maven2/fr/inria/gforge/spoon/spoon-core/8.2.0-beta-15/spoon-core-8.2.0-beta-15.pom (7.8 kB at 862 kB/s)
Downloading from ow2.org-snapshot: https://repository.ow2.org/nexus/content/repositories/snapshots/fr/inria/gforge/spoon/spoon-core/8.2.0-beta-16/spoon-core-8.2.0-beta-16.pom
Downloading from central: https://repo.maven.apache.org/maven2/fr/inria/gforge/spoon/spoon-core/8.2.0-beta-16/spoon-core-8.2.0-beta-16.pom
Progress (1): 4.1/7.8 kBProgress (1): 7.8 kB                        Downloaded from central: https://repo.maven.apache.org/maven2/fr/inria/gforge/spoon/spoon-core/8.2.0-beta-16/spoon-core-8.2.0-beta-16.pom (7.8 kB at 647 kB/s)
Downloading from ow2.org-snapshot: https://repository.ow2.org/nexus/content/repositories/snapshots/fr/inria/gforge/spoon/spoon-core/8.2.0-beta-17/spoon-core-8.2.0-beta-17.pom
Downloading from central: https://repo.maven.apache.org/maven2/fr/inria/gforge/spoon/spoon-core/8.2.0-beta-17/spoon-core-8.2.0-beta-17.pom
Progress (1): 4.1/7.4 kBProgress (1): 7.4 kB                        Downloaded from central: https://repo.maven.apache.org/maven2/fr/inria/gforge/spoon/spoon-core/8.2.0-beta-17/spoon-core-8.2.0-beta-17.pom (7.4 kB at 493 kB/s)
Downloading from ow2.org-snapshot: https://repository.ow2.org/nexus/content/repositories/snapshots/fr/inria/gforge/spoon/spoon-core/8.2.0-beta-18/spoon-core-8.2.0-beta-18.pom
Downloading from central: https://repo.maven.apache.org/maven2/fr/inria/gforge/spoon/spoon-core/8.2.0-beta-18/spoon-core-8.2.0-beta-18.pom
Progress (1): 4.1/7.4 kBProgress (1): 7.4 kB                        Downloaded from central: https://repo.maven.apache.org/maven2/fr/inria/gforge/spoon/spoon-core/8.2.0-beta-18/spoon-core-8.2.0-beta-18.pom (7.4 kB at 493 kB/s)
Downloading from ow2.org-snapshot: https://repository.ow2.org/nexus/content/repositories/snapshots/fr/inria/gforge/spoon/spoon-core/8.2.0/spoon-core-8.2.0.pom
Downloading from central: https://repo.maven.apache.org/maven2/fr/inria/gforge/spoon/spoon-core/8.2.0/spoon-core-8.2.0.pom
Progress (1): 4.1/7.4 kBProgress (1): 7.4 kB                        Downloaded from central: https://repo.maven.apache.org/maven2/fr/inria/gforge/spoon/spoon-core/8.2.0/spoon-core-8.2.0.pom (7.4 kB at 739 kB/s)
Downloading from ow2.org-snapshot: https://repository.ow2.org/nexus/content/repositories/snapshots/fr/inria/gforge/spoon/spoon-core/8.3.0-beta-1/spoon-core-8.3.0-beta-1.pom
Downloading from central: https://repo.maven.apache.org/maven2/fr/inria/gforge/spoon/spoon-core/8.3.0-beta-1/spoon-core-8.3.0-beta-1.pom
Progress (1): 4.1/7.4 kBProgress (1): 7.4 kB                        Downloaded from central: https://repo.maven.apache.org/maven2/fr/inria/gforge/spoon/spoon-core/8.3.0-beta-1/spoon-core-8.3.0-beta-1.pom (7.4 kB at 740 kB/s)
Downloading from ow2.org-snapshot: https://repository.ow2.org/nexus/content/repositories/snapshots/fr/inria/gforge/spoon/spoon-core/8.3.0-beta-2/spoon-core-8.3.0-beta-2.pom
Downloading from central: https://repo.maven.apache.org/maven2/fr/inria/gforge/spoon/spoon-core/8.3.0-beta-2/spoon-core-8.3.0-beta-2.pom
Progress (1): 4.1/7.4 kBProgress (1): 7.4 kB                        Downloaded from central: https://repo.maven.apache.org/maven2/fr/inria/gforge/spoon/spoon-core/8.3.0-beta-2/spoon-core-8.3.0-beta-2.pom (7.4 kB at 36 kB/s)
Downloading from ow2.org-snapshot: https://repository.ow2.org/nexus/content/repositories/snapshots/fr/inria/gforge/spoon/spoon-core/8.3.0-beta-3/spoon-core-8.3.0-beta-3.pom
Downloading from central: https://repo.maven.apache.org/maven2/fr/inria/gforge/spoon/spoon-core/8.3.0-beta-3/spoon-core-8.3.0-beta-3.pom
Progress (1): 4.1/7.4 kBProgress (1): 7.4 kB                        Downloaded from central: https://repo.maven.apache.org/maven2/fr/inria/gforge/spoon/spoon-core/8.3.0-beta-3/spoon-core-8.3.0-beta-3.pom (7.4 kB at 89 kB/s)
Downloading from ow2.org-snapshot: https://repository.ow2.org/nexus/content/repositories/snapshots/fr/inria/gforge/spoon/spoon-core/8.3.0-beta-4/spoon-core-8.3.0-beta-4.pom
Downloading from central: https://repo.maven.apache.org/maven2/fr/inria/gforge/spoon/spoon-core/8.3.0-beta-4/spoon-core-8.3.0-beta-4.pom
Progress (1): 4.1/7.4 kBProgress (1): 7.4 kB                        Downloaded from central: https://repo.maven.apache.org/maven2/fr/inria/gforge/spoon/spoon-core/8.3.0-beta-4/spoon-core-8.3.0-beta-4.pom (7.4 kB at 673 kB/s)
Downloading from ow2.org-snapshot: https://repository.ow2.org/nexus/content/repositories/snapshots/fr/inria/gforge/spoon/spoon-core/8.3.0-beta-5/spoon-core-8.3.0-beta-5.pom
Downloading from central: https://repo.maven.apache.org/maven2/fr/inria/gforge/spoon/spoon-core/8.3.0-beta-5/spoon-core-8.3.0-beta-5.pom
Progress (1): 4.1/7.4 kBProgress (1): 7.4 kB                        Downloaded from central: https://repo.maven.apache.org/maven2/fr/inria/gforge/spoon/spoon-core/8.3.0-beta-5/spoon-core-8.3.0-beta-5.pom (7.4 kB at 673 kB/s)
Downloading from ow2.org-snapshot: https://repository.ow2.org/nexus/content/repositories/snapshots/fr/inria/gforge/spoon/spoon-core/8.3.0-beta-6/spoon-core-8.3.0-beta-6.pom
Downloading from central: https://repo.maven.apache.org/maven2/fr/inria/gforge/spoon/spoon-core/8.3.0-beta-6/spoon-core-8.3.0-beta-6.pom
Progress (1): 4.1/7.4 kBProgress (1): 7.4 kB                        Downloaded from central: https://repo.maven.apache.org/maven2/fr/inria/gforge/spoon/spoon-core/8.3.0-beta-6/spoon-core-8.3.0-beta-6.pom (7.4 kB at 411 kB/s)
Downloading from ow2.org-snapshot: https://repository.ow2.org/nexus/content/repositories/snapshots/fr/inria/gforge/spoon/spoon-core/8.3.0-beta-7/spoon-core-8.3.0-beta-7.pom
Downloading from central: https://repo.maven.apache.org/maven2/fr/inria/gforge/spoon/spoon-core/8.3.0-beta-7/spoon-core-8.3.0-beta-7.pom
Progress (1): 4.1/7.4 kBProgress (1): 7.4 kB                        Downloaded from central: https://repo.maven.apache.org/maven2/fr/inria/gforge/spoon/spoon-core/8.3.0-beta-7/spoon-core-8.3.0-beta-7.pom (7.4 kB at 529 kB/s)
Downloading from ow2.org-snapshot: https://repository.ow2.org/nexus/content/repositories/snapshots/fr/inria/gforge/spoon/spoon-core/8.3.0-beta-8/spoon-core-8.3.0-beta-8.pom
Downloading from central: https://repo.maven.apache.org/maven2/fr/inria/gforge/spoon/spoon-core/8.3.0-beta-8/spoon-core-8.3.0-beta-8.pom
Progress (1): 4.1/8.2 kBProgress (1): 8.2 kB                        Downloaded from central: https://repo.maven.apache.org/maven2/fr/inria/gforge/spoon/spoon-core/8.3.0-beta-8/spoon-core-8.3.0-beta-8.pom (8.2 kB at 545 kB/s)
Downloading from ow2.org-snapshot: https://repository.ow2.org/nexus/content/repositories/snapshots/fr/inria/gforge/spoon/spoon-core/8.3.0-beta-9/spoon-core-8.3.0-beta-9.pom
Downloading from central: https://repo.maven.apache.org/maven2/fr/inria/gforge/spoon/spoon-core/8.3.0-beta-9/spoon-core-8.3.0-beta-9.pom
Progress (1): 4.1/8.2 kBProgress (1): 8.2 kB                        Downloaded from central: https://repo.maven.apache.org/maven2/fr/inria/gforge/spoon/spoon-core/8.3.0-beta-9/spoon-core-8.3.0-beta-9.pom (8.2 kB at 583 kB/s)
Downloading from ow2.org-snapshot: https://repository.ow2.org/nexus/content/repositories/snapshots/fr/inria/gforge/spoon/spoon-core/8.3.0-beta-10/spoon-core-8.3.0-beta-10.pom
Downloading from central: https://repo.maven.apache.org/maven2/fr/inria/gforge/spoon/spoon-core/8.3.0-beta-10/spoon-core-8.3.0-beta-10.pom
Progress (1): 4.1/8.3 kBProgress (1): 8.2/8.3 kBProgress (1): 8.3 kB                        Downloaded from central: https://repo.maven.apache.org/maven2/fr/inria/gforge/spoon/spoon-core/8.3.0-beta-10/spoon-core-8.3.0-beta-10.pom (8.3 kB at 635 kB/s)
Downloading from ow2.org-snapshot: https://repository.ow2.org/nexus/content/repositories/snapshots/fr/inria/gforge/spoon/spoon-core/8.3.0-beta-11/spoon-core-8.3.0-beta-11.pom
Downloading from central: https://repo.maven.apache.org/maven2/fr/inria/gforge/spoon/spoon-core/8.3.0-beta-11/spoon-core-8.3.0-beta-11.pom
Progress (1): 4.1/8.3 kBProgress (1): 8.2/8.3 kBProgress (1): 8.3 kB                        Downloaded from central: https://repo.maven.apache.org/maven2/fr/inria/gforge/spoon/spoon-core/8.3.0-beta-11/spoon-core-8.3.0-beta-11.pom (8.3 kB at 590 kB/s)
Downloading from ow2.org-snapshot: https://repository.ow2.org/nexus/content/repositories/snapshots/fr/inria/gforge/spoon/spoon-core/8.3.0-beta-12/spoon-core-8.3.0-beta-12.pom
Downloading from central: https://repo.maven.apache.org/maven2/fr/inria/gforge/spoon/spoon-core/8.3.0-beta-12/spoon-core-8.3.0-beta-12.pom
Progress (1): 4.1/8.3 kBProgress (1): 8.2/8.3 kBProgress (1): 8.3 kB                        Downloaded from central: https://repo.maven.apache.org/maven2/fr/inria/gforge/spoon/spoon-core/8.3.0-beta-12/spoon-core-8.3.0-beta-12.pom (8.3 kB at 826 kB/s)
Downloading from ow2.org-snapshot: https://repository.ow2.org/nexus/content/repositories/snapshots/fr/inria/gforge/spoon/spoon-core/8.3.0-beta-13/spoon-core-8.3.0-beta-13.pom
Downloading from central: https://repo.maven.apache.org/maven2/fr/inria/gforge/spoon/spoon-core/8.3.0-beta-13/spoon-core-8.3.0-beta-13.pom
Progress (1): 4.1/9.4 kBProgress (1): 8.2/9.4 kBProgress (1): 9.4 kB                        Downloaded from central: https://repo.maven.apache.org/maven2/fr/inria/gforge/spoon/spoon-core/8.3.0-beta-13/spoon-core-8.3.0-beta-13.pom (9.4 kB at 937 kB/s)
Downloading from ow2.org-snapshot: https://repository.ow2.org/nexus/content/repositories/snapshots/fr/inria/gforge/spoon/spoon-core/8.3.0-SNAPSHOT/maven-metadata.xml
Downloading from sonatype-nexus-snapshots: https://oss.sonatype.org/content/repositories/snapshots/fr/inria/gforge/spoon/spoon-core/8.3.0-SNAPSHOT/maven-metadata.xml
Progress (1): 1.0 kB                    Downloaded from ow2.org-snapshot: https://repository.ow2.org/nexus/content/repositories/snapshots/fr/inria/gforge/spoon/spoon-core/8.3.0-SNAPSHOT/maven-metadata.xml (1.0 kB at 8.3 kB/s)
Downloading from ow2.org-snapshot: https://repository.ow2.org/nexus/content/repositories/snapshots/fr/inria/gforge/spoon/spoon-core/8.3.0-SNAPSHOT/spoon-core-8.3.0-20201019.214442-4.pom
Progress (1): 887 BProgress (1): 3.3 kBProgress (1): 6.0 kBProgress (1): 8.1 kBProgress (1): 9.8 kB                    Downloaded from ow2.org-snapshot: https://repository.ow2.org/nexus/content/repositories/snapshots/fr/inria/gforge/spoon/spoon-core/8.3.0-SNAPSHOT/spoon-core-8.3.0-20201019.214442-4.pom (9.8 kB at 79 kB/s)
Downloading from ow2.org-snapshot: https://repository.ow2.org/nexus/content/repositories/snapshots/fr/inria/gforge/spoon/spoon-core/8.3.0/spoon-core-8.3.0.pom
Downloading from central: https://repo.maven.apache.org/maven2/fr/inria/gforge/spoon/spoon-core/8.3.0/spoon-core-8.3.0.pom
Progress (1): 4.1/9.4 kBProgress (1): 8.2/9.4 kBProgress (1): 9.4 kB                        Downloaded from central: https://repo.maven.apache.org/maven2/fr/inria/gforge/spoon/spoon-core/8.3.0/spoon-core-8.3.0.pom (9.4 kB at 551 kB/s)
Downloading from ow2.org-snapshot: https://repository.ow2.org/nexus/content/repositories/snapshots/fr/inria/gforge/spoon/spoon-core/8.4.0-beta-1/spoon-core-8.4.0-beta-1.pom
Downloading from central: https://repo.maven.apache.org/maven2/fr/inria/gforge/spoon/spoon-core/8.4.0-beta-1/spoon-core-8.4.0-beta-1.pom
Progress (1): 4.1/9.4 kBProgress (1): 8.2/9.4 kBProgress (1): 9.4 kB                        Downloaded from central: https://repo.maven.apache.org/maven2/fr/inria/gforge/spoon/spoon-core/8.4.0-beta-1/spoon-core-8.4.0-beta-1.pom (9.4 kB at 669 kB/s)
Downloading from ow2.org-snapshot: https://repository.ow2.org/nexus/content/repositories/snapshots/fr/inria/gforge/spoon/spoon-core/8.4.0-beta-2/spoon-core-8.4.0-beta-2.pom
Downloading from central: https://repo.maven.apache.org/maven2/fr/inria/gforge/spoon/spoon-core/8.4.0-beta-2/spoon-core-8.4.0-beta-2.pom
Progress (1): 4.1/9.4 kBProgress (1): 8.2/9.4 kBProgress (1): 9.4 kB                        Downloaded from central: https://repo.maven.apache.org/maven2/fr/inria/gforge/spoon/spoon-core/8.4.0-beta-2/spoon-core-8.4.0-beta-2.pom (9.4 kB at 446 kB/s)
Downloading from ow2.org-snapshot: https://repository.ow2.org/nexus/content/repositories/snapshots/fr/inria/gforge/spoon/spoon-core/8.4.0-beta-3/spoon-core-8.4.0-beta-3.pom
Downloading from central: https://repo.maven.apache.org/maven2/fr/inria/gforge/spoon/spoon-core/8.4.0-beta-3/spoon-core-8.4.0-beta-3.pom
Progress (1): 4.1/9.5 kBProgress (1): 8.2/9.5 kBProgress (1): 9.5 kB                        Downloaded from central: https://repo.maven.apache.org/maven2/fr/inria/gforge/spoon/spoon-core/8.4.0-beta-3/spoon-core-8.4.0-beta-3.pom (9.5 kB at 452 kB/s)
Downloading from ow2.org-snapshot: https://repository.ow2.org/nexus/content/repositories/snapshots/fr/inria/gforge/spoon/spoon-core/8.4.0-beta-4/spoon-core-8.4.0-beta-4.pom
Downloading from central: https://repo.maven.apache.org/maven2/fr/inria/gforge/spoon/spoon-core/8.4.0-beta-4/spoon-core-8.4.0-beta-4.pom
Progress (1): 4.1/9.5 kBProgress (1): 8.2/9.5 kBProgress (1): 9.5 kB                        Downloaded from central: https://repo.maven.apache.org/maven2/fr/inria/gforge/spoon/spoon-core/8.4.0-beta-4/spoon-core-8.4.0-beta-4.pom (9.5 kB at 862 kB/s)
Downloading from ow2.org-snapshot: https://repository.ow2.org/nexus/content/repositories/snapshots/fr/inria/gforge/spoon/spoon-core/8.4.0-beta-5/spoon-core-8.4.0-beta-5.pom
Downloading from central: https://repo.maven.apache.org/maven2/fr/inria/gforge/spoon/spoon-core/8.4.0-beta-5/spoon-core-8.4.0-beta-5.pom
Progress (1): 4.1/9.5 kBProgress (1): 8.2/9.5 kBProgress (1): 9.5 kB                        Downloaded from central: https://repo.maven.apache.org/maven2/fr/inria/gforge/spoon/spoon-core/8.4.0-beta-5/spoon-core-8.4.0-beta-5.pom (9.5 kB at 593 kB/s)
Downloading from ow2.org-snapshot: https://repository.ow2.org/nexus/content/repositories/snapshots/fr/inria/gforge/spoon/spoon-core/8.4.0-beta-6/spoon-core-8.4.0-beta-6.pom
Downloading from central: https://repo.maven.apache.org/maven2/fr/inria/gforge/spoon/spoon-core/8.4.0-beta-6/spoon-core-8.4.0-beta-6.pom
Progress (1): 4.1/9.5 kBProgress (1): 8.2/9.5 kBProgress (1): 9.5 kB                        Downloaded from central: https://repo.maven.apache.org/maven2/fr/inria/gforge/spoon/spoon-core/8.4.0-beta-6/spoon-core-8.4.0-beta-6.pom (9.5 kB at 96 kB/s)
Downloading from ow2.org-snapshot: https://repository.ow2.org/nexus/content/repositories/snapshots/fr/inria/gforge/spoon/spoon-core/8.4.0-beta-7/spoon-core-8.4.0-beta-7.pom
Downloading from central: https://repo.maven.apache.org/maven2/fr/inria/gforge/spoon/spoon-core/8.4.0-beta-7/spoon-core-8.4.0-beta-7.pom
Progress (1): 4.1/9.5 kBProgress (1): 8.2/9.5 kBProgress (1): 9.5 kB                        Downloaded from central: https://repo.maven.apache.org/maven2/fr/inria/gforge/spoon/spoon-core/8.4.0-beta-7/spoon-core-8.4.0-beta-7.pom (9.5 kB at 632 kB/s)
Downloading from ow2.org-snapshot: https://repository.ow2.org/nexus/content/repositories/snapshots/fr/inria/gforge/spoon/spoon-core/8.4.0-beta-8/spoon-core-8.4.0-beta-8.pom
Downloading from central: https://repo.maven.apache.org/maven2/fr/inria/gforge/spoon/spoon-core/8.4.0-beta-8/spoon-core-8.4.0-beta-8.pom
Progress (1): 4.1/9.5 kBProgress (1): 8.2/9.5 kBProgress (1): 9.5 kB                        Downloaded from central: https://repo.maven.apache.org/maven2/fr/inria/gforge/spoon/spoon-core/8.4.0-beta-8/spoon-core-8.4.0-beta-8.pom (9.5 kB at 862 kB/s)
Downloading from ow2.org-snapshot: https://repository.ow2.org/nexus/content/repositories/snapshots/fr/inria/gforge/spoon/spoon-core/8.4.0-beta-9/spoon-core-8.4.0-beta-9.pom
Downloading from central: https://repo.maven.apache.org/maven2/fr/inria/gforge/spoon/spoon-core/8.4.0-beta-9/spoon-core-8.4.0-beta-9.pom
Progress (1): 4.1/9.5 kBProgress (1): 8.2/9.5 kBProgress (1): 9.5 kB                        Downloaded from central: https://repo.maven.apache.org/maven2/fr/inria/gforge/spoon/spoon-core/8.4.0-beta-9/spoon-core-8.4.0-beta-9.pom (9.5 kB at 862 kB/s)
Downloading from ow2.org-snapshot: https://repository.ow2.org/nexus/content/repositories/snapshots/fr/inria/gforge/spoon/spoon-core/8.4.0-beta-10/spoon-core-8.4.0-beta-10.pom
Downloading from central: https://repo.maven.apache.org/maven2/fr/inria/gforge/spoon/spoon-core/8.4.0-beta-10/spoon-core-8.4.0-beta-10.pom
Progress (1): 4.1/9.5 kBProgress (1): 8.2/9.5 kBProgress (1): 9.5 kB                        Downloaded from central: https://repo.maven.apache.org/maven2/fr/inria/gforge/spoon/spoon-core/8.4.0-beta-10/spoon-core-8.4.0-beta-10.pom (9.5 kB at 790 kB/s)
Downloading from ow2.org-snapshot: https://repository.ow2.org/nexus/content/repositories/snapshots/fr/inria/gforge/spoon/spoon-core/8.4.0-beta-11/spoon-core-8.4.0-beta-11.pom
Downloading from central: https://repo.maven.apache.org/maven2/fr/inria/gforge/spoon/spoon-core/8.4.0-beta-11/spoon-core-8.4.0-beta-11.pom
Progress (1): 4.1/10 kBProgress (1): 8.2/10 kBProgress (1): 10 kB                       Downloaded from central: https://repo.maven.apache.org/maven2/fr/inria/gforge/spoon/spoon-core/8.4.0-beta-11/spoon-core-8.4.0-beta-11.pom (10 kB at 780 kB/s)
Downloading from ow2.org-snapshot: https://repository.ow2.org/nexus/content/repositories/snapshots/fr/inria/gforge/spoon/spoon-core/8.4.0-beta-12/spoon-core-8.4.0-beta-12.pom
Downloading from central: https://repo.maven.apache.org/maven2/fr/inria/gforge/spoon/spoon-core/8.4.0-beta-12/spoon-core-8.4.0-beta-12.pom
Progress (1): 4.1/10.0 kBProgress (1): 8.2/10.0 kBProgress (1): 10.0 kB                         Downloaded from central: https://repo.maven.apache.org/maven2/fr/inria/gforge/spoon/spoon-core/8.4.0-beta-12/spoon-core-8.4.0-beta-12.pom (10.0 kB at 996 kB/s)
Downloading from ow2.org-snapshot: https://repository.ow2.org/nexus/content/repositories/snapshots/fr/inria/gforge/spoon/spoon-core/8.4.0-beta-13/spoon-core-8.4.0-beta-13.pom
Downloading from central: https://repo.maven.apache.org/maven2/fr/inria/gforge/spoon/spoon-core/8.4.0-beta-13/spoon-core-8.4.0-beta-13.pom
Progress (1): 4.1/10.0 kBProgress (1): 8.2/10.0 kBProgress (1): 10.0 kB                         Downloaded from central: https://repo.maven.apache.org/maven2/fr/inria/gforge/spoon/spoon-core/8.4.0-beta-13/spoon-core-8.4.0-beta-13.pom (10.0 kB at 553 kB/s)
Downloading from ow2.org-snapshot: https://repository.ow2.org/nexus/content/repositories/snapshots/fr/inria/gforge/spoon/spoon-core/8.4.0-beta-14/spoon-core-8.4.0-beta-14.pom
Downloading from central: https://repo.maven.apache.org/maven2/fr/inria/gforge/spoon/spoon-core/8.4.0-beta-14/spoon-core-8.4.0-beta-14.pom
Progress (1): 4.1/10.0 kBProgress (1): 8.2/10.0 kBProgress (1): 10.0 kB                         Downloaded from central: https://repo.maven.apache.org/maven2/fr/inria/gforge/spoon/spoon-core/8.4.0-beta-14/spoon-core-8.4.0-beta-14.pom (10.0 kB at 830 kB/s)
Downloading from ow2.org-snapshot: https://repository.ow2.org/nexus/content/repositories/snapshots/fr/inria/gforge/spoon/spoon-core/8.4.0-beta-15/spoon-core-8.4.0-beta-15.pom
Downloading from central: https://repo.maven.apache.org/maven2/fr/inria/gforge/spoon/spoon-core/8.4.0-beta-15/spoon-core-8.4.0-beta-15.pom
Progress (1): 4.1/10.0 kBProgress (1): 8.2/10.0 kBProgress (1): 10.0 kB                         Downloaded from central: https://repo.maven.apache.org/maven2/fr/inria/gforge/spoon/spoon-core/8.4.0-beta-15/spoon-core-8.4.0-beta-15.pom (10.0 kB at 830 kB/s)
Downloading from ow2.org-snapshot: https://repository.ow2.org/nexus/content/repositories/snapshots/fr/inria/gforge/spoon/spoon-core/8.4.0-beta-16/spoon-core-8.4.0-beta-16.pom
Downloading from central: https://repo.maven.apache.org/maven2/fr/inria/gforge/spoon/spoon-core/8.4.0-beta-16/spoon-core-8.4.0-beta-16.pom
Progress (1): 4.1/10.0 kBProgress (1): 8.2/10.0 kBProgress (1): 10.0 kB                         Downloaded from central: https://repo.maven.apache.org/maven2/fr/inria/gforge/spoon/spoon-core/8.4.0-beta-16/spoon-core-8.4.0-beta-16.pom (10.0 kB at 664 kB/s)
Downloading from ow2.org-snapshot: https://repository.ow2.org/nexus/content/repositories/snapshots/fr/inria/gforge/spoon/spoon-core/8.4.0-beta-17/spoon-core-8.4.0-beta-17.pom
Downloading from central: https://repo.maven.apache.org/maven2/fr/inria/gforge/spoon/spoon-core/8.4.0-beta-17/spoon-core-8.4.0-beta-17.pom
Progress (1): 4.1/10.0 kBProgress (1): 8.2/10.0 kBProgress (1): 10.0 kB                         Downloaded from central: https://repo.maven.apache.org/maven2/fr/inria/gforge/spoon/spoon-core/8.4.0-beta-17/spoon-core-8.4.0-beta-17.pom (10.0 kB at 830 kB/s)
Downloading from ow2.org-snapshot: https://repository.ow2.org/nexus/content/repositories/snapshots/fr/inria/gforge/spoon/spoon-core/8.4.0-beta-18/spoon-core-8.4.0-beta-18.pom
Downloading from central: https://repo.maven.apache.org/maven2/fr/inria/gforge/spoon/spoon-core/8.4.0-beta-18/spoon-core-8.4.0-beta-18.pom
Progress (1): 4.1/10.0 kBProgress (1): 8.2/10.0 kBProgress (1): 10.0 kB                         Downloaded from central: https://repo.maven.apache.org/maven2/fr/inria/gforge/spoon/spoon-core/8.4.0-beta-18/spoon-core-8.4.0-beta-18.pom (10.0 kB at 713 kB/s)
Downloading from ow2.org-snapshot: https://repository.ow2.org/nexus/content/repositories/snapshots/fr/inria/gforge/spoon/spoon-core/8.4.0-SNAPSHOT/maven-metadata.xml
Downloading from sonatype-nexus-snapshots: https://oss.sonatype.org/content/repositories/snapshots/fr/inria/gforge/spoon/spoon-core/8.4.0-SNAPSHOT/maven-metadata.xml
Progress (1): 1.0 kB                    Downloaded from ow2.org-snapshot: https://repository.ow2.org/nexus/content/repositories/snapshots/fr/inria/gforge/spoon/spoon-core/8.4.0-SNAPSHOT/maven-metadata.xml (1.0 kB at 9.0 kB/s)
Downloading from ow2.org-snapshot: https://repository.ow2.org/nexus/content/repositories/snapshots/fr/inria/gforge/spoon/spoon-core/8.4.0-SNAPSHOT/spoon-core-8.4.0-20210316.100102-233.pom
Progress (1): 887 BProgress (1): 3.2 kBProgress (1): 6.1 kBProgress (1): 8.2 kBProgress (1): 10 kB                    Downloaded from ow2.org-snapshot: https://repository.ow2.org/nexus/content/repositories/snapshots/fr/inria/gforge/spoon/spoon-core/8.4.0-SNAPSHOT/spoon-core-8.4.0-20210316.100102-233.pom (10 kB at 79 kB/s)
Downloading from ow2.org-snapshot: https://repository.ow2.org/nexus/content/repositories/snapshots/fr/inria/gforge/spoon/spoon-core/8.4.0/spoon-core-8.4.0.pom
Downloading from central: https://repo.maven.apache.org/maven2/fr/inria/gforge/spoon/spoon-core/8.4.0/spoon-core-8.4.0.pom
Progress (1): 4.1/11 kBProgress (1): 8.2/11 kBProgress (1): 11 kB                       Downloaded from central: https://repo.maven.apache.org/maven2/fr/inria/gforge/spoon/spoon-core/8.4.0/spoon-core-8.4.0.pom (11 kB at 880 kB/s)
Downloading from ow2.org-snapshot: https://repository.ow2.org/nexus/content/repositories/snapshots/fr/inria/gforge/spoon/spoon-core/9.0.0/spoon-core-9.0.0.pom
Downloading from central: https://repo.maven.apache.org/maven2/fr/inria/gforge/spoon/spoon-core/9.0.0/spoon-core-9.0.0.pom
Progress (1): 4.1/11 kBProgress (1): 8.2/11 kBProgress (1): 11 kB                       Downloaded from central: https://repo.maven.apache.org/maven2/fr/inria/gforge/spoon/spoon-core/9.0.0/spoon-core-9.0.0.pom (11 kB at 688 kB/s)
Downloading from ow2.org-snapshot: https://repository.ow2.org/nexus/content/repositories/snapshots/fr/inria/gforge/spoon/spoon-core/9.1.0-beta-1/spoon-core-9.1.0-beta-1.pom
Downloading from central: https://repo.maven.apache.org/maven2/fr/inria/gforge/spoon/spoon-core/9.1.0-beta-1/spoon-core-9.1.0-beta-1.pom
Progress (1): 4.1/11 kBProgress (1): 8.2/11 kBProgress (1): 11 kB                       Downloaded from central: https://repo.maven.apache.org/maven2/fr/inria/gforge/spoon/spoon-core/9.1.0-beta-1/spoon-core-9.1.0-beta-1.pom (11 kB at 705 kB/s)
Downloading from ow2.org-snapshot: https://repository.ow2.org/nexus/content/repositories/snapshots/fr/inria/gforge/spoon/spoon-core/9.1.0-beta-2/spoon-core-9.1.0-beta-2.pom
Downloading from central: https://repo.maven.apache.org/maven2/fr/inria/gforge/spoon/spoon-core/9.1.0-beta-2/spoon-core-9.1.0-beta-2.pom
Progress (1): 4.1/11 kBProgress (1): 8.2/11 kBProgress (1): 11 kB                       Downloaded from central: https://repo.maven.apache.org/maven2/fr/inria/gforge/spoon/spoon-core/9.1.0-beta-2/spoon-core-9.1.0-beta-2.pom (11 kB at 881 kB/s)
Downloading from ow2.org-snapshot: https://repository.ow2.org/nexus/content/repositories/snapshots/fr/inria/gforge/spoon/spoon-core/9.1.0-beta-3/spoon-core-9.1.0-beta-3.pom
Downloading from central: https://repo.maven.apache.org/maven2/fr/inria/gforge/spoon/spoon-core/9.1.0-beta-3/spoon-core-9.1.0-beta-3.pom
Progress (1): 4.1/11 kBProgress (1): 8.2/11 kBProgress (1): 11 kB                       Downloaded from central: https://repo.maven.apache.org/maven2/fr/inria/gforge/spoon/spoon-core/9.1.0-beta-3/spoon-core-9.1.0-beta-3.pom (11 kB at 1.1 MB/s)
Downloading from ow2.org-snapshot: https://repository.ow2.org/nexus/content/repositories/snapshots/fr/inria/gforge/spoon/spoon-core/9.1.0-beta-4/spoon-core-9.1.0-beta-4.pom
Downloading from central: https://repo.maven.apache.org/maven2/fr/inria/gforge/spoon/spoon-core/9.1.0-beta-4/spoon-core-9.1.0-beta-4.pom
Progress (1): 4.1/11 kBProgress (1): 8.2/11 kBProgress (1): 11 kB                       Downloaded from central: https://repo.maven.apache.org/maven2/fr/inria/gforge/spoon/spoon-core/9.1.0-beta-4/spoon-core-9.1.0-beta-4.pom (11 kB at 881 kB/s)
Downloading from ow2.org-snapshot: https://repository.ow2.org/nexus/content/repositories/snapshots/fr/inria/gforge/spoon/spoon-core/9.1.0-beta-5/spoon-core-9.1.0-beta-5.pom
Downloading from central: https://repo.maven.apache.org/maven2/fr/inria/gforge/spoon/spoon-core/9.1.0-beta-5/spoon-core-9.1.0-beta-5.pom
Progress (1): 4.1/11 kBProgress (1): 8.2/11 kBProgress (1): 11 kB                       Downloaded from central: https://repo.maven.apache.org/maven2/fr/inria/gforge/spoon/spoon-core/9.1.0-beta-5/spoon-core-9.1.0-beta-5.pom (11 kB at 460 kB/s)
Downloading from ow2.org-snapshot: https://repository.ow2.org/nexus/content/repositories/snapshots/fr/inria/gforge/spoon/spoon-core/9.1.0-beta-6/spoon-core-9.1.0-beta-6.pom
Downloading from central: https://repo.maven.apache.org/maven2/fr/inria/gforge/spoon/spoon-core/9.1.0-beta-6/spoon-core-9.1.0-beta-6.pom
Progress (1): 4.1/11 kBProgress (1): 8.2/11 kBProgress (1): 11 kB                       Downloaded from central: https://repo.maven.apache.org/maven2/fr/inria/gforge/spoon/spoon-core/9.1.0-beta-6/spoon-core-9.1.0-beta-6.pom (11 kB at 1.2 MB/s)
Downloading from ow2.org-snapshot: https://repository.ow2.org/nexus/content/repositories/snapshots/fr/inria/gforge/spoon/spoon-core/9.1.0-beta-7/spoon-core-9.1.0-beta-7.pom
Downloading from central: https://repo.maven.apache.org/maven2/fr/inria/gforge/spoon/spoon-core/9.1.0-beta-7/spoon-core-9.1.0-beta-7.pom
Progress (1): 4.1/11 kBProgress (1): 8.2/11 kBProgress (1): 11 kB                       Downloaded from central: https://repo.maven.apache.org/maven2/fr/inria/gforge/spoon/spoon-core/9.1.0-beta-7/spoon-core-9.1.0-beta-7.pom (11 kB at 1.1 MB/s)
Downloading from ow2.org-snapshot: https://repository.ow2.org/nexus/content/repositories/snapshots/fr/inria/gforge/spoon/spoon-core/9.1.0-beta-8/spoon-core-9.1.0-beta-8.pom
Downloading from central: https://repo.maven.apache.org/maven2/fr/inria/gforge/spoon/spoon-core/9.1.0-beta-8/spoon-core-9.1.0-beta-8.pom
Progress (1): 4.1/11 kBProgress (1): 8.2/11 kBProgress (1): 11 kB                       Downloaded from central: https://repo.maven.apache.org/maven2/fr/inria/gforge/spoon/spoon-core/9.1.0-beta-8/spoon-core-9.1.0-beta-8.pom (11 kB at 1.1 MB/s)
Downloading from ow2.org-snapshot: https://repository.ow2.org/nexus/content/repositories/snapshots/fr/inria/gforge/spoon/spoon-core/9.1.0-beta-9/spoon-core-9.1.0-beta-9.pom
Downloading from central: https://repo.maven.apache.org/maven2/fr/inria/gforge/spoon/spoon-core/9.1.0-beta-9/spoon-core-9.1.0-beta-9.pom
Progress (1): 4.1/11 kBProgress (1): 8.2/11 kBProgress (1): 11 kB                       Downloaded from central: https://repo.maven.apache.org/maven2/fr/inria/gforge/spoon/spoon-core/9.1.0-beta-9/spoon-core-9.1.0-beta-9.pom (11 kB at 716 kB/s)
Downloading from ow2.org-snapshot: https://repository.ow2.org/nexus/content/repositories/snapshots/fr/inria/gforge/spoon/spoon-core/9.1.0-beta-10/spoon-core-9.1.0-beta-10.pom
Downloading from central: https://repo.maven.apache.org/maven2/fr/inria/gforge/spoon/spoon-core/9.1.0-beta-10/spoon-core-9.1.0-beta-10.pom
Progress (1): 4.1/11 kBProgress (1): 8.2/11 kBProgress (1): 11 kB                       Downloaded from central: https://repo.maven.apache.org/maven2/fr/inria/gforge/spoon/spoon-core/9.1.0-beta-10/spoon-core-9.1.0-beta-10.pom (11 kB at 488 kB/s)
Downloading from ow2.org-snapshot: https://repository.ow2.org/nexus/content/repositories/snapshots/fr/inria/gforge/spoon/spoon-core/9.1.0-beta-11/spoon-core-9.1.0-beta-11.pom
Downloading from central: https://repo.maven.apache.org/maven2/fr/inria/gforge/spoon/spoon-core/9.1.0-beta-11/spoon-core-9.1.0-beta-11.pom
Progress (1): 4.1/11 kBProgress (1): 8.2/11 kBProgress (1): 11 kB                       Downloaded from central: https://repo.maven.apache.org/maven2/fr/inria/gforge/spoon/spoon-core/9.1.0-beta-11/spoon-core-9.1.0-beta-11.pom (11 kB at 1.1 MB/s)
Downloading from ow2.org-snapshot: https://repository.ow2.org/nexus/content/repositories/snapshots/fr/inria/gforge/spoon/spoon-core/9.1.0-beta-12/spoon-core-9.1.0-beta-12.pom
Downloading from central: https://repo.maven.apache.org/maven2/fr/inria/gforge/spoon/spoon-core/9.1.0-beta-12/spoon-core-9.1.0-beta-12.pom
Progress (1): 4.1/11 kBProgress (1): 8.2/11 kBProgress (1): 11 kB                       Downloaded from central: https://repo.maven.apache.org/maven2/fr/inria/gforge/spoon/spoon-core/9.1.0-beta-12/spoon-core-9.1.0-beta-12.pom (11 kB at 976 kB/s)
Downloading from ow2.org-snapshot: https://repository.ow2.org/nexus/content/repositories/snapshots/fr/inria/gforge/spoon/spoon-core/9.1.0-beta-13/spoon-core-9.1.0-beta-13.pom
Downloading from central: https://repo.maven.apache.org/maven2/fr/inria/gforge/spoon/spoon-core/9.1.0-beta-13/spoon-core-9.1.0-beta-13.pom
Progress (1): 4.1/11 kBProgress (1): 8.2/11 kBProgress (1): 11 kB                       Downloaded from central: https://repo.maven.apache.org/maven2/fr/inria/gforge/spoon/spoon-core/9.1.0-beta-13/spoon-core-9.1.0-beta-13.pom (11 kB at 976 kB/s)
Downloading from ow2.org-snapshot: https://repository.ow2.org/nexus/content/repositories/snapshots/fr/inria/gforge/spoon/spoon-core/9.1.0-beta-14/spoon-core-9.1.0-beta-14.pom
Downloading from central: https://repo.maven.apache.org/maven2/fr/inria/gforge/spoon/spoon-core/9.1.0-beta-14/spoon-core-9.1.0-beta-14.pom
Progress (1): 4.1/11 kBProgress (1): 8.2/11 kBProgress (1): 11 kB                       Downloaded from central: https://repo.maven.apache.org/maven2/fr/inria/gforge/spoon/spoon-core/9.1.0-beta-14/spoon-core-9.1.0-beta-14.pom (11 kB at 447 kB/s)
Downloading from ow2.org-snapshot: https://repository.ow2.org/nexus/content/repositories/snapshots/fr/inria/gforge/spoon/spoon-core/9.1.0-beta-15/spoon-core-9.1.0-beta-15.pom
Downloading from central: https://repo.maven.apache.org/maven2/fr/inria/gforge/spoon/spoon-core/9.1.0-beta-15/spoon-core-9.1.0-beta-15.pom
Progress (1): 4.1/11 kBProgress (1): 8.2/11 kBProgress (1): 11 kB                       Downloaded from central: https://repo.maven.apache.org/maven2/fr/inria/gforge/spoon/spoon-core/9.1.0-beta-15/spoon-core-9.1.0-beta-15.pom (11 kB at 1.2 MB/s)
Downloading from ow2.org-snapshot: https://repository.ow2.org/nexus/content/repositories/snapshots/fr/inria/gforge/spoon/spoon-core/9.1.0-beta-16/spoon-core-9.1.0-beta-16.pom
Downloading from central: https://repo.maven.apache.org/maven2/fr/inria/gforge/spoon/spoon-core/9.1.0-beta-16/spoon-core-9.1.0-beta-16.pom
Progress (1): 4.1/11 kBProgress (1): 8.2/11 kBProgress (1): 11 kB                       Downloaded from central: https://repo.maven.apache.org/maven2/fr/inria/gforge/spoon/spoon-core/9.1.0-beta-16/spoon-core-9.1.0-beta-16.pom (11 kB at 1.2 MB/s)
Downloading from ow2.org-snapshot: https://repository.ow2.org/nexus/content/repositories/snapshots/fr/inria/gforge/spoon/spoon-core/9.1.0-beta-17/spoon-core-9.1.0-beta-17.pom
Downloading from central: https://repo.maven.apache.org/maven2/fr/inria/gforge/spoon/spoon-core/9.1.0-beta-17/spoon-core-9.1.0-beta-17.pom
Progress (1): 4.1/11 kBProgress (1): 8.2/11 kBProgress (1): 11 kB                       Downloaded from central: https://repo.maven.apache.org/maven2/fr/inria/gforge/spoon/spoon-core/9.1.0-beta-17/spoon-core-9.1.0-beta-17.pom (11 kB at 565 kB/s)
Downloading from ow2.org-snapshot: https://repository.ow2.org/nexus/content/repositories/snapshots/fr/inria/gforge/spoon/spoon-core/9.1.0-beta-18/spoon-core-9.1.0-beta-18.pom
Downloading from central: https://repo.maven.apache.org/maven2/fr/inria/gforge/spoon/spoon-core/9.1.0-beta-18/spoon-core-9.1.0-beta-18.pom
Progress (1): 4.1/11 kBProgress (1): 8.2/11 kBProgress (1): 11 kB                       Downloaded from central: https://repo.maven.apache.org/maven2/fr/inria/gforge/spoon/spoon-core/9.1.0-beta-18/spoon-core-9.1.0-beta-18.pom (11 kB at 671 kB/s)
Downloading from ow2.org-snapshot: https://repository.ow2.org/nexus/content/repositories/snapshots/fr/inria/gforge/spoon/spoon-core/9.1.0-beta-19/spoon-core-9.1.0-beta-19.pom
Downloading from central: https://repo.maven.apache.org/maven2/fr/inria/gforge/spoon/spoon-core/9.1.0-beta-19/spoon-core-9.1.0-beta-19.pom
Progress (1): 4.1/11 kBProgress (1): 8.2/11 kBProgress (1): 11 kB                       Downloaded from central: https://repo.maven.apache.org/maven2/fr/inria/gforge/spoon/spoon-core/9.1.0-beta-19/spoon-core-9.1.0-beta-19.pom (11 kB at 976 kB/s)
Downloading from ow2.org-snapshot: https://repository.ow2.org/nexus/content/repositories/snapshots/fr/inria/gforge/spoon/spoon-core/9.1.0-beta-20/spoon-core-9.1.0-beta-20.pom
Downloading from central: https://repo.maven.apache.org/maven2/fr/inria/gforge/spoon/spoon-core/9.1.0-beta-20/spoon-core-9.1.0-beta-20.pom
Progress (1): 4.1/11 kBProgress (1): 8.2/11 kBProgress (1): 11 kB                       Downloaded from central: https://repo.maven.apache.org/maven2/fr/inria/gforge/spoon/spoon-core/9.1.0-beta-20/spoon-core-9.1.0-beta-20.pom (11 kB at 596 kB/s)
Downloading from ow2.org-snapshot: https://repository.ow2.org/nexus/content/repositories/snapshots/fr/inria/gforge/spoon/spoon-core/9.1.0-beta-21/spoon-core-9.1.0-beta-21.pom
Downloading from central: https://repo.maven.apache.org/maven2/fr/inria/gforge/spoon/spoon-core/9.1.0-beta-21/spoon-core-9.1.0-beta-21.pom
Progress (1): 4.1/11 kBProgress (1): 8.2/11 kBProgress (1): 11 kB                       Downloaded from central: https://repo.maven.apache.org/maven2/fr/inria/gforge/spoon/spoon-core/9.1.0-beta-21/spoon-core-9.1.0-beta-21.pom (11 kB at 976 kB/s)
Downloading from ow2.org-snapshot: https://repository.ow2.org/nexus/content/repositories/snapshots/fr/inria/gforge/spoon/spoon-core/9.1.0-beta-22/spoon-core-9.1.0-beta-22.pom
Downloading from central: https://repo.maven.apache.org/maven2/fr/inria/gforge/spoon/spoon-core/9.1.0-beta-22/spoon-core-9.1.0-beta-22.pom
Progress (1): 4.1/11 kBProgress (1): 8.2/11 kBProgress (1): 11 kB                       Downloaded from central: https://repo.maven.apache.org/maven2/fr/inria/gforge/spoon/spoon-core/9.1.0-beta-22/spoon-core-9.1.0-beta-22.pom (11 kB at 671 kB/s)
Downloading from ow2.org-snapshot: https://repository.ow2.org/nexus/content/repositories/snapshots/fr/inria/gforge/spoon/spoon-core/9.1.0-beta-23/spoon-core-9.1.0-beta-23.pom
Downloading from central: https://repo.maven.apache.org/maven2/fr/inria/gforge/spoon/spoon-core/9.1.0-beta-23/spoon-core-9.1.0-beta-23.pom
Progress (1): 4.1/11 kBProgress (1): 8.2/11 kBProgress (1): 11 kB                       Downloaded from central: https://repo.maven.apache.org/maven2/fr/inria/gforge/spoon/spoon-core/9.1.0-beta-23/spoon-core-9.1.0-beta-23.pom (11 kB at 429 kB/s)
Downloading from ow2.org-snapshot: https://repository.ow2.org/nexus/content/repositories/snapshots/fr/inria/gforge/spoon/spoon-core/9.1.0-SNAPSHOT/maven-metadata.xml
Downloading from sonatype-nexus-snapshots: https://oss.sonatype.org/content/repositories/snapshots/fr/inria/gforge/spoon/spoon-core/9.1.0-SNAPSHOT/maven-metadata.xml
Progress (1): 1.0 kB                    Downloaded from ow2.org-snapshot: https://repository.ow2.org/nexus/content/repositories/snapshots/fr/inria/gforge/spoon/spoon-core/9.1.0-SNAPSHOT/maven-metadata.xml (1.0 kB at 9.7 kB/s)
Downloading from ow2.org-snapshot: https://repository.ow2.org/nexus/content/repositories/snapshots/fr/inria/gforge/spoon/spoon-core/9.1.0-SNAPSHOT/spoon-core-9.1.0-20210821.134224-292.pom
Progress (1): 887 BProgress (1): 3.2 kBProgress (1): 6.1 kBProgress (1): 8.2 kBProgress (1): 11 kB Progress (1): 11 kB                   Downloaded from ow2.org-snapshot: https://repository.ow2.org/nexus/content/repositories/snapshots/fr/inria/gforge/spoon/spoon-core/9.1.0-SNAPSHOT/spoon-core-9.1.0-20210821.134224-292.pom (11 kB at 92 kB/s)
Downloading from ow2.org-snapshot: https://repository.ow2.org/nexus/content/repositories/snapshots/fr/inria/gforge/spoon/spoon-core/9.1.0/spoon-core-9.1.0.pom
Downloading from central: https://repo.maven.apache.org/maven2/fr/inria/gforge/spoon/spoon-core/9.1.0/spoon-core-9.1.0.pom
Progress (1): 4.1/11 kBProgress (1): 8.2/11 kBProgress (1): 11 kB                       Downloaded from central: https://repo.maven.apache.org/maven2/fr/inria/gforge/spoon/spoon-core/9.1.0/spoon-core-9.1.0.pom (11 kB at 766 kB/s)
Downloading from ow2.org-snapshot: https://repository.ow2.org/nexus/content/repositories/snapshots/fr/inria/gforge/spoon/spoon-core/9.2.0-beta-1/spoon-core-9.2.0-beta-1.pom
Downloading from central: https://repo.maven.apache.org/maven2/fr/inria/gforge/spoon/spoon-core/9.2.0-beta-1/spoon-core-9.2.0-beta-1.pom
Progress (1): 4.1/11 kBProgress (1): 8.2/11 kBProgress (1): 11 kB                       Downloaded from central: https://repo.maven.apache.org/maven2/fr/inria/gforge/spoon/spoon-core/9.2.0-beta-1/spoon-core-9.2.0-beta-1.pom (11 kB at 895 kB/s)
Downloading from ow2.org-snapshot: https://repository.ow2.org/nexus/content/repositories/snapshots/fr/inria/gforge/spoon/spoon-core/9.2.0-beta-2/spoon-core-9.2.0-beta-2.pom
Downloading from central: https://repo.maven.apache.org/maven2/fr/inria/gforge/spoon/spoon-core/9.2.0-beta-2/spoon-core-9.2.0-beta-2.pom
Progress (1): 4.1/11 kBProgress (1): 8.2/11 kBProgress (1): 11 kB                       Downloaded from central: https://repo.maven.apache.org/maven2/fr/inria/gforge/spoon/spoon-core/9.2.0-beta-2/spoon-core-9.2.0-beta-2.pom (11 kB at 826 kB/s)
Downloading from ow2.org-snapshot: https://repository.ow2.org/nexus/content/repositories/snapshots/fr/inria/gforge/spoon/spoon-core/9.2.0-beta-3/spoon-core-9.2.0-beta-3.pom
Downloading from central: https://repo.maven.apache.org/maven2/fr/inria/gforge/spoon/spoon-core/9.2.0-beta-3/spoon-core-9.2.0-beta-3.pom
Progress (1): 4.1/11 kBProgress (1): 8.2/11 kBProgress (1): 11 kB                       Downloaded from central: https://repo.maven.apache.org/maven2/fr/inria/gforge/spoon/spoon-core/9.2.0-beta-3/spoon-core-9.2.0-beta-3.pom (11 kB at 767 kB/s)
Downloading from ow2.org-snapshot: https://repository.ow2.org/nexus/content/repositories/snapshots/fr/inria/gforge/spoon/spoon-core/9.2.0-beta-4/spoon-core-9.2.0-beta-4.pom
Downloading from central: https://repo.maven.apache.org/maven2/fr/inria/gforge/spoon/spoon-core/9.2.0-beta-4/spoon-core-9.2.0-beta-4.pom
Progress (1): 4.1/11 kBProgress (1): 8.2/11 kBProgress (1): 11 kB                       Downloaded from central: https://repo.maven.apache.org/maven2/fr/inria/gforge/spoon/spoon-core/9.2.0-beta-4/spoon-core-9.2.0-beta-4.pom (11 kB at 565 kB/s)
Downloading from ow2.org-snapshot: https://repository.ow2.org/nexus/content/repositories/snapshots/fr/inria/gforge/spoon/spoon-core/9.2.0-beta-5/spoon-core-9.2.0-beta-5.pom
Downloading from central: https://repo.maven.apache.org/maven2/fr/inria/gforge/spoon/spoon-core/9.2.0-beta-5/spoon-core-9.2.0-beta-5.pom
Progress (1): 4.1/11 kBProgress (1): 8.2/11 kBProgress (1): 11 kB                       Downloaded from central: https://repo.maven.apache.org/maven2/fr/inria/gforge/spoon/spoon-core/9.2.0-beta-5/spoon-core-9.2.0-beta-5.pom (11 kB at 895 kB/s)
Downloading from ow2.org-snapshot: https://repository.ow2.org/nexus/content/repositories/snapshots/fr/inria/gforge/spoon/spoon-core/9.2.0-beta-6/spoon-core-9.2.0-beta-6.pom
Downloading from central: https://repo.maven.apache.org/maven2/fr/inria/gforge/spoon/spoon-core/9.2.0-beta-6/spoon-core-9.2.0-beta-6.pom
Progress (1): 4.1/11 kBProgress (1): 8.2/11 kBProgress (1): 11 kB                       Downloaded from central: https://repo.maven.apache.org/maven2/fr/inria/gforge/spoon/spoon-core/9.2.0-beta-6/spoon-core-9.2.0-beta-6.pom (11 kB at 826 kB/s)
Downloading from ow2.org-snapshot: https://repository.ow2.org/nexus/content/repositories/snapshots/fr/inria/gforge/spoon/spoon-core/9.2.0-beta-7/spoon-core-9.2.0-beta-7.pom
Downloading from central: https://repo.maven.apache.org/maven2/fr/inria/gforge/spoon/spoon-core/9.2.0-beta-7/spoon-core-9.2.0-beta-7.pom
Progress (1): 4.1/11 kBProgress (1): 8.2/11 kBProgress (1): 11 kB                       Downloaded from central: https://repo.maven.apache.org/maven2/fr/inria/gforge/spoon/spoon-core/9.2.0-beta-7/spoon-core-9.2.0-beta-7.pom (11 kB at 255 kB/s)
Downloading from ow2.org-snapshot: https://repository.ow2.org/nexus/content/repositories/snapshots/fr/inria/gforge/spoon/spoon-core/9.2.0-beta-8/spoon-core-9.2.0-beta-8.pom
Downloading from central: https://repo.maven.apache.org/maven2/fr/inria/gforge/spoon/spoon-core/9.2.0-beta-8/spoon-core-9.2.0-beta-8.pom
Progress (1): 4.1/11 kBProgress (1): 8.2/11 kBProgress (1): 11 kB                       Downloaded from central: https://repo.maven.apache.org/maven2/fr/inria/gforge/spoon/spoon-core/9.2.0-beta-8/spoon-core-9.2.0-beta-8.pom (11 kB at 891 kB/s)
Downloading from ow2.org-snapshot: https://repository.ow2.org/nexus/content/repositories/snapshots/fr/inria/gforge/spoon/spoon-core/9.2.0-SNAPSHOT/maven-metadata.xml
Downloading from sonatype-nexus-snapshots: https://oss.sonatype.org/content/repositories/snapshots/fr/inria/gforge/spoon/spoon-core/9.2.0-SNAPSHOT/maven-metadata.xml
Progress (1): 1.0 kB                    Downloaded from ow2.org-snapshot: https://repository.ow2.org/nexus/content/repositories/snapshots/fr/inria/gforge/spoon/spoon-core/9.2.0-SNAPSHOT/maven-metadata.xml (1.0 kB at 7.6 kB/s)
Downloading from ow2.org-snapshot: https://repository.ow2.org/nexus/content/repositories/snapshots/fr/inria/gforge/spoon/spoon-core/9.2.0-SNAPSHOT/spoon-core-9.2.0-20211026.224316-154.pom
Progress (1): 882 BProgress (1): 3.3 kBProgress (1): 6.1 kBProgress (1): 8.2 kBProgress (1): 11 kB Progress (1): 11 kB                   Downloaded from ow2.org-snapshot: https://repository.ow2.org/nexus/content/repositories/snapshots/fr/inria/gforge/spoon/spoon-core/9.2.0-SNAPSHOT/spoon-core-9.2.0-20211026.224316-154.pom (11 kB at 94 kB/s)
Downloading from ow2.org-snapshot: https://repository.ow2.org/nexus/content/repositories/snapshots/fr/inria/gforge/spoon/spoon-core/10.0.0-SNAPSHOT/maven-metadata.xml
Downloading from sonatype-nexus-snapshots: https://oss.sonatype.org/content/repositories/snapshots/fr/inria/gforge/spoon/spoon-core/10.0.0-SNAPSHOT/maven-metadata.xml
Progress (1): 1.0 kB                    Downloaded from ow2.org-snapshot: https://repository.ow2.org/nexus/content/repositories/snapshots/fr/inria/gforge/spoon/spoon-core/10.0.0-SNAPSHOT/maven-metadata.xml (1.0 kB at 9.0 kB/s)
Downloading from ow2.org-snapshot: https://repository.ow2.org/nexus/content/repositories/snapshots/fr/inria/gforge/spoon/spoon-core/10.0.0-SNAPSHOT/spoon-core-10.0.0-20211027.200136-4.pom
Progress (1): 886 BProgress (1): 3.3 kBProgress (1): 6.1 kBProgress (1): 8.2 kBProgress (1): 11 kB Progress (1): 11 kB                   Downloaded from ow2.org-snapshot: https://repository.ow2.org/nexus/content/repositories/snapshots/fr/inria/gforge/spoon/spoon-core/10.0.0-SNAPSHOT/spoon-core-10.0.0-20211027.200136-4.pom (11 kB at 77 kB/s)
Downloading from ow2.org-snapshot: https://repository.ow2.org/nexus/content/repositories/snapshots/org/apache/maven/maven-model/maven-metadata.xml
Downloading from sonatype-nexus-snapshots: https://oss.sonatype.org/content/repositories/snapshots/org/apache/maven/maven-model/maven-metadata.xml
Downloading from maven.inria.fr-snapshot: http://maven.inria.fr/artifactory/spoon-public-snapshot/org/apache/maven/maven-model/maven-metadata.xml
Downloading from ow2.org-snapshot: https://repository.ow2.org/nexus/content/repositories/snapshots/fr/inria/gforge/spoon/spoon-core/10.0.0/spoon-core-10.0.0.pom
Downloading from central: https://repo.maven.apache.org/maven2/fr/inria/gforge/spoon/spoon-core/10.0.0/spoon-core-10.0.0.pom
Progress (1): 4.1/11 kBProgress (1): 8.2/11 kBProgress (1): 11 kB                       Downloaded from central: https://repo.maven.apache.org/maven2/fr/inria/gforge/spoon/spoon-core/10.0.0/spoon-core-10.0.0.pom (11 kB at 1.2 MB/s)
Downloading from ow2.org-snapshot: https://repository.ow2.org/nexus/content/repositories/snapshots/fr/inria/gforge/spoon/spoon-core/10.0.1-beta-1/spoon-core-10.0.1-beta-1.pom
Downloading from central: https://repo.maven.apache.org/maven2/fr/inria/gforge/spoon/spoon-core/10.0.1-beta-1/spoon-core-10.0.1-beta-1.pom
Progress (1): 4.1/11 kBProgress (1): 8.2/11 kBProgress (1): 11 kB                       Downloaded from central: https://repo.maven.apache.org/maven2/fr/inria/gforge/spoon/spoon-core/10.0.1-beta-1/spoon-core-10.0.1-beta-1.pom (11 kB at 1.2 MB/s)
Downloading from ow2.org-snapshot: https://repository.ow2.org/nexus/content/repositories/snapshots/fr/inria/gforge/spoon/spoon-core/10.0.1-beta-2/spoon-core-10.0.1-beta-2.pom
Downloading from central: https://repo.maven.apache.org/maven2/fr/inria/gforge/spoon/spoon-core/10.0.1-beta-2/spoon-core-10.0.1-beta-2.pom
Progress (1): 4.1/11 kBProgress (1): 8.2/11 kBProgress (1): 11 kB                       Downloaded from central: https://repo.maven.apache.org/maven2/fr/inria/gforge/spoon/spoon-core/10.0.1-beta-2/spoon-core-10.0.1-beta-2.pom (11 kB at 1.0 MB/s)
Downloading from ow2.org-snapshot: https://repository.ow2.org/nexus/content/repositories/snapshots/fr/inria/gforge/spoon/spoon-core/10.0.1-beta-3/spoon-core-10.0.1-beta-3.pom
Downloading from central: https://repo.maven.apache.org/maven2/fr/inria/gforge/spoon/spoon-core/10.0.1-beta-3/spoon-core-10.0.1-beta-3.pom
Progress (1): 4.1/11 kBProgress (1): 8.2/11 kBProgress (1): 11 kB                       Downloaded from central: https://repo.maven.apache.org/maven2/fr/inria/gforge/spoon/spoon-core/10.0.1-beta-3/spoon-core-10.0.1-beta-3.pom (11 kB at 987 kB/s)
Downloading from ow2.org-snapshot: https://repository.ow2.org/nexus/content/repositories/snapshots/fr/inria/gforge/spoon/spoon-core/10.0.1-beta-4/spoon-core-10.0.1-beta-4.pom
Downloading from central: https://repo.maven.apache.org/maven2/fr/inria/gforge/spoon/spoon-core/10.0.1-beta-4/spoon-core-10.0.1-beta-4.pom
Progress (1): 4.1/11 kBProgress (1): 8.2/11 kBProgress (1): 11 kB                       Downloaded from central: https://repo.maven.apache.org/maven2/fr/inria/gforge/spoon/spoon-core/10.0.1-beta-4/spoon-core-10.0.1-beta-4.pom (11 kB at 905 kB/s)
Downloading from ow2.org-snapshot: https://repository.ow2.org/nexus/content/repositories/snapshots/fr/inria/gforge/spoon/spoon-core/10.0.1-beta-5/spoon-core-10.0.1-beta-5.pom
Downloading from central: https://repo.maven.apache.org/maven2/fr/inria/gforge/spoon/spoon-core/10.0.1-beta-5/spoon-core-10.0.1-beta-5.pom
Progress (1): 4.1/11 kBProgress (1): 8.2/11 kBProgress (1): 11 kB                       Downloaded from central: https://repo.maven.apache.org/maven2/fr/inria/gforge/spoon/spoon-core/10.0.1-beta-5/spoon-core-10.0.1-beta-5.pom (11 kB at 987 kB/s)
Downloading from ow2.org-snapshot: https://repository.ow2.org/nexus/content/repositories/snapshots/fr/inria/gforge/spoon/spoon-core/10.0.1-beta-6/spoon-core-10.0.1-beta-6.pom
Downloading from central: https://repo.maven.apache.org/maven2/fr/inria/gforge/spoon/spoon-core/10.0.1-beta-6/spoon-core-10.0.1-beta-6.pom
Progress (1): 4.1/11 kBProgress (1): 8.2/11 kBProgress (1): 11 kB                       Downloaded from central: https://repo.maven.apache.org/maven2/fr/inria/gforge/spoon/spoon-core/10.0.1-beta-6/spoon-core-10.0.1-beta-6.pom (11 kB at 1.1 MB/s)
Downloading from ow2.org-snapshot: https://repository.ow2.org/nexus/content/repositories/snapshots/fr/inria/gforge/spoon/spoon-core/10.0.1-beta-7/spoon-core-10.0.1-beta-7.pom
Downloading from central: https://repo.maven.apache.org/maven2/fr/inria/gforge/spoon/spoon-core/10.0.1-beta-7/spoon-core-10.0.1-beta-7.pom
Progress (1): 4.1/11 kBProgress (1): 8.2/11 kBProgress (1): 11 kB                       Downloaded from central: https://repo.maven.apache.org/maven2/fr/inria/gforge/spoon/spoon-core/10.0.1-beta-7/spoon-core-10.0.1-beta-7.pom (11 kB at 1.1 MB/s)
Downloading from ow2.org-snapshot: https://repository.ow2.org/nexus/content/repositories/snapshots/fr/inria/gforge/spoon/spoon-core/10.0.1-beta-8/spoon-core-10.0.1-beta-8.pom
Downloading from central: https://repo.maven.apache.org/maven2/fr/inria/gforge/spoon/spoon-core/10.0.1-beta-8/spoon-core-10.0.1-beta-8.pom
Progress (1): 4.1/11 kBProgress (1): 8.2/11 kBProgress (1): 11 kB                       Downloaded from central: https://repo.maven.apache.org/maven2/fr/inria/gforge/spoon/spoon-core/10.0.1-beta-8/spoon-core-10.0.1-beta-8.pom (11 kB at 1.1 MB/s)
Downloading from ow2.org-snapshot: https://repository.ow2.org/nexus/content/repositories/snapshots/fr/inria/gforge/spoon/spoon-core/10.0.1-beta-9/spoon-core-10.0.1-beta-9.pom
Downloading from central: https://repo.maven.apache.org/maven2/fr/inria/gforge/spoon/spoon-core/10.0.1-beta-9/spoon-core-10.0.1-beta-9.pom
Progress (1): 4.1/11 kBProgress (1): 8.2/11 kBProgress (1): 11 kB                       Downloaded from central: https://repo.maven.apache.org/maven2/fr/inria/gforge/spoon/spoon-core/10.0.1-beta-9/spoon-core-10.0.1-beta-9.pom (11 kB at 987 kB/s)
Downloading from ow2.org-snapshot: https://repository.ow2.org/nexus/content/repositories/snapshots/fr/inria/gforge/spoon/spoon-core/10.0.1-beta-10/spoon-core-10.0.1-beta-10.pom
Downloading from central: https://repo.maven.apache.org/maven2/fr/inria/gforge/spoon/spoon-core/10.0.1-beta-10/spoon-core-10.0.1-beta-10.pom
Progress (1): 4.1/11 kBProgress (1): 8.2/11 kBProgress (1): 11 kB                       Downloaded from central: https://repo.maven.apache.org/maven2/fr/inria/gforge/spoon/spoon-core/10.0.1-beta-10/spoon-core-10.0.1-beta-10.pom (11 kB at 90 kB/s)
Downloading from ow2.org-snapshot: https://repository.ow2.org/nexus/content/repositories/snapshots/fr/inria/gforge/spoon/spoon-core/10.0.1-SNAPSHOT/maven-metadata.xml
Downloading from sonatype-nexus-snapshots: https://oss.sonatype.org/content/repositories/snapshots/fr/inria/gforge/spoon/spoon-core/10.0.1-SNAPSHOT/maven-metadata.xml
Progress (1): 1.0 kB                    Downloaded from ow2.org-snapshot: https://repository.ow2.org/nexus/content/repositories/snapshots/fr/inria/gforge/spoon/spoon-core/10.0.1-SNAPSHOT/maven-metadata.xml (1.0 kB at 9.6 kB/s)
Downloading from ow2.org-snapshot: https://repository.ow2.org/nexus/content/repositories/snapshots/fr/inria/gforge/spoon/spoon-core/10.0.1-SNAPSHOT/spoon-core-10.0.1-20220403.224331-387.pom
Progress (1): 882 BProgress (1): 3.2 kBProgress (1): 6.0 kBProgress (1): 8.1 kBProgress (1): 11 kB Progress (1): 11 kB                   Downloaded from ow2.org-snapshot: https://repository.ow2.org/nexus/content/repositories/snapshots/fr/inria/gforge/spoon/spoon-core/10.0.1-SNAPSHOT/spoon-core-10.0.1-20220403.224331-387.pom (11 kB at 97 kB/s)
Downloading from ow2.org-snapshot: https://repository.ow2.org/nexus/content/repositories/snapshots/fr/inria/gforge/spoon/spoon-core/10.1.0-beta-1/spoon-core-10.1.0-beta-1.pom
Downloading from central: https://repo.maven.apache.org/maven2/fr/inria/gforge/spoon/spoon-core/10.1.0-beta-1/spoon-core-10.1.0-beta-1.pom
Progress (1): 4.1/11 kBProgress (1): 8.2/11 kBProgress (1): 11 kB                       Downloaded from central: https://repo.maven.apache.org/maven2/fr/inria/gforge/spoon/spoon-core/10.1.0-beta-1/spoon-core-10.1.0-beta-1.pom (11 kB at 835 kB/s)
Downloading from ow2.org-snapshot: https://repository.ow2.org/nexus/content/repositories/snapshots/fr/inria/gforge/spoon/spoon-core/10.1.0-beta-2/spoon-core-10.1.0-beta-2.pom
Downloading from central: https://repo.maven.apache.org/maven2/fr/inria/gforge/spoon/spoon-core/10.1.0-beta-2/spoon-core-10.1.0-beta-2.pom
Progress (1): 4.1/11 kBProgress (1): 8.2/11 kBProgress (1): 11 kB                       Downloaded from central: https://repo.maven.apache.org/maven2/fr/inria/gforge/spoon/spoon-core/10.1.0-beta-2/spoon-core-10.1.0-beta-2.pom (11 kB at 991 kB/s)
Downloading from ow2.org-snapshot: https://repository.ow2.org/nexus/content/repositories/snapshots/fr/inria/gforge/spoon/spoon-core/10.1.0-SNAPSHOT/maven-metadata.xml
Downloading from sonatype-nexus-snapshots: https://oss.sonatype.org/content/repositories/snapshots/fr/inria/gforge/spoon/spoon-core/10.1.0-SNAPSHOT/maven-metadata.xml
Progress (1): 1.0 kB                    Downloaded from ow2.org-snapshot: https://repository.ow2.org/nexus/content/repositories/snapshots/fr/inria/gforge/spoon/spoon-core/10.1.0-SNAPSHOT/maven-metadata.xml (1.0 kB at 8.5 kB/s)
Downloading from ow2.org-snapshot: https://repository.ow2.org/nexus/content/repositories/snapshots/fr/inria/gforge/spoon/spoon-core/10.1.0-SNAPSHOT/spoon-core-10.1.0-20220413.085859-25.pom
Progress (1): 883 BProgress (1): 3.3 kBProgress (1): 6.0 kBProgress (1): 8.1 kBProgress (1): 11 kB Progress (1): 11 kB                   Downloaded from ow2.org-snapshot: https://repository.ow2.org/nexus/content/repositories/snapshots/fr/inria/gforge/spoon/spoon-core/10.1.0-SNAPSHOT/spoon-core-10.1.0-20220413.085859-25.pom (11 kB at 87 kB/s)
Downloading from ow2.org-snapshot: https://repository.ow2.org/nexus/content/repositories/snapshots/fr/inria/gforge/spoon/spoon-core/10.1.0/spoon-core-10.1.0.pom
Downloading from central: https://repo.maven.apache.org/maven2/fr/inria/gforge/spoon/spoon-core/10.1.0/spoon-core-10.1.0.pom
Progress (1): 4.1/11 kBProgress (1): 8.2/11 kBProgress (1): 11 kB                       Downloaded from central: https://repo.maven.apache.org/maven2/fr/inria/gforge/spoon/spoon-core/10.1.0/spoon-core-10.1.0.pom (11 kB at 1.0 MB/s)
Downloading from ow2.org-snapshot: https://repository.ow2.org/nexus/content/repositories/snapshots/fr/inria/gforge/spoon/spoon-core/10.1.1/spoon-core-10.1.1.pom
Downloading from central: https://repo.maven.apache.org/maven2/fr/inria/gforge/spoon/spoon-core/10.1.1/spoon-core-10.1.1.pom
Progress (1): 4.1/11 kBProgress (1): 8.2/11 kBProgress (1): 11 kB                       Downloaded from central: https://repo.maven.apache.org/maven2/fr/inria/gforge/spoon/spoon-core/10.1.1/spoon-core-10.1.1.pom (11 kB at 1.1 MB/s)
Downloading from ow2.org-snapshot: https://repository.ow2.org/nexus/content/repositories/snapshots/fr/inria/gforge/spoon/spoon-core/10.2.0-beta-1/spoon-core-10.2.0-beta-1.pom
Downloading from central: https://repo.maven.apache.org/maven2/fr/inria/gforge/spoon/spoon-core/10.2.0-beta-1/spoon-core-10.2.0-beta-1.pom
Progress (1): 4.1/11 kBProgress (1): 8.2/11 kBProgress (1): 11 kB                       Downloaded from central: https://repo.maven.apache.org/maven2/fr/inria/gforge/spoon/spoon-core/10.2.0-beta-1/spoon-core-10.2.0-beta-1.pom (11 kB at 982 kB/s)
Downloading from ow2.org-snapshot: https://repository.ow2.org/nexus/content/repositories/snapshots/fr/inria/gforge/spoon/spoon-core/10.2.0-beta-2/spoon-core-10.2.0-beta-2.pom
Downloading from central: https://repo.maven.apache.org/maven2/fr/inria/gforge/spoon/spoon-core/10.2.0-beta-2/spoon-core-10.2.0-beta-2.pom
Progress (1): 4.1/11 kBProgress (1): 8.2/11 kBProgress (1): 11 kB                       Downloaded from central: https://repo.maven.apache.org/maven2/fr/inria/gforge/spoon/spoon-core/10.2.0-beta-2/spoon-core-10.2.0-beta-2.pom (11 kB at 982 kB/s)
Downloading from ow2.org-snapshot: https://repository.ow2.org/nexus/content/repositories/snapshots/fr/inria/gforge/spoon/spoon-core/10.2.0-beta-3/spoon-core-10.2.0-beta-3.pom
Downloading from central: https://repo.maven.apache.org/maven2/fr/inria/gforge/spoon/spoon-core/10.2.0-beta-3/spoon-core-10.2.0-beta-3.pom
Progress (1): 4.1/11 kBProgress (1): 8.2/11 kBProgress (1): 11 kB                       Downloaded from central: https://repo.maven.apache.org/maven2/fr/inria/gforge/spoon/spoon-core/10.2.0-beta-3/spoon-core-10.2.0-beta-3.pom (11 kB at 900 kB/s)
Downloading from ow2.org-snapshot: https://repository.ow2.org/nexus/content/repositories/snapshots/fr/inria/gforge/spoon/spoon-core/10.2.0-beta-4/spoon-core-10.2.0-beta-4.pom
Downloading from central: https://repo.maven.apache.org/maven2/fr/inria/gforge/spoon/spoon-core/10.2.0-beta-4/spoon-core-10.2.0-beta-4.pom
Progress (1): 4.1/11 kBProgress (1): 8.2/11 kBProgress (1): 11 kB                       Downloaded from central: https://repo.maven.apache.org/maven2/fr/inria/gforge/spoon/spoon-core/10.2.0-beta-4/spoon-core-10.2.0-beta-4.pom (11 kB at 772 kB/s)
Downloading from ow2.org-snapshot: https://repository.ow2.org/nexus/content/repositories/snapshots/fr/inria/gforge/spoon/spoon-core/10.2.0-beta-5/spoon-core-10.2.0-beta-5.pom
Downloading from central: https://repo.maven.apache.org/maven2/fr/inria/gforge/spoon/spoon-core/10.2.0-beta-5/spoon-core-10.2.0-beta-5.pom
Progress (1): 4.1/11 kBProgress (1): 8.2/11 kBProgress (1): 11 kB                       Downloaded from central: https://repo.maven.apache.org/maven2/fr/inria/gforge/spoon/spoon-core/10.2.0-beta-5/spoon-core-10.2.0-beta-5.pom (11 kB at 48 kB/s)
Downloading from ow2.org-snapshot: https://repository.ow2.org/nexus/content/repositories/snapshots/fr/inria/gforge/spoon/spoon-core/10.2.0-beta-6/spoon-core-10.2.0-beta-6.pom
Downloading from central: https://repo.maven.apache.org/maven2/fr/inria/gforge/spoon/spoon-core/10.2.0-beta-6/spoon-core-10.2.0-beta-6.pom
Progress (1): 4.1/11 kBProgress (1): 8.2/11 kBProgress (1): 11 kB                       Downloaded from central: https://repo.maven.apache.org/maven2/fr/inria/gforge/spoon/spoon-core/10.2.0-beta-6/spoon-core-10.2.0-beta-6.pom (11 kB at 982 kB/s)
Downloading from ow2.org-snapshot: https://repository.ow2.org/nexus/content/repositories/snapshots/fr/inria/gforge/spoon/spoon-core/10.2.0-beta-7/spoon-core-10.2.0-beta-7.pom
Downloading from central: https://repo.maven.apache.org/maven2/fr/inria/gforge/spoon/spoon-core/10.2.0-beta-7/spoon-core-10.2.0-beta-7.pom
Progress (1): 4.1/11 kBProgress (1): 8.2/11 kBProgress (1): 11 kB                       Downloaded from central: https://repo.maven.apache.org/maven2/fr/inria/gforge/spoon/spoon-core/10.2.0-beta-7/spoon-core-10.2.0-beta-7.pom (11 kB at 1.1 MB/s)
Downloading from ow2.org-snapshot: https://repository.ow2.org/nexus/content/repositories/snapshots/fr/inria/gforge/spoon/spoon-core/10.2.0-beta-8/spoon-core-10.2.0-beta-8.pom
Downloading from central: https://repo.maven.apache.org/maven2/fr/inria/gforge/spoon/spoon-core/10.2.0-beta-8/spoon-core-10.2.0-beta-8.pom
Progress (1): 4.1/11 kBProgress (1): 8.2/11 kBProgress (1): 11 kB                       Downloaded from central: https://repo.maven.apache.org/maven2/fr/inria/gforge/spoon/spoon-core/10.2.0-beta-8/spoon-core-10.2.0-beta-8.pom (11 kB at 600 kB/s)
Downloading from ow2.org-snapshot: https://repository.ow2.org/nexus/content/repositories/snapshots/fr/inria/gforge/spoon/spoon-core/10.2.0-SNAPSHOT/maven-metadata.xml
Downloading from sonatype-nexus-snapshots: https://oss.sonatype.org/content/repositories/snapshots/fr/inria/gforge/spoon/spoon-core/10.2.0-SNAPSHOT/maven-metadata.xml
Progress (1): 1.0 kB                    Downloaded from ow2.org-snapshot: https://repository.ow2.org/nexus/content/repositories/snapshots/fr/inria/gforge/spoon/spoon-core/10.2.0-SNAPSHOT/maven-metadata.xml (1.0 kB at 11 kB/s)
Downloading from ow2.org-snapshot: https://repository.ow2.org/nexus/content/repositories/snapshots/fr/inria/gforge/spoon/spoon-core/10.2.0-SNAPSHOT/spoon-core-10.2.0-20220526.224309-69.pom
Progress (1): 883 BProgress (1): 3.3 kBProgress (1): 6.0 kBProgress (1): 8.1 kBProgress (1): 11 kB Progress (1): 11 kB                   Downloaded from ow2.org-snapshot: https://repository.ow2.org/nexus/content/repositories/snapshots/fr/inria/gforge/spoon/spoon-core/10.2.0-SNAPSHOT/spoon-core-10.2.0-20220526.224309-69.pom (11 kB at 124 kB/s)
Downloading from ow2.org-snapshot: https://repository.ow2.org/nexus/content/repositories/snapshots/fr/inria/gforge/spoon/spoon-core/10.2.0-SNAPSHOT/spoon-core-10.2.0-20220526.224309-69.jar
Progress (1): 0/1.9 MBProgress (1): 0/1.9 MBProgress (1): 0/1.9 MBProgress (1): 0/1.9 MBProgress (1): 0/1.9 MBProgress (1): 0/1.9 MBProgress (1): 0/1.9 MBProgress (1): 0/1.9 MBProgress (1): 0/1.9 MBProgress (1): 0/1.9 MBProgress (1): 0/1.9 MBProgress (1): 0/1.9 MBProgress (1): 0/1.9 MBProgress (1): 0/1.9 MBProgress (1): 0/1.9 MBProgress (1): 0/1.9 MBProgress (1): 0/1.9 MBProgress (1): 0/1.9 MBProgress (1): 0.1/1.9 MBProgress (1): 0.1/1.9 MBProgress (1): 0.1/1.9 MBProgress (1): 0.1/1.9 MBProgress (1): 0.1/1.9 MBProgress (1): 0.1/1.9 MBProgress (1): 0.1/1.9 MBProgress (1): 0.1/1.9 MBProgress (1): 0.1/1.9 MBProgress (1): 0.1/1.9 MBProgress (1): 0.1/1.9 MBProgress (1): 0.1/1.9 MBProgress (1): 0.1/1.9 MBProgress (1): 0.1/1.9 MBProgress (1): 0.1/1.9 MBProgress (1): 0.1/1.9 MBProgress (1): 0.1/1.9 MBProgress (1): 0.1/1.9 MBProgress (1): 0.1/1.9 MBProgress (1): 0.1/1.9 MBProgress (1): 0.1/1.9 MBProgress (1): 0.1/1.9 MBProgress (1): 0.1/1.9 MBProgress (1): 0.1/1.9 MBProgress (1): 0.1/1.9 MBProgress (1): 0.1/1.9 MBProgress (1): 0.1/1.9 MBProgress (1): 0.1/1.9 MBProgress (1): 0.1/1.9 MBProgress (1): 0.1/1.9 MBProgress (1): 0.1/1.9 MBProgress (1): 0.1/1.9 MBProgress (1): 0.1/1.9 MBProgress (1): 0.1/1.9 MBProgress (1): 0.1/1.9 MBProgress (1): 0.1/1.9 MBProgress (1): 0.2/1.9 MBProgress (1): 0.2/1.9 MBProgress (1): 0.2/1.9 MBProgress (1): 0.2/1.9 MBProgress (1): 0.2/1.9 MBProgress (1): 0.2/1.9 MBProgress (1): 0.2/1.9 MBProgress (1): 0.2/1.9 MBProgress (1): 0.2/1.9 MBProgress (1): 0.2/1.9 MBProgress (1): 0.2/1.9 MBProgress (1): 0.2/1.9 MBProgress (1): 0.2/1.9 MBProgress (1): 0.2/1.9 MBProgress (1): 0.2/1.9 MBProgress (1): 0.2/1.9 MBProgress (1): 0.2/1.9 MBProgress (1): 0.2/1.9 MBProgress (1): 0.2/1.9 MBProgress (1): 0.2/1.9 MBProgress (1): 0.2/1.9 MBProgress (1): 0.2/1.9 MBProgress (1): 0.2/1.9 MBProgress (1): 0.2/1.9 MBProgress (1): 0.2/1.9 MBProgress (1): 0.2/1.9 MBProgress (1): 0.2/1.9 MBProgress (1): 0.2/1.9 MBProgress (1): 0.2/1.9 MBProgress (1): 0.2/1.9 MBProgress (1): 0.2/1.9 MBProgress (1): 0.2/1.9 MBProgress (1): 0.2/1.9 MBProgress (1): 0.2/1.9 MBProgress (1): 0.2/1.9 MBProgress (1): 0.2/1.9 MBProgress (1): 0.2/1.9 MBProgress (1): 0.3/1.9 MBProgress (1): 0.3/1.9 MBProgress (1): 0.3/1.9 MBProgress (1): 0.3/1.9 MBProgress (1): 0.3/1.9 MBProgress (1): 0.3/1.9 MBProgress (1): 0.3/1.9 MBProgress (1): 0.3/1.9 MBProgress (1): 0.3/1.9 MBProgress (1): 0.3/1.9 MBProgress (1): 0.3/1.9 MBProgress (1): 0.3/1.9 MBProgress (1): 0.3/1.9 MBProgress (1): 0.3/1.9 MBProgress (1): 0.3/1.9 MBProgress (1): 0.3/1.9 MBProgress (1): 0.3/1.9 MBProgress (1): 0.3/1.9 MBProgress (1): 0.3/1.9 MBProgress (1): 0.3/1.9 MBProgress (1): 0.3/1.9 MBProgress (1): 0.3/1.9 MBProgress (1): 0.3/1.9 MBProgress (1): 0.3/1.9 MBProgress (1): 0.3/1.9 MBProgress (1): 0.3/1.9 MBProgress (1): 0.3/1.9 MBProgress (1): 0.3/1.9 MBProgress (1): 0.3/1.9 MBProgress (1): 0.3/1.9 MBProgress (1): 0.3/1.9 MBProgress (1): 0.3/1.9 MBProgress (1): 0.3/1.9 MBProgress (1): 0.3/1.9 MBProgress (1): 0.3/1.9 MBProgress (1): 0.3/1.9 MBProgress (1): 0.3/1.9 MBProgress (1): 0.4/1.9 MBProgress (1): 0.4/1.9 MBProgress (1): 0.4/1.9 MBProgress (1): 0.4/1.9 MBProgress (1): 0.4/1.9 MBProgress (1): 0.4/1.9 MBProgress (1): 0.4/1.9 MBProgress (1): 0.4/1.9 MBProgress (1): 0.4/1.9 MBProgress (1): 0.4/1.9 MBProgress (1): 0.4/1.9 MBProgress (1): 0.4/1.9 MBProgress (1): 0.4/1.9 MBProgress (1): 0.4/1.9 MBProgress (1): 0.4/1.9 MBProgress (1): 0.4/1.9 MBProgress (1): 0.4/1.9 MBProgress (1): 0.4/1.9 MBProgress (1): 0.4/1.9 MBProgress (1): 0.4/1.9 MBProgress (1): 0.4/1.9 MBProgress (1): 0.4/1.9 MBProgress (1): 0.4/1.9 MBProgress (1): 0.4/1.9 MBProgress (1): 0.4/1.9 MBProgress (1): 0.4/1.9 MBProgress (1): 0.4/1.9 MBProgress (1): 0.4/1.9 MBProgress (1): 0.4/1.9 MBProgress (1): 0.4/1.9 MBProgress (1): 0.4/1.9 MBProgress (1): 0.4/1.9 MBProgress (1): 0.4/1.9 MBProgress (1): 0.4/1.9 MBProgress (1): 0.4/1.9 MBProgress (1): 0.4/1.9 MBProgress (1): 0.4/1.9 MBProgress (1): 0.5/1.9 MBProgress (1): 0.5/1.9 MBProgress (1): 0.5/1.9 MBProgress (1): 0.5/1.9 MBProgress (1): 0.5/1.9 MBProgress (1): 0.5/1.9 MBProgress (1): 0.5/1.9 MBProgress (1): 0.5/1.9 MBProgress (1): 0.5/1.9 MBProgress (1): 0.5/1.9 MBProgress (1): 0.5/1.9 MBProgress (1): 0.5/1.9 MBProgress (1): 0.5/1.9 MBProgress (1): 0.5/1.9 MBProgress (1): 0.5/1.9 MBProgress (1): 0.5/1.9 MBProgress (1): 0.5/1.9 MBProgress (1): 0.5/1.9 MBProgress (1): 0.5/1.9 MBProgress (1): 0.5/1.9 MBProgress (1): 0.5/1.9 MBProgress (1): 0.5/1.9 MBProgress (1): 0.5/1.9 MBProgress (1): 0.5/1.9 MBProgress (1): 0.5/1.9 MBProgress (1): 0.5/1.9 MBProgress (1): 0.5/1.9 MBProgress (1): 0.5/1.9 MBProgress (1): 0.5/1.9 MBProgress (1): 0.5/1.9 MBProgress (1): 0.5/1.9 MBProgress (1): 0.5/1.9 MBProgress (1): 0.5/1.9 MBProgress (1): 0.5/1.9 MBProgress (1): 0.5/1.9 MBProgress (1): 0.5/1.9 MBProgress (1): 0.5/1.9 MBProgress (1): 0.6/1.9 MBProgress (1): 0.6/1.9 MBProgress (1): 0.6/1.9 MBProgress (1): 0.6/1.9 MBProgress (1): 0.6/1.9 MBProgress (1): 0.6/1.9 MBProgress (1): 0.6/1.9 MBProgress (1): 0.6/1.9 MBProgress (1): 0.6/1.9 MBProgress (1): 0.6/1.9 MBProgress (1): 0.6/1.9 MBProgress (1): 0.6/1.9 MBProgress (1): 0.6/1.9 MBProgress (1): 0.6/1.9 MBProgress (1): 0.6/1.9 MBProgress (1): 0.6/1.9 MBProgress (1): 0.6/1.9 MBProgress (1): 0.6/1.9 MBProgress (1): 0.6/1.9 MBProgress (1): 0.6/1.9 MBProgress (1): 0.6/1.9 MBProgress (1): 0.6/1.9 MBProgress (1): 0.6/1.9 MBProgress (1): 0.6/1.9 MBProgress (1): 0.6/1.9 MBProgress (1): 0.6/1.9 MBProgress (1): 0.6/1.9 MBProgress (1): 0.6/1.9 MBProgress (1): 0.6/1.9 MBProgress (1): 0.6/1.9 MBProgress (1): 0.6/1.9 MBProgress (1): 0.6/1.9 MBProgress (1): 0.6/1.9 MBProgress (1): 0.6/1.9 MBProgress (1): 0.6/1.9 MBProgress (1): 0.6/1.9 MBProgress (1): 0.6/1.9 MBProgress (1): 0.7/1.9 MBProgress (1): 0.7/1.9 MBProgress (1): 0.7/1.9 MBProgress (1): 0.7/1.9 MBProgress (1): 0.7/1.9 MBProgress (1): 0.7/1.9 MBProgress (1): 0.7/1.9 MBProgress (1): 0.7/1.9 MBProgress (1): 0.7/1.9 MBProgress (1): 0.7/1.9 MBProgress (1): 0.7/1.9 MBProgress (1): 0.7/1.9 MBProgress (1): 0.7/1.9 MBProgress (1): 0.7/1.9 MBProgress (1): 0.7/1.9 MBProgress (1): 0.7/1.9 MBProgress (1): 0.7/1.9 MBProgress (1): 0.7/1.9 MBProgress (1): 0.7/1.9 MBProgress (1): 0.7/1.9 MBProgress (1): 0.7/1.9 MBProgress (1): 0.7/1.9 MBProgress (1): 0.7/1.9 MBProgress (1): 0.7/1.9 MBProgress (1): 0.7/1.9 MBProgress (1): 0.7/1.9 MBProgress (1): 0.7/1.9 MBProgress (1): 0.7/1.9 MBProgress (1): 0.7/1.9 MBProgress (1): 0.7/1.9 MBProgress (1): 0.7/1.9 MBProgress (1): 0.7/1.9 MBProgress (1): 0.7/1.9 MBProgress (1): 0.7/1.9 MBProgress (1): 0.7/1.9 MBProgress (1): 0.7/1.9 MBProgress (1): 0.7/1.9 MBProgress (1): 0.8/1.9 MBProgress (1): 0.8/1.9 MBProgress (1): 0.8/1.9 MBProgress (1): 0.8/1.9 MBProgress (1): 0.8/1.9 MBProgress (1): 0.8/1.9 MBProgress (1): 0.8/1.9 MBProgress (1): 0.8/1.9 MBProgress (1): 0.8/1.9 MBProgress (1): 0.8/1.9 MBProgress (1): 0.8/1.9 MBProgress (1): 0.8/1.9 MBProgress (1): 0.8/1.9 MBProgress (1): 0.8/1.9 MBProgress (1): 0.8/1.9 MBProgress (1): 0.8/1.9 MBProgress (1): 0.8/1.9 MBProgress (1): 0.8/1.9 MBProgress (1): 0.8/1.9 MBProgress (1): 0.8/1.9 MBProgress (1): 0.8/1.9 MBProgress (1): 0.8/1.9 MBProgress (1): 0.8/1.9 MBProgress (1): 0.8/1.9 MBProgress (1): 0.8/1.9 MBProgress (1): 0.8/1.9 MBProgress (1): 0.8/1.9 MBProgress (1): 0.8/1.9 MBProgress (1): 0.8/1.9 MBProgress (1): 0.8/1.9 MBProgress (1): 0.8/1.9 MBProgress (1): 0.8/1.9 MBProgress (1): 0.8/1.9 MBProgress (1): 0.8/1.9 MBProgress (1): 0.8/1.9 MBProgress (1): 0.8/1.9 MBProgress (1): 0.9/1.9 MBProgress (1): 0.9/1.9 MBProgress (1): 0.9/1.9 MBProgress (1): 0.9/1.9 MBProgress (1): 0.9/1.9 MBProgress (1): 0.9/1.9 MBProgress (1): 0.9/1.9 MBProgress (1): 0.9/1.9 MBProgress (1): 0.9/1.9 MBProgress (1): 0.9/1.9 MBProgress (1): 0.9/1.9 MBProgress (1): 0.9/1.9 MBProgress (1): 0.9/1.9 MBProgress (1): 0.9/1.9 MBProgress (1): 0.9/1.9 MBProgress (1): 0.9/1.9 MBProgress (1): 0.9/1.9 MBProgress (1): 0.9/1.9 MBProgress (1): 0.9/1.9 MBProgress (1): 0.9/1.9 MBProgress (1): 0.9/1.9 MBProgress (1): 0.9/1.9 MBProgress (1): 0.9/1.9 MBProgress (1): 0.9/1.9 MBProgress (1): 0.9/1.9 MBProgress (1): 0.9/1.9 MBProgress (1): 0.9/1.9 MBProgress (1): 0.9/1.9 MBProgress (1): 0.9/1.9 MBProgress (1): 0.9/1.9 MBProgress (1): 0.9/1.9 MBProgress (1): 0.9/1.9 MBProgress (1): 0.9/1.9 MBProgress (1): 0.9/1.9 MBProgress (1): 0.9/1.9 MBProgress (1): 0.9/1.9 MBProgress (1): 0.9/1.9 MBProgress (1): 1.0/1.9 MBProgress (1): 1.0/1.9 MBProgress (1): 1.0/1.9 MBProgress (1): 1.0/1.9 MBProgress (1): 1.0/1.9 MBProgress (1): 1.0/1.9 MBProgress (1): 1.0/1.9 MBProgress (1): 1.0/1.9 MBProgress (1): 1.0/1.9 MBProgress (1): 1.0/1.9 MBProgress (1): 1.0/1.9 MBProgress (1): 1.0/1.9 MBProgress (1): 1.0/1.9 MBProgress (1): 1.0/1.9 MBProgress (1): 1.0/1.9 MBProgress (1): 1.0/1.9 MBProgress (1): 1.0/1.9 MBProgress (1): 1.0/1.9 MBProgress (1): 1.0/1.9 MBProgress (1): 1.0/1.9 MBProgress (1): 1.0/1.9 MBProgress (1): 1.0/1.9 MBProgress (1): 1.0/1.9 MBProgress (1): 1.0/1.9 MBProgress (1): 1.0/1.9 MBProgress (1): 1.0/1.9 MBProgress (1): 1.0/1.9 MBProgress (1): 1.0/1.9 MBProgress (1): 1.0/1.9 MBProgress (1): 1.0/1.9 MBProgress (1): 1.0/1.9 MBProgress (1): 1.0/1.9 MBProgress (1): 1.0/1.9 MBProgress (1): 1.0/1.9 MBProgress (1): 1.0/1.9 MBProgress (1): 1.0/1.9 MBProgress (1): 1.0/1.9 MBProgress (1): 1.0/1.9 MBProgress (1): 1.1/1.9 MBProgress (1): 1.1/1.9 MBProgress (1): 1.1/1.9 MBProgress (1): 1.1/1.9 MBProgress (1): 1.1/1.9 MBProgress (1): 1.1/1.9 MBProgress (1): 1.1/1.9 MBProgress (1): 1.1/1.9 MBProgress (1): 1.1/1.9 MBProgress (1): 1.1/1.9 MBProgress (1): 1.1/1.9 MBProgress (1): 1.1/1.9 MBProgress (1): 1.1/1.9 MBProgress (1): 1.1/1.9 MBProgress (1): 1.1/1.9 MBProgress (1): 1.1/1.9 MBProgress (1): 1.1/1.9 MBProgress (1): 1.1/1.9 MBProgress (1): 1.1/1.9 MBProgress (1): 1.1/1.9 MBProgress (1): 1.1/1.9 MBProgress (1): 1.1/1.9 MBProgress (1): 1.1/1.9 MBProgress (1): 1.1/1.9 MBProgress (1): 1.1/1.9 MBProgress (1): 1.1/1.9 MBProgress (1): 1.1/1.9 MBProgress (1): 1.1/1.9 MBProgress (1): 1.1/1.9 MBProgress (1): 1.1/1.9 MBProgress (1): 1.1/1.9 MBProgress (1): 1.1/1.9 MBProgress (1): 1.1/1.9 MBProgress (1): 1.1/1.9 MBProgress (1): 1.1/1.9 MBProgress (1): 1.1/1.9 MBProgress (1): 1.2/1.9 MBProgress (1): 1.2/1.9 MBProgress (1): 1.2/1.9 MBProgress (1): 1.2/1.9 MBProgress (1): 1.2/1.9 MBProgress (1): 1.2/1.9 MBProgress (1): 1.2/1.9 MBProgress (1): 1.2/1.9 MBProgress (1): 1.2/1.9 MBProgress (1): 1.2/1.9 MBProgress (1): 1.2/1.9 MBProgress (1): 1.2/1.9 MBProgress (1): 1.2/1.9 MBProgress (1): 1.2/1.9 MBProgress (1): 1.2/1.9 MBProgress (1): 1.2/1.9 MBProgress (1): 1.2/1.9 MBProgress (1): 1.2/1.9 MBProgress (1): 1.2/1.9 MBProgress (1): 1.2/1.9 MBProgress (1): 1.2/1.9 MBProgress (1): 1.2/1.9 MBProgress (1): 1.2/1.9 MBProgress (1): 1.2/1.9 MBProgress (1): 1.2/1.9 MBProgress (1): 1.2/1.9 MBProgress (1): 1.2/1.9 MBProgress (1): 1.2/1.9 MBProgress (1): 1.2/1.9 MBProgress (1): 1.2/1.9 MBProgress (1): 1.2/1.9 MBProgress (1): 1.2/1.9 MBProgress (1): 1.2/1.9 MBProgress (1): 1.2/1.9 MBProgress (1): 1.2/1.9 MBProgress (1): 1.2/1.9 MBProgress (1): 1.2/1.9 MBProgress (1): 1.3/1.9 MBProgress (1): 1.3/1.9 MBProgress (1): 1.3/1.9 MBProgress (1): 1.3/1.9 MBProgress (1): 1.3/1.9 MBProgress (1): 1.3/1.9 MBProgress (1): 1.3/1.9 MBProgress (1): 1.3/1.9 MBProgress (1): 1.3/1.9 MBProgress (1): 1.3/1.9 MBProgress (1): 1.3/1.9 MBProgress (1): 1.3/1.9 MBProgress (1): 1.3/1.9 MBProgress (1): 1.3/1.9 MBProgress (1): 1.3/1.9 MBProgress (1): 1.3/1.9 MBProgress (1): 1.3/1.9 MBProgress (1): 1.3/1.9 MBProgress (1): 1.3/1.9 MBProgress (1): 1.3/1.9 MBProgress (1): 1.3/1.9 MBProgress (1): 1.3/1.9 MBProgress (1): 1.3/1.9 MBProgress (1): 1.3/1.9 MBProgress (1): 1.3/1.9 MBProgress (1): 1.3/1.9 MBProgress (1): 1.3/1.9 MBProgress (1): 1.3/1.9 MBProgress (1): 1.3/1.9 MBProgress (1): 1.3/1.9 MBProgress (1): 1.3/1.9 MBProgress (1): 1.3/1.9 MBProgress (1): 1.3/1.9 MBProgress (1): 1.3/1.9 MBProgress (1): 1.3/1.9 MBProgress (1): 1.3/1.9 MBProgress (1): 1.3/1.9 MBProgress (1): 1.4/1.9 MBProgress (1): 1.4/1.9 MBProgress (1): 1.4/1.9 MBProgress (1): 1.4/1.9 MBProgress (1): 1.4/1.9 MBProgress (1): 1.4/1.9 MBProgress (1): 1.4/1.9 MBProgress (1): 1.4/1.9 MBProgress (1): 1.4/1.9 MBProgress (1): 1.4/1.9 MBProgress (1): 1.4/1.9 MBProgress (1): 1.4/1.9 MBProgress (1): 1.4/1.9 MBProgress (1): 1.4/1.9 MBProgress (1): 1.4/1.9 MBProgress (1): 1.4/1.9 MBProgress (1): 1.4/1.9 MBProgress (1): 1.4/1.9 MBProgress (1): 1.4/1.9 MBProgress (1): 1.4/1.9 MBProgress (1): 1.4/1.9 MBProgress (1): 1.4/1.9 MBProgress (1): 1.4/1.9 MBProgress (1): 1.4/1.9 MBProgress (1): 1.4/1.9 MBProgress (1): 1.4/1.9 MBProgress (1): 1.4/1.9 MBProgress (1): 1.4/1.9 MBProgress (1): 1.4/1.9 MBProgress (1): 1.4/1.9 MBProgress (1): 1.4/1.9 MBProgress (1): 1.4/1.9 MBProgress (1): 1.4/1.9 MBProgress (1): 1.4/1.9 MBProgress (1): 1.4/1.9 MBProgress (1): 1.4/1.9 MBProgress (1): 1.4/1.9 MBProgress (1): 1.4/1.9 MBProgress (1): 1.5/1.9 MBProgress (1): 1.5/1.9 MBProgress (1): 1.5/1.9 MBProgress (1): 1.5/1.9 MBProgress (1): 1.5/1.9 MBProgress (1): 1.5/1.9 MBProgress (1): 1.5/1.9 MBProgress (1): 1.5/1.9 MBProgress (1): 1.5/1.9 MBProgress (1): 1.5/1.9 MBProgress (1): 1.5/1.9 MBProgress (1): 1.5/1.9 MBProgress (1): 1.5/1.9 MBProgress (1): 1.5/1.9 MBProgress (1): 1.5/1.9 MBProgress (1): 1.5/1.9 MBProgress (1): 1.5/1.9 MBProgress (1): 1.5/1.9 MBProgress (1): 1.5/1.9 MBProgress (1): 1.5/1.9 MBProgress (1): 1.5/1.9 MBProgress (1): 1.5/1.9 MBProgress (1): 1.5/1.9 MBProgress (1): 1.5/1.9 MBProgress (1): 1.5/1.9 MBProgress (1): 1.5/1.9 MBProgress (1): 1.5/1.9 MBProgress (1): 1.5/1.9 MBProgress (1): 1.5/1.9 MBProgress (1): 1.5/1.9 MBProgress (1): 1.5/1.9 MBProgress (1): 1.5/1.9 MBProgress (1): 1.5/1.9 MBProgress (1): 1.5/1.9 MBProgress (1): 1.5/1.9 MBProgress (1): 1.5/1.9 MBProgress (1): 1.6/1.9 MBProgress (1): 1.6/1.9 MBProgress (1): 1.6/1.9 MBProgress (1): 1.6/1.9 MBProgress (1): 1.6/1.9 MBProgress (1): 1.6/1.9 MBProgress (1): 1.6/1.9 MBProgress (1): 1.6/1.9 MBProgress (1): 1.6/1.9 MBProgress (1): 1.6/1.9 MBProgress (1): 1.6/1.9 MBProgress (1): 1.6/1.9 MBProgress (1): 1.6/1.9 MBProgress (1): 1.6/1.9 MBProgress (1): 1.6/1.9 MBProgress (1): 1.6/1.9 MBProgress (1): 1.6/1.9 MBProgress (1): 1.6/1.9 MBProgress (1): 1.6/1.9 MBProgress (1): 1.6/1.9 MBProgress (1): 1.6/1.9 MBProgress (1): 1.6/1.9 MBProgress (1): 1.6/1.9 MBProgress (1): 1.6/1.9 MBProgress (1): 1.6/1.9 MBProgress (1): 1.6/1.9 MBProgress (1): 1.6/1.9 MBProgress (1): 1.6/1.9 MBProgress (1): 1.6/1.9 MBProgress (1): 1.6/1.9 MBProgress (1): 1.6/1.9 MBProgress (1): 1.6/1.9 MBProgress (1): 1.6/1.9 MBProgress (1): 1.6/1.9 MBProgress (1): 1.6/1.9 MBProgress (1): 1.6/1.9 MBProgress (1): 1.6/1.9 MBProgress (1): 1.7/1.9 MBProgress (1): 1.7/1.9 MBProgress (1): 1.7/1.9 MBProgress (1): 1.7/1.9 MBProgress (1): 1.7/1.9 MBProgress (1): 1.7/1.9 MBProgress (1): 1.7/1.9 MBProgress (1): 1.7/1.9 MBProgress (1): 1.7/1.9 MBProgress (1): 1.7/1.9 MBProgress (1): 1.7/1.9 MBProgress (1): 1.7/1.9 MBProgress (1): 1.7/1.9 MBProgress (1): 1.7/1.9 MBProgress (1): 1.7/1.9 MBProgress (1): 1.7/1.9 MBProgress (1): 1.7/1.9 MBProgress (1): 1.7/1.9 MBProgress (1): 1.7/1.9 MBProgress (1): 1.7/1.9 MBProgress (1): 1.7/1.9 MBProgress (1): 1.7/1.9 MBProgress (1): 1.7/1.9 MBProgress (1): 1.7/1.9 MBProgress (1): 1.7/1.9 MBProgress (1): 1.7/1.9 MBProgress (1): 1.7/1.9 MBProgress (1): 1.7/1.9 MBProgress (1): 1.7/1.9 MBProgress (1): 1.7/1.9 MBProgress (1): 1.7/1.9 MBProgress (1): 1.7/1.9 MBProgress (1): 1.7/1.9 MBProgress (1): 1.7/1.9 MBProgress (1): 1.7/1.9 MBProgress (1): 1.7/1.9 MBProgress (1): 1.7/1.9 MBProgress (1): 1.8/1.9 MBProgress (1): 1.8/1.9 MBProgress (1): 1.8/1.9 MBProgress (1): 1.8/1.9 MBProgress (1): 1.8/1.9 MBProgress (1): 1.8/1.9 MBProgress (1): 1.8/1.9 MBProgress (1): 1.8/1.9 MBProgress (1): 1.8/1.9 MBProgress (1): 1.8/1.9 MBProgress (1): 1.8/1.9 MBProgress (1): 1.8/1.9 MBProgress (1): 1.8/1.9 MBProgress (1): 1.8/1.9 MBProgress (1): 1.8/1.9 MBProgress (1): 1.8/1.9 MBProgress (1): 1.8/1.9 MBProgress (1): 1.8/1.9 MBProgress (1): 1.8/1.9 MBProgress (1): 1.8/1.9 MBProgress (1): 1.8/1.9 MBProgress (1): 1.8/1.9 MBProgress (1): 1.8/1.9 MBProgress (1): 1.8/1.9 MBProgress (1): 1.8/1.9 MBProgress (1): 1.8/1.9 MBProgress (1): 1.8/1.9 MBProgress (1): 1.8/1.9 MBProgress (1): 1.8/1.9 MBProgress (1): 1.8/1.9 MBProgress (1): 1.8/1.9 MBProgress (1): 1.8/1.9 MBProgress (1): 1.8/1.9 MBProgress (1): 1.8/1.9 MBProgress (1): 1.8/1.9 MBProgress (1): 1.8/1.9 MBProgress (1): 1.8/1.9 MBProgress (1): 1.9/1.9 MBProgress (1): 1.9/1.9 MBProgress (1): 1.9/1.9 MBProgress (1): 1.9 MB                        Downloaded from ow2.org-snapshot: https://repository.ow2.org/nexus/content/repositories/snapshots/fr/inria/gforge/spoon/spoon-core/10.2.0-SNAPSHOT/spoon-core-10.2.0-20220526.224309-69.jar (1.9 MB at 3.1 MB/s)
[[1;34mINFO[m] Running in FULLCLASSPATH mode (doc: http://spoon.gforge.inria.fr/launcher.html).
[[1;34mINFO[m] Spoon version ${project.version}
[[1;34mINFO[m] running Spoon...
[[1;34mINFO[m] start processing...
[[1;34mINFO[m] spoon.processing.SpoonTagger
[[1;34mINFO[m] spoon.support.JavaOutputProcessor
[[1;34mINFO[m] end of processing: 
[[1;34mINFO[m] no errors, no warnings
[[1;34mINFO[m] [1m------------------------------------------------------------------------[m
[[1;34mINFO[m] [1;32mBUILD SUCCESS[m
[[1;34mINFO[m] [1m------------------------------------------------------------------------[m
[[1;34mINFO[m] Total time:  34.921 s
[[1;34mINFO[m] Finished at: 2022-05-27T00:55:10+02:00
[[1;34mINFO[m] [1m------------------------------------------------------------------------[m
normal maven case
diff --git a/src/main/java/com/nurkiewicz/java8/FutureOps.java b/src/main/java/com/nurkiewicz/java8/FutureOps.java
index 62cf3c7..49f0439 100644
--- a/src/main/java/com/nurkiewicz/java8/FutureOps.java
+++ b/src/main/java/com/nurkiewicz/java8/FutureOps.java
@@ -1,52 +1,46 @@
 package com.nurkiewicz.java8;
-
-import java.time.Duration;
-import java.util.List;
 import java.util.concurrent.CompletableFuture;
-import java.util.concurrent.Future;
 import java.util.concurrent.TimeoutException;
-
 public class FutureOps {
-
-	public static <T> CompletableFuture<T> failed(Throwable t) {
-		final CompletableFuture<T> future = new CompletableFuture<T>();
-		future.completeExceptionally(t);
-		return future;
-	}
-
-	public static <T> CompletableFuture<T> never() {
-		throw new UnsupportedOperationException("never()");
-	}
-
-	/**
-	 * Fails with {@link TimeoutException} after given time
-	 */
-	public static <T> CompletableFuture<T> timeoutAfter(Duration duration) {
-		throw new UnsupportedOperationException("timeoutAfter()");
-	}
-
-	/**
-	 * Should not block but return {@link CompletableFuture} immediately.
-	 */
-	public static <T> CompletableFuture<T> toCompletable(Future<T> future) {
-		throw new UnsupportedOperationException("toCompletable()");
-	}
-
-	/**
-	 * Filters out futures that failed. Preserves order of input, no matter what was the completion order
-	 */
-	public static <T> CompletableFuture<List<T>> ignoreFailures(List<CompletableFuture<T>> futures) {
-		throw new UnsupportedOperationException("ignoreFailures()");
-	}
-
-	/**
-	 * Takes a {@link CompletableFuture} and returns compatible future, but that completes with delay.
-	 * E.g. if underlying future completes after 7 seconds, and we call this method with 2 seconds duration,
-	 * resulting future will complete after 9 seconds.
-	 * @return {@link CompletableFuture} which completes after underlying future with given duration
-	 */
-	public static <T> CompletableFuture<T> delay(CompletableFuture<T> future, Duration duration) {
-		throw new UnsupportedOperationException("delay()");
-	}
-
-}
+    public static <T> java.util.concurrent.CompletableFuture<T> failed(java.lang.Throwable t) {
+        final java.util.concurrent.CompletableFuture<T> future = new java.util.concurrent.CompletableFuture<T>();
+        future.completeExceptionally(t);
+        return future;
+    }
+
+    public static <T> java.util.concurrent.CompletableFuture<T> never() {
+        throw new java.lang.UnsupportedOperationException("never()");
+    }
+
+    /**
+     * Fails with {@link TimeoutException} after given time
+     */
+    public static <T> java.util.concurrent.CompletableFuture<T> timeoutAfter(java.time.Duration duration) {
+        throw new java.lang.UnsupportedOperationException("timeoutAfter()");
+    }
+
+    /**
+     * Should not block but return {@link CompletableFuture} immediately.
+     */
+    public static <T> java.util.concurrent.CompletableFuture<T> toCompletable(java.util.concurrent.Future<T> future) {
+        throw new java.lang.UnsupportedOperationException("toCompletable()");
+    }
+
+    /**
+     * Filters out futures that failed. Preserves order of input, no matter what was the completion order
+     */
+    public static <T> java.util.concurrent.CompletableFuture<java.util.List<T>> ignoreFailures(java.util.List<java.util.concurrent.CompletableFuture<T>> futures) {
+        throw new java.lang.UnsupportedOperationException("ignoreFailures()");
+    }
+
+    /**
+     * Takes a {@link CompletableFuture} and returns compatible future, but that completes with delay.
+     * E.g. if underlying future completes after 7 seconds, and we call this method with 2 seconds duration,
+     * resulting future will complete after 9 seconds.
+     *
+     * @return {@link CompletableFuture} which completes after underlying future with given duration
+     */
+    public static <T> java.util.concurrent.CompletableFuture<T> delay(java.util.concurrent.CompletableFuture<T> future, java.time.Duration duration) {
+        throw new java.lang.UnsupportedOperationException("delay()");
+    }
+}
\ No newline at end of file
Picked up JAVA_TOOL_OPTIONS: -Dfile.encoding=UTF8
WARNING: An illegal reflective access operation has occurred
WARNING: Illegal reflective access by com.google.inject.internal.cglib.core.$ReflectUtils$1 (file:/usr/share/maven/lib/guice.jar) to method java.lang.ClassLoader.defineClass(java.lang.String,byte[],int,int,java.security.ProtectionDomain)
WARNING: Please consider reporting this to the maintainers of com.google.inject.internal.cglib.core.$ReflectUtils$1
WARNING: Use --illegal-access=warn to enable warnings of further illegal reflective access operations
WARNING: All illegal access operations will be denied in a future release
[[1;34mINFO[m] Scanning for projects...
[[1;34mINFO[m] 
[[1;34mINFO[m] [1m------------------------< [0;36mcom.nurkiewicz:java8[0;1m >------------------------[m
[[1;34mINFO[m] [1mBuilding Java 8 workshop 0.0.1-SNAPSHOT[m
[[1;34mINFO[m] [1m--------------------------------[ jar ]---------------------------------[m
[[1;34mINFO[m] 
[[1;34mINFO[m] [1m--- [0;32mmaven-clean-plugin:2.5:clean[m [1m(default-clean)[m @ [36mjava8[0;1m ---[m
[[1;34mINFO[m] Deleting /builds/workspace/Java8 Workshop/target
[[1;34mINFO[m] 
[[1;34mINFO[m] [1m--- [0;32mmaven-resources-plugin:2.6:resources[m [1m(default-resources)[m @ [36mjava8[0;1m ---[m
[[1;34mINFO[m] Using 'UTF-8' encoding to copy filtered resources.
[[1;34mINFO[m] Copying 6 resources
[[1;34mINFO[m] 
[[1;34mINFO[m] [1m--- [0;32mmaven-compiler-plugin:3.1:compile[m [1m(default-compile)[m @ [36mjava8[0;1m ---[m
[[1;34mINFO[m] Changes detected - recompiling the module!
[[1;34mINFO[m] Compiling 40 source files to /builds/workspace/Java8 Workshop/target/classes
[[1;34mINFO[m] 
[[1;34mINFO[m] [1m--- [0;32mmaven-resources-plugin:2.6:testResources[m [1m(default-testResources)[m @ [36mjava8[0;1m ---[m
[[1;34mINFO[m] Using 'UTF-8' encoding to copy filtered resources.
[[1;34mINFO[m] skip non existing resourceDirectory /builds/workspace/Java8 Workshop/src/test/resources
[[1;34mINFO[m] 
[[1;34mINFO[m] [1m--- [0;32mmaven-compiler-plugin:3.1:testCompile[m [1m(default-testCompile)[m @ [36mjava8[0;1m ---[m
[[1;34mINFO[m] Changes detected - recompiling the module!
[[1;34mINFO[m] Compiling 50 source files to /builds/workspace/Java8 Workshop/target/test-classes
[[1;33mWARNING[m] /builds/workspace/Java8 Workshop/src/test/java/com/nurkiewicz/rxjava/R49_TransformingTest.java: /builds/workspace/Java8 Workshop/src/test/java/com/nurkiewicz/rxjava/R49_TransformingTest.java uses unchecked or unsafe operations.
[[1;33mWARNING[m] /builds/workspace/Java8 Workshop/src/test/java/com/nurkiewicz/rxjava/R49_TransformingTest.java: Recompile with -Xlint:unchecked for details.
[[1;34mINFO[m] 
[[1;34mINFO[m] [1m--- [0;32mmaven-surefire-plugin:2.12.4:test[m [1m(default-test)[m @ [36mjava8[0;1m ---[m
[[1;34mINFO[m] Surefire report directory: /builds/workspace/Java8 Workshop/target/surefire-reports

-------------------------------------------------------
 T E S T S
-------------------------------------------------------
Picked up JAVA_TOOL_OPTIONS: -Dfile.encoding=UTF8
Running com.nurkiewicz.java8.J07c_StreamInfiniteTest
Tests run: 1, Failures: 0, Errors: 0, Skipped: 1, Time elapsed: 0.029 sec
Running com.nurkiewicz.java8.J05_MultiRunnerTest
Tests run: 1, Failures: 0, Errors: 0, Skipped: 1, Time elapsed: 0 sec
Running com.nurkiewicz.java8.J07d_CustomCollectorTest
Tests run: 1, Failures: 0, Errors: 0, Skipped: 1, Time elapsed: 0.006 sec
Running com.nurkiewicz.java8.J02_InterfacesTest
Tests run: 3, Failures: 0, Errors: 0, Skipped: 0, Time elapsed: 0.148 sec
Running com.nurkiewicz.java8.J07b_StreamReduceTest
Tests run: 1, Failures: 0, Errors: 0, Skipped: 1, Time elapsed: 0.001 sec
Running com.nurkiewicz.java8.J21_FuturesIntroductionTest
Tests run: 1, Failures: 0, Errors: 0, Skipped: 1, Time elapsed: 0.001 sec
Running com.nurkiewicz.java8.holidays.PolishHolidaysTest
Tests run: 5, Failures: 0, Errors: 0, Skipped: 0, Time elapsed: 0.041 sec
Running com.nurkiewicz.java8.holidays.EasterTest
Tests run: 41, Failures: 0, Errors: 0, Skipped: 0, Time elapsed: 0.268 sec
Running com.nurkiewicz.java8.holidays.HolidaysFactoryTest
Tests run: 2, Failures: 0, Errors: 0, Skipped: 0, Time elapsed: 0.015 sec
Running com.nurkiewicz.java8.J08_NewMapMethodsTest
Tests run: 1, Failures: 0, Errors: 0, Skipped: 1, Time elapsed: 0.001 sec
Running com.nurkiewicz.java8.J29_AsyncAgentFuturesTest
Tests run: 1, Failures: 0, Errors: 0, Skipped: 1, Time elapsed: 0.008 sec
Running com.nurkiewicz.java8.J07_StreamsTest
Tests run: 1, Failures: 0, Errors: 0, Skipped: 1, Time elapsed: 0.001 sec
Running com.nurkiewicz.java8.J08_FilesTest
Tests run: 1, Failures: 0, Errors: 0, Skipped: 1, Time elapsed: 0.002 sec
Running com.nurkiewicz.java8.J25_ZipTest
Tests run: 1, Failures: 0, Errors: 0, Skipped: 1, Time elapsed: 0 sec
Running com.nurkiewicz.java8.J26_AllAnyTest
Tests run: 1, Failures: 0, Errors: 0, Skipped: 1, Time elapsed: 0.003 sec
Running com.nurkiewicz.java8.J24_FlatMapTest
Tests run: 1, Failures: 0, Errors: 0, Skipped: 1, Time elapsed: 0.001 sec
Running com.nurkiewicz.java8.J06_OptionalTest
Tests run: 1, Failures: 0, Errors: 0, Skipped: 1, Time elapsed: 0.003 sec
Running com.nurkiewicz.java8.J10_ParallelStreamsTest
Tests run: 1, Failures: 0, Errors: 0, Skipped: 1, Time elapsed: 0.001 sec
Running com.nurkiewicz.java8.J12_BigDecimalAccumulatorTest
Tests run: 1, Failures: 0, Errors: 0, Skipped: 1, Time elapsed: 0.004 sec
Running com.nurkiewicz.java8.J60_CovarianceTest
Tests run: 1, Failures: 0, Errors: 0, Skipped: 1, Time elapsed: 0.004 sec
Running com.nurkiewicz.java8.J27_PromisesTest
Tests run: 1, Failures: 0, Errors: 0, Skipped: 1, Time elapsed: 0.005 sec
Running com.nurkiewicz.java8.J22_CreatingTest
Tests run: 1, Failures: 0, Errors: 0, Skipped: 1, Time elapsed: 0.001 sec
Running com.nurkiewicz.java8.J11b_AtomicTest
Tests run: 1, Failures: 0, Errors: 0, Skipped: 1, Time elapsed: 0 sec
Running com.nurkiewicz.java8.J11_AtomicTest
Tests run: 1, Failures: 0, Errors: 0, Skipped: 1, Time elapsed: 0.001 sec
Running com.nurkiewicz.java8.J03_FunctionTest
Tests run: 1, Failures: 0, Errors: 0, Skipped: 1, Time elapsed: 0.001 sec
Running com.nurkiewicz.java8.J09_CollectorsTest
Tests run: 1, Failures: 0, Errors: 0, Skipped: 1, Time elapsed: 0.004 sec
Running com.nurkiewicz.java8.J28_CustomFutureOperatorsTest
Tests run: 1, Failures: 0, Errors: 0, Skipped: 1, Time elapsed: 0.001 sec
Running com.nurkiewicz.java8.J04_FunctionalInterfacesTest
Tests run: 1, Failures: 0, Errors: 0, Skipped: 1, Time elapsed: 0.002 sec
Running com.nurkiewicz.java8.J08_LocalDateTest
Tests run: 1, Failures: 0, Errors: 0, Skipped: 1, Time elapsed: 0.003 sec
Running com.nurkiewicz.java8.J02b_ConflictingDefaultMethodsTest
Tests run: 1, Failures: 0, Errors: 0, Skipped: 1, Time elapsed: 0.001 sec
Running com.nurkiewicz.java8.J09_StringsTest
Tests run: 1, Failures: 0, Errors: 0, Skipped: 1, Time elapsed: 0 sec
Running com.nurkiewicz.java8.J11c_AtomicTest
Tests run: 1, Failures: 0, Errors: 0, Skipped: 1, Time elapsed: 0.001 sec
Running com.nurkiewicz.java8.J01_HelloWorldTest
Tests run: 1, Failures: 0, Errors: 0, Skipped: 0, Time elapsed: 0 sec
Running com.nurkiewicz.java8.J23_MapTest
Tests run: 1, Failures: 0, Errors: 0, Skipped: 1, Time elapsed: 0 sec
Running com.nurkiewicz.java8.J13_AsyncAgentTest
Tests run: 1, Failures: 0, Errors: 0, Skipped: 1, Time elapsed: 0.003 sec
Running com.nurkiewicz.rxjava.R42_CreatingTest
Tests run: 1, Failures: 0, Errors: 0, Skipped: 1, Time elapsed: 0.001 sec
Running com.nurkiewicz.rxjava.R51_InfiniteObservableTest
Tests run: 1, Failures: 0, Errors: 0, Skipped: 1, Time elapsed: 0 sec
Running com.nurkiewicz.rxjava.R43_ListeningTest
Tests run: 1, Failures: 0, Errors: 0, Skipped: 1, Time elapsed: 0.001 sec
Running com.nurkiewicz.rxjava.R45_FilteringTest
Tests run: 1, Failures: 0, Errors: 0, Skipped: 1, Time elapsed: 0 sec
Running com.nurkiewicz.rxjava.R46_ComposingTest
Tests run: 1, Failures: 0, Errors: 0, Skipped: 1, Time elapsed: 0.01 sec
Running com.nurkiewicz.rxjava.R50_OperatorsTest
Tests run: 1, Failures: 0, Errors: 0, Skipped: 1, Time elapsed: 0 sec
Running com.nurkiewicz.rxjava.R41_IntroductionTest
Tests run: 1, Failures: 0, Errors: 0, Skipped: 1, Time elapsed: 0 sec
Running com.nurkiewicz.rxjava.R49_TransformingTest
Tests run: 1, Failures: 0, Errors: 0, Skipped: 1, Time elapsed: 0.004 sec
Running com.nurkiewicz.rxjava.R47_IndexingTest
Tests run: 1, Failures: 0, Errors: 0, Skipped: 1, Time elapsed: 0 sec

Results :

Tests run: 91, Failures: 0, Errors: 0, Skipped: 39

[[1;34mINFO[m] 
[[1;34mINFO[m] [1m--- [0;32mmaven-jar-plugin:2.4:jar[m [1m(default-jar)[m @ [36mjava8[0;1m ---[m
[[1;34mINFO[m] Building jar: /builds/workspace/Java8 Workshop/target/java8-0.0.1-SNAPSHOT.jar
[[1;34mINFO[m] 
[[1;34mINFO[m] [1m--- [0;32mmaven-install-plugin:2.4:install[m [1m(default-install)[m @ [36mjava8[0;1m ---[m
[[1;34mINFO[m] Installing /builds/workspace/Java8 Workshop/target/java8-0.0.1-SNAPSHOT.jar to /builds/.m2/repository/com/nurkiewicz/java8/0.0.1-SNAPSHOT/java8-0.0.1-SNAPSHOT.jar
[[1;34mINFO[m] Installing /builds/workspace/Java8 Workshop/pom.xml to /builds/.m2/repository/com/nurkiewicz/java8/0.0.1-SNAPSHOT/java8-0.0.1-SNAPSHOT.pom
[[1;34mINFO[m] [1m------------------------------------------------------------------------[m
[[1;34mINFO[m] [1;32mBUILD SUCCESS[m
[[1;34mINFO[m] [1m------------------------------------------------------------------------[m
[[1;34mINFO[m] Total time:  9.811 s
[[1;34mINFO[m] Finished at: 2022-05-27T00:55:22+02:00
[[1;34mINFO[m] [1m------------------------------------------------------------------------[m
bash: line 226: bc: command not found
 
--- Displays results of the maven compile with spoon of spoon ---
Time to compile with spoon of spoon: 
 
--- Displays results of the maven compile with spoon ---
Time to compile with spoon: 
Number of tests: 91
Number of tests skipped: 39
Number of failures in tests: 0
Number of errors in tests: 0
 
-------------------------------------------------------
Retrieves all results files in the project (in all sub modules if the project is a multi module project)
-------------------------------------------------------
 
./result-spoon-tests-spooned-..txt
./result-spoon-tests-..txt
find: './target/spoon-maven-plugin': No such file or directory
rm: cannot remove 'result-spoon.bak*.xml': No such file or directory
<?xml version="1.0"?>
<section name="">
  <table>
    <tr>
      <td fontattribute="bold">Project</td>
      <td fontattribute="bold">Commit id version</td>
      <td fontattribute="bold">Project compiles</td>
      <td fontattribute="bold">Project tests run</td>
      <td fontattribute="bold">Project spooned compiles</td>
      <td fontattribute="bold">Project spooned tests run</td>
      <td fontattribute="bold">Time to spoon</td>
      <td fontattribute="bold">Number of CtStatment</td>
      <td fontattribute="bold">Time to compile project</td>
      <td fontattribute="bold">Time to compile project spooned</td>
      <td fontattribute="bold">Spoon(Spoon(x))=Spoon(x)</td>
    </tr>
  </table>
</section>
Archiving artifacts
Finished: SUCCESS
