Started by timer
Running as SYSTEM
[EnvInject] - Loading node environment variables.
Building remotely on sos-builder01-ubuntu16 (lin) in workspace /builds/workspace/DiskLruCache
[WS-CLEANUP] Deleting project workspace...
[WS-CLEANUP] Deferred wipeout is used...
[WS-CLEANUP] Done
The recommended git tool is: NONE
No credentials specified
Cloning the remote Git repository
Cloning repository https://github.com/spoon-bot/DiskLruCache.git
 > git init /builds/workspace/DiskLruCache # timeout=10
Fetching upstream changes from https://github.com/spoon-bot/DiskLruCache.git
 > git --version # timeout=10
 > git --version # 'git version 2.7.4'
 > git fetch --tags --progress https://github.com/spoon-bot/DiskLruCache.git +refs/heads/*:refs/remotes/origin/* # timeout=10
 > git config remote.origin.url https://github.com/spoon-bot/DiskLruCache.git # timeout=10
 > git config --add remote.origin.fetch +refs/heads/*:refs/remotes/origin/* # timeout=10
Avoid second fetch
 > git rev-parse refs/remotes/origin/master^{commit} # timeout=10
Checking out Revision 8f651a9f0b3f617aa4adabfd730b02bf42507c10 (refs/remotes/origin/master)
 > git config core.sparsecheckout # timeout=10
 > git checkout -f 8f651a9f0b3f617aa4adabfd730b02bf42507c10 # timeout=10
Commit message: "Update DiskLruCacheTest.java"
 > git rev-list --no-walk 8f651a9f0b3f617aa4adabfd730b02bf42507c10 # timeout=10
[DiskLruCache] $ /bin/sh -xe /tmp/jenkins5107077719147766343.sh
+ curl https://spoon.gforge.inria.fr/jenkins/build.sh
  % Total    % Received % Xferd  Average Speed   Time    Time     Time  Current
                                 Dload  Upload   Total   Spent    Left  Speed
  0     0    0     0    0     0      0      0 --:--:-- --:--:-- --:--:--     0+ stdbuf -i 50k bash
 
-------------------------------------------------------
Initizalizes project
-------------------------------------------------------
 
100 21071  100 21071    0     0  97074      0 --:--:-- --:--:-- --:--:-- 97550
HEAD is now at 8f651a9 Update DiskLruCacheTest.java

--- Displays variables used in the build ---
Artifact id: disklrucache
Version: 2.0.3-SNAPSHOT
Modules job:
- DiskLruCache
Has checkstyle: true
Has enforcer: true
Git version id: 8f651a9f0b3f617aa4adabfd730b02bf42507c10
Java version: Picked up JAVA_TOOL_OPTIONS: -Dfile.encoding=UTF8
java version "1.8.0_151"
Java(TM) SE Runtime Environment (build 1.8.0_151-b12)
Java HotSpot(TM) 64-Bit Server VM (build 25.151-b12, mixed mode)
Java home: /builds/tools/hudson.model.JDK/JDK_8.0.151
 
-------------------------------------------------------
Compiles project (at the root project if it's a multi module project) without spoon
-------------------------------------------------------
 
Picked up JAVA_TOOL_OPTIONS: -Dfile.encoding=UTF8
[INFO] Scanning for projects...
[INFO] 
[INFO] --------------------< com.jakewharton:disklrucache >--------------------
[INFO] Building Disk LRU Cache 2.0.3-SNAPSHOT
[INFO] --------------------------------[ jar ]---------------------------------
[INFO] 
[INFO] --- maven-clean-plugin:2.5:clean (default-clean) @ disklrucache ---
[INFO] 
[INFO] --- maven-enforcer-plugin:1.0:enforce (enforce-maven) @ disklrucache ---
[INFO] 
[INFO] --- maven-resources-plugin:2.6:resources (default-resources) @ disklrucache ---
[INFO] Using 'UTF-8' encoding to copy filtered resources.
[INFO] skip non existing resourceDirectory /builds/workspace/DiskLruCache/src/main/resources
[INFO] 
[INFO] --- maven-compiler-plugin:3.0:compile (default-compile) @ disklrucache ---
[INFO] Changes detected - recompiling the module!
[INFO] Compiling 3 source files to /builds/workspace/DiskLruCache/target/classes
[INFO] 
[INFO] --- maven-resources-plugin:2.6:testResources (default-testResources) @ disklrucache ---
[INFO] Using 'UTF-8' encoding to copy filtered resources.
[INFO] skip non existing resourceDirectory /builds/workspace/DiskLruCache/src/test/resources
[INFO] 
[INFO] --- maven-compiler-plugin:3.0:testCompile (default-testCompile) @ disklrucache ---
[INFO] Changes detected - recompiling the module!
[INFO] Compiling 2 source files to /builds/workspace/DiskLruCache/target/test-classes
[INFO] 
[INFO] --- maven-surefire-plugin:2.12.4:test (default-test) @ disklrucache ---
[INFO] Surefire report directory: /builds/workspace/DiskLruCache/target/surefire-reports

-------------------------------------------------------
 T E S T S
-------------------------------------------------------
Picked up JAVA_TOOL_OPTIONS: -Dfile.encoding=UTF8
Running com.jakewharton.disklrucache.DiskLruCacheTest
Journal compacted from 73 bytes to 57 bytes
Journal compacted from 40153 bytes to 77 bytes
Journal compacted from 20073 bytes to 57 bytes
DiskLruCache /tmp/junit867945234829142099/DiskLruCacheTest is corrupt: unexpected journal line: DIRTY   k1, removing
DiskLruCache /tmp/junit2255507470451467099/DiskLruCacheTest is corrupt: unexpected journal header: [libcore.io.DiskLruCache, 0, 2, ], removing
DiskLruCache /tmp/junit2243421586844321490/DiskLruCacheTest is corrupt: unexpected journal header: [libcore.io.DiskLruCache, 1, 2, ], removing
DiskLruCache /tmp/junit7475449833594881455/DiskLruCacheTest is corrupt: unexpected journal header: [libcore.io.DiskLruCache, 1, 1, ], removing
DiskLruCache /tmp/junit272853255002391343/DiskLruCacheTest is corrupt: unexpected journal header: [libcore.io.DiskLruCache, 1, 2, x], removing
DiskLruCache /tmp/junit3857317175490966333/DiskLruCacheTest is corrupt: unexpected journal line: BOGUS, removing
DiskLruCache /tmp/junit3289875525357332805/DiskLruCacheTest is corrupt: unexpected journal line: [0000x001, 1], removing
DiskLruCache /tmp/junit5460783651049579637/DiskLruCacheTest is corrupt: unexpected journal line: [1, 1, 1], removing
Tests run: 57, Failures: 0, Errors: 0, Skipped: 0, Time elapsed: 4.238 sec
Running com.jakewharton.disklrucache.StrictLineReaderTest
Tests run: 1, Failures: 0, Errors: 0, Skipped: 0, Time elapsed: 0.001 sec

Results :

Tests run: 58, Failures: 0, Errors: 0, Skipped: 0

[INFO] 
[INFO] --- maven-jar-plugin:2.4:jar (default-jar) @ disklrucache ---
[INFO] Building jar: /builds/workspace/DiskLruCache/target/disklrucache-2.0.3-SNAPSHOT.jar
[INFO] 
[INFO] --- maven-install-plugin:2.4:install (default-install) @ disklrucache ---
[INFO] Installing /builds/workspace/DiskLruCache/target/disklrucache-2.0.3-SNAPSHOT.jar to /builds/.m2/repository/com/jakewharton/disklrucache/2.0.3-SNAPSHOT/disklrucache-2.0.3-SNAPSHOT.jar
[INFO] Installing /builds/workspace/DiskLruCache/pom.xml to /builds/.m2/repository/com/jakewharton/disklrucache/2.0.3-SNAPSHOT/disklrucache-2.0.3-SNAPSHOT.pom
[INFO] ------------------------------------------------------------------------
[INFO] BUILD SUCCESS
[INFO] ------------------------------------------------------------------------
[INFO] Total time:  8.073 s
[INFO] Finished at: 2021-09-27T19:34:11+02:00
[INFO] ------------------------------------------------------------------------
 
--- Displays results of the maven compile ---
Time to compile: 9420
Number of tests: 58
Number of tests skipped: 0
Number of failures in tests: 0
Number of errors in tests: 0
 
-------------------------------------------------------
Inserts the maven plugin to spoon the project
-------------------------------------------------------
 
Picked up JAVA_TOOL_OPTIONS: -Dfile.encoding=UTF8
[INFO] Scanning for projects...
[INFO] 
[INFO] --------------------< com.jakewharton:disklrucache >--------------------
[INFO] Building Disk LRU Cache 2.0.3-SNAPSHOT
[INFO] --------------------------------[ jar ]---------------------------------
[INFO] 
[INFO] --- maven-dependency-plugin:2.8:purge-local-repository (default-cli) @ disklrucache ---
[INFO] ------------------------------------------------------------------------
[INFO] BUILD SUCCESS
[INFO] ------------------------------------------------------------------------
[INFO] Total time:  1.451 s
[INFO] Finished at: 2021-09-27T19:34:14+02:00
[INFO] ------------------------------------------------------------------------
Picked up JAVA_TOOL_OPTIONS: -Dfile.encoding=UTF8
[INFO] Scanning for projects...
[INFO] 
[INFO] --------------------< com.jakewharton:disklrucache >--------------------
[INFO] Building Disk LRU Cache 2.0.3-SNAPSHOT
[INFO] --------------------------------[ jar ]---------------------------------
[INFO] 
[INFO] --- maven-clean-plugin:2.5:clean (default-clean) @ disklrucache ---
[INFO] Deleting /builds/workspace/DiskLruCache/target
[INFO] 
[INFO] --- maven-enforcer-plugin:1.0:enforce (enforce-maven) @ disklrucache ---
[INFO] 
[INFO] --- spoon-maven-plugin:3.1:generate (default) @ disklrucache ---
Downloading from maven.inria.fr-snapshot: http://maven.inria.fr/artifactory/spoon-public-snapshot/fr/inria/gforge/spoon/spoon-core/maven-metadata.xml
Downloading from ow2.org-snapshot: https://repository.ow2.org/nexus/content/repositories/snapshots/fr/inria/gforge/spoon/spoon-core/maven-metadata.xml
Downloading from central: https://repo.maven.apache.org/maven2/fr/inria/gforge/spoon/spoon-core/maven-metadata.xml
Downloading from sonatype-nexus-snapshots: https://oss.sonatype.org/content/repositories/snapshots/fr/inria/gforge/spoon/spoon-core/maven-metadata.xml
Progress (1): 784 B                   Downloaded from maven.inria.fr-snapshot: http://maven.inria.fr/artifactory/spoon-public-snapshot/fr/inria/gforge/spoon/spoon-core/maven-metadata.xml (784 B at 2.7 kB/s)
Progress (1): 2.7/6.4 kBProgress (1): 5.5/6.4 kBProgress (1): 6.4 kB                        Downloaded from central: https://repo.maven.apache.org/maven2/fr/inria/gforge/spoon/spoon-core/maven-metadata.xml (6.4 kB at 14 kB/s)
Progress (1): 511 B                   Downloaded from ow2.org-snapshot: https://repository.ow2.org/nexus/content/repositories/snapshots/fr/inria/gforge/spoon/spoon-core/maven-metadata.xml (511 B at 514 B/s)
Downloading from ow2.org-snapshot: https://repository.ow2.org/nexus/content/repositories/snapshots/fr/inria/gforge/spoon/spoon-core/7.0.0/spoon-core-7.0.0.pom
Downloading from central: https://repo.maven.apache.org/maven2/fr/inria/gforge/spoon/spoon-core/7.0.0/spoon-core-7.0.0.pom
Progress (1): 2.7/22 kBProgress (1): 5.5/22 kBProgress (1): 8.2/22 kBProgress (1): 11/22 kB Progress (1): 14/22 kBProgress (1): 16/22 kBProgress (1): 19/22 kBProgress (1): 22 kB                      Downloaded from central: https://repo.maven.apache.org/maven2/fr/inria/gforge/spoon/spoon-core/7.0.0/spoon-core-7.0.0.pom (22 kB at 702 kB/s)
Downloading from ow2.org-snapshot: https://repository.ow2.org/nexus/content/repositories/snapshots/fr/inria/gforge/spoon/spoon-core/7.1.0-SNAPSHOT/maven-metadata.xml
Downloading from maven.inria.fr-snapshot: http://maven.inria.fr/artifactory/spoon-public-snapshot/fr/inria/gforge/spoon/spoon-core/7.1.0-SNAPSHOT/maven-metadata.xml
Downloading from sonatype-nexus-snapshots: https://oss.sonatype.org/content/repositories/snapshots/fr/inria/gforge/spoon/spoon-core/7.1.0-SNAPSHOT/maven-metadata.xml
Progress (1): 1.0 kB                    Downloaded from maven.inria.fr-snapshot: http://maven.inria.fr/artifactory/spoon-public-snapshot/fr/inria/gforge/spoon/spoon-core/7.1.0-SNAPSHOT/maven-metadata.xml (1.0 kB at 16 kB/s)
Downloading from ow2.org-snapshot: https://repository.ow2.org/nexus/content/repositories/snapshots/fr/inria/gforge/spoon/spoon-core/7.1.0-SNAPSHOT/spoon-core-7.1.0-20181011.225349-264.pom
Downloading from maven.inria.fr-snapshot: http://maven.inria.fr/artifactory/spoon-public-snapshot/fr/inria/gforge/spoon/spoon-core/7.1.0-SNAPSHOT/spoon-core-7.1.0-20181011.225349-264.pom
Progress (1): 4.1/23 kBProgress (1): 7.4/23 kBProgress (1): 12/23 kB Progress (1): 16/23 kBProgress (1): 20/23 kBProgress (1): 23 kB                      Downloaded from maven.inria.fr-snapshot: http://maven.inria.fr/artifactory/spoon-public-snapshot/fr/inria/gforge/spoon/spoon-core/7.1.0-SNAPSHOT/spoon-core-7.1.0-20181011.225349-264.pom (23 kB at 550 kB/s)
Downloading from ow2.org-snapshot: https://repository.ow2.org/nexus/content/repositories/snapshots/fr/inria/gforge/spoon/spoon-core/7.1.0/spoon-core-7.1.0.pom
Downloading from central: https://repo.maven.apache.org/maven2/fr/inria/gforge/spoon/spoon-core/7.1.0/spoon-core-7.1.0.pom
Progress (1): 2.7/23 kBProgress (1): 5.5/23 kBProgress (1): 8.2/23 kBProgress (1): 11/23 kB Progress (1): 14/23 kBProgress (1): 16/23 kBProgress (1): 19/23 kBProgress (1): 22/23 kBProgress (1): 23 kB                      Downloaded from central: https://repo.maven.apache.org/maven2/fr/inria/gforge/spoon/spoon-core/7.1.0/spoon-core-7.1.0.pom (23 kB at 1.0 MB/s)
Downloading from ow2.org-snapshot: https://repository.ow2.org/nexus/content/repositories/snapshots/fr/inria/gforge/spoon/spoon-core/7.2.0-SNAPSHOT/maven-metadata.xml
Downloading from maven.inria.fr-snapshot: http://maven.inria.fr/artifactory/spoon-public-snapshot/fr/inria/gforge/spoon/spoon-core/7.2.0-SNAPSHOT/maven-metadata.xml
Downloading from sonatype-nexus-snapshots: https://oss.sonatype.org/content/repositories/snapshots/fr/inria/gforge/spoon/spoon-core/7.2.0-SNAPSHOT/maven-metadata.xml
Progress (1): 1.0 kB                    Downloaded from maven.inria.fr-snapshot: http://maven.inria.fr/artifactory/spoon-public-snapshot/fr/inria/gforge/spoon/spoon-core/7.2.0-SNAPSHOT/maven-metadata.xml (1.0 kB at 35 kB/s)
Downloading from ow2.org-snapshot: https://repository.ow2.org/nexus/content/repositories/snapshots/fr/inria/gforge/spoon/spoon-core/7.2.0-SNAPSHOT/spoon-core-7.2.0-20181204.080422-141.pom
Downloading from maven.inria.fr-snapshot: http://maven.inria.fr/artifactory/spoon-public-snapshot/fr/inria/gforge/spoon/spoon-core/7.2.0-SNAPSHOT/spoon-core-7.2.0-20181204.080422-141.pom
Progress (1): 4.1/6.9 kBProgress (1): 6.9 kB                        Downloaded from maven.inria.fr-snapshot: http://maven.inria.fr/artifactory/spoon-public-snapshot/fr/inria/gforge/spoon/spoon-core/7.2.0-SNAPSHOT/spoon-core-7.2.0-20181204.080422-141.pom (6.9 kB at 141 kB/s)
Downloading from ow2.org-snapshot: https://repository.ow2.org/nexus/content/repositories/snapshots/fr/inria/gforge/spoon/spoon-core/7.2.0/spoon-core-7.2.0.pom
Downloading from central: https://repo.maven.apache.org/maven2/fr/inria/gforge/spoon/spoon-core/7.2.0/spoon-core-7.2.0.pom
Progress (1): 2.7/6.9 kBProgress (1): 5.5/6.9 kBProgress (1): 6.9 kB                        Downloaded from central: https://repo.maven.apache.org/maven2/fr/inria/gforge/spoon/spoon-core/7.2.0/spoon-core-7.2.0.pom (6.9 kB at 266 kB/s)
Downloading from ow2.org-snapshot: https://repository.ow2.org/nexus/content/repositories/snapshots/fr/inria/gforge/spoon/spoon-core/7.3.0-SNAPSHOT/maven-metadata.xml
Downloading from maven.inria.fr-snapshot: http://maven.inria.fr/artifactory/spoon-public-snapshot/fr/inria/gforge/spoon/spoon-core/7.3.0-SNAPSHOT/maven-metadata.xml
Downloading from sonatype-nexus-snapshots: https://oss.sonatype.org/content/repositories/snapshots/fr/inria/gforge/spoon/spoon-core/7.3.0-SNAPSHOT/maven-metadata.xml
Progress (1): 1.0 kB                    Downloaded from maven.inria.fr-snapshot: http://maven.inria.fr/artifactory/spoon-public-snapshot/fr/inria/gforge/spoon/spoon-core/7.3.0-SNAPSHOT/maven-metadata.xml (1.0 kB at 29 kB/s)
Downloading from ow2.org-snapshot: https://repository.ow2.org/nexus/content/repositories/snapshots/fr/inria/gforge/spoon/spoon-core/7.3.0-SNAPSHOT/spoon-core-7.3.0-20190210.234149-97.pom
Downloading from maven.inria.fr-snapshot: http://maven.inria.fr/artifactory/spoon-public-snapshot/fr/inria/gforge/spoon/spoon-core/7.3.0-SNAPSHOT/spoon-core-7.3.0-20190210.234149-97.pom
Progress (1): 4.1/6.8 kBProgress (1): 6.8 kB                        Downloaded from maven.inria.fr-snapshot: http://maven.inria.fr/artifactory/spoon-public-snapshot/fr/inria/gforge/spoon/spoon-core/7.3.0-SNAPSHOT/spoon-core-7.3.0-20190210.234149-97.pom (6.8 kB at 130 kB/s)
Downloading from ow2.org-snapshot: https://repository.ow2.org/nexus/content/repositories/snapshots/fr/inria/gforge/spoon/spoon-core/7.3.0/spoon-core-7.3.0.pom
Downloading from central: https://repo.maven.apache.org/maven2/fr/inria/gforge/spoon/spoon-core/7.3.0/spoon-core-7.3.0.pom
Progress (1): 2.7/6.7 kBProgress (1): 6.7 kB                        Downloaded from central: https://repo.maven.apache.org/maven2/fr/inria/gforge/spoon/spoon-core/7.3.0/spoon-core-7.3.0.pom (6.7 kB at 147 kB/s)
Downloading from ow2.org-snapshot: https://repository.ow2.org/nexus/content/repositories/snapshots/fr/inria/gforge/spoon/spoon-core/7.4.0-beta-09/spoon-core-7.4.0-beta-09.pom
Downloading from central: https://repo.maven.apache.org/maven2/fr/inria/gforge/spoon/spoon-core/7.4.0-beta-09/spoon-core-7.4.0-beta-09.pom
Progress (1): 4.1/6.6 kBProgress (1): 6.6 kB                        Downloaded from central: https://repo.maven.apache.org/maven2/fr/inria/gforge/spoon/spoon-core/7.4.0-beta-09/spoon-core-7.4.0-beta-09.pom (6.6 kB at 120 kB/s)
Downloading from ow2.org-snapshot: https://repository.ow2.org/nexus/content/repositories/snapshots/fr/inria/gforge/spoon/spoon-core/7.4.0-beta-10/spoon-core-7.4.0-beta-10.pom
Downloading from central: https://repo.maven.apache.org/maven2/fr/inria/gforge/spoon/spoon-core/7.4.0-beta-10/spoon-core-7.4.0-beta-10.pom
Progress (1): 4.1/6.6 kBProgress (1): 6.6 kB                        Downloaded from central: https://repo.maven.apache.org/maven2/fr/inria/gforge/spoon/spoon-core/7.4.0-beta-10/spoon-core-7.4.0-beta-10.pom (6.6 kB at 412 kB/s)
Downloading from ow2.org-snapshot: https://repository.ow2.org/nexus/content/repositories/snapshots/fr/inria/gforge/spoon/spoon-core/7.4.0-beta-11/spoon-core-7.4.0-beta-11.pom
Downloading from central: https://repo.maven.apache.org/maven2/fr/inria/gforge/spoon/spoon-core/7.4.0-beta-11/spoon-core-7.4.0-beta-11.pom
Progress (1): 4.1/6.6 kBProgress (1): 6.6 kB                        Downloaded from central: https://repo.maven.apache.org/maven2/fr/inria/gforge/spoon/spoon-core/7.4.0-beta-11/spoon-core-7.4.0-beta-11.pom (6.6 kB at 85 kB/s)
Downloading from ow2.org-snapshot: https://repository.ow2.org/nexus/content/repositories/snapshots/fr/inria/gforge/spoon/spoon-core/7.4.0-beta-12/spoon-core-7.4.0-beta-12.pom
Downloading from central: https://repo.maven.apache.org/maven2/fr/inria/gforge/spoon/spoon-core/7.4.0-beta-12/spoon-core-7.4.0-beta-12.pom
Progress (1): 4.1/6.6 kBProgress (1): 6.6 kB                        Downloaded from central: https://repo.maven.apache.org/maven2/fr/inria/gforge/spoon/spoon-core/7.4.0-beta-12/spoon-core-7.4.0-beta-12.pom (6.6 kB at 79 kB/s)
Downloading from ow2.org-snapshot: https://repository.ow2.org/nexus/content/repositories/snapshots/fr/inria/gforge/spoon/spoon-core/7.4.0-beta-13/spoon-core-7.4.0-beta-13.pom
Downloading from central: https://repo.maven.apache.org/maven2/fr/inria/gforge/spoon/spoon-core/7.4.0-beta-13/spoon-core-7.4.0-beta-13.pom
Progress (1): 4.1/6.6 kBProgress (1): 6.6 kB                        Downloaded from central: https://repo.maven.apache.org/maven2/fr/inria/gforge/spoon/spoon-core/7.4.0-beta-13/spoon-core-7.4.0-beta-13.pom (6.6 kB at 92 kB/s)
Downloading from ow2.org-snapshot: https://repository.ow2.org/nexus/content/repositories/snapshots/fr/inria/gforge/spoon/spoon-core/7.4.0-beta-14/spoon-core-7.4.0-beta-14.pom
Downloading from central: https://repo.maven.apache.org/maven2/fr/inria/gforge/spoon/spoon-core/7.4.0-beta-14/spoon-core-7.4.0-beta-14.pom
Progress (1): 4.1/6.6 kBProgress (1): 6.6 kB                        Downloaded from central: https://repo.maven.apache.org/maven2/fr/inria/gforge/spoon/spoon-core/7.4.0-beta-14/spoon-core-7.4.0-beta-14.pom (6.6 kB at 114 kB/s)
Downloading from ow2.org-snapshot: https://repository.ow2.org/nexus/content/repositories/snapshots/fr/inria/gforge/spoon/spoon-core/7.4.0-beta-15/spoon-core-7.4.0-beta-15.pom
Downloading from central: https://repo.maven.apache.org/maven2/fr/inria/gforge/spoon/spoon-core/7.4.0-beta-15/spoon-core-7.4.0-beta-15.pom
Progress (1): 4.1/6.6 kBProgress (1): 6.6 kB                        Downloaded from central: https://repo.maven.apache.org/maven2/fr/inria/gforge/spoon/spoon-core/7.4.0-beta-15/spoon-core-7.4.0-beta-15.pom (6.6 kB at 183 kB/s)
Downloading from ow2.org-snapshot: https://repository.ow2.org/nexus/content/repositories/snapshots/fr/inria/gforge/spoon/spoon-core/7.4.0-beta-16/spoon-core-7.4.0-beta-16.pom
Downloading from central: https://repo.maven.apache.org/maven2/fr/inria/gforge/spoon/spoon-core/7.4.0-beta-16/spoon-core-7.4.0-beta-16.pom
Progress (1): 4.1/6.6 kBProgress (1): 6.6 kB                        Downloaded from central: https://repo.maven.apache.org/maven2/fr/inria/gforge/spoon/spoon-core/7.4.0-beta-16/spoon-core-7.4.0-beta-16.pom (6.6 kB at 440 kB/s)
Downloading from ow2.org-snapshot: https://repository.ow2.org/nexus/content/repositories/snapshots/fr/inria/gforge/spoon/spoon-core/7.4.0-beta-17/spoon-core-7.4.0-beta-17.pom
Downloading from central: https://repo.maven.apache.org/maven2/fr/inria/gforge/spoon/spoon-core/7.4.0-beta-17/spoon-core-7.4.0-beta-17.pom
Progress (1): 4.1/6.6 kBProgress (1): 6.6 kB                        Downloaded from central: https://repo.maven.apache.org/maven2/fr/inria/gforge/spoon/spoon-core/7.4.0-beta-17/spoon-core-7.4.0-beta-17.pom (6.6 kB at 508 kB/s)
Downloading from ow2.org-snapshot: https://repository.ow2.org/nexus/content/repositories/snapshots/fr/inria/gforge/spoon/spoon-core/7.4.0-beta-18/spoon-core-7.4.0-beta-18.pom
Downloading from central: https://repo.maven.apache.org/maven2/fr/inria/gforge/spoon/spoon-core/7.4.0-beta-18/spoon-core-7.4.0-beta-18.pom
Progress (1): 4.1/6.6 kBProgress (1): 6.6 kB                        Downloaded from central: https://repo.maven.apache.org/maven2/fr/inria/gforge/spoon/spoon-core/7.4.0-beta-18/spoon-core-7.4.0-beta-18.pom (6.6 kB at 471 kB/s)
Downloading from ow2.org-snapshot: https://repository.ow2.org/nexus/content/repositories/snapshots/fr/inria/gforge/spoon/spoon-core/7.4.0-beta-19/spoon-core-7.4.0-beta-19.pom
Downloading from central: https://repo.maven.apache.org/maven2/fr/inria/gforge/spoon/spoon-core/7.4.0-beta-19/spoon-core-7.4.0-beta-19.pom
Progress (1): 4.1/6.6 kBProgress (1): 6.6 kB                        Downloaded from central: https://repo.maven.apache.org/maven2/fr/inria/gforge/spoon/spoon-core/7.4.0-beta-19/spoon-core-7.4.0-beta-19.pom (6.6 kB at 157 kB/s)
Downloading from ow2.org-snapshot: https://repository.ow2.org/nexus/content/repositories/snapshots/fr/inria/gforge/spoon/spoon-core/7.4.0-SNAPSHOT/maven-metadata.xml
Downloading from sonatype-nexus-snapshots: https://oss.sonatype.org/content/repositories/snapshots/fr/inria/gforge/spoon/spoon-core/7.4.0-SNAPSHOT/maven-metadata.xml
Downloading from maven.inria.fr-snapshot: http://maven.inria.fr/artifactory/spoon-public-snapshot/fr/inria/gforge/spoon/spoon-core/7.4.0-SNAPSHOT/maven-metadata.xml
Progress (1): 1.0 kB                    Downloaded from maven.inria.fr-snapshot: http://maven.inria.fr/artifactory/spoon-public-snapshot/fr/inria/gforge/spoon/spoon-core/7.4.0-SNAPSHOT/maven-metadata.xml (1.0 kB at 26 kB/s)
Downloading from ow2.org-snapshot: https://repository.ow2.org/nexus/content/repositories/snapshots/fr/inria/gforge/spoon/spoon-core/7.4.0-SNAPSHOT/spoon-core-7.4.0-20190510.045100-130.pom
Downloading from maven.inria.fr-snapshot: http://maven.inria.fr/artifactory/spoon-public-snapshot/fr/inria/gforge/spoon/spoon-core/7.4.0-SNAPSHOT/spoon-core-7.4.0-20190510.045100-130.pom
Progress (1): 4.1/6.8 kBProgress (1): 6.8 kB                        Downloaded from maven.inria.fr-snapshot: http://maven.inria.fr/artifactory/spoon-public-snapshot/fr/inria/gforge/spoon/spoon-core/7.4.0-SNAPSHOT/spoon-core-7.4.0-20190510.045100-130.pom (6.8 kB at 281 kB/s)
Downloading from ow2.org-snapshot: https://repository.ow2.org/nexus/content/repositories/snapshots/fr/inria/gforge/spoon/spoon-core/7.4.0/spoon-core-7.4.0.pom
Downloading from central: https://repo.maven.apache.org/maven2/fr/inria/gforge/spoon/spoon-core/7.4.0/spoon-core-7.4.0.pom
Progress (1): 4.1/6.6 kBProgress (1): 6.6 kB                        Downloaded from central: https://repo.maven.apache.org/maven2/fr/inria/gforge/spoon/spoon-core/7.4.0/spoon-core-7.4.0.pom (6.6 kB at 439 kB/s)
Downloading from ow2.org-snapshot: https://repository.ow2.org/nexus/content/repositories/snapshots/fr/inria/gforge/spoon/spoon-core/7.5.0-beta-1/spoon-core-7.5.0-beta-1.pom
Downloading from central: https://repo.maven.apache.org/maven2/fr/inria/gforge/spoon/spoon-core/7.5.0-beta-1/spoon-core-7.5.0-beta-1.pom
Progress (1): 4.1/6.6 kBProgress (1): 6.6 kB                        Downloaded from central: https://repo.maven.apache.org/maven2/fr/inria/gforge/spoon/spoon-core/7.5.0-beta-1/spoon-core-7.5.0-beta-1.pom (6.6 kB at 412 kB/s)
Downloading from ow2.org-snapshot: https://repository.ow2.org/nexus/content/repositories/snapshots/fr/inria/gforge/spoon/spoon-core/7.5.0-beta-2/spoon-core-7.5.0-beta-2.pom
Downloading from central: https://repo.maven.apache.org/maven2/fr/inria/gforge/spoon/spoon-core/7.5.0-beta-2/spoon-core-7.5.0-beta-2.pom
Progress (1): 4.1/6.6 kBProgress (1): 6.6 kB                        Downloaded from central: https://repo.maven.apache.org/maven2/fr/inria/gforge/spoon/spoon-core/7.5.0-beta-2/spoon-core-7.5.0-beta-2.pom (6.6 kB at 471 kB/s)
Downloading from ow2.org-snapshot: https://repository.ow2.org/nexus/content/repositories/snapshots/fr/inria/gforge/spoon/spoon-core/7.5.0-beta-3/spoon-core-7.5.0-beta-3.pom
Downloading from central: https://repo.maven.apache.org/maven2/fr/inria/gforge/spoon/spoon-core/7.5.0-beta-3/spoon-core-7.5.0-beta-3.pom
Progress (1): 4.1/6.6 kBProgress (1): 6.6 kB                        Downloaded from central: https://repo.maven.apache.org/maven2/fr/inria/gforge/spoon/spoon-core/7.5.0-beta-3/spoon-core-7.5.0-beta-3.pom (6.6 kB at 124 kB/s)
Downloading from ow2.org-snapshot: https://repository.ow2.org/nexus/content/repositories/snapshots/fr/inria/gforge/spoon/spoon-core/7.5.0-beta-4/spoon-core-7.5.0-beta-4.pom
Downloading from central: https://repo.maven.apache.org/maven2/fr/inria/gforge/spoon/spoon-core/7.5.0-beta-4/spoon-core-7.5.0-beta-4.pom
Progress (1): 4.1/6.6 kBProgress (1): 6.6 kB                        Downloaded from central: https://repo.maven.apache.org/maven2/fr/inria/gforge/spoon/spoon-core/7.5.0-beta-4/spoon-core-7.5.0-beta-4.pom (6.6 kB at 161 kB/s)
Downloading from ow2.org-snapshot: https://repository.ow2.org/nexus/content/repositories/snapshots/fr/inria/gforge/spoon/spoon-core/7.5.0-beta-5/spoon-core-7.5.0-beta-5.pom
Downloading from central: https://repo.maven.apache.org/maven2/fr/inria/gforge/spoon/spoon-core/7.5.0-beta-5/spoon-core-7.5.0-beta-5.pom
Progress (1): 4.1/6.6 kBProgress (1): 6.6 kB                        Downloaded from central: https://repo.maven.apache.org/maven2/fr/inria/gforge/spoon/spoon-core/7.5.0-beta-5/spoon-core-7.5.0-beta-5.pom (6.6 kB at 264 kB/s)
Downloading from ow2.org-snapshot: https://repository.ow2.org/nexus/content/repositories/snapshots/fr/inria/gforge/spoon/spoon-core/7.5.0-beta-6/spoon-core-7.5.0-beta-6.pom
Downloading from central: https://repo.maven.apache.org/maven2/fr/inria/gforge/spoon/spoon-core/7.5.0-beta-6/spoon-core-7.5.0-beta-6.pom
Progress (1): 4.1/6.6 kBProgress (1): 6.6 kB                        Downloaded from central: https://repo.maven.apache.org/maven2/fr/inria/gforge/spoon/spoon-core/7.5.0-beta-6/spoon-core-7.5.0-beta-6.pom (6.6 kB at 300 kB/s)
Downloading from ow2.org-snapshot: https://repository.ow2.org/nexus/content/repositories/snapshots/fr/inria/gforge/spoon/spoon-core/7.5.0-beta-7/spoon-core-7.5.0-beta-7.pom
Downloading from central: https://repo.maven.apache.org/maven2/fr/inria/gforge/spoon/spoon-core/7.5.0-beta-7/spoon-core-7.5.0-beta-7.pom
Progress (1): 4.1/6.6 kBProgress (1): 6.6 kB                        Downloaded from central: https://repo.maven.apache.org/maven2/fr/inria/gforge/spoon/spoon-core/7.5.0-beta-7/spoon-core-7.5.0-beta-7.pom (6.6 kB at 600 kB/s)
Downloading from ow2.org-snapshot: https://repository.ow2.org/nexus/content/repositories/snapshots/fr/inria/gforge/spoon/spoon-core/7.5.0-beta-8/spoon-core-7.5.0-beta-8.pom
Downloading from central: https://repo.maven.apache.org/maven2/fr/inria/gforge/spoon/spoon-core/7.5.0-beta-8/spoon-core-7.5.0-beta-8.pom
Progress (1): 4.1/6.6 kBProgress (1): 6.6 kB                        Downloaded from central: https://repo.maven.apache.org/maven2/fr/inria/gforge/spoon/spoon-core/7.5.0-beta-8/spoon-core-7.5.0-beta-8.pom (6.6 kB at 550 kB/s)
Downloading from ow2.org-snapshot: https://repository.ow2.org/nexus/content/repositories/snapshots/fr/inria/gforge/spoon/spoon-core/7.5.0-beta-9/spoon-core-7.5.0-beta-9.pom
Downloading from central: https://repo.maven.apache.org/maven2/fr/inria/gforge/spoon/spoon-core/7.5.0-beta-9/spoon-core-7.5.0-beta-9.pom
Progress (1): 4.1/6.6 kBProgress (1): 6.6 kB                        Downloaded from central: https://repo.maven.apache.org/maven2/fr/inria/gforge/spoon/spoon-core/7.5.0-beta-9/spoon-core-7.5.0-beta-9.pom (6.6 kB at 550 kB/s)
Downloading from ow2.org-snapshot: https://repository.ow2.org/nexus/content/repositories/snapshots/fr/inria/gforge/spoon/spoon-core/7.5.0-beta-20/spoon-core-7.5.0-beta-20.pom
Downloading from central: https://repo.maven.apache.org/maven2/fr/inria/gforge/spoon/spoon-core/7.5.0-beta-20/spoon-core-7.5.0-beta-20.pom
Progress (1): 4.1/6.6 kBProgress (1): 6.6 kB                        Downloaded from central: https://repo.maven.apache.org/maven2/fr/inria/gforge/spoon/spoon-core/7.5.0-beta-20/spoon-core-7.5.0-beta-20.pom (6.6 kB at 200 kB/s)
Downloading from ow2.org-snapshot: https://repository.ow2.org/nexus/content/repositories/snapshots/fr/inria/gforge/spoon/spoon-core/7.5.0-beta-21/spoon-core-7.5.0-beta-21.pom
Downloading from central: https://repo.maven.apache.org/maven2/fr/inria/gforge/spoon/spoon-core/7.5.0-beta-21/spoon-core-7.5.0-beta-21.pom
Progress (1): 4.1/6.6 kBProgress (1): 6.6 kB                        Downloaded from central: https://repo.maven.apache.org/maven2/fr/inria/gforge/spoon/spoon-core/7.5.0-beta-21/spoon-core-7.5.0-beta-21.pom (6.6 kB at 74 kB/s)
Downloading from ow2.org-snapshot: https://repository.ow2.org/nexus/content/repositories/snapshots/fr/inria/gforge/spoon/spoon-core/7.5.0-SNAPSHOT/maven-metadata.xml
Downloading from maven.inria.fr-snapshot: http://maven.inria.fr/artifactory/spoon-public-snapshot/fr/inria/gforge/spoon/spoon-core/7.5.0-SNAPSHOT/maven-metadata.xml
Downloading from sonatype-nexus-snapshots: https://oss.sonatype.org/content/repositories/snapshots/fr/inria/gforge/spoon/spoon-core/7.5.0-SNAPSHOT/maven-metadata.xml
Progress (1): 1.0 kB                    Downloaded from maven.inria.fr-snapshot: http://maven.inria.fr/artifactory/spoon-public-snapshot/fr/inria/gforge/spoon/spoon-core/7.5.0-SNAPSHOT/maven-metadata.xml (1.0 kB at 23 kB/s)
Downloading from ow2.org-snapshot: https://repository.ow2.org/nexus/content/repositories/snapshots/fr/inria/gforge/spoon/spoon-core/7.5.0-SNAPSHOT/spoon-core-7.5.0-20190727.224133-116.pom
Downloading from maven.inria.fr-snapshot: http://maven.inria.fr/artifactory/spoon-public-snapshot/fr/inria/gforge/spoon/spoon-core/7.5.0-SNAPSHOT/spoon-core-7.5.0-20190727.224133-116.pom
Progress (1): 4.1/6.8 kBProgress (1): 6.8 kB                        Downloaded from maven.inria.fr-snapshot: http://maven.inria.fr/artifactory/spoon-public-snapshot/fr/inria/gforge/spoon/spoon-core/7.5.0-SNAPSHOT/spoon-core-7.5.0-20190727.224133-116.pom (6.8 kB at 205 kB/s)
Downloading from ow2.org-snapshot: https://repository.ow2.org/nexus/content/repositories/snapshots/fr/inria/gforge/spoon/spoon-core/7.5.0/spoon-core-7.5.0.pom
Downloading from central: https://repo.maven.apache.org/maven2/fr/inria/gforge/spoon/spoon-core/7.5.0/spoon-core-7.5.0.pom
Progress (1): 4.1/6.6 kBProgress (1): 6.6 kB                        Downloaded from central: https://repo.maven.apache.org/maven2/fr/inria/gforge/spoon/spoon-core/7.5.0/spoon-core-7.5.0.pom (6.6 kB at 300 kB/s)
Downloading from ow2.org-snapshot: https://repository.ow2.org/nexus/content/repositories/snapshots/fr/inria/gforge/spoon/spoon-core/7.6.0-beta-1/spoon-core-7.6.0-beta-1.pom
Downloading from central: https://repo.maven.apache.org/maven2/fr/inria/gforge/spoon/spoon-core/7.6.0-beta-1/spoon-core-7.6.0-beta-1.pom
Progress (1): 4.1/6.6 kBProgress (1): 6.6 kB                        Downloaded from central: https://repo.maven.apache.org/maven2/fr/inria/gforge/spoon/spoon-core/7.6.0-beta-1/spoon-core-7.6.0-beta-1.pom (6.6 kB at 471 kB/s)
Downloading from ow2.org-snapshot: https://repository.ow2.org/nexus/content/repositories/snapshots/fr/inria/gforge/spoon/spoon-core/7.6.0-beta-2/spoon-core-7.6.0-beta-2.pom
Downloading from central: https://repo.maven.apache.org/maven2/fr/inria/gforge/spoon/spoon-core/7.6.0-beta-2/spoon-core-7.6.0-beta-2.pom
Progress (1): 4.1/6.6 kBProgress (1): 6.6 kB                        Downloaded from central: https://repo.maven.apache.org/maven2/fr/inria/gforge/spoon/spoon-core/7.6.0-beta-2/spoon-core-7.6.0-beta-2.pom (6.6 kB at 440 kB/s)
Downloading from ow2.org-snapshot: https://repository.ow2.org/nexus/content/repositories/snapshots/fr/inria/gforge/spoon/spoon-core/7.6.0-beta-3/spoon-core-7.6.0-beta-3.pom
Downloading from central: https://repo.maven.apache.org/maven2/fr/inria/gforge/spoon/spoon-core/7.6.0-beta-3/spoon-core-7.6.0-beta-3.pom
Progress (1): 4.1/6.6 kBProgress (1): 6.6 kB                        Downloaded from central: https://repo.maven.apache.org/maven2/fr/inria/gforge/spoon/spoon-core/7.6.0-beta-3/spoon-core-7.6.0-beta-3.pom (6.6 kB at 165 kB/s)
Downloading from ow2.org-snapshot: https://repository.ow2.org/nexus/content/repositories/snapshots/fr/inria/gforge/spoon/spoon-core/7.6.0-beta-4/spoon-core-7.6.0-beta-4.pom
Downloading from central: https://repo.maven.apache.org/maven2/fr/inria/gforge/spoon/spoon-core/7.6.0-beta-4/spoon-core-7.6.0-beta-4.pom
Progress (1): 4.1/6.6 kBProgress (1): 6.6 kB                        Downloaded from central: https://repo.maven.apache.org/maven2/fr/inria/gforge/spoon/spoon-core/7.6.0-beta-4/spoon-core-7.6.0-beta-4.pom (6.6 kB at 366 kB/s)
Downloading from ow2.org-snapshot: https://repository.ow2.org/nexus/content/repositories/snapshots/fr/inria/gforge/spoon/spoon-core/7.6.0-beta-5/spoon-core-7.6.0-beta-5.pom
Downloading from central: https://repo.maven.apache.org/maven2/fr/inria/gforge/spoon/spoon-core/7.6.0-beta-5/spoon-core-7.6.0-beta-5.pom
Progress (1): 4.1/6.1 kBProgress (1): 6.1 kB                        Downloaded from central: https://repo.maven.apache.org/maven2/fr/inria/gforge/spoon/spoon-core/7.6.0-beta-5/spoon-core-7.6.0-beta-5.pom (6.1 kB at 469 kB/s)
Downloading from ow2.org-snapshot: https://repository.ow2.org/nexus/content/repositories/snapshots/fr/inria/gforge/spoon/spoon-core/7.6.0-beta-6/spoon-core-7.6.0-beta-6.pom
Downloading from central: https://repo.maven.apache.org/maven2/fr/inria/gforge/spoon/spoon-core/7.6.0-beta-6/spoon-core-7.6.0-beta-6.pom
Progress (1): 4.1/6.1 kBProgress (1): 6.1 kB                        Downloaded from central: https://repo.maven.apache.org/maven2/fr/inria/gforge/spoon/spoon-core/7.6.0-beta-6/spoon-core-7.6.0-beta-6.pom (6.1 kB at 339 kB/s)
Downloading from ow2.org-snapshot: https://repository.ow2.org/nexus/content/repositories/snapshots/fr/inria/gforge/spoon/spoon-core/7.6.0-SNAPSHOT/maven-metadata.xml
Downloading from maven.inria.fr-snapshot: http://maven.inria.fr/artifactory/spoon-public-snapshot/fr/inria/gforge/spoon/spoon-core/7.6.0-SNAPSHOT/maven-metadata.xml
Downloading from sonatype-nexus-snapshots: https://oss.sonatype.org/content/repositories/snapshots/fr/inria/gforge/spoon/spoon-core/7.6.0-SNAPSHOT/maven-metadata.xml
Progress (1): 1.0 kB                    Downloaded from maven.inria.fr-snapshot: http://maven.inria.fr/artifactory/spoon-public-snapshot/fr/inria/gforge/spoon/spoon-core/7.6.0-SNAPSHOT/maven-metadata.xml (1.0 kB at 16 kB/s)
Downloading from ow2.org-snapshot: https://repository.ow2.org/nexus/content/repositories/snapshots/fr/inria/gforge/spoon/spoon-core/7.6.0-SNAPSHOT/spoon-core-7.6.0-20191029.234139-152.pom
Downloading from maven.inria.fr-snapshot: http://maven.inria.fr/artifactory/spoon-public-snapshot/fr/inria/gforge/spoon/spoon-core/7.6.0-SNAPSHOT/spoon-core-7.6.0-20191029.234139-152.pom
Progress (1): 4.1/6.3 kBProgress (1): 6.3 kB                        Downloaded from maven.inria.fr-snapshot: http://maven.inria.fr/artifactory/spoon-public-snapshot/fr/inria/gforge/spoon/spoon-core/7.6.0-SNAPSHOT/spoon-core-7.6.0-20191029.234139-152.pom (6.3 kB at 160 kB/s)
Downloading from ow2.org-snapshot: https://repository.ow2.org/nexus/content/repositories/snapshots/fr/inria/gforge/spoon/spoon-core/7.6.0/spoon-core-7.6.0.pom
Downloading from central: https://repo.maven.apache.org/maven2/fr/inria/gforge/spoon/spoon-core/7.6.0/spoon-core-7.6.0.pom
Progress (1): 4.1/6.1 kBProgress (1): 6.1 kB                        Downloaded from central: https://repo.maven.apache.org/maven2/fr/inria/gforge/spoon/spoon-core/7.6.0/spoon-core-7.6.0.pom (6.1 kB at 321 kB/s)
Downloading from ow2.org-snapshot: https://repository.ow2.org/nexus/content/repositories/snapshots/fr/inria/gforge/spoon/spoon-core/8.0.0-beta-1/spoon-core-8.0.0-beta-1.pom
Downloading from central: https://repo.maven.apache.org/maven2/fr/inria/gforge/spoon/spoon-core/8.0.0-beta-1/spoon-core-8.0.0-beta-1.pom
Progress (1): 4.1/6.1 kBProgress (1): 6.1 kB                        Downloaded from central: https://repo.maven.apache.org/maven2/fr/inria/gforge/spoon/spoon-core/8.0.0-beta-1/spoon-core-8.0.0-beta-1.pom (6.1 kB at 174 kB/s)
Downloading from ow2.org-snapshot: https://repository.ow2.org/nexus/content/repositories/snapshots/fr/inria/gforge/spoon/spoon-core/8.0.0-SNAPSHOT/maven-metadata.xml
Downloading from maven.inria.fr-snapshot: http://maven.inria.fr/artifactory/spoon-public-snapshot/fr/inria/gforge/spoon/spoon-core/8.0.0-SNAPSHOT/maven-metadata.xml
Downloading from sonatype-nexus-snapshots: https://oss.sonatype.org/content/repositories/snapshots/fr/inria/gforge/spoon/spoon-core/8.0.0-SNAPSHOT/maven-metadata.xml
Progress (1): 1.0 kB                    Downloaded from maven.inria.fr-snapshot: http://maven.inria.fr/artifactory/spoon-public-snapshot/fr/inria/gforge/spoon/spoon-core/8.0.0-SNAPSHOT/maven-metadata.xml (1.0 kB at 42 kB/s)
Downloading from ow2.org-snapshot: https://repository.ow2.org/nexus/content/repositories/snapshots/fr/inria/gforge/spoon/spoon-core/8.0.0-SNAPSHOT/spoon-core-8.0.0-20191105.234144-12.pom
Downloading from maven.inria.fr-snapshot: http://maven.inria.fr/artifactory/spoon-public-snapshot/fr/inria/gforge/spoon/spoon-core/8.0.0-SNAPSHOT/spoon-core-8.0.0-20191105.234144-12.pom
Progress (1): 4.1/6.3 kBProgress (1): 6.3 kB                        Downloaded from maven.inria.fr-snapshot: http://maven.inria.fr/artifactory/spoon-public-snapshot/fr/inria/gforge/spoon/spoon-core/8.0.0-SNAPSHOT/spoon-core-8.0.0-20191105.234144-12.pom (6.3 kB at 179 kB/s)
Downloading from ow2.org-snapshot: https://repository.ow2.org/nexus/content/repositories/snapshots/fr/inria/gforge/spoon/spoon-core/8.0.0/spoon-core-8.0.0.pom
Downloading from central: https://repo.maven.apache.org/maven2/fr/inria/gforge/spoon/spoon-core/8.0.0/spoon-core-8.0.0.pom
Progress (1): 4.1/6.1 kBProgress (1): 6.1 kB                        Downloaded from central: https://repo.maven.apache.org/maven2/fr/inria/gforge/spoon/spoon-core/8.0.0/spoon-core-8.0.0.pom (6.1 kB at 554 kB/s)
Downloading from ow2.org-snapshot: https://repository.ow2.org/nexus/content/repositories/snapshots/fr/inria/gforge/spoon/spoon-core/8.1.0-beta-1/spoon-core-8.1.0-beta-1.pom
Downloading from central: https://repo.maven.apache.org/maven2/fr/inria/gforge/spoon/spoon-core/8.1.0-beta-1/spoon-core-8.1.0-beta-1.pom
Progress (1): 4.1/6.1 kBProgress (1): 6.1 kB                        Downloaded from central: https://repo.maven.apache.org/maven2/fr/inria/gforge/spoon/spoon-core/8.1.0-beta-1/spoon-core-8.1.0-beta-1.pom (6.1 kB at 156 kB/s)
Downloading from ow2.org-snapshot: https://repository.ow2.org/nexus/content/repositories/snapshots/fr/inria/gforge/spoon/spoon-core/8.1.0-beta-2/spoon-core-8.1.0-beta-2.pom
Downloading from central: https://repo.maven.apache.org/maven2/fr/inria/gforge/spoon/spoon-core/8.1.0-beta-2/spoon-core-8.1.0-beta-2.pom
Progress (1): 4.1/6.1 kBProgress (1): 6.1 kB                        Downloaded from central: https://repo.maven.apache.org/maven2/fr/inria/gforge/spoon/spoon-core/8.1.0-beta-2/spoon-core-8.1.0-beta-2.pom (6.1 kB at 169 kB/s)
Downloading from ow2.org-snapshot: https://repository.ow2.org/nexus/content/repositories/snapshots/fr/inria/gforge/spoon/spoon-core/8.1.0-beta-3/spoon-core-8.1.0-beta-3.pom
Downloading from central: https://repo.maven.apache.org/maven2/fr/inria/gforge/spoon/spoon-core/8.1.0-beta-3/spoon-core-8.1.0-beta-3.pom
Progress (1): 4.1/6.9 kBProgress (1): 6.9 kB                        Downloaded from central: https://repo.maven.apache.org/maven2/fr/inria/gforge/spoon/spoon-core/8.1.0-beta-3/spoon-core-8.1.0-beta-3.pom (6.9 kB at 164 kB/s)
Downloading from ow2.org-snapshot: https://repository.ow2.org/nexus/content/repositories/snapshots/fr/inria/gforge/spoon/spoon-core/8.1.0-beta-4/spoon-core-8.1.0-beta-4.pom
Downloading from central: https://repo.maven.apache.org/maven2/fr/inria/gforge/spoon/spoon-core/8.1.0-beta-4/spoon-core-8.1.0-beta-4.pom
Progress (1): 4.1/6.9 kBProgress (1): 6.9 kB                        Downloaded from central: https://repo.maven.apache.org/maven2/fr/inria/gforge/spoon/spoon-core/8.1.0-beta-4/spoon-core-8.1.0-beta-4.pom (6.9 kB at 313 kB/s)
Downloading from ow2.org-snapshot: https://repository.ow2.org/nexus/content/repositories/snapshots/fr/inria/gforge/spoon/spoon-core/8.1.0-beta-5/spoon-core-8.1.0-beta-5.pom
Downloading from central: https://repo.maven.apache.org/maven2/fr/inria/gforge/spoon/spoon-core/8.1.0-beta-5/spoon-core-8.1.0-beta-5.pom
Progress (1): 4.1/6.9 kBProgress (1): 6.9 kB                        Downloaded from central: https://repo.maven.apache.org/maven2/fr/inria/gforge/spoon/spoon-core/8.1.0-beta-5/spoon-core-8.1.0-beta-5.pom (6.9 kB at 405 kB/s)
Downloading from ow2.org-snapshot: https://repository.ow2.org/nexus/content/repositories/snapshots/fr/inria/gforge/spoon/spoon-core/8.1.0-beta-6/spoon-core-8.1.0-beta-6.pom
Downloading from central: https://repo.maven.apache.org/maven2/fr/inria/gforge/spoon/spoon-core/8.1.0-beta-6/spoon-core-8.1.0-beta-6.pom
Progress (1): 4.1/6.9 kBProgress (1): 6.9 kB                        Downloaded from central: https://repo.maven.apache.org/maven2/fr/inria/gforge/spoon/spoon-core/8.1.0-beta-6/spoon-core-8.1.0-beta-6.pom (6.9 kB at 574 kB/s)
Downloading from ow2.org-snapshot: https://repository.ow2.org/nexus/content/repositories/snapshots/fr/inria/gforge/spoon/spoon-core/8.1.0-beta-7/spoon-core-8.1.0-beta-7.pom
Downloading from central: https://repo.maven.apache.org/maven2/fr/inria/gforge/spoon/spoon-core/8.1.0-beta-7/spoon-core-8.1.0-beta-7.pom
Progress (1): 4.1/6.9 kBProgress (1): 6.9 kB                        Downloaded from central: https://repo.maven.apache.org/maven2/fr/inria/gforge/spoon/spoon-core/8.1.0-beta-7/spoon-core-8.1.0-beta-7.pom (6.9 kB at 492 kB/s)
Downloading from ow2.org-snapshot: https://repository.ow2.org/nexus/content/repositories/snapshots/fr/inria/gforge/spoon/spoon-core/8.1.0-beta-8/spoon-core-8.1.0-beta-8.pom
Downloading from central: https://repo.maven.apache.org/maven2/fr/inria/gforge/spoon/spoon-core/8.1.0-beta-8/spoon-core-8.1.0-beta-8.pom
Progress (1): 4.1/6.9 kBProgress (1): 6.9 kB                        Downloaded from central: https://repo.maven.apache.org/maven2/fr/inria/gforge/spoon/spoon-core/8.1.0-beta-8/spoon-core-8.1.0-beta-8.pom (6.9 kB at 574 kB/s)
Downloading from ow2.org-snapshot: https://repository.ow2.org/nexus/content/repositories/snapshots/fr/inria/gforge/spoon/spoon-core/8.1.0-beta-9/spoon-core-8.1.0-beta-9.pom
Downloading from central: https://repo.maven.apache.org/maven2/fr/inria/gforge/spoon/spoon-core/8.1.0-beta-9/spoon-core-8.1.0-beta-9.pom
Progress (1): 4.1/6.9 kBProgress (1): 6.9 kB                        Downloaded from central: https://repo.maven.apache.org/maven2/fr/inria/gforge/spoon/spoon-core/8.1.0-beta-9/spoon-core-8.1.0-beta-9.pom (6.9 kB at 172 kB/s)
Downloading from ow2.org-snapshot: https://repository.ow2.org/nexus/content/repositories/snapshots/fr/inria/gforge/spoon/spoon-core/8.1.0-beta-10/spoon-core-8.1.0-beta-10.pom
Downloading from central: https://repo.maven.apache.org/maven2/fr/inria/gforge/spoon/spoon-core/8.1.0-beta-10/spoon-core-8.1.0-beta-10.pom
Progress (1): 4.1/6.9 kBProgress (1): 6.9 kB                        Downloaded from central: https://repo.maven.apache.org/maven2/fr/inria/gforge/spoon/spoon-core/8.1.0-beta-10/spoon-core-8.1.0-beta-10.pom (6.9 kB at 173 kB/s)
Downloading from ow2.org-snapshot: https://repository.ow2.org/nexus/content/repositories/snapshots/fr/inria/gforge/spoon/spoon-core/8.1.0-beta-11/spoon-core-8.1.0-beta-11.pom
Downloading from central: https://repo.maven.apache.org/maven2/fr/inria/gforge/spoon/spoon-core/8.1.0-beta-11/spoon-core-8.1.0-beta-11.pom
Progress (1): 4.1/6.9 kBProgress (1): 6.9 kB                        Downloaded from central: https://repo.maven.apache.org/maven2/fr/inria/gforge/spoon/spoon-core/8.1.0-beta-11/spoon-core-8.1.0-beta-11.pom (6.9 kB at 432 kB/s)
Downloading from ow2.org-snapshot: https://repository.ow2.org/nexus/content/repositories/snapshots/fr/inria/gforge/spoon/spoon-core/8.1.0-beta-12/spoon-core-8.1.0-beta-12.pom
Downloading from central: https://repo.maven.apache.org/maven2/fr/inria/gforge/spoon/spoon-core/8.1.0-beta-12/spoon-core-8.1.0-beta-12.pom
Progress (1): 4.1/7.1 kBProgress (1): 7.1 kB                        Downloaded from central: https://repo.maven.apache.org/maven2/fr/inria/gforge/spoon/spoon-core/8.1.0-beta-12/spoon-core-8.1.0-beta-12.pom (7.1 kB at 40 kB/s)
Downloading from ow2.org-snapshot: https://repository.ow2.org/nexus/content/repositories/snapshots/fr/inria/gforge/spoon/spoon-core/8.1.0-beta-13/spoon-core-8.1.0-beta-13.pom
Downloading from central: https://repo.maven.apache.org/maven2/fr/inria/gforge/spoon/spoon-core/8.1.0-beta-13/spoon-core-8.1.0-beta-13.pom
Progress (1): 4.1/7.3 kBProgress (1): 7.3 kB                        Downloaded from central: https://repo.maven.apache.org/maven2/fr/inria/gforge/spoon/spoon-core/8.1.0-beta-13/spoon-core-8.1.0-beta-13.pom (7.3 kB at 732 kB/s)
Downloading from ow2.org-snapshot: https://repository.ow2.org/nexus/content/repositories/snapshots/fr/inria/gforge/spoon/spoon-core/8.1.0-beta-14/spoon-core-8.1.0-beta-14.pom
Downloading from central: https://repo.maven.apache.org/maven2/fr/inria/gforge/spoon/spoon-core/8.1.0-beta-14/spoon-core-8.1.0-beta-14.pom
Progress (1): 4.1/7.3 kBProgress (1): 7.3 kB                        Downloaded from central: https://repo.maven.apache.org/maven2/fr/inria/gforge/spoon/spoon-core/8.1.0-beta-14/spoon-core-8.1.0-beta-14.pom (7.3 kB at 407 kB/s)
Downloading from ow2.org-snapshot: https://repository.ow2.org/nexus/content/repositories/snapshots/fr/inria/gforge/spoon/spoon-core/8.1.0-beta-15/spoon-core-8.1.0-beta-15.pom
Downloading from central: https://repo.maven.apache.org/maven2/fr/inria/gforge/spoon/spoon-core/8.1.0-beta-15/spoon-core-8.1.0-beta-15.pom
Progress (1): 4.1/7.3 kBProgress (1): 7.3 kB                        Downloaded from central: https://repo.maven.apache.org/maven2/fr/inria/gforge/spoon/spoon-core/8.1.0-beta-15/spoon-core-8.1.0-beta-15.pom (7.3 kB at 563 kB/s)
Downloading from ow2.org-snapshot: https://repository.ow2.org/nexus/content/repositories/snapshots/fr/inria/gforge/spoon/spoon-core/8.1.0-beta-16/spoon-core-8.1.0-beta-16.pom
Downloading from central: https://repo.maven.apache.org/maven2/fr/inria/gforge/spoon/spoon-core/8.1.0-beta-16/spoon-core-8.1.0-beta-16.pom
Progress (1): 4.1/7.3 kBProgress (1): 7.3 kB                        Downloaded from central: https://repo.maven.apache.org/maven2/fr/inria/gforge/spoon/spoon-core/8.1.0-beta-16/spoon-core-8.1.0-beta-16.pom (7.3 kB at 407 kB/s)
Downloading from ow2.org-snapshot: https://repository.ow2.org/nexus/content/repositories/snapshots/fr/inria/gforge/spoon/spoon-core/8.1.0-beta-17/spoon-core-8.1.0-beta-17.pom
Downloading from central: https://repo.maven.apache.org/maven2/fr/inria/gforge/spoon/spoon-core/8.1.0-beta-17/spoon-core-8.1.0-beta-17.pom
Progress (1): 4.1/7.3 kBProgress (1): 7.3 kB                        Downloaded from central: https://repo.maven.apache.org/maven2/fr/inria/gforge/spoon/spoon-core/8.1.0-beta-17/spoon-core-8.1.0-beta-17.pom (7.3 kB at 523 kB/s)
Downloading from ow2.org-snapshot: https://repository.ow2.org/nexus/content/repositories/snapshots/fr/inria/gforge/spoon/spoon-core/8.1.0-beta-18/spoon-core-8.1.0-beta-18.pom
Downloading from central: https://repo.maven.apache.org/maven2/fr/inria/gforge/spoon/spoon-core/8.1.0-beta-18/spoon-core-8.1.0-beta-18.pom
Progress (1): 4.1/7.5 kBProgress (1): 7.5 kB                        Downloaded from central: https://repo.maven.apache.org/maven2/fr/inria/gforge/spoon/spoon-core/8.1.0-beta-18/spoon-core-8.1.0-beta-18.pom (7.5 kB at 416 kB/s)
Downloading from ow2.org-snapshot: https://repository.ow2.org/nexus/content/repositories/snapshots/fr/inria/gforge/spoon/spoon-core/8.1.0-beta-19/spoon-core-8.1.0-beta-19.pom
Downloading from central: https://repo.maven.apache.org/maven2/fr/inria/gforge/spoon/spoon-core/8.1.0-beta-19/spoon-core-8.1.0-beta-19.pom
Progress (1): 4.1/7.5 kBProgress (1): 7.5 kB                        Downloaded from central: https://repo.maven.apache.org/maven2/fr/inria/gforge/spoon/spoon-core/8.1.0-beta-19/spoon-core-8.1.0-beta-19.pom (7.5 kB at 681 kB/s)
Downloading from ow2.org-snapshot: https://repository.ow2.org/nexus/content/repositories/snapshots/fr/inria/gforge/spoon/spoon-core/8.1.0-SNAPSHOT/maven-metadata.xml
Downloading from maven.inria.fr-snapshot: http://maven.inria.fr/artifactory/spoon-public-snapshot/fr/inria/gforge/spoon/spoon-core/8.1.0-SNAPSHOT/maven-metadata.xml
Downloading from sonatype-nexus-snapshots: https://oss.sonatype.org/content/repositories/snapshots/fr/inria/gforge/spoon/spoon-core/8.1.0-SNAPSHOT/maven-metadata.xml
Progress (1): 1.0 kB                    Downloaded from maven.inria.fr-snapshot: http://maven.inria.fr/artifactory/spoon-public-snapshot/fr/inria/gforge/spoon/spoon-core/8.1.0-SNAPSHOT/maven-metadata.xml (1.0 kB at 46 kB/s)
Progress (1): 1.0 kB                    Downloaded from ow2.org-snapshot: https://repository.ow2.org/nexus/content/repositories/snapshots/fr/inria/gforge/spoon/spoon-core/8.1.0-SNAPSHOT/maven-metadata.xml (1.0 kB at 19 kB/s)
Downloading from ow2.org-snapshot: https://repository.ow2.org/nexus/content/repositories/snapshots/fr/inria/gforge/spoon/spoon-core/8.1.0-SNAPSHOT/spoon-core-8.1.0-20200323.060424-201.pom
Downloading from maven.inria.fr-snapshot: http://maven.inria.fr/artifactory/spoon-public-snapshot/fr/inria/gforge/spoon/spoon-core/8.1.0-SNAPSHOT/spoon-core-8.1.0-20200323.060424-201.pom
Progress (1): 4.1/7.7 kBProgress (1): 7.4/7.7 kBProgress (1): 7.7 kB                        Downloaded from maven.inria.fr-snapshot: http://maven.inria.fr/artifactory/spoon-public-snapshot/fr/inria/gforge/spoon/spoon-core/8.1.0-SNAPSHOT/spoon-core-8.1.0-20200323.060424-201.pom (7.7 kB at 142 kB/s)
Downloading from ow2.org-snapshot: https://repository.ow2.org/nexus/content/repositories/snapshots/fr/inria/gforge/spoon/spoon-core/8.1.0/spoon-core-8.1.0.pom
Downloading from central: https://repo.maven.apache.org/maven2/fr/inria/gforge/spoon/spoon-core/8.1.0/spoon-core-8.1.0.pom
Progress (1): 4.1/7.5 kBProgress (1): 7.5 kB                        Downloaded from central: https://repo.maven.apache.org/maven2/fr/inria/gforge/spoon/spoon-core/8.1.0/spoon-core-8.1.0.pom (7.5 kB at 220 kB/s)
Downloading from ow2.org-snapshot: https://repository.ow2.org/nexus/content/repositories/snapshots/fr/inria/gforge/spoon/spoon-core/8.2.0-beta-1/spoon-core-8.2.0-beta-1.pom
Downloading from central: https://repo.maven.apache.org/maven2/fr/inria/gforge/spoon/spoon-core/8.2.0-beta-1/spoon-core-8.2.0-beta-1.pom
Progress (1): 4.1/7.5 kBProgress (1): 7.5 kB                        Downloaded from central: https://repo.maven.apache.org/maven2/fr/inria/gforge/spoon/spoon-core/8.2.0-beta-1/spoon-core-8.2.0-beta-1.pom (7.5 kB at 134 kB/s)
Downloading from ow2.org-snapshot: https://repository.ow2.org/nexus/content/repositories/snapshots/fr/inria/gforge/spoon/spoon-core/8.2.0-beta-2/spoon-core-8.2.0-beta-2.pom
Downloading from central: https://repo.maven.apache.org/maven2/fr/inria/gforge/spoon/spoon-core/8.2.0-beta-2/spoon-core-8.2.0-beta-2.pom
Progress (1): 4.1/7.5 kBProgress (1): 7.5 kB                        Downloaded from central: https://repo.maven.apache.org/maven2/fr/inria/gforge/spoon/spoon-core/8.2.0-beta-2/spoon-core-8.2.0-beta-2.pom (7.5 kB at 192 kB/s)
Downloading from ow2.org-snapshot: https://repository.ow2.org/nexus/content/repositories/snapshots/fr/inria/gforge/spoon/spoon-core/8.2.0-beta-3/spoon-core-8.2.0-beta-3.pom
Downloading from central: https://repo.maven.apache.org/maven2/fr/inria/gforge/spoon/spoon-core/8.2.0-beta-3/spoon-core-8.2.0-beta-3.pom
Progress (1): 4.1/7.5 kBProgress (1): 7.5 kB                        Downloaded from central: https://repo.maven.apache.org/maven2/fr/inria/gforge/spoon/spoon-core/8.2.0-beta-3/spoon-core-8.2.0-beta-3.pom (7.5 kB at 250 kB/s)
Downloading from ow2.org-snapshot: https://repository.ow2.org/nexus/content/repositories/snapshots/fr/inria/gforge/spoon/spoon-core/8.2.0-beta-4/spoon-core-8.2.0-beta-4.pom
Downloading from central: https://repo.maven.apache.org/maven2/fr/inria/gforge/spoon/spoon-core/8.2.0-beta-4/spoon-core-8.2.0-beta-4.pom
Progress (1): 4.1/7.5 kBProgress (1): 7.5 kB                        Downloaded from central: https://repo.maven.apache.org/maven2/fr/inria/gforge/spoon/spoon-core/8.2.0-beta-4/spoon-core-8.2.0-beta-4.pom (7.5 kB at 681 kB/s)
Downloading from ow2.org-snapshot: https://repository.ow2.org/nexus/content/repositories/snapshots/fr/inria/gforge/spoon/spoon-core/8.2.0-beta-5/spoon-core-8.2.0-beta-5.pom
Downloading from central: https://repo.maven.apache.org/maven2/fr/inria/gforge/spoon/spoon-core/8.2.0-beta-5/spoon-core-8.2.0-beta-5.pom
Progress (1): 4.1/7.5 kBProgress (1): 7.5 kB                        Downloaded from central: https://repo.maven.apache.org/maven2/fr/inria/gforge/spoon/spoon-core/8.2.0-beta-5/spoon-core-8.2.0-beta-5.pom (7.5 kB at 681 kB/s)
Downloading from ow2.org-snapshot: https://repository.ow2.org/nexus/content/repositories/snapshots/fr/inria/gforge/spoon/spoon-core/8.2.0-beta-6/spoon-core-8.2.0-beta-6.pom
Downloading from central: https://repo.maven.apache.org/maven2/fr/inria/gforge/spoon/spoon-core/8.2.0-beta-6/spoon-core-8.2.0-beta-6.pom
Progress (1): 4.1/7.8 kBProgress (1): 7.8 kB                        Downloaded from central: https://repo.maven.apache.org/maven2/fr/inria/gforge/spoon/spoon-core/8.2.0-beta-6/spoon-core-8.2.0-beta-6.pom (7.8 kB at 517 kB/s)
Downloading from ow2.org-snapshot: https://repository.ow2.org/nexus/content/repositories/snapshots/fr/inria/gforge/spoon/spoon-core/8.2.0-beta-7/spoon-core-8.2.0-beta-7.pom
Downloading from central: https://repo.maven.apache.org/maven2/fr/inria/gforge/spoon/spoon-core/8.2.0-beta-7/spoon-core-8.2.0-beta-7.pom
Progress (1): 4.1/7.8 kBProgress (1): 7.8 kB                        Downloaded from central: https://repo.maven.apache.org/maven2/fr/inria/gforge/spoon/spoon-core/8.2.0-beta-7/spoon-core-8.2.0-beta-7.pom (7.8 kB at 705 kB/s)
Downloading from ow2.org-snapshot: https://repository.ow2.org/nexus/content/repositories/snapshots/fr/inria/gforge/spoon/spoon-core/8.2.0-beta-8/spoon-core-8.2.0-beta-8.pom
Downloading from central: https://repo.maven.apache.org/maven2/fr/inria/gforge/spoon/spoon-core/8.2.0-beta-8/spoon-core-8.2.0-beta-8.pom
Progress (1): 4.1/7.8 kBProgress (1): 7.8 kB                        Downloaded from central: https://repo.maven.apache.org/maven2/fr/inria/gforge/spoon/spoon-core/8.2.0-beta-8/spoon-core-8.2.0-beta-8.pom (7.8 kB at 216 kB/s)
Downloading from ow2.org-snapshot: https://repository.ow2.org/nexus/content/repositories/snapshots/fr/inria/gforge/spoon/spoon-core/8.2.0-beta-9/spoon-core-8.2.0-beta-9.pom
Downloading from central: https://repo.maven.apache.org/maven2/fr/inria/gforge/spoon/spoon-core/8.2.0-beta-9/spoon-core-8.2.0-beta-9.pom
Progress (1): 4.1/7.8 kBProgress (1): 7.8 kB                        Downloaded from central: https://repo.maven.apache.org/maven2/fr/inria/gforge/spoon/spoon-core/8.2.0-beta-9/spoon-core-8.2.0-beta-9.pom (7.8 kB at 73 kB/s)
Downloading from ow2.org-snapshot: https://repository.ow2.org/nexus/content/repositories/snapshots/fr/inria/gforge/spoon/spoon-core/8.2.0-beta-10/spoon-core-8.2.0-beta-10.pom
Downloading from central: https://repo.maven.apache.org/maven2/fr/inria/gforge/spoon/spoon-core/8.2.0-beta-10/spoon-core-8.2.0-beta-10.pom
Progress (1): 4.1/7.8 kBProgress (1): 7.8 kB                        Downloaded from central: https://repo.maven.apache.org/maven2/fr/inria/gforge/spoon/spoon-core/8.2.0-beta-10/spoon-core-8.2.0-beta-10.pom (7.8 kB at 250 kB/s)
Downloading from ow2.org-snapshot: https://repository.ow2.org/nexus/content/repositories/snapshots/fr/inria/gforge/spoon/spoon-core/8.2.0-beta-11/spoon-core-8.2.0-beta-11.pom
Downloading from central: https://repo.maven.apache.org/maven2/fr/inria/gforge/spoon/spoon-core/8.2.0-beta-11/spoon-core-8.2.0-beta-11.pom
Progress (1): 4.1/7.8 kBProgress (1): 7.8 kB                        Downloaded from central: https://repo.maven.apache.org/maven2/fr/inria/gforge/spoon/spoon-core/8.2.0-beta-11/spoon-core-8.2.0-beta-11.pom (7.8 kB at 298 kB/s)
Downloading from ow2.org-snapshot: https://repository.ow2.org/nexus/content/repositories/snapshots/fr/inria/gforge/spoon/spoon-core/8.2.0-beta-12/spoon-core-8.2.0-beta-12.pom
Downloading from central: https://repo.maven.apache.org/maven2/fr/inria/gforge/spoon/spoon-core/8.2.0-beta-12/spoon-core-8.2.0-beta-12.pom
Progress (1): 4.1/7.8 kBProgress (1): 7.8 kB                        Downloaded from central: https://repo.maven.apache.org/maven2/fr/inria/gforge/spoon/spoon-core/8.2.0-beta-12/spoon-core-8.2.0-beta-12.pom (7.8 kB at 705 kB/s)
Downloading from ow2.org-snapshot: https://repository.ow2.org/nexus/content/repositories/snapshots/fr/inria/gforge/spoon/spoon-core/8.2.0-beta-13/spoon-core-8.2.0-beta-13.pom
Downloading from central: https://repo.maven.apache.org/maven2/fr/inria/gforge/spoon/spoon-core/8.2.0-beta-13/spoon-core-8.2.0-beta-13.pom
Progress (1): 4.1/7.8 kBProgress (1): 7.8 kB                        Downloaded from central: https://repo.maven.apache.org/maven2/fr/inria/gforge/spoon/spoon-core/8.2.0-beta-13/spoon-core-8.2.0-beta-13.pom (7.8 kB at 129 kB/s)
Downloading from ow2.org-snapshot: https://repository.ow2.org/nexus/content/repositories/snapshots/fr/inria/gforge/spoon/spoon-core/8.2.0-beta-14/spoon-core-8.2.0-beta-14.pom
Downloading from central: https://repo.maven.apache.org/maven2/fr/inria/gforge/spoon/spoon-core/8.2.0-beta-14/spoon-core-8.2.0-beta-14.pom
Progress (1): 4.1/7.8 kBProgress (1): 7.8 kB                        Downloaded from central: https://repo.maven.apache.org/maven2/fr/inria/gforge/spoon/spoon-core/8.2.0-beta-14/spoon-core-8.2.0-beta-14.pom (7.8 kB at 457 kB/s)
Downloading from ow2.org-snapshot: https://repository.ow2.org/nexus/content/repositories/snapshots/fr/inria/gforge/spoon/spoon-core/8.2.0-beta-15/spoon-core-8.2.0-beta-15.pom
Downloading from central: https://repo.maven.apache.org/maven2/fr/inria/gforge/spoon/spoon-core/8.2.0-beta-15/spoon-core-8.2.0-beta-15.pom
Progress (1): 4.1/7.8 kBProgress (1): 7.8 kB                        Downloaded from central: https://repo.maven.apache.org/maven2/fr/inria/gforge/spoon/spoon-core/8.2.0-beta-15/spoon-core-8.2.0-beta-15.pom (7.8 kB at 98 kB/s)
Downloading from ow2.org-snapshot: https://repository.ow2.org/nexus/content/repositories/snapshots/fr/inria/gforge/spoon/spoon-core/8.2.0-beta-16/spoon-core-8.2.0-beta-16.pom
Downloading from central: https://repo.maven.apache.org/maven2/fr/inria/gforge/spoon/spoon-core/8.2.0-beta-16/spoon-core-8.2.0-beta-16.pom
Progress (1): 4.1/7.8 kBProgress (1): 7.8 kB                        Downloaded from central: https://repo.maven.apache.org/maven2/fr/inria/gforge/spoon/spoon-core/8.2.0-beta-16/spoon-core-8.2.0-beta-16.pom (7.8 kB at 706 kB/s)
Downloading from ow2.org-snapshot: https://repository.ow2.org/nexus/content/repositories/snapshots/fr/inria/gforge/spoon/spoon-core/8.2.0-beta-17/spoon-core-8.2.0-beta-17.pom
Downloading from central: https://repo.maven.apache.org/maven2/fr/inria/gforge/spoon/spoon-core/8.2.0-beta-17/spoon-core-8.2.0-beta-17.pom
Progress (1): 4.1/7.4 kBProgress (1): 7.4 kB                        Downloaded from central: https://repo.maven.apache.org/maven2/fr/inria/gforge/spoon/spoon-core/8.2.0-beta-17/spoon-core-8.2.0-beta-17.pom (7.4 kB at 569 kB/s)
Downloading from ow2.org-snapshot: https://repository.ow2.org/nexus/content/repositories/snapshots/fr/inria/gforge/spoon/spoon-core/8.2.0-beta-18/spoon-core-8.2.0-beta-18.pom
Downloading from central: https://repo.maven.apache.org/maven2/fr/inria/gforge/spoon/spoon-core/8.2.0-beta-18/spoon-core-8.2.0-beta-18.pom
Progress (1): 4.1/7.4 kBProgress (1): 7.4 kB                        Downloaded from central: https://repo.maven.apache.org/maven2/fr/inria/gforge/spoon/spoon-core/8.2.0-beta-18/spoon-core-8.2.0-beta-18.pom (7.4 kB at 673 kB/s)
Downloading from ow2.org-snapshot: https://repository.ow2.org/nexus/content/repositories/snapshots/fr/inria/gforge/spoon/spoon-core/8.2.0-SNAPSHOT/maven-metadata.xml
Downloading from sonatype-nexus-snapshots: https://oss.sonatype.org/content/repositories/snapshots/fr/inria/gforge/spoon/spoon-core/8.2.0-SNAPSHOT/maven-metadata.xml
Downloading from maven.inria.fr-snapshot: http://maven.inria.fr/artifactory/spoon-public-snapshot/fr/inria/gforge/spoon/spoon-core/8.2.0-SNAPSHOT/maven-metadata.xml
Progress (1): 1.0 kB                    Downloaded from maven.inria.fr-snapshot: http://maven.inria.fr/artifactory/spoon-public-snapshot/fr/inria/gforge/spoon/spoon-core/8.2.0-SNAPSHOT/maven-metadata.xml (1.0 kB at 25 kB/s)
Downloading from ow2.org-snapshot: https://repository.ow2.org/nexus/content/repositories/snapshots/fr/inria/gforge/spoon/spoon-core/8.2.0-SNAPSHOT/spoon-core-8.2.0-20200727.224144-226.pom
Downloading from maven.inria.fr-snapshot: http://maven.inria.fr/artifactory/spoon-public-snapshot/fr/inria/gforge/spoon/spoon-core/8.2.0-SNAPSHOT/spoon-core-8.2.0-20200727.224144-226.pom
Progress (1): 4.1/7.6 kBProgress (1): 7.6 kB                        Downloaded from maven.inria.fr-snapshot: http://maven.inria.fr/artifactory/spoon-public-snapshot/fr/inria/gforge/spoon/spoon-core/8.2.0-SNAPSHOT/spoon-core-8.2.0-20200727.224144-226.pom (7.6 kB at 344 kB/s)
Downloading from ow2.org-snapshot: https://repository.ow2.org/nexus/content/repositories/snapshots/fr/inria/gforge/spoon/spoon-core/8.2.0/spoon-core-8.2.0.pom
Downloading from central: https://repo.maven.apache.org/maven2/fr/inria/gforge/spoon/spoon-core/8.2.0/spoon-core-8.2.0.pom
Progress (1): 4.1/7.4 kBProgress (1): 7.4 kB                        Downloaded from central: https://repo.maven.apache.org/maven2/fr/inria/gforge/spoon/spoon-core/8.2.0/spoon-core-8.2.0.pom (7.4 kB at 296 kB/s)
Downloading from ow2.org-snapshot: https://repository.ow2.org/nexus/content/repositories/snapshots/fr/inria/gforge/spoon/spoon-core/8.3.0-beta-1/spoon-core-8.3.0-beta-1.pom
Downloading from central: https://repo.maven.apache.org/maven2/fr/inria/gforge/spoon/spoon-core/8.3.0-beta-1/spoon-core-8.3.0-beta-1.pom
Progress (1): 4.1/7.4 kBProgress (1): 7.4 kB                        Downloaded from central: https://repo.maven.apache.org/maven2/fr/inria/gforge/spoon/spoon-core/8.3.0-beta-1/spoon-core-8.3.0-beta-1.pom (7.4 kB at 617 kB/s)
Downloading from ow2.org-snapshot: https://repository.ow2.org/nexus/content/repositories/snapshots/fr/inria/gforge/spoon/spoon-core/8.3.0-beta-2/spoon-core-8.3.0-beta-2.pom
Downloading from central: https://repo.maven.apache.org/maven2/fr/inria/gforge/spoon/spoon-core/8.3.0-beta-2/spoon-core-8.3.0-beta-2.pom
Progress (1): 4.1/7.4 kBProgress (1): 7.4 kB                        Downloaded from central: https://repo.maven.apache.org/maven2/fr/inria/gforge/spoon/spoon-core/8.3.0-beta-2/spoon-core-8.3.0-beta-2.pom (7.4 kB at 673 kB/s)
Downloading from ow2.org-snapshot: https://repository.ow2.org/nexus/content/repositories/snapshots/fr/inria/gforge/spoon/spoon-core/8.3.0-beta-3/spoon-core-8.3.0-beta-3.pom
Downloading from central: https://repo.maven.apache.org/maven2/fr/inria/gforge/spoon/spoon-core/8.3.0-beta-3/spoon-core-8.3.0-beta-3.pom
Progress (1): 4.1/7.4 kBProgress (1): 7.4 kB                        Downloaded from central: https://repo.maven.apache.org/maven2/fr/inria/gforge/spoon/spoon-core/8.3.0-beta-3/spoon-core-8.3.0-beta-3.pom (7.4 kB at 822 kB/s)
Downloading from ow2.org-snapshot: https://repository.ow2.org/nexus/content/repositories/snapshots/fr/inria/gforge/spoon/spoon-core/8.3.0-beta-4/spoon-core-8.3.0-beta-4.pom
Downloading from central: https://repo.maven.apache.org/maven2/fr/inria/gforge/spoon/spoon-core/8.3.0-beta-4/spoon-core-8.3.0-beta-4.pom
Progress (1): 4.1/7.4 kBProgress (1): 7.4 kB                        Downloaded from central: https://repo.maven.apache.org/maven2/fr/inria/gforge/spoon/spoon-core/8.3.0-beta-4/spoon-core-8.3.0-beta-4.pom (7.4 kB at 190 kB/s)
Downloading from ow2.org-snapshot: https://repository.ow2.org/nexus/content/repositories/snapshots/fr/inria/gforge/spoon/spoon-core/8.3.0-beta-5/spoon-core-8.3.0-beta-5.pom
Downloading from central: https://repo.maven.apache.org/maven2/fr/inria/gforge/spoon/spoon-core/8.3.0-beta-5/spoon-core-8.3.0-beta-5.pom
Progress (1): 4.1/7.4 kBProgress (1): 7.4 kB                        Downloaded from central: https://repo.maven.apache.org/maven2/fr/inria/gforge/spoon/spoon-core/8.3.0-beta-5/spoon-core-8.3.0-beta-5.pom (7.4 kB at 493 kB/s)
Downloading from ow2.org-snapshot: https://repository.ow2.org/nexus/content/repositories/snapshots/fr/inria/gforge/spoon/spoon-core/8.3.0-beta-6/spoon-core-8.3.0-beta-6.pom
Downloading from central: https://repo.maven.apache.org/maven2/fr/inria/gforge/spoon/spoon-core/8.3.0-beta-6/spoon-core-8.3.0-beta-6.pom
Progress (1): 4.1/7.4 kBProgress (1): 7.4 kB                        Downloaded from central: https://repo.maven.apache.org/maven2/fr/inria/gforge/spoon/spoon-core/8.3.0-beta-6/spoon-core-8.3.0-beta-6.pom (7.4 kB at 740 kB/s)
Downloading from ow2.org-snapshot: https://repository.ow2.org/nexus/content/repositories/snapshots/fr/inria/gforge/spoon/spoon-core/8.3.0-beta-7/spoon-core-8.3.0-beta-7.pom
Downloading from central: https://repo.maven.apache.org/maven2/fr/inria/gforge/spoon/spoon-core/8.3.0-beta-7/spoon-core-8.3.0-beta-7.pom
Progress (1): 4.1/7.4 kBProgress (1): 7.4 kB                        Downloaded from central: https://repo.maven.apache.org/maven2/fr/inria/gforge/spoon/spoon-core/8.3.0-beta-7/spoon-core-8.3.0-beta-7.pom (7.4 kB at 389 kB/s)
Downloading from ow2.org-snapshot: https://repository.ow2.org/nexus/content/repositories/snapshots/fr/inria/gforge/spoon/spoon-core/8.3.0-beta-8/spoon-core-8.3.0-beta-8.pom
Downloading from central: https://repo.maven.apache.org/maven2/fr/inria/gforge/spoon/spoon-core/8.3.0-beta-8/spoon-core-8.3.0-beta-8.pom
Progress (1): 4.1/8.2 kBProgress (1): 8.2 kB                        Downloaded from central: https://repo.maven.apache.org/maven2/fr/inria/gforge/spoon/spoon-core/8.3.0-beta-8/spoon-core-8.3.0-beta-8.pom (8.2 kB at 817 kB/s)
Downloading from ow2.org-snapshot: https://repository.ow2.org/nexus/content/repositories/snapshots/fr/inria/gforge/spoon/spoon-core/8.3.0-beta-9/spoon-core-8.3.0-beta-9.pom
Downloading from central: https://repo.maven.apache.org/maven2/fr/inria/gforge/spoon/spoon-core/8.3.0-beta-9/spoon-core-8.3.0-beta-9.pom
Progress (1): 4.1/8.2 kBProgress (1): 8.2 kB                        Downloaded from central: https://repo.maven.apache.org/maven2/fr/inria/gforge/spoon/spoon-core/8.3.0-beta-9/spoon-core-8.3.0-beta-9.pom (8.2 kB at 817 kB/s)
Downloading from ow2.org-snapshot: https://repository.ow2.org/nexus/content/repositories/snapshots/fr/inria/gforge/spoon/spoon-core/8.3.0-beta-10/spoon-core-8.3.0-beta-10.pom
Downloading from central: https://repo.maven.apache.org/maven2/fr/inria/gforge/spoon/spoon-core/8.3.0-beta-10/spoon-core-8.3.0-beta-10.pom
Progress (1): 4.1/8.3 kBProgress (1): 8.2/8.3 kBProgress (1): 8.3 kB                        Downloaded from central: https://repo.maven.apache.org/maven2/fr/inria/gforge/spoon/spoon-core/8.3.0-beta-10/spoon-core-8.3.0-beta-10.pom (8.3 kB at 751 kB/s)
Downloading from ow2.org-snapshot: https://repository.ow2.org/nexus/content/repositories/snapshots/fr/inria/gforge/spoon/spoon-core/8.3.0-beta-11/spoon-core-8.3.0-beta-11.pom
Downloading from central: https://repo.maven.apache.org/maven2/fr/inria/gforge/spoon/spoon-core/8.3.0-beta-11/spoon-core-8.3.0-beta-11.pom
Progress (1): 4.1/8.3 kBProgress (1): 8.2/8.3 kBProgress (1): 8.3 kB                        Downloaded from central: https://repo.maven.apache.org/maven2/fr/inria/gforge/spoon/spoon-core/8.3.0-beta-11/spoon-core-8.3.0-beta-11.pom (8.3 kB at 826 kB/s)
Downloading from ow2.org-snapshot: https://repository.ow2.org/nexus/content/repositories/snapshots/fr/inria/gforge/spoon/spoon-core/8.3.0-beta-12/spoon-core-8.3.0-beta-12.pom
Downloading from central: https://repo.maven.apache.org/maven2/fr/inria/gforge/spoon/spoon-core/8.3.0-beta-12/spoon-core-8.3.0-beta-12.pom
Progress (1): 4.1/8.3 kBProgress (1): 8.2/8.3 kBProgress (1): 8.3 kB                        Downloaded from central: https://repo.maven.apache.org/maven2/fr/inria/gforge/spoon/spoon-core/8.3.0-beta-12/spoon-core-8.3.0-beta-12.pom (8.3 kB at 826 kB/s)
Downloading from ow2.org-snapshot: https://repository.ow2.org/nexus/content/repositories/snapshots/fr/inria/gforge/spoon/spoon-core/8.3.0-beta-13/spoon-core-8.3.0-beta-13.pom
Downloading from central: https://repo.maven.apache.org/maven2/fr/inria/gforge/spoon/spoon-core/8.3.0-beta-13/spoon-core-8.3.0-beta-13.pom
Progress (1): 4.1/9.4 kBProgress (1): 8.2/9.4 kBProgress (1): 9.4 kB                        Downloaded from central: https://repo.maven.apache.org/maven2/fr/inria/gforge/spoon/spoon-core/8.3.0-beta-13/spoon-core-8.3.0-beta-13.pom (9.4 kB at 408 kB/s)
Downloading from ow2.org-snapshot: https://repository.ow2.org/nexus/content/repositories/snapshots/fr/inria/gforge/spoon/spoon-core/8.3.0-SNAPSHOT/maven-metadata.xml
Downloading from maven.inria.fr-snapshot: http://maven.inria.fr/artifactory/spoon-public-snapshot/fr/inria/gforge/spoon/spoon-core/8.3.0-SNAPSHOT/maven-metadata.xml
Downloading from sonatype-nexus-snapshots: https://oss.sonatype.org/content/repositories/snapshots/fr/inria/gforge/spoon/spoon-core/8.3.0-SNAPSHOT/maven-metadata.xml
Progress (1): 1.0 kB                    Downloaded from maven.inria.fr-snapshot: http://maven.inria.fr/artifactory/spoon-public-snapshot/fr/inria/gforge/spoon/spoon-core/8.3.0-SNAPSHOT/maven-metadata.xml (1.0 kB at 46 kB/s)
Progress (1): 1.0 kB                    Downloaded from ow2.org-snapshot: https://repository.ow2.org/nexus/content/repositories/snapshots/fr/inria/gforge/spoon/spoon-core/8.3.0-SNAPSHOT/maven-metadata.xml (1.0 kB at 16 kB/s)
Downloading from ow2.org-snapshot: https://repository.ow2.org/nexus/content/repositories/snapshots/fr/inria/gforge/spoon/spoon-core/8.3.0-SNAPSHOT/spoon-core-8.3.0-20201019.214442-4.pom
Progress (1): 4.1 kBProgress (1): 8.2 kBProgress (1): 9.8 kB                    Downloaded from ow2.org-snapshot: https://repository.ow2.org/nexus/content/repositories/snapshots/fr/inria/gforge/spoon/spoon-core/8.3.0-SNAPSHOT/spoon-core-8.3.0-20201019.214442-4.pom (9.8 kB at 306 kB/s)
Downloading from ow2.org-snapshot: https://repository.ow2.org/nexus/content/repositories/snapshots/fr/inria/gforge/spoon/spoon-core/8.3.0/spoon-core-8.3.0.pom
Downloading from central: https://repo.maven.apache.org/maven2/fr/inria/gforge/spoon/spoon-core/8.3.0/spoon-core-8.3.0.pom
Progress (1): 4.1/9.4 kBProgress (1): 8.2/9.4 kBProgress (1): 9.4 kB                        Downloaded from central: https://repo.maven.apache.org/maven2/fr/inria/gforge/spoon/spoon-core/8.3.0/spoon-core-8.3.0.pom (9.4 kB at 780 kB/s)
Downloading from ow2.org-snapshot: https://repository.ow2.org/nexus/content/repositories/snapshots/fr/inria/gforge/spoon/spoon-core/8.4.0-beta-1/spoon-core-8.4.0-beta-1.pom
Downloading from central: https://repo.maven.apache.org/maven2/fr/inria/gforge/spoon/spoon-core/8.4.0-beta-1/spoon-core-8.4.0-beta-1.pom
Progress (1): 4.1/9.4 kBProgress (1): 8.2/9.4 kBProgress (1): 9.4 kB                        Downloaded from central: https://repo.maven.apache.org/maven2/fr/inria/gforge/spoon/spoon-core/8.4.0-beta-1/spoon-core-8.4.0-beta-1.pom (9.4 kB at 407 kB/s)
Downloading from ow2.org-snapshot: https://repository.ow2.org/nexus/content/repositories/snapshots/fr/inria/gforge/spoon/spoon-core/8.4.0-beta-2/spoon-core-8.4.0-beta-2.pom
Downloading from central: https://repo.maven.apache.org/maven2/fr/inria/gforge/spoon/spoon-core/8.4.0-beta-2/spoon-core-8.4.0-beta-2.pom
Progress (1): 4.1/9.4 kBProgress (1): 8.2/9.4 kBProgress (1): 9.4 kB                        Downloaded from central: https://repo.maven.apache.org/maven2/fr/inria/gforge/spoon/spoon-core/8.4.0-beta-2/spoon-core-8.4.0-beta-2.pom (9.4 kB at 521 kB/s)
Downloading from ow2.org-snapshot: https://repository.ow2.org/nexus/content/repositories/snapshots/fr/inria/gforge/spoon/spoon-core/8.4.0-beta-3/spoon-core-8.4.0-beta-3.pom
Downloading from central: https://repo.maven.apache.org/maven2/fr/inria/gforge/spoon/spoon-core/8.4.0-beta-3/spoon-core-8.4.0-beta-3.pom
Progress (1): 4.1/9.5 kBProgress (1): 8.2/9.5 kBProgress (1): 9.5 kB                        Downloaded from central: https://repo.maven.apache.org/maven2/fr/inria/gforge/spoon/spoon-core/8.4.0-beta-3/spoon-core-8.4.0-beta-3.pom (9.5 kB at 158 kB/s)
Downloading from ow2.org-snapshot: https://repository.ow2.org/nexus/content/repositories/snapshots/fr/inria/gforge/spoon/spoon-core/8.4.0-beta-4/spoon-core-8.4.0-beta-4.pom
Downloading from central: https://repo.maven.apache.org/maven2/fr/inria/gforge/spoon/spoon-core/8.4.0-beta-4/spoon-core-8.4.0-beta-4.pom
Progress (1): 4.1/9.5 kBProgress (1): 8.2/9.5 kBProgress (1): 9.5 kB                        Downloaded from central: https://repo.maven.apache.org/maven2/fr/inria/gforge/spoon/spoon-core/8.4.0-beta-4/spoon-core-8.4.0-beta-4.pom (9.5 kB at 130 kB/s)
Downloading from ow2.org-snapshot: https://repository.ow2.org/nexus/content/repositories/snapshots/fr/inria/gforge/spoon/spoon-core/8.4.0-beta-5/spoon-core-8.4.0-beta-5.pom
Downloading from central: https://repo.maven.apache.org/maven2/fr/inria/gforge/spoon/spoon-core/8.4.0-beta-5/spoon-core-8.4.0-beta-5.pom
Progress (1): 4.1/9.5 kBProgress (1): 8.2/9.5 kBProgress (1): 9.5 kB                        Downloaded from central: https://repo.maven.apache.org/maven2/fr/inria/gforge/spoon/spoon-core/8.4.0-beta-5/spoon-core-8.4.0-beta-5.pom (9.5 kB at 729 kB/s)
Downloading from ow2.org-snapshot: https://repository.ow2.org/nexus/content/repositories/snapshots/fr/inria/gforge/spoon/spoon-core/8.4.0-beta-6/spoon-core-8.4.0-beta-6.pom
Downloading from central: https://repo.maven.apache.org/maven2/fr/inria/gforge/spoon/spoon-core/8.4.0-beta-6/spoon-core-8.4.0-beta-6.pom
Progress (1): 4.1/9.5 kBProgress (1): 8.2/9.5 kBProgress (1): 9.5 kB                        Downloaded from central: https://repo.maven.apache.org/maven2/fr/inria/gforge/spoon/spoon-core/8.4.0-beta-6/spoon-core-8.4.0-beta-6.pom (9.5 kB at 948 kB/s)
Downloading from ow2.org-snapshot: https://repository.ow2.org/nexus/content/repositories/snapshots/fr/inria/gforge/spoon/spoon-core/8.4.0-beta-7/spoon-core-8.4.0-beta-7.pom
Downloading from central: https://repo.maven.apache.org/maven2/fr/inria/gforge/spoon/spoon-core/8.4.0-beta-7/spoon-core-8.4.0-beta-7.pom
Progress (1): 4.1/9.5 kBProgress (1): 8.2/9.5 kBProgress (1): 9.5 kB                        Downloaded from central: https://repo.maven.apache.org/maven2/fr/inria/gforge/spoon/spoon-core/8.4.0-beta-7/spoon-core-8.4.0-beta-7.pom (9.5 kB at 632 kB/s)
Downloading from ow2.org-snapshot: https://repository.ow2.org/nexus/content/repositories/snapshots/fr/inria/gforge/spoon/spoon-core/8.4.0-beta-8/spoon-core-8.4.0-beta-8.pom
Downloading from central: https://repo.maven.apache.org/maven2/fr/inria/gforge/spoon/spoon-core/8.4.0-beta-8/spoon-core-8.4.0-beta-8.pom
Progress (1): 4.1/9.5 kBProgress (1): 8.2/9.5 kBProgress (1): 9.5 kB                        Downloaded from central: https://repo.maven.apache.org/maven2/fr/inria/gforge/spoon/spoon-core/8.4.0-beta-8/spoon-core-8.4.0-beta-8.pom (9.5 kB at 499 kB/s)
Downloading from ow2.org-snapshot: https://repository.ow2.org/nexus/content/repositories/snapshots/fr/inria/gforge/spoon/spoon-core/8.4.0-beta-9/spoon-core-8.4.0-beta-9.pom
Downloading from central: https://repo.maven.apache.org/maven2/fr/inria/gforge/spoon/spoon-core/8.4.0-beta-9/spoon-core-8.4.0-beta-9.pom
Progress (1): 4.1/9.5 kBProgress (1): 8.2/9.5 kBProgress (1): 9.5 kB                        Downloaded from central: https://repo.maven.apache.org/maven2/fr/inria/gforge/spoon/spoon-core/8.4.0-beta-9/spoon-core-8.4.0-beta-9.pom (9.5 kB at 729 kB/s)
Downloading from ow2.org-snapshot: https://repository.ow2.org/nexus/content/repositories/snapshots/fr/inria/gforge/spoon/spoon-core/8.4.0-beta-10/spoon-core-8.4.0-beta-10.pom
Downloading from central: https://repo.maven.apache.org/maven2/fr/inria/gforge/spoon/spoon-core/8.4.0-beta-10/spoon-core-8.4.0-beta-10.pom
Progress (1): 4.1/9.5 kBProgress (1): 8.2/9.5 kBProgress (1): 9.5 kB                        Downloaded from central: https://repo.maven.apache.org/maven2/fr/inria/gforge/spoon/spoon-core/8.4.0-beta-10/spoon-core-8.4.0-beta-10.pom (9.5 kB at 790 kB/s)
Downloading from ow2.org-snapshot: https://repository.ow2.org/nexus/content/repositories/snapshots/fr/inria/gforge/spoon/spoon-core/8.4.0-beta-11/spoon-core-8.4.0-beta-11.pom
Downloading from central: https://repo.maven.apache.org/maven2/fr/inria/gforge/spoon/spoon-core/8.4.0-beta-11/spoon-core-8.4.0-beta-11.pom
Progress (1): 4.1/10 kBProgress (1): 8.2/10 kBProgress (1): 10 kB                       Downloaded from central: https://repo.maven.apache.org/maven2/fr/inria/gforge/spoon/spoon-core/8.4.0-beta-11/spoon-core-8.4.0-beta-11.pom (10 kB at 375 kB/s)
Downloading from ow2.org-snapshot: https://repository.ow2.org/nexus/content/repositories/snapshots/fr/inria/gforge/spoon/spoon-core/8.4.0-beta-12/spoon-core-8.4.0-beta-12.pom
Downloading from central: https://repo.maven.apache.org/maven2/fr/inria/gforge/spoon/spoon-core/8.4.0-beta-12/spoon-core-8.4.0-beta-12.pom
Progress (1): 4.1/10.0 kBProgress (1): 8.2/10.0 kBProgress (1): 10.0 kB                         Downloaded from central: https://repo.maven.apache.org/maven2/fr/inria/gforge/spoon/spoon-core/8.4.0-beta-12/spoon-core-8.4.0-beta-12.pom (10.0 kB at 82 kB/s)
Downloading from ow2.org-snapshot: https://repository.ow2.org/nexus/content/repositories/snapshots/fr/inria/gforge/spoon/spoon-core/8.4.0-beta-13/spoon-core-8.4.0-beta-13.pom
Downloading from central: https://repo.maven.apache.org/maven2/fr/inria/gforge/spoon/spoon-core/8.4.0-beta-13/spoon-core-8.4.0-beta-13.pom
Progress (1): 4.1/10.0 kBProgress (1): 8.2/10.0 kBProgress (1): 10.0 kB                         Downloaded from central: https://repo.maven.apache.org/maven2/fr/inria/gforge/spoon/spoon-core/8.4.0-beta-13/spoon-core-8.4.0-beta-13.pom (10.0 kB at 766 kB/s)
Downloading from ow2.org-snapshot: https://repository.ow2.org/nexus/content/repositories/snapshots/fr/inria/gforge/spoon/spoon-core/8.4.0-beta-14/spoon-core-8.4.0-beta-14.pom
Downloading from central: https://repo.maven.apache.org/maven2/fr/inria/gforge/spoon/spoon-core/8.4.0-beta-14/spoon-core-8.4.0-beta-14.pom
Progress (1): 4.1/10.0 kBProgress (1): 8.2/10.0 kBProgress (1): 10.0 kB                         Downloaded from central: https://repo.maven.apache.org/maven2/fr/inria/gforge/spoon/spoon-core/8.4.0-beta-14/spoon-core-8.4.0-beta-14.pom (10.0 kB at 766 kB/s)
Downloading from ow2.org-snapshot: https://repository.ow2.org/nexus/content/repositories/snapshots/fr/inria/gforge/spoon/spoon-core/8.4.0-beta-15/spoon-core-8.4.0-beta-15.pom
Downloading from central: https://repo.maven.apache.org/maven2/fr/inria/gforge/spoon/spoon-core/8.4.0-beta-15/spoon-core-8.4.0-beta-15.pom
Progress (1): 4.1/10.0 kBProgress (1): 8.2/10.0 kBProgress (1): 10.0 kB                         Downloaded from central: https://repo.maven.apache.org/maven2/fr/inria/gforge/spoon/spoon-core/8.4.0-beta-15/spoon-core-8.4.0-beta-15.pom (10.0 kB at 766 kB/s)
Downloading from ow2.org-snapshot: https://repository.ow2.org/nexus/content/repositories/snapshots/fr/inria/gforge/spoon/spoon-core/8.4.0-beta-16/spoon-core-8.4.0-beta-16.pom
Downloading from central: https://repo.maven.apache.org/maven2/fr/inria/gforge/spoon/spoon-core/8.4.0-beta-16/spoon-core-8.4.0-beta-16.pom
Progress (1): 4.1/10.0 kBProgress (1): 8.2/10.0 kBProgress (1): 10.0 kB                         Downloaded from central: https://repo.maven.apache.org/maven2/fr/inria/gforge/spoon/spoon-core/8.4.0-beta-16/spoon-core-8.4.0-beta-16.pom (10.0 kB at 474 kB/s)
Downloading from ow2.org-snapshot: https://repository.ow2.org/nexus/content/repositories/snapshots/fr/inria/gforge/spoon/spoon-core/8.4.0-beta-17/spoon-core-8.4.0-beta-17.pom
Downloading from central: https://repo.maven.apache.org/maven2/fr/inria/gforge/spoon/spoon-core/8.4.0-beta-17/spoon-core-8.4.0-beta-17.pom
Progress (1): 4.1/10.0 kBProgress (1): 8.2/10.0 kBProgress (1): 10.0 kB                         Downloaded from central: https://repo.maven.apache.org/maven2/fr/inria/gforge/spoon/spoon-core/8.4.0-beta-17/spoon-core-8.4.0-beta-17.pom (10.0 kB at 830 kB/s)
Downloading from ow2.org-snapshot: https://repository.ow2.org/nexus/content/repositories/snapshots/fr/inria/gforge/spoon/spoon-core/8.4.0-beta-18/spoon-core-8.4.0-beta-18.pom
Downloading from central: https://repo.maven.apache.org/maven2/fr/inria/gforge/spoon/spoon-core/8.4.0-beta-18/spoon-core-8.4.0-beta-18.pom
Progress (1): 4.1/10.0 kBProgress (1): 8.2/10.0 kBProgress (1): 10.0 kB                         Downloaded from central: https://repo.maven.apache.org/maven2/fr/inria/gforge/spoon/spoon-core/8.4.0-beta-18/spoon-core-8.4.0-beta-18.pom (10.0 kB at 112 kB/s)
Downloading from ow2.org-snapshot: https://repository.ow2.org/nexus/content/repositories/snapshots/fr/inria/gforge/spoon/spoon-core/8.4.0-SNAPSHOT/maven-metadata.xml
Downloading from maven.inria.fr-snapshot: http://maven.inria.fr/artifactory/spoon-public-snapshot/fr/inria/gforge/spoon/spoon-core/8.4.0-SNAPSHOT/maven-metadata.xml
Downloading from sonatype-nexus-snapshots: https://oss.sonatype.org/content/repositories/snapshots/fr/inria/gforge/spoon/spoon-core/8.4.0-SNAPSHOT/maven-metadata.xml
Progress (1): 1.0 kB                    Downloaded from ow2.org-snapshot: https://repository.ow2.org/nexus/content/repositories/snapshots/fr/inria/gforge/spoon/spoon-core/8.4.0-SNAPSHOT/maven-metadata.xml (1.0 kB at 15 kB/s)
Downloading from ow2.org-snapshot: https://repository.ow2.org/nexus/content/repositories/snapshots/fr/inria/gforge/spoon/spoon-core/8.4.0-SNAPSHOT/spoon-core-8.4.0-20210316.100102-233.pom
Progress (1): 4.1 kBProgress (1): 8.2 kBProgress (1): 10 kB                    Downloaded from ow2.org-snapshot: https://repository.ow2.org/nexus/content/repositories/snapshots/fr/inria/gforge/spoon/spoon-core/8.4.0-SNAPSHOT/spoon-core-8.4.0-20210316.100102-233.pom (10 kB at 193 kB/s)
Downloading from ow2.org-snapshot: https://repository.ow2.org/nexus/content/repositories/snapshots/fr/inria/gforge/spoon/spoon-core/8.4.0/spoon-core-8.4.0.pom
Downloading from central: https://repo.maven.apache.org/maven2/fr/inria/gforge/spoon/spoon-core/8.4.0/spoon-core-8.4.0.pom
Progress (1): 4.1/11 kBProgress (1): 8.2/11 kBProgress (1): 11 kB                       Downloaded from central: https://repo.maven.apache.org/maven2/fr/inria/gforge/spoon/spoon-core/8.4.0/spoon-core-8.4.0.pom (11 kB at 220 kB/s)
Downloading from ow2.org-snapshot: https://repository.ow2.org/nexus/content/repositories/snapshots/fr/inria/gforge/spoon/spoon-core/9.0.0/spoon-core-9.0.0.pom
Downloading from central: https://repo.maven.apache.org/maven2/fr/inria/gforge/spoon/spoon-core/9.0.0/spoon-core-9.0.0.pom
Progress (1): 4.1/11 kBProgress (1): 8.2/11 kBProgress (1): 11 kB                       Downloaded from central: https://repo.maven.apache.org/maven2/fr/inria/gforge/spoon/spoon-core/9.0.0/spoon-core-9.0.0.pom (11 kB at 97 kB/s)
Downloading from ow2.org-snapshot: https://repository.ow2.org/nexus/content/repositories/snapshots/fr/inria/gforge/spoon/spoon-core/9.1.0-beta-1/spoon-core-9.1.0-beta-1.pom
Downloading from central: https://repo.maven.apache.org/maven2/fr/inria/gforge/spoon/spoon-core/9.1.0-beta-1/spoon-core-9.1.0-beta-1.pom
Progress (1): 4.1/11 kBProgress (1): 8.2/11 kBProgress (1): 11 kB                       Downloaded from central: https://repo.maven.apache.org/maven2/fr/inria/gforge/spoon/spoon-core/9.1.0-beta-1/spoon-core-9.1.0-beta-1.pom (11 kB at 179 kB/s)
Downloading from ow2.org-snapshot: https://repository.ow2.org/nexus/content/repositories/snapshots/fr/inria/gforge/spoon/spoon-core/9.1.0-beta-2/spoon-core-9.1.0-beta-2.pom
Downloading from central: https://repo.maven.apache.org/maven2/fr/inria/gforge/spoon/spoon-core/9.1.0-beta-2/spoon-core-9.1.0-beta-2.pom
Progress (1): 4.1/11 kBProgress (1): 8.2/11 kBProgress (1): 11 kB                       Downloaded from central: https://repo.maven.apache.org/maven2/fr/inria/gforge/spoon/spoon-core/9.1.0-beta-2/spoon-core-9.1.0-beta-2.pom (11 kB at 961 kB/s)
Downloading from ow2.org-snapshot: https://repository.ow2.org/nexus/content/repositories/snapshots/fr/inria/gforge/spoon/spoon-core/9.1.0-beta-3/spoon-core-9.1.0-beta-3.pom
Downloading from central: https://repo.maven.apache.org/maven2/fr/inria/gforge/spoon/spoon-core/9.1.0-beta-3/spoon-core-9.1.0-beta-3.pom
Progress (1): 4.1/11 kBProgress (1): 8.2/11 kBProgress (1): 11 kB                       Downloaded from central: https://repo.maven.apache.org/maven2/fr/inria/gforge/spoon/spoon-core/9.1.0-beta-3/spoon-core-9.1.0-beta-3.pom (11 kB at 881 kB/s)
Downloading from ow2.org-snapshot: https://repository.ow2.org/nexus/content/repositories/snapshots/fr/inria/gforge/spoon/spoon-core/9.1.0-beta-4/spoon-core-9.1.0-beta-4.pom
Downloading from central: https://repo.maven.apache.org/maven2/fr/inria/gforge/spoon/spoon-core/9.1.0-beta-4/spoon-core-9.1.0-beta-4.pom
Progress (1): 4.1/11 kBProgress (1): 8.2/11 kBProgress (1): 11 kB                       Downloaded from central: https://repo.maven.apache.org/maven2/fr/inria/gforge/spoon/spoon-core/9.1.0-beta-4/spoon-core-9.1.0-beta-4.pom (11 kB at 153 kB/s)
Downloading from ow2.org-snapshot: https://repository.ow2.org/nexus/content/repositories/snapshots/fr/inria/gforge/spoon/spoon-core/9.1.0-beta-5/spoon-core-9.1.0-beta-5.pom
Downloading from central: https://repo.maven.apache.org/maven2/fr/inria/gforge/spoon/spoon-core/9.1.0-beta-5/spoon-core-9.1.0-beta-5.pom
Progress (1): 4.1/11 kBProgress (1): 8.2/11 kBProgress (1): 11 kB                       Downloaded from central: https://repo.maven.apache.org/maven2/fr/inria/gforge/spoon/spoon-core/9.1.0-beta-5/spoon-core-9.1.0-beta-5.pom (11 kB at 622 kB/s)
Downloading from ow2.org-snapshot: https://repository.ow2.org/nexus/content/repositories/snapshots/fr/inria/gforge/spoon/spoon-core/9.1.0-beta-6/spoon-core-9.1.0-beta-6.pom
Downloading from central: https://repo.maven.apache.org/maven2/fr/inria/gforge/spoon/spoon-core/9.1.0-beta-6/spoon-core-9.1.0-beta-6.pom
Progress (1): 4.1/11 kBProgress (1): 8.2/11 kBProgress (1): 11 kB                       Downloaded from central: https://repo.maven.apache.org/maven2/fr/inria/gforge/spoon/spoon-core/9.1.0-beta-6/spoon-core-9.1.0-beta-6.pom (11 kB at 881 kB/s)
Downloading from ow2.org-snapshot: https://repository.ow2.org/nexus/content/repositories/snapshots/fr/inria/gforge/spoon/spoon-core/9.1.0-beta-7/spoon-core-9.1.0-beta-7.pom
Downloading from central: https://repo.maven.apache.org/maven2/fr/inria/gforge/spoon/spoon-core/9.1.0-beta-7/spoon-core-9.1.0-beta-7.pom
Progress (1): 4.1/11 kBProgress (1): 8.2/11 kBProgress (1): 11 kB                       Downloaded from central: https://repo.maven.apache.org/maven2/fr/inria/gforge/spoon/spoon-core/9.1.0-beta-7/spoon-core-9.1.0-beta-7.pom (11 kB at 268 kB/s)
Downloading from ow2.org-snapshot: https://repository.ow2.org/nexus/content/repositories/snapshots/fr/inria/gforge/spoon/spoon-core/9.1.0-beta-8/spoon-core-9.1.0-beta-8.pom
Downloading from central: https://repo.maven.apache.org/maven2/fr/inria/gforge/spoon/spoon-core/9.1.0-beta-8/spoon-core-9.1.0-beta-8.pom
Progress (1): 4.1/11 kBProgress (1): 8.2/11 kBProgress (1): 11 kB                       Downloaded from central: https://repo.maven.apache.org/maven2/fr/inria/gforge/spoon/spoon-core/9.1.0-beta-8/spoon-core-9.1.0-beta-8.pom (11 kB at 239 kB/s)
Downloading from ow2.org-snapshot: https://repository.ow2.org/nexus/content/repositories/snapshots/fr/inria/gforge/spoon/spoon-core/9.1.0-beta-9/spoon-core-9.1.0-beta-9.pom
Downloading from central: https://repo.maven.apache.org/maven2/fr/inria/gforge/spoon/spoon-core/9.1.0-beta-9/spoon-core-9.1.0-beta-9.pom
Progress (1): 4.1/11 kBProgress (1): 8.2/11 kBProgress (1): 11 kB                       Downloaded from central: https://repo.maven.apache.org/maven2/fr/inria/gforge/spoon/spoon-core/9.1.0-beta-9/spoon-core-9.1.0-beta-9.pom (11 kB at 149 kB/s)
Downloading from ow2.org-snapshot: https://repository.ow2.org/nexus/content/repositories/snapshots/fr/inria/gforge/spoon/spoon-core/9.1.0-beta-10/spoon-core-9.1.0-beta-10.pom
Downloading from central: https://repo.maven.apache.org/maven2/fr/inria/gforge/spoon/spoon-core/9.1.0-beta-10/spoon-core-9.1.0-beta-10.pom
Progress (1): 4.1/11 kBProgress (1): 8.2/11 kBProgress (1): 11 kB                       Downloaded from central: https://repo.maven.apache.org/maven2/fr/inria/gforge/spoon/spoon-core/9.1.0-beta-10/spoon-core-9.1.0-beta-10.pom (11 kB at 153 kB/s)
Downloading from ow2.org-snapshot: https://repository.ow2.org/nexus/content/repositories/snapshots/fr/inria/gforge/spoon/spoon-core/9.1.0-beta-11/spoon-core-9.1.0-beta-11.pom
Downloading from central: https://repo.maven.apache.org/maven2/fr/inria/gforge/spoon/spoon-core/9.1.0-beta-11/spoon-core-9.1.0-beta-11.pom
Progress (1): 4.1/11 kBProgress (1): 8.2/11 kBProgress (1): 11 kB                       Downloaded from central: https://repo.maven.apache.org/maven2/fr/inria/gforge/spoon/spoon-core/9.1.0-beta-11/spoon-core-9.1.0-beta-11.pom (11 kB at 290 kB/s)
Downloading from ow2.org-snapshot: https://repository.ow2.org/nexus/content/repositories/snapshots/fr/inria/gforge/spoon/spoon-core/9.1.0-beta-12/spoon-core-9.1.0-beta-12.pom
Downloading from central: https://repo.maven.apache.org/maven2/fr/inria/gforge/spoon/spoon-core/9.1.0-beta-12/spoon-core-9.1.0-beta-12.pom
Progress (1): 4.1/11 kBProgress (1): 8.2/11 kBProgress (1): 11 kB                       Downloaded from central: https://repo.maven.apache.org/maven2/fr/inria/gforge/spoon/spoon-core/9.1.0-beta-12/spoon-core-9.1.0-beta-12.pom (11 kB at 596 kB/s)
Downloading from ow2.org-snapshot: https://repository.ow2.org/nexus/content/repositories/snapshots/fr/inria/gforge/spoon/spoon-core/9.1.0-beta-13/spoon-core-9.1.0-beta-13.pom
Downloading from central: https://repo.maven.apache.org/maven2/fr/inria/gforge/spoon/spoon-core/9.1.0-beta-13/spoon-core-9.1.0-beta-13.pom
Progress (1): 4.1/11 kBProgress (1): 8.2/11 kBProgress (1): 11 kB                       Downloaded from central: https://repo.maven.apache.org/maven2/fr/inria/gforge/spoon/spoon-core/9.1.0-beta-13/spoon-core-9.1.0-beta-13.pom (11 kB at 346 kB/s)
Downloading from ow2.org-snapshot: https://repository.ow2.org/nexus/content/repositories/snapshots/fr/inria/gforge/spoon/spoon-core/9.1.0-beta-14/spoon-core-9.1.0-beta-14.pom
Downloading from central: https://repo.maven.apache.org/maven2/fr/inria/gforge/spoon/spoon-core/9.1.0-beta-14/spoon-core-9.1.0-beta-14.pom
Progress (1): 4.1/11 kBProgress (1): 8.2/11 kBProgress (1): 11 kB                       Downloaded from central: https://repo.maven.apache.org/maven2/fr/inria/gforge/spoon/spoon-core/9.1.0-beta-14/spoon-core-9.1.0-beta-14.pom (11 kB at 147 kB/s)
Downloading from ow2.org-snapshot: https://repository.ow2.org/nexus/content/repositories/snapshots/fr/inria/gforge/spoon/spoon-core/9.1.0-beta-15/spoon-core-9.1.0-beta-15.pom
Downloading from central: https://repo.maven.apache.org/maven2/fr/inria/gforge/spoon/spoon-core/9.1.0-beta-15/spoon-core-9.1.0-beta-15.pom
Progress (1): 4.1/11 kBProgress (1): 8.2/11 kBProgress (1): 11 kB                       Downloaded from central: https://repo.maven.apache.org/maven2/fr/inria/gforge/spoon/spoon-core/9.1.0-beta-15/spoon-core-9.1.0-beta-15.pom (11 kB at 68 kB/s)
Downloading from ow2.org-snapshot: https://repository.ow2.org/nexus/content/repositories/snapshots/fr/inria/gforge/spoon/spoon-core/9.1.0-beta-16/spoon-core-9.1.0-beta-16.pom
Downloading from central: https://repo.maven.apache.org/maven2/fr/inria/gforge/spoon/spoon-core/9.1.0-beta-16/spoon-core-9.1.0-beta-16.pom
Progress (1): 4.1/11 kBProgress (1): 8.2/11 kBProgress (1): 11 kB                       Downloaded from central: https://repo.maven.apache.org/maven2/fr/inria/gforge/spoon/spoon-core/9.1.0-beta-16/spoon-core-9.1.0-beta-16.pom (11 kB at 429 kB/s)
Downloading from ow2.org-snapshot: https://repository.ow2.org/nexus/content/repositories/snapshots/fr/inria/gforge/spoon/spoon-core/9.1.0-beta-17/spoon-core-9.1.0-beta-17.pom
Downloading from central: https://repo.maven.apache.org/maven2/fr/inria/gforge/spoon/spoon-core/9.1.0-beta-17/spoon-core-9.1.0-beta-17.pom
Progress (1): 4.1/11 kBProgress (1): 8.2/11 kBProgress (1): 11 kB                       Downloaded from central: https://repo.maven.apache.org/maven2/fr/inria/gforge/spoon/spoon-core/9.1.0-beta-17/spoon-core-9.1.0-beta-17.pom (11 kB at 537 kB/s)
Downloading from ow2.org-snapshot: https://repository.ow2.org/nexus/content/repositories/snapshots/fr/inria/gforge/spoon/spoon-core/9.1.0-beta-18/spoon-core-9.1.0-beta-18.pom
Downloading from central: https://repo.maven.apache.org/maven2/fr/inria/gforge/spoon/spoon-core/9.1.0-beta-18/spoon-core-9.1.0-beta-18.pom
Progress (1): 4.1/11 kBProgress (1): 8.2/11 kBProgress (1): 11 kB                       Downloaded from central: https://repo.maven.apache.org/maven2/fr/inria/gforge/spoon/spoon-core/9.1.0-beta-18/spoon-core-9.1.0-beta-18.pom (11 kB at 716 kB/s)
Downloading from ow2.org-snapshot: https://repository.ow2.org/nexus/content/repositories/snapshots/fr/inria/gforge/spoon/spoon-core/9.1.0-beta-19/spoon-core-9.1.0-beta-19.pom
Downloading from central: https://repo.maven.apache.org/maven2/fr/inria/gforge/spoon/spoon-core/9.1.0-beta-19/spoon-core-9.1.0-beta-19.pom
Progress (1): 4.1/11 kBProgress (1): 8.2/11 kBProgress (1): 11 kB                       Downloaded from central: https://repo.maven.apache.org/maven2/fr/inria/gforge/spoon/spoon-core/9.1.0-beta-19/spoon-core-9.1.0-beta-19.pom (11 kB at 826 kB/s)
Downloading from ow2.org-snapshot: https://repository.ow2.org/nexus/content/repositories/snapshots/fr/inria/gforge/spoon/spoon-core/9.1.0-beta-20/spoon-core-9.1.0-beta-20.pom
Downloading from central: https://repo.maven.apache.org/maven2/fr/inria/gforge/spoon/spoon-core/9.1.0-beta-20/spoon-core-9.1.0-beta-20.pom
Progress (1): 4.1/11 kBProgress (1): 8.2/11 kBProgress (1): 11 kB                       Downloaded from central: https://repo.maven.apache.org/maven2/fr/inria/gforge/spoon/spoon-core/9.1.0-beta-20/spoon-core-9.1.0-beta-20.pom (11 kB at 826 kB/s)
Downloading from ow2.org-snapshot: https://repository.ow2.org/nexus/content/repositories/snapshots/fr/inria/gforge/spoon/spoon-core/9.1.0-beta-21/spoon-core-9.1.0-beta-21.pom
Downloading from central: https://repo.maven.apache.org/maven2/fr/inria/gforge/spoon/spoon-core/9.1.0-beta-21/spoon-core-9.1.0-beta-21.pom
Progress (1): 4.1/11 kBProgress (1): 8.2/11 kBProgress (1): 11 kB                       Downloaded from central: https://repo.maven.apache.org/maven2/fr/inria/gforge/spoon/spoon-core/9.1.0-beta-21/spoon-core-9.1.0-beta-21.pom (11 kB at 895 kB/s)
Downloading from ow2.org-snapshot: https://repository.ow2.org/nexus/content/repositories/snapshots/fr/inria/gforge/spoon/spoon-core/9.1.0-beta-22/spoon-core-9.1.0-beta-22.pom
Downloading from central: https://repo.maven.apache.org/maven2/fr/inria/gforge/spoon/spoon-core/9.1.0-beta-22/spoon-core-9.1.0-beta-22.pom
Progress (1): 4.1/11 kBProgress (1): 8.2/11 kBProgress (1): 11 kB                       Downloaded from central: https://repo.maven.apache.org/maven2/fr/inria/gforge/spoon/spoon-core/9.1.0-beta-22/spoon-core-9.1.0-beta-22.pom (11 kB at 56 kB/s)
Downloading from ow2.org-snapshot: https://repository.ow2.org/nexus/content/repositories/snapshots/fr/inria/gforge/spoon/spoon-core/9.1.0-beta-23/spoon-core-9.1.0-beta-23.pom
Downloading from central: https://repo.maven.apache.org/maven2/fr/inria/gforge/spoon/spoon-core/9.1.0-beta-23/spoon-core-9.1.0-beta-23.pom
Progress (1): 4.1/11 kBProgress (1): 8.2/11 kBProgress (1): 11 kB                       Downloaded from central: https://repo.maven.apache.org/maven2/fr/inria/gforge/spoon/spoon-core/9.1.0-beta-23/spoon-core-9.1.0-beta-23.pom (11 kB at 767 kB/s)
Downloading from ow2.org-snapshot: https://repository.ow2.org/nexus/content/repositories/snapshots/fr/inria/gforge/spoon/spoon-core/9.1.0-SNAPSHOT/maven-metadata.xml
Downloading from sonatype-nexus-snapshots: https://oss.sonatype.org/content/repositories/snapshots/fr/inria/gforge/spoon/spoon-core/9.1.0-SNAPSHOT/maven-metadata.xml
Downloading from maven.inria.fr-snapshot: http://maven.inria.fr/artifactory/spoon-public-snapshot/fr/inria/gforge/spoon/spoon-core/9.1.0-SNAPSHOT/maven-metadata.xml
Progress (1): 1.0 kB                    Downloaded from ow2.org-snapshot: https://repository.ow2.org/nexus/content/repositories/snapshots/fr/inria/gforge/spoon/spoon-core/9.1.0-SNAPSHOT/maven-metadata.xml (1.0 kB at 18 kB/s)
Downloading from ow2.org-snapshot: https://repository.ow2.org/nexus/content/repositories/snapshots/fr/inria/gforge/spoon/spoon-core/9.1.0-SNAPSHOT/spoon-core-9.1.0-20210821.134224-292.pom
Progress (1): 4.1 kBProgress (1): 8.2 kBProgress (1): 11 kB                    Downloaded from ow2.org-snapshot: https://repository.ow2.org/nexus/content/repositories/snapshots/fr/inria/gforge/spoon/spoon-core/9.1.0-SNAPSHOT/spoon-core-9.1.0-20210821.134224-292.pom (11 kB at 339 kB/s)
Downloading from ow2.org-snapshot: https://repository.ow2.org/nexus/content/repositories/snapshots/fr/inria/gforge/spoon/spoon-core/9.1.0/spoon-core-9.1.0.pom
Downloading from central: https://repo.maven.apache.org/maven2/fr/inria/gforge/spoon/spoon-core/9.1.0/spoon-core-9.1.0.pom
Progress (1): 4.1/11 kBProgress (1): 8.2/11 kBProgress (1): 11 kB                       Downloaded from central: https://repo.maven.apache.org/maven2/fr/inria/gforge/spoon/spoon-core/9.1.0/spoon-core-9.1.0.pom (11 kB at 429 kB/s)
Downloading from ow2.org-snapshot: https://repository.ow2.org/nexus/content/repositories/snapshots/fr/inria/gforge/spoon/spoon-core/9.2.0-beta-1/spoon-core-9.2.0-beta-1.pom
Downloading from central: https://repo.maven.apache.org/maven2/fr/inria/gforge/spoon/spoon-core/9.2.0-beta-1/spoon-core-9.2.0-beta-1.pom
Progress (1): 4.1/11 kBProgress (1): 8.2/11 kBProgress (1): 11 kB                       Downloaded from central: https://repo.maven.apache.org/maven2/fr/inria/gforge/spoon/spoon-core/9.2.0-beta-1/spoon-core-9.2.0-beta-1.pom (11 kB at 383 kB/s)
Downloading from ow2.org-snapshot: https://repository.ow2.org/nexus/content/repositories/snapshots/fr/inria/gforge/spoon/spoon-core/9.2.0-beta-2/spoon-core-9.2.0-beta-2.pom
Downloading from central: https://repo.maven.apache.org/maven2/fr/inria/gforge/spoon/spoon-core/9.2.0-beta-2/spoon-core-9.2.0-beta-2.pom
Progress (1): 4.1/11 kBProgress (1): 8.2/11 kBProgress (1): 11 kB                       Downloaded from central: https://repo.maven.apache.org/maven2/fr/inria/gforge/spoon/spoon-core/9.2.0-beta-2/spoon-core-9.2.0-beta-2.pom (11 kB at 429 kB/s)
Downloading from ow2.org-snapshot: https://repository.ow2.org/nexus/content/repositories/snapshots/fr/inria/gforge/spoon/spoon-core/9.2.0-beta-3/spoon-core-9.2.0-beta-3.pom
Downloading from central: https://repo.maven.apache.org/maven2/fr/inria/gforge/spoon/spoon-core/9.2.0-beta-3/spoon-core-9.2.0-beta-3.pom
Progress (1): 4.1/11 kBProgress (1): 8.2/11 kBProgress (1): 11 kB                       Downloaded from central: https://repo.maven.apache.org/maven2/fr/inria/gforge/spoon/spoon-core/9.2.0-beta-3/spoon-core-9.2.0-beta-3.pom (11 kB at 767 kB/s)
Downloading from ow2.org-snapshot: https://repository.ow2.org/nexus/content/repositories/snapshots/fr/inria/gforge/spoon/spoon-core/9.2.0-beta-4/spoon-core-9.2.0-beta-4.pom
Downloading from central: https://repo.maven.apache.org/maven2/fr/inria/gforge/spoon/spoon-core/9.2.0-beta-4/spoon-core-9.2.0-beta-4.pom
Progress (1): 4.1/11 kBProgress (1): 8.2/11 kBProgress (1): 11 kB                       Downloaded from central: https://repo.maven.apache.org/maven2/fr/inria/gforge/spoon/spoon-core/9.2.0-beta-4/spoon-core-9.2.0-beta-4.pom (11 kB at 895 kB/s)
Downloading from ow2.org-snapshot: https://repository.ow2.org/nexus/content/repositories/snapshots/fr/inria/gforge/spoon/spoon-core/9.2.0-beta-5/spoon-core-9.2.0-beta-5.pom
Downloading from central: https://repo.maven.apache.org/maven2/fr/inria/gforge/spoon/spoon-core/9.2.0-beta-5/spoon-core-9.2.0-beta-5.pom
Progress (1): 4.1/11 kBProgress (1): 8.2/11 kBProgress (1): 11 kB                       Downloaded from central: https://repo.maven.apache.org/maven2/fr/inria/gforge/spoon/spoon-core/9.2.0-beta-5/spoon-core-9.2.0-beta-5.pom (11 kB at 895 kB/s)
Downloading from ow2.org-snapshot: https://repository.ow2.org/nexus/content/repositories/snapshots/fr/inria/gforge/spoon/spoon-core/9.2.0-beta-6/spoon-core-9.2.0-beta-6.pom
Downloading from central: https://repo.maven.apache.org/maven2/fr/inria/gforge/spoon/spoon-core/9.2.0-beta-6/spoon-core-9.2.0-beta-6.pom
Progress (1): 4.1/11 kBProgress (1): 8.2/11 kBProgress (1): 11 kB                       Downloaded from central: https://repo.maven.apache.org/maven2/fr/inria/gforge/spoon/spoon-core/9.2.0-beta-6/spoon-core-9.2.0-beta-6.pom (11 kB at 413 kB/s)
Downloading from ow2.org-snapshot: https://repository.ow2.org/nexus/content/repositories/snapshots/fr/inria/gforge/spoon/spoon-core/9.2.0-SNAPSHOT/maven-metadata.xml
Downloading from sonatype-nexus-snapshots: https://oss.sonatype.org/content/repositories/snapshots/fr/inria/gforge/spoon/spoon-core/9.2.0-SNAPSHOT/maven-metadata.xml
Downloading from maven.inria.fr-snapshot: http://maven.inria.fr/artifactory/spoon-public-snapshot/fr/inria/gforge/spoon/spoon-core/9.2.0-SNAPSHOT/maven-metadata.xml
Progress (1): 1.0 kB                    Downloaded from ow2.org-snapshot: https://repository.ow2.org/nexus/content/repositories/snapshots/fr/inria/gforge/spoon/spoon-core/9.2.0-SNAPSHOT/maven-metadata.xml (1.0 kB at 16 kB/s)
Downloading from ow2.org-snapshot: https://repository.ow2.org/nexus/content/repositories/snapshots/fr/inria/gforge/spoon/spoon-core/9.2.0-SNAPSHOT/spoon-core-9.2.0-20210927.162816-78.pom
Progress (1): 4.1 kBProgress (1): 8.2 kBProgress (1): 11 kB                    Downloaded from ow2.org-snapshot: https://repository.ow2.org/nexus/content/repositories/snapshots/fr/inria/gforge/spoon/spoon-core/9.2.0-SNAPSHOT/spoon-core-9.2.0-20210927.162816-78.pom (11 kB at 243 kB/s)
Downloading from ow2.org-snapshot: https://repository.ow2.org/nexus/content/repositories/snapshots/fr/inria/gforge/spoon/spoon-core/9.2.0-SNAPSHOT/spoon-core-9.2.0-20210927.162816-78.jar
Progress (1): 0/1.8 MBProgress (1): 0/1.8 MBProgress (1): 0/1.8 MBProgress (1): 0/1.8 MBProgress (1): 0/1.8 MBProgress (1): 0/1.8 MBProgress (1): 0.1/1.8 MBProgress (1): 0.1/1.8 MBProgress (1): 0.1/1.8 MBProgress (1): 0.1/1.8 MBProgress (1): 0.1/1.8 MBProgress (1): 0.1/1.8 MBProgress (1): 0.1/1.8 MBProgress (1): 0.1/1.8 MBProgress (1): 0.1/1.8 MBProgress (1): 0.1/1.8 MBProgress (1): 0.1/1.8 MBProgress (1): 0.1/1.8 MBProgress (1): 0.2/1.8 MBProgress (1): 0.2/1.8 MBProgress (1): 0.2/1.8 MBProgress (1): 0.2/1.8 MBProgress (1): 0.2/1.8 MBProgress (1): 0.2/1.8 MBProgress (1): 0.2/1.8 MBProgress (1): 0.2/1.8 MBProgress (1): 0.2/1.8 MBProgress (1): 0.2/1.8 MBProgress (1): 0.2/1.8 MBProgress (1): 0.2/1.8 MBProgress (1): 0.3/1.8 MBProgress (1): 0.3/1.8 MBProgress (1): 0.3/1.8 MBProgress (1): 0.3/1.8 MBProgress (1): 0.3/1.8 MBProgress (1): 0.3/1.8 MBProgress (1): 0.3/1.8 MBProgress (1): 0.3/1.8 MBProgress (1): 0.3/1.8 MBProgress (1): 0.3/1.8 MBProgress (1): 0.3/1.8 MBProgress (1): 0.3/1.8 MBProgress (1): 0.4/1.8 MBProgress (1): 0.4/1.8 MBProgress (1): 0.4/1.8 MBProgress (1): 0.4/1.8 MBProgress (1): 0.4/1.8 MBProgress (1): 0.4/1.8 MBProgress (1): 0.4/1.8 MBProgress (1): 0.4/1.8 MBProgress (1): 0.4/1.8 MBProgress (1): 0.4/1.8 MBProgress (1): 0.4/1.8 MBProgress (1): 0.4/1.8 MBProgress (1): 0.5/1.8 MBProgress (1): 0.5/1.8 MBProgress (1): 0.5/1.8 MBProgress (1): 0.5/1.8 MBProgress (1): 0.5/1.8 MBProgress (1): 0.5/1.8 MBProgress (1): 0.5/1.8 MBProgress (1): 0.5/1.8 MBProgress (1): 0.5/1.8 MBProgress (1): 0.5/1.8 MBProgress (1): 0.5/1.8 MBProgress (1): 0.5/1.8 MBProgress (1): 0.5/1.8 MBProgress (1): 0.6/1.8 MBProgress (1): 0.6/1.8 MBProgress (1): 0.6/1.8 MBProgress (1): 0.6/1.8 MBProgress (1): 0.6/1.8 MBProgress (1): 0.6/1.8 MBProgress (1): 0.6/1.8 MBProgress (1): 0.6/1.8 MBProgress (1): 0.6/1.8 MBProgress (1): 0.6/1.8 MBProgress (1): 0.6/1.8 MBProgress (1): 0.6/1.8 MBProgress (1): 0.7/1.8 MBProgress (1): 0.7/1.8 MBProgress (1): 0.7/1.8 MBProgress (1): 0.7/1.8 MBProgress (1): 0.7/1.8 MBProgress (1): 0.7/1.8 MBProgress (1): 0.7/1.8 MBProgress (1): 0.7/1.8 MBProgress (1): 0.7/1.8 MBProgress (1): 0.7/1.8 MBProgress (1): 0.7/1.8 MBProgress (1): 0.7/1.8 MBProgress (1): 0.8/1.8 MBProgress (1): 0.8/1.8 MBProgress (1): 0.8/1.8 MBProgress (1): 0.8/1.8 MBProgress (1): 0.8/1.8 MBProgress (1): 0.8/1.8 MBProgress (1): 0.8/1.8 MBProgress (1): 0.8/1.8 MBProgress (1): 0.8/1.8 MBProgress (1): 0.8/1.8 MBProgress (1): 0.8/1.8 MBProgress (1): 0.8/1.8 MBProgress (1): 0.9/1.8 MBProgress (1): 0.9/1.8 MBProgress (1): 0.9/1.8 MBProgress (1): 0.9/1.8 MBProgress (1): 0.9/1.8 MBProgress (1): 0.9/1.8 MBProgress (1): 0.9/1.8 MBProgress (1): 0.9/1.8 MBProgress (1): 0.9/1.8 MBProgress (1): 0.9/1.8 MBProgress (1): 0.9/1.8 MBProgress (1): 0.9/1.8 MBProgress (1): 1.0/1.8 MBProgress (1): 1.0/1.8 MBProgress (1): 1.0/1.8 MBProgress (1): 1.0/1.8 MBProgress (1): 1.0/1.8 MBProgress (1): 1.0/1.8 MBProgress (1): 1.0/1.8 MBProgress (1): 1.0/1.8 MBProgress (1): 1.0/1.8 MBProgress (1): 1.0/1.8 MBProgress (1): 1.0/1.8 MBProgress (1): 1.0/1.8 MBProgress (1): 1.0/1.8 MBProgress (1): 1.1/1.8 MBProgress (1): 1.1/1.8 MBProgress (1): 1.1/1.8 MBProgress (1): 1.1/1.8 MBProgress (1): 1.1/1.8 MBProgress (1): 1.1/1.8 MBProgress (1): 1.1/1.8 MBProgress (1): 1.1/1.8 MBProgress (1): 1.1/1.8 MBProgress (1): 1.1/1.8 MBProgress (1): 1.1/1.8 MBProgress (1): 1.1/1.8 MBProgress (1): 1.2/1.8 MBProgress (1): 1.2/1.8 MBProgress (1): 1.2/1.8 MBProgress (1): 1.2/1.8 MBProgress (1): 1.2/1.8 MBProgress (1): 1.2/1.8 MBProgress (1): 1.2/1.8 MBProgress (1): 1.2/1.8 MBProgress (1): 1.2/1.8 MBProgress (1): 1.2/1.8 MBProgress (1): 1.2/1.8 MBProgress (1): 1.2/1.8 MBProgress (1): 1.3/1.8 MBProgress (1): 1.3/1.8 MBProgress (1): 1.3/1.8 MBProgress (1): 1.3/1.8 MBProgress (1): 1.3/1.8 MBProgress (1): 1.3/1.8 MBProgress (1): 1.3/1.8 MBProgress (1): 1.3/1.8 MBProgress (1): 1.3/1.8 MBProgress (1): 1.3/1.8 MBProgress (1): 1.3/1.8 MBProgress (1): 1.3/1.8 MBProgress (1): 1.4/1.8 MBProgress (1): 1.4/1.8 MBProgress (1): 1.4/1.8 MBProgress (1): 1.4/1.8 MBProgress (1): 1.4/1.8 MBProgress (1): 1.4/1.8 MBProgress (1): 1.4/1.8 MBProgress (1): 1.4/1.8 MBProgress (1): 1.4/1.8 MBProgress (1): 1.4/1.8 MBProgress (1): 1.4/1.8 MBProgress (1): 1.4/1.8 MBProgress (1): 1.4/1.8 MBProgress (1): 1.5/1.8 MBProgress (1): 1.5/1.8 MBProgress (1): 1.5/1.8 MBProgress (1): 1.5/1.8 MBProgress (1): 1.5/1.8 MBProgress (1): 1.5/1.8 MBProgress (1): 1.5/1.8 MBProgress (1): 1.5/1.8 MBProgress (1): 1.5/1.8 MBProgress (1): 1.5/1.8 MBProgress (1): 1.5/1.8 MBProgress (1): 1.5/1.8 MBProgress (1): 1.6/1.8 MBProgress (1): 1.6/1.8 MBProgress (1): 1.6/1.8 MBProgress (1): 1.6/1.8 MBProgress (1): 1.6/1.8 MBProgress (1): 1.6/1.8 MBProgress (1): 1.6/1.8 MBProgress (1): 1.6/1.8 MBProgress (1): 1.6/1.8 MBProgress (1): 1.6/1.8 MBProgress (1): 1.6/1.8 MBProgress (1): 1.6/1.8 MBProgress (1): 1.7/1.8 MBProgress (1): 1.7/1.8 MBProgress (1): 1.7/1.8 MBProgress (1): 1.7/1.8 MBProgress (1): 1.7/1.8 MBProgress (1): 1.7/1.8 MBProgress (1): 1.7/1.8 MBProgress (1): 1.7/1.8 MBProgress (1): 1.7/1.8 MBProgress (1): 1.7/1.8 MBProgress (1): 1.7/1.8 MBProgress (1): 1.7/1.8 MBProgress (1): 1.8/1.8 MBProgress (1): 1.8/1.8 MBProgress (1): 1.8/1.8 MBProgress (1): 1.8/1.8 MBProgress (1): 1.8/1.8 MBProgress (1): 1.8/1.8 MBProgress (1): 1.8/1.8 MBProgress (1): 1.8/1.8 MBProgress (1): 1.8 MB                        Downloaded from ow2.org-snapshot: https://repository.ow2.org/nexus/content/repositories/snapshots/fr/inria/gforge/spoon/spoon-core/9.2.0-SNAPSHOT/spoon-core-9.2.0-20210927.162816-78.jar (1.8 MB at 5.9 MB/s)
[INFO] Running in NOCLASSPATH mode (doc: http://spoon.gforge.inria.fr/launcher.html).
[INFO] Spoon version ${project.version}
[INFO] running Spoon...
[INFO] start processing...
[INFO] spoon.processing.SpoonTagger
[INFO] spoon.support.JavaOutputProcessor
[INFO] end of processing: 
[INFO] no errors, no warnings
[INFO] 
[INFO] --- maven-resources-plugin:2.6:resources (default-resources) @ disklrucache ---
[INFO] Using 'UTF-8' encoding to copy filtered resources.
[INFO] skip non existing resourceDirectory /builds/workspace/DiskLruCache/src/main/resources
[INFO] 
[INFO] --- maven-compiler-plugin:3.0:compile (default-compile) @ disklrucache ---
[INFO] Changes detected - recompiling the module!
[INFO] Compiling 4 source files to /builds/workspace/DiskLruCache/target/classes
[INFO] 
[INFO] --- maven-resources-plugin:2.6:testResources (default-testResources) @ disklrucache ---
[INFO] Using 'UTF-8' encoding to copy filtered resources.
[INFO] skip non existing resourceDirectory /builds/workspace/DiskLruCache/src/test/resources
[INFO] 
[INFO] --- maven-compiler-plugin:3.0:testCompile (default-testCompile) @ disklrucache ---
[INFO] Changes detected - recompiling the module!
[INFO] Compiling 2 source files to /builds/workspace/DiskLruCache/target/test-classes
[INFO] 
[INFO] --- maven-surefire-plugin:2.12.4:test (default-test) @ disklrucache ---
[INFO] Surefire report directory: /builds/workspace/DiskLruCache/target/surefire-reports

-------------------------------------------------------
 T E S T S
-------------------------------------------------------
Picked up JAVA_TOOL_OPTIONS: -Dfile.encoding=UTF8
Running com.jakewharton.disklrucache.DiskLruCacheTest
DiskLruCache /tmp/junit3145383651106762055/DiskLruCacheTest is corrupt: unexpected journal line: DIRTY   k1, removing
DiskLruCache /tmp/junit3753671314774612688/DiskLruCacheTest is corrupt: unexpected journal header: [libcore.io.DiskLruCache, 0, 2, ], removing
DiskLruCache /tmp/junit9159963033474485007/DiskLruCacheTest is corrupt: unexpected journal header: [libcore.io.DiskLruCache, 1, 2, ], removing
DiskLruCache /tmp/junit6875827688265950893/DiskLruCacheTest is corrupt: unexpected journal header: [libcore.io.DiskLruCache, 1, 1, ], removing
DiskLruCache /tmp/junit2299686998208226927/DiskLruCacheTest is corrupt: unexpected journal header: [libcore.io.DiskLruCache, 1, 2, x], removing
DiskLruCache /tmp/junit7285106726064227991/DiskLruCacheTest is corrupt: unexpected journal line: BOGUS, removing
DiskLruCache /tmp/junit6201824030648575768/DiskLruCacheTest is corrupt: unexpected journal line: [0000x001, 1], removing
DiskLruCache /tmp/junit6541415217325506708/DiskLruCacheTest is corrupt: unexpected journal line: [1, 1, 1], removing
Journal compacted from 73 bytes to 57 bytes
Journal compacted from 40073 bytes to 85 bytes
Journal compacted from 20193 bytes to 57 bytes
Tests run: 57, Failures: 0, Errors: 0, Skipped: 0, Time elapsed: 4.021 sec
Running com.jakewharton.disklrucache.StrictLineReaderTest
Tests run: 1, Failures: 0, Errors: 0, Skipped: 0, Time elapsed: 0.001 sec

Results :

Tests run: 58, Failures: 0, Errors: 0, Skipped: 0

[INFO] 
[INFO] --- maven-jar-plugin:2.4:jar (default-jar) @ disklrucache ---
[INFO] Building jar: /builds/workspace/DiskLruCache/target/disklrucache-2.0.3-SNAPSHOT.jar
[INFO] 
[INFO] --- maven-install-plugin:2.4:install (default-install) @ disklrucache ---
[INFO] Installing /builds/workspace/DiskLruCache/target/disklrucache-2.0.3-SNAPSHOT.jar to /builds/.m2/repository/com/jakewharton/disklrucache/2.0.3-SNAPSHOT/disklrucache-2.0.3-SNAPSHOT.jar
[INFO] Installing /builds/workspace/DiskLruCache/pom.xml to /builds/.m2/repository/com/jakewharton/disklrucache/2.0.3-SNAPSHOT/disklrucache-2.0.3-SNAPSHOT.pom
[INFO] ------------------------------------------------------------------------
[INFO] BUILD SUCCESS
[INFO] ------------------------------------------------------------------------
[INFO] Total time:  30.556 s
[INFO] Finished at: 2021-09-27T19:34:46+02:00
[INFO] ------------------------------------------------------------------------
 
--- Displays results of the maven compile with spoon ---
Time to compile with spoon: 31839
Number of tests: 58
Number of tests skipped: 0
Number of failures in tests: 0
Number of errors in tests: 0
 
-------------------------------------------------------
Overwrites source generated by spoon in the source folder
-------------------------------------------------------
 
Picked up JAVA_TOOL_OPTIONS: -Dfile.encoding=UTF8
[INFO] Scanning for projects...
[INFO] 
[INFO] --------------------< com.jakewharton:disklrucache >--------------------
[INFO] Building Disk LRU Cache 2.0.3-SNAPSHOT
[INFO] --------------------------------[ jar ]---------------------------------
[INFO] 
[INFO] --- maven-clean-plugin:2.5:clean (default-clean) @ disklrucache ---
[INFO] Deleting /builds/workspace/DiskLruCache/target
[INFO] 
[INFO] --- maven-enforcer-plugin:1.0:enforce (enforce-maven) @ disklrucache ---
[INFO] 
[INFO] --- spoon-maven-plugin:3.1:generate (default) @ disklrucache ---
[INFO] Running in NOCLASSPATH mode (doc: http://spoon.gforge.inria.fr/launcher.html).
[INFO] Spoon version ${project.version}
[INFO] running Spoon...
[INFO] start processing...
[INFO] spoon.processing.SpoonTagger
[INFO] spoon.support.JavaOutputProcessor
[INFO] end of processing: 
[INFO] no errors, no warnings
[INFO] 
[INFO] --- maven-resources-plugin:2.6:resources (default-resources) @ disklrucache ---
[INFO] Using 'UTF-8' encoding to copy filtered resources.
[INFO] skip non existing resourceDirectory /builds/workspace/DiskLruCache/src/main/resources
[INFO] 
[INFO] --- maven-compiler-plugin:3.0:compile (default-compile) @ disklrucache ---
[INFO] Changes detected - recompiling the module!
[INFO] Compiling 4 source files to /builds/workspace/DiskLruCache/target/classes
[INFO] 
[INFO] --- maven-resources-plugin:2.6:testResources (default-testResources) @ disklrucache ---
[INFO] Using 'UTF-8' encoding to copy filtered resources.
[INFO] skip non existing resourceDirectory /builds/workspace/DiskLruCache/src/test/resources
[INFO] 
[INFO] --- maven-compiler-plugin:3.0:testCompile (default-testCompile) @ disklrucache ---
[INFO] Changes detected - recompiling the module!
[INFO] Compiling 2 source files to /builds/workspace/DiskLruCache/target/test-classes
[INFO] 
[INFO] --- maven-surefire-plugin:2.12.4:test (default-test) @ disklrucache ---
[INFO] Surefire report directory: /builds/workspace/DiskLruCache/target/surefire-reports

-------------------------------------------------------
 T E S T S
-------------------------------------------------------
Picked up JAVA_TOOL_OPTIONS: -Dfile.encoding=UTF8
Running com.jakewharton.disklrucache.DiskLruCacheTest
Journal compacted from 73 bytes to 57 bytes
Journal compacted from 40033 bytes to 65 bytes
Journal compacted from 20193 bytes to 57 bytes
DiskLruCache /tmp/junit8055050926557863366/DiskLruCacheTest is corrupt: unexpected journal line: DIRTY   k1, removing
DiskLruCache /tmp/junit6564490302564265662/DiskLruCacheTest is corrupt: unexpected journal header: [libcore.io.DiskLruCache, 0, 2, ], removing
DiskLruCache /tmp/junit1624341708494223708/DiskLruCacheTest is corrupt: unexpected journal header: [libcore.io.DiskLruCache, 1, 2, ], removing
DiskLruCache /tmp/junit8716428785461089646/DiskLruCacheTest is corrupt: unexpected journal header: [libcore.io.DiskLruCache, 1, 1, ], removing
DiskLruCache /tmp/junit9112757883968030051/DiskLruCacheTest is corrupt: unexpected journal header: [libcore.io.DiskLruCache, 1, 2, x], removing
DiskLruCache /tmp/junit3163751180831967108/DiskLruCacheTest is corrupt: unexpected journal line: BOGUS, removing
DiskLruCache /tmp/junit3659766587729782419/DiskLruCacheTest is corrupt: unexpected journal line: [0000x001, 1], removing
DiskLruCache /tmp/junit5914478762256687877/DiskLruCacheTest is corrupt: unexpected journal line: [1, 1, 1], removing
Tests run: 57, Failures: 0, Errors: 0, Skipped: 0, Time elapsed: 3.785 sec
Running com.jakewharton.disklrucache.StrictLineReaderTest
Tests run: 1, Failures: 0, Errors: 0, Skipped: 0, Time elapsed: 0.001 sec

Results :

Tests run: 58, Failures: 0, Errors: 0, Skipped: 0

[INFO] 
[INFO] --- maven-jar-plugin:2.4:jar (default-jar) @ disklrucache ---
[INFO] Building jar: /builds/workspace/DiskLruCache/target/disklrucache-2.0.3-SNAPSHOT.jar
[INFO] 
[INFO] --- maven-install-plugin:2.4:install (default-install) @ disklrucache ---
[INFO] Installing /builds/workspace/DiskLruCache/target/disklrucache-2.0.3-SNAPSHOT.jar to /builds/.m2/repository/com/jakewharton/disklrucache/2.0.3-SNAPSHOT/disklrucache-2.0.3-SNAPSHOT.jar
[INFO] Installing /builds/workspace/DiskLruCache/pom.xml to /builds/.m2/repository/com/jakewharton/disklrucache/2.0.3-SNAPSHOT/disklrucache-2.0.3-SNAPSHOT.pom
[INFO] ------------------------------------------------------------------------
[INFO] BUILD SUCCESS
[INFO] ------------------------------------------------------------------------
[INFO] Total time:  11.550 s
[INFO] Finished at: 2021-09-27T19:34:59+02:00
[INFO] ------------------------------------------------------------------------
 
--- Displays results of the maven compile with spoon of spoon ---
Time to compile with spoon of spoon: 12970
 
-------------------------------------------------------
Retreives all results files in the project (in all sub modules if the project is a multi module project)
-------------------------------------------------------
 
./result-spoon-tests-spooned-..txt
./result-spoon-tests-..txt
<?xml version="1.0"?>
<section name="">
  <table>
    <tr>
      <td fontattribute="bold">Project</td>
      <td fontattribute="bold">Commit id version</td>
      <td fontattribute="bold">Project compiles</td>
      <td fontattribute="bold">Project tests run</td>
      <td fontattribute="bold">Project spooned compiles</td>
      <td fontattribute="bold">Project spooned tests run</td>
      <td fontattribute="bold">Time to spoon</td>
      <td fontattribute="bold">Number of CtStatment</td>
      <td fontattribute="bold">Time to compile project</td>
      <td fontattribute="bold">Time to compile project spooned</td>
      <td fontattribute="bold">Spoon(Spoon(x))=Spoon(x)</td>
    </tr>
    <tr>
      <td>DiskLruCache</td>
      <td>8f651a9f0b3f617aa4adabfd730b02bf42507c10</td>
      <td>OK</td>
      <td>tests: 58
errors: 0
skipped: 0
failures: 0</td>
      <td>OK</td>
      <td>tests: 58
errors: 0
skipped: 0
failures: 0</td>
      <td>2175</td>
      <td>N/A</td>
      <td>9420</td>
      <td>31839</td>
      <td>12970</td>
    </tr>
  </table>
</section>
Archiving artifacts
Finished: SUCCESS
