Started by timer
Running as SYSTEM
[EnvInject] - Loading node environment variables.
Building remotely on sos-builder02-ubuntu18 (lin ubuntu18 java11) in workspace /builds/workspace/Bukkit
[WS-CLEANUP] Deleting project workspace...
[WS-CLEANUP] Deferred wipeout is used...
[WS-CLEANUP] Done
The recommended git tool is: NONE
No credentials specified
Cloning the remote Git repository
Cloning repository https://github.com/Bukkit/Bukkit.git
 > git init /builds/workspace/Bukkit # timeout=10
Fetching upstream changes from https://github.com/Bukkit/Bukkit.git
 > git --version # timeout=10
 > git --version # 'git version 2.17.1'
 > git fetch --tags --progress -- https://github.com/Bukkit/Bukkit.git +refs/heads/*:refs/remotes/origin/* # timeout=10
 > git config remote.origin.url https://github.com/Bukkit/Bukkit.git # timeout=10
 > git config --add remote.origin.fetch +refs/heads/*:refs/remotes/origin/* # timeout=10
Avoid second fetch
 > git rev-parse refs/remotes/origin/master^{commit} # timeout=10
Checking out Revision f210234e59275330f83b994e199c76f6abd41ee7 (refs/remotes/origin/master)
 > git config core.sparsecheckout # timeout=10
 > git checkout -f f210234e59275330f83b994e199c76f6abd41ee7 # timeout=10
Commit message: "Update JavaDocs regarding teleportation of entities. Fixes BUKKIT-4210"
 > git rev-list --no-walk f210234e59275330f83b994e199c76f6abd41ee7 # timeout=10
[Bukkit] $ /bin/sh -xe /tmp/jenkins2347908153355316679.sh
+ stdbuf -i 50k bash
+ curl https://spoon.gforge.inria.fr/jenkins/build.sh
  % Total    % Received % Xferd  Average Speed   Time    Time     Time  Current
                                 Dload  Upload   Total   Spent    Left  Speed
  0     0    0     0    0     0      0      0 --:--:-- --:--:-- --:--:--     0 
-------------------------------------------------------
Initizalizes project
-------------------------------------------------------
 
100 21399  100 21399    0     0   122k      0 --:--:-- --:--:-- --:--:--  122k
HEAD is now at f210234e Update JavaDocs regarding teleportation of entities. Fixes BUKKIT-4210

--- Displays variables used in the build ---
Artifact id: bukkit
Version: 1.7.10-R0.1-SNAPSHOT
Modules job:
- Bukkit
Has checkstyle: true
Has enforcer: true
Git version id: f210234e59275330f83b994e199c76f6abd41ee7
Java version: Picked up JAVA_TOOL_OPTIONS: -Dfile.encoding=UTF8
openjdk version "11.0.9.1" 2020-11-04
OpenJDK Runtime Environment (build 11.0.9.1+1-Ubuntu-0ubuntu1.18.04)
OpenJDK 64-Bit Server VM (build 11.0.9.1+1-Ubuntu-0ubuntu1.18.04, mixed mode, sharing)
Java home: /usr/lib/jvm/java-11-openjdk-amd64
 
-------------------------------------------------------
Compiles project (at the root project if it's a multi module project) without spoon
-------------------------------------------------------
 
Picked up JAVA_TOOL_OPTIONS: -Dfile.encoding=UTF8
WARNING: An illegal reflective access operation has occurred
WARNING: Illegal reflective access by com.google.inject.internal.cglib.core.$ReflectUtils$1 (file:/usr/share/maven/lib/guice.jar) to method java.lang.ClassLoader.defineClass(java.lang.String,byte[],int,int,java.security.ProtectionDomain)
WARNING: Please consider reporting this to the maintainers of com.google.inject.internal.cglib.core.$ReflectUtils$1
WARNING: Use --illegal-access=warn to enable warnings of further illegal reflective access operations
WARNING: All illegal access operations will be denied in a future release
[[1;34mINFO[m] Scanning for projects...
[[1;33mWARNING[m] 
[[1;33mWARNING[m] Some problems were encountered while building the effective model for org.bukkit:bukkit:jar:1.7.10-R0.1-SNAPSHOT
[[1;33mWARNING[m] Reporting configuration should be done in <reporting> section, not in maven-site-plugin <configuration> as reportPlugins parameter. @ line 65, column 24
[[1;33mWARNING[m] 
[[1;33mWARNING[m] It is highly recommended to fix these problems because they threaten the stability of your build.
[[1;33mWARNING[m] 
[[1;33mWARNING[m] For this reason, future Maven versions might no longer support building such malformed projects.
[[1;33mWARNING[m] 
[[1;34mINFO[m] 
[[1;34mINFO[m] [1m-------------------------< [0;36morg.bukkit:bukkit[0;1m >--------------------------[m
[[1;34mINFO[m] [1mBuilding Bukkit 1.7.10-R0.1-SNAPSHOT[m
[[1;34mINFO[m] [1m--------------------------------[ jar ]---------------------------------[m
[[1;34mINFO[m] 
[[1;34mINFO[m] [1m--- [0;32mmaven-clean-plugin:2.5:clean[m [1m(default-clean)[m @ [36mbukkit[0;1m ---[m
[[1;34mINFO[m] 
[[1;34mINFO[m] [1m--- [0;32mmaven-resources-plugin:2.6:resources[m [1m(default-resources)[m @ [36mbukkit[0;1m ---[m
[[1;34mINFO[m] Using 'UTF-8' encoding to copy filtered resources.
[[1;34mINFO[m] skip non existing resourceDirectory /builds/workspace/Bukkit/src/main/resources
[[1;34mINFO[m] 
[[1;34mINFO[m] [1m--- [0;32mmaven-compiler-plugin:2.3.2:compile[m [1m(default-compile)[m @ [36mbukkit[0;1m ---[m
[[1;34mINFO[m] Compiling 642 source files to /builds/workspace/Bukkit/target/classes
[[1;34mINFO[m] 
[[1;34mINFO[m] [1m--- [0;32mmaven-resources-plugin:2.6:testResources[m [1m(default-testResources)[m @ [36mbukkit[0;1m ---[m
[[1;34mINFO[m] Using 'UTF-8' encoding to copy filtered resources.
[[1;34mINFO[m] skip non existing resourceDirectory /builds/workspace/Bukkit/src/test/resources
[[1;34mINFO[m] 
[[1;34mINFO[m] [1m--- [0;32mmaven-compiler-plugin:2.3.2:testCompile[m [1m(default-testCompile)[m @ [36mbukkit[0;1m ---[m
[[1;34mINFO[m] Compiling 47 source files to /builds/workspace/Bukkit/target/test-classes
[[1;34mINFO[m] 
[[1;34mINFO[m] [1m--- [0;32mmaven-surefire-plugin:2.12.4:test[m [1m(default-test)[m @ [36mbukkit[0;1m ---[m
[[1;34mINFO[m] Surefire report directory: /builds/workspace/Bukkit/target/surefire-reports

-------------------------------------------------------
 T E S T S
-------------------------------------------------------
Picked up JAVA_TOOL_OPTIONS: -Dfile.encoding=UTF8
Running org.bukkit.BukkitMirrorTest
Tests run: 475, Failures: 0, Errors: 0, Skipped: 0, Time elapsed: 0.707 sec
Running org.bukkit.MaterialTest
Tests run: 10, Failures: 0, Errors: 0, Skipped: 0, Time elapsed: 0.244 sec
Running org.bukkit.DyeColorTest
Tests run: 80, Failures: 0, Errors: 0, Skipped: 0, Time elapsed: 0.059 sec
Running org.bukkit.plugin.messaging.StandardMessengerTest
Tests run: 16, Failures: 0, Errors: 0, Skipped: 0, Time elapsed: 0.208 sec
Running org.bukkit.plugin.TimedRegisteredListenerTest
Tests run: 1, Failures: 0, Errors: 0, Skipped: 0, Time elapsed: 0.003 sec
Running org.bukkit.plugin.PluginManagerTest
May 21, 2022 3:36:18 PM org.bukkit.Bukkit setServer
INFO: This server is running TestServer version Version_null (Implementing API version BukkitVersion_null)
Tests run: 11, Failures: 0, Errors: 0, Skipped: 0, Time elapsed: 0.32 sec
Running org.bukkit.GrassSpeciesTest
Tests run: 1, Failures: 0, Errors: 0, Skipped: 0, Time elapsed: 0.008 sec
Running org.bukkit.EffectTest
Tests run: 1, Failures: 0, Errors: 0, Skipped: 0, Time elapsed: 0.005 sec
Running org.bukkit.potion.PotionTest
Tests run: 15, Failures: 0, Errors: 0, Skipped: 0, Time elapsed: 0.005 sec
Running org.bukkit.ChatPaginatorTest
Tests run: 14, Failures: 0, Errors: 0, Skipped: 0, Time elapsed: 0.022 sec
Running org.bukkit.NoteTest
Tests run: 17, Failures: 0, Errors: 0, Skipped: 0, Time elapsed: 0.035 sec
Running org.bukkit.GameModeTest
Tests run: 1, Failures: 0, Errors: 0, Skipped: 0, Time elapsed: 0.001 sec
Running org.bukkit.configuration.MemoryConfigurationTest
Tests run: 6, Failures: 0, Errors: 0, Skipped: 0, Time elapsed: 0.013 sec
Running org.bukkit.configuration.file.YamlConfigurationTest
Tests run: 17, Failures: 0, Errors: 0, Skipped: 0, Time elapsed: 0.301 sec
Running org.bukkit.configuration.MemorySectionTest
Tests run: 42, Failures: 0, Errors: 0, Skipped: 0, Time elapsed: 0.031 sec
Running org.bukkit.WorldTypeTest
Tests run: 1, Failures: 0, Errors: 0, Skipped: 0, Time elapsed: 0.001 sec
Running org.bukkit.event.PlayerChatTabCompleteEventTest
Tests run: 1, Failures: 0, Errors: 0, Skipped: 0, Time elapsed: 0.005 sec
Running org.bukkit.InstrumentTest
Tests run: 1, Failures: 0, Errors: 0, Skipped: 0, Time elapsed: 0.004 sec
Running org.bukkit.conversations.ConversationContextTest
Tests run: 3, Failures: 0, Errors: 0, Skipped: 0, Time elapsed: 0.004 sec
Running org.bukkit.conversations.ValidatingPromptTest
Tests run: 4, Failures: 0, Errors: 0, Skipped: 0, Time elapsed: 0.017 sec
Running org.bukkit.conversations.ConversationTest
Tests run: 4, Failures: 0, Errors: 0, Skipped: 0, Time elapsed: 0.012 sec
Running org.bukkit.EntityEffectTest
Tests run: 1, Failures: 0, Errors: 0, Skipped: 0, Time elapsed: 0.002 sec
Running org.bukkit.TreeSpeciesTest
Tests run: 1, Failures: 0, Errors: 0, Skipped: 0, Time elapsed: 0.001 sec
Running org.bukkit.ArtTest
Tests run: 5, Failures: 0, Errors: 0, Skipped: 0, Time elapsed: 0.009 sec
Running org.bukkit.metadata.MetadataStoreTest
Tests run: 9, Failures: 0, Errors: 0, Skipped: 0, Time elapsed: 0.013 sec
Running org.bukkit.metadata.MetadataValueAdapterTest
Tests run: 4, Failures: 0, Errors: 0, Skipped: 0, Time elapsed: 0.003 sec
Running org.bukkit.metadata.LazyMetadataValueTest
Tests run: 8, Failures: 0, Errors: 0, Skipped: 0, Time elapsed: 0.009 sec
Running org.bukkit.metadata.FixedMetadataValueTest
Tests run: 3, Failures: 0, Errors: 0, Skipped: 0, Time elapsed: 0.002 sec
Running org.bukkit.metadata.MetadataConversionTest
Tests run: 5, Failures: 0, Errors: 0, Skipped: 0, Time elapsed: 0.008 sec
Running org.bukkit.CropStateTest
Tests run: 1, Failures: 0, Errors: 0, Skipped: 0, Time elapsed: 0.002 sec
Running org.bukkit.ChatColorTest
Tests run: 10, Failures: 0, Errors: 0, Skipped: 0, Time elapsed: 0.008 sec
Running org.bukkit.DifficultyTest
Tests run: 1, Failures: 0, Errors: 0, Skipped: 0, Time elapsed: 0.005 sec
Running org.bukkit.util.StringUtilStartsWithTest
Tests run: 10, Failures: 0, Errors: 0, Skipped: 0, Time elapsed: 0.025 sec
Running org.bukkit.util.io.BukkitObjectStreamTest
Tests run: 6, Failures: 0, Errors: 0, Skipped: 3, Time elapsed: 0.08 sec
Running org.bukkit.util.StringUtilTest
Tests run: 8, Failures: 0, Errors: 0, Skipped: 0, Time elapsed: 0.034 sec
Running org.bukkit.LocationTest
Tests run: 60, Failures: 0, Errors: 0, Skipped: 0, Time elapsed: 0.008 sec
Running org.bukkit.ColorTest
Tests run: 52, Failures: 0, Errors: 0, Skipped: 0, Time elapsed: 0.066 sec
Running org.bukkit.CoalTypeTest
Tests run: 1, Failures: 0, Errors: 0, Skipped: 0, Time elapsed: 0.001 sec

Results :

Tests run: 906, Failures: 0, Errors: 0, Skipped: 3

[[1;34mINFO[m] 
[[1;34mINFO[m] [1m--- [0;32mmaven-jar-plugin:2.4:jar[m [1m(default-jar)[m @ [36mbukkit[0;1m ---[m
[[1;34mINFO[m] Building jar: /builds/workspace/Bukkit/target/bukkit-1.7.10-R0.1-SNAPSHOT.jar
[[1;34mINFO[m] 
[[1;34mINFO[m] [1m--- [0;32mmaven-shade-plugin:1.4:shade[m [1m(default)[m @ [36mbukkit[0;1m ---[m
[[1;34mINFO[m] Including org.yaml:snakeyaml:jar:1.9 in the shaded jar.
[[1;34mINFO[m] Including com.googlecode.json-simple:json-simple:jar:1.1 in the shaded jar.
[[1;34mINFO[m] Including org.avaje:ebean:jar:2.7.3 in the shaded jar.
[[1;34mINFO[m] Including javax.persistence:persistence-api:jar:1.0 in the shaded jar.
[[1;34mINFO[m] Including com.google.guava:guava:jar:10.0.1 in the shaded jar.
[[1;34mINFO[m] Including com.google.code.findbugs:jsr305:jar:1.3.9 in the shaded jar.
[[1;34mINFO[m] Including commons-lang:commons-lang:jar:2.3 in the shaded jar.
[[1;34mINFO[m] Replacing original artifact with shaded artifact.
[[1;34mINFO[m] Replacing /builds/workspace/Bukkit/target/bukkit-1.7.10-R0.1-SNAPSHOT.jar with /builds/workspace/Bukkit/target/bukkit-1.7.10-R0.1-SNAPSHOT-shaded.jar
[[1;34mINFO[m] 
[[1;34mINFO[m] [1m--- [0;32mmaven-install-plugin:2.4:install[m [1m(default-install)[m @ [36mbukkit[0;1m ---[m
[[1;34mINFO[m] Installing /builds/workspace/Bukkit/target/bukkit-1.7.10-R0.1-SNAPSHOT.jar to /builds/.m2/repository/org/bukkit/bukkit/1.7.10-R0.1-SNAPSHOT/bukkit-1.7.10-R0.1-SNAPSHOT.jar
[[1;34mINFO[m] Installing /builds/workspace/Bukkit/dependency-reduced-pom.xml to /builds/.m2/repository/org/bukkit/bukkit/1.7.10-R0.1-SNAPSHOT/bukkit-1.7.10-R0.1-SNAPSHOT.pom
[[1;34mINFO[m] [1m------------------------------------------------------------------------[m
[[1;34mINFO[m] [1;32mBUILD SUCCESS[m
[[1;34mINFO[m] [1m------------------------------------------------------------------------[m
[[1;34mINFO[m] Total time:  17.009 s
[[1;34mINFO[m] Finished at: 2022-05-21T15:36:22+02:00
[[1;34mINFO[m] [1m------------------------------------------------------------------------[m
bash: line 97: bc: command not found
 
--- Displays results of the maven compile ---
Time to compile: 
Number of tests: 906
Number of tests skipped: 3
Number of failures in tests: 0
Number of errors in tests: 0
 
-------------------------------------------------------
Inserts the maven plugin to spoon the project
-------------------------------------------------------
 
bash: line 169: pom.bak9.xml: No space left on device
bash: line 170: pom.bak10.xml: No space left on device
bash: line 171: pom.bak11.xml: No space left on device
bash: line 172: pom.bak12.xml: No space left on device
bash: line 173: pom.bak14.xml: No space left on device
bash: line 174: pom.bak19.xml: No space left on device
bash: line 175: pom.bak20.xml: No space left on device
bash: line 176: pom.bak21.xml: No space left on device
bash: line 177: pom.bak22.xml: No space left on device
mv: cannot stat 'pom.bak22.xml': No such file or directory
Picked up JAVA_TOOL_OPTIONS: -Dfile.encoding=UTF8
WARNING: An illegal reflective access operation has occurred
WARNING: Illegal reflective access by com.google.inject.internal.cglib.core.$ReflectUtils$1 (file:/usr/share/maven/lib/guice.jar) to method java.lang.ClassLoader.defineClass(java.lang.String,byte[],int,int,java.security.ProtectionDomain)
WARNING: Please consider reporting this to the maintainers of com.google.inject.internal.cglib.core.$ReflectUtils$1
WARNING: Use --illegal-access=warn to enable warnings of further illegal reflective access operations
WARNING: All illegal access operations will be denied in a future release
[[1;34mINFO[m] Scanning for projects...
[[1;33mWARNING[m] 
[[1;33mWARNING[m] Some problems were encountered while building the effective model for org.bukkit:bukkit:jar:1.7.10-R0.1-SNAPSHOT
[[1;33mWARNING[m] Reporting configuration should be done in <reporting> section, not in maven-site-plugin <configuration> as reportPlugins parameter. @ line 65, column 24
[[1;33mWARNING[m] 
[[1;33mWARNING[m] It is highly recommended to fix these problems because they threaten the stability of your build.
[[1;33mWARNING[m] 
[[1;33mWARNING[m] For this reason, future Maven versions might no longer support building such malformed projects.
[[1;33mWARNING[m] 
[[1;34mINFO[m] 
[[1;34mINFO[m] [1m-------------------------< [0;36morg.bukkit:bukkit[0;1m >--------------------------[m
[[1;34mINFO[m] [1mBuilding Bukkit 1.7.10-R0.1-SNAPSHOT[m
[[1;34mINFO[m] [1m--------------------------------[ jar ]---------------------------------[m
[[1;34mINFO[m] 
[[1;34mINFO[m] [1m--- [0;32mmaven-dependency-plugin:2.8:purge-local-repository[m [1m(default-cli)[m @ [36mbukkit[0;1m ---[m
[[1;34mINFO[m] [1m------------------------------------------------------------------------[m
[[1;34mINFO[m] [1;32mBUILD SUCCESS[m
[[1;34mINFO[m] [1m------------------------------------------------------------------------[m
[[1;34mINFO[m] Total time:  2.536 s
[[1;34mINFO[m] Finished at: 2022-05-21T15:36:28+02:00
[[1;34mINFO[m] [1m------------------------------------------------------------------------[m
Picked up JAVA_TOOL_OPTIONS: -Dfile.encoding=UTF8
WARNING: An illegal reflective access operation has occurred
WARNING: Illegal reflective access by com.google.inject.internal.cglib.core.$ReflectUtils$1 (file:/usr/share/maven/lib/guice.jar) to method java.lang.ClassLoader.defineClass(java.lang.String,byte[],int,int,java.security.ProtectionDomain)
WARNING: Please consider reporting this to the maintainers of com.google.inject.internal.cglib.core.$ReflectUtils$1
WARNING: Use --illegal-access=warn to enable warnings of further illegal reflective access operations
WARNING: All illegal access operations will be denied in a future release
[[1;34mINFO[m] Scanning for projects...
[[1;33mWARNING[m] 
[[1;33mWARNING[m] Some problems were encountered while building the effective model for org.bukkit:bukkit:jar:1.7.10-R0.1-SNAPSHOT
[[1;33mWARNING[m] Reporting configuration should be done in <reporting> section, not in maven-site-plugin <configuration> as reportPlugins parameter. @ line 65, column 24
[[1;33mWARNING[m] 
[[1;33mWARNING[m] It is highly recommended to fix these problems because they threaten the stability of your build.
[[1;33mWARNING[m] 
[[1;33mWARNING[m] For this reason, future Maven versions might no longer support building such malformed projects.
[[1;33mWARNING[m] 
[[1;34mINFO[m] 
[[1;34mINFO[m] [1m-------------------------< [0;36morg.bukkit:bukkit[0;1m >--------------------------[m
[[1;34mINFO[m] [1mBuilding Bukkit 1.7.10-R0.1-SNAPSHOT[m
[[1;34mINFO[m] [1m--------------------------------[ jar ]---------------------------------[m
[[1;34mINFO[m] 
[[1;34mINFO[m] [1m--- [0;32mmaven-clean-plugin:2.5:clean[m [1m(default-clean)[m @ [36mbukkit[0;1m ---[m
[[1;34mINFO[m] Deleting /builds/workspace/Bukkit/target
[[1;34mINFO[m] 
[[1;34mINFO[m] [1m--- [0;32mmaven-resources-plugin:2.6:resources[m [1m(default-resources)[m @ [36mbukkit[0;1m ---[m
[[1;34mINFO[m] Using 'UTF-8' encoding to copy filtered resources.
[[1;34mINFO[m] skip non existing resourceDirectory /builds/workspace/Bukkit/src/main/resources
[[1;34mINFO[m] 
[[1;34mINFO[m] [1m--- [0;32mmaven-compiler-plugin:2.3.2:compile[m [1m(default-compile)[m @ [36mbukkit[0;1m ---[m
[[1;34mINFO[m] Compiling 642 source files to /builds/workspace/Bukkit/target/classes
[[1;34mINFO[m] 
[[1;34mINFO[m] [1m--- [0;32mmaven-resources-plugin:2.6:testResources[m [1m(default-testResources)[m @ [36mbukkit[0;1m ---[m
[[1;34mINFO[m] Using 'UTF-8' encoding to copy filtered resources.
[[1;34mINFO[m] skip non existing resourceDirectory /builds/workspace/Bukkit/src/test/resources
[[1;34mINFO[m] 
[[1;34mINFO[m] [1m--- [0;32mmaven-compiler-plugin:2.3.2:testCompile[m [1m(default-testCompile)[m @ [36mbukkit[0;1m ---[m
[[1;34mINFO[m] Compiling 47 source files to /builds/workspace/Bukkit/target/test-classes
[[1;34mINFO[m] 
[[1;34mINFO[m] [1m--- [0;32mmaven-surefire-plugin:2.12.4:test[m [1m(default-test)[m @ [36mbukkit[0;1m ---[m
[[1;34mINFO[m] Tests are skipped.
[[1;34mINFO[m] [1m------------------------------------------------------------------------[m
[[1;34mINFO[m] [1;32mBUILD SUCCESS[m
[[1;34mINFO[m] [1m------------------------------------------------------------------------[m
[[1;34mINFO[m] Total time:  10.619 s
[[1;34mINFO[m] Finished at: 2022-05-21T15:36:41+02:00
[[1;34mINFO[m] [1m------------------------------------------------------------------------[m
bash: line 193: bc: command not found
Picked up JAVA_TOOL_OPTIONS: -Dfile.encoding=UTF8
WARNING: An illegal reflective access operation has occurred
WARNING: Illegal reflective access by com.google.inject.internal.cglib.core.$ReflectUtils$1 (file:/usr/share/maven/lib/guice.jar) to method java.lang.ClassLoader.defineClass(java.lang.String,byte[],int,int,java.security.ProtectionDomain)
WARNING: Please consider reporting this to the maintainers of com.google.inject.internal.cglib.core.$ReflectUtils$1
WARNING: Use --illegal-access=warn to enable warnings of further illegal reflective access operations
WARNING: All illegal access operations will be denied in a future release
[[1;34mINFO[m] Scanning for projects...
[[1;33mWARNING[m] 
[[1;33mWARNING[m] Some problems were encountered while building the effective model for org.bukkit:bukkit:jar:1.7.10-R0.1-SNAPSHOT
[[1;33mWARNING[m] Reporting configuration should be done in <reporting> section, not in maven-site-plugin <configuration> as reportPlugins parameter. @ line 65, column 24
[[1;33mWARNING[m] 
[[1;33mWARNING[m] It is highly recommended to fix these problems because they threaten the stability of your build.
[[1;33mWARNING[m] 
[[1;33mWARNING[m] For this reason, future Maven versions might no longer support building such malformed projects.
[[1;33mWARNING[m] 
Downloading from ow2.org-snapshot: https://repository.ow2.org/nexus/content/repositories/snapshots/fr/inria/gforge/spoon/spoon-maven-plugin/maven-metadata.xml
Downloading from central: https://repo.maven.apache.org/maven2/fr/inria/gforge/spoon/spoon-maven-plugin/maven-metadata.xml
Progress (1): 810 BProgress (2): 810 B | 331 B                           Downloaded from central: https://repo.maven.apache.org/maven2/fr/inria/gforge/spoon/spoon-maven-plugin/maven-metadata.xml (810 B at 1.2 kB/s)
Downloaded from ow2.org-snapshot: https://repository.ow2.org/nexus/content/repositories/snapshots/fr/inria/gforge/spoon/spoon-maven-plugin/maven-metadata.xml (331 B at 453 B/s)
Downloading from ow2.org-snapshot: https://repository.ow2.org/nexus/content/repositories/snapshots/fr/inria/gforge/spoon/spoon-maven-plugin/3.5/spoon-maven-plugin-3.5.pom
Downloading from central: https://repo.maven.apache.org/maven2/fr/inria/gforge/spoon/spoon-maven-plugin/3.5/spoon-maven-plugin-3.5.pom
Progress (1): 1.4/8.6 kBProgress (1): 2.7/8.6 kBProgress (1): 4.1/8.6 kBProgress (1): 5.5/8.6 kBProgress (1): 6.9/8.6 kBProgress (1): 8.2/8.6 kBProgress (1): 8.6 kB                        Downloaded from central: https://repo.maven.apache.org/maven2/fr/inria/gforge/spoon/spoon-maven-plugin/3.5/spoon-maven-plugin-3.5.pom (8.6 kB at 191 kB/s)
Downloading from ow2.org-snapshot: https://repository.ow2.org/nexus/content/repositories/snapshots/fr/inria/gforge/spoon/spoon-maven-plugin/3.5/spoon-maven-plugin-3.5.jar
Downloading from central: https://repo.maven.apache.org/maven2/fr/inria/gforge/spoon/spoon-maven-plugin/3.5/spoon-maven-plugin-3.5.jar
Progress (1): 1.4/36 kBProgress (1): 2.7/36 kBProgress (1): 4.1/36 kBProgress (1): 5.5/36 kBProgress (1): 6.9/36 kBProgress (1): 8.2/36 kBProgress (1): 9.6/36 kBProgress (1): 11/36 kB Progress (1): 12/36 kBProgress (1): 14/36 kBProgress (1): 15/36 kBProgress (1): 16/36 kBProgress (1): 17/36 kBProgress (1): 19/36 kBProgress (1): 20/36 kBProgress (1): 21/36 kBProgress (1): 23/36 kBProgress (1): 24/36 kBProgress (1): 25/36 kBProgress (1): 27/36 kBProgress (1): 28/36 kBProgress (1): 30/36 kBProgress (1): 31/36 kBProgress (1): 32/36 kBProgress (1): 34/36 kBProgress (1): 35/36 kBProgress (1): 36 kB                      Downloaded from central: https://repo.maven.apache.org/maven2/fr/inria/gforge/spoon/spoon-maven-plugin/3.5/spoon-maven-plugin-3.5.jar (36 kB at 505 kB/s)
[[1;34mINFO[m] 
[[1;34mINFO[m] [1m-------------------------< [0;36morg.bukkit:bukkit[0;1m >--------------------------[m
[[1;34mINFO[m] [1mBuilding Bukkit 1.7.10-R0.1-SNAPSHOT[m
[[1;34mINFO[m] [1m--------------------------------[ jar ]---------------------------------[m
[[1;34mINFO[m] 
[[1;34mINFO[m] [1m--- [0;32mspoon-maven-plugin:3.5:generate[m [1m(default-cli)[m @ [36mbukkit[0;1m ---[m
Downloading from ow2.org-snapshot: https://repository.ow2.org/nexus/content/repositories/snapshots/fr/inria/gforge/spoon/spoon-core/9.1.0/spoon-core-9.1.0.pom
Downloading from central: https://repo.maven.apache.org/maven2/fr/inria/gforge/spoon/spoon-core/9.1.0/spoon-core-9.1.0.pom
Progress (1): 1.4/11 kBProgress (1): 2.7/11 kBProgress (1): 4.1/11 kBProgress (1): 5.5/11 kBProgress (1): 6.9/11 kBProgress (1): 8.2/11 kBProgress (1): 9.6/11 kBProgress (1): 11 kB                       Downloaded from central: https://repo.maven.apache.org/maven2/fr/inria/gforge/spoon/spoon-core/9.1.0/spoon-core-9.1.0.pom (11 kB at 413 kB/s)
Downloading from ow2.org-snapshot: https://repository.ow2.org/nexus/content/repositories/snapshots/fr/inria/gforge/spoon/spoon-core/9.1.0/spoon-core-9.1.0.jar
Downloading from central: https://repo.maven.apache.org/maven2/fr/inria/gforge/spoon/spoon-core/9.1.0/spoon-core-9.1.0.jar
Progress (1): 0/1.8 MBProgress (1): 0/1.8 MBProgress (1): 0/1.8 MBProgress (1): 0/1.8 MBProgress (1): 0/1.8 MBProgress (1): 0/1.8 MBProgress (1): 0/1.8 MBProgress (1): 0/1.8 MBProgress (1): 0/1.8 MBProgress (1): 0/1.8 MBProgress (1): 0/1.8 MBProgress (1): 0/1.8 MBProgress (1): 0.1/1.8 MBProgress (1): 0.1/1.8 MBProgress (1): 0.1/1.8 MBProgress (1): 0.1/1.8 MBProgress (1): 0.1/1.8 MBProgress (1): 0.1/1.8 MBProgress (1): 0.1/1.8 MBProgress (1): 0.1/1.8 MBProgress (1): 0.1/1.8 MBProgress (1): 0.1/1.8 MBProgress (1): 0.1/1.8 MBProgress (1): 0.1/1.8 MBProgress (1): 0.1/1.8 MBProgress (1): 0.1/1.8 MBProgress (1): 0.1/1.8 MBProgress (1): 0.1/1.8 MBProgress (1): 0.1/1.8 MBProgress (1): 0.1/1.8 MBProgress (1): 0.1/1.8 MBProgress (1): 0.1/1.8 MBProgress (1): 0.1/1.8 MBProgress (1): 0.1/1.8 MBProgress (1): 0.1/1.8 MBProgress (1): 0.1/1.8 MBProgress (1): 0.2/1.8 MBProgress (1): 0.2/1.8 MBProgress (1): 0.2/1.8 MBProgress (1): 0.2/1.8 MBProgress (1): 0.2/1.8 MBProgress (1): 0.2/1.8 MBProgress (1): 0.2/1.8 MBProgress (1): 0.2/1.8 MBProgress (1): 0.2/1.8 MBProgress (1): 0.2/1.8 MBProgress (1): 0.2/1.8 MBProgress (1): 0.2/1.8 MBProgress (1): 0.2/1.8 MBProgress (1): 0.2/1.8 MBProgress (1): 0.2/1.8 MBProgress (1): 0.2/1.8 MBProgress (1): 0.2/1.8 MBProgress (1): 0.2/1.8 MBProgress (1): 0.2/1.8 MBProgress (1): 0.2/1.8 MBProgress (1): 0.2/1.8 MBProgress (1): 0.2/1.8 MBProgress (1): 0.2/1.8 MBProgress (1): 0.2/1.8 MBProgress (1): 0.2/1.8 MBProgress (1): 0.3/1.8 MBProgress (1): 0.3/1.8 MBProgress (1): 0.3/1.8 MBProgress (1): 0.3/1.8 MBProgress (1): 0.3/1.8 MBProgress (1): 0.3/1.8 MBProgress (1): 0.3/1.8 MBProgress (1): 0.3/1.8 MBProgress (1): 0.3/1.8 MBProgress (1): 0.3/1.8 MBProgress (1): 0.3/1.8 MBProgress (1): 0.3/1.8 MBProgress (1): 0.3/1.8 MBProgress (1): 0.3/1.8 MBProgress (1): 0.3/1.8 MBProgress (1): 0.3/1.8 MBProgress (1): 0.3/1.8 MBProgress (1): 0.3/1.8 MBProgress (1): 0.3/1.8 MBProgress (1): 0.3/1.8 MBProgress (1): 0.3/1.8 MBProgress (1): 0.3/1.8 MBProgress (1): 0.3/1.8 MBProgress (1): 0.3/1.8 MBProgress (1): 0.4/1.8 MBProgress (1): 0.4/1.8 MBProgress (1): 0.4/1.8 MBProgress (1): 0.4/1.8 MBProgress (1): 0.4/1.8 MBProgress (1): 0.4/1.8 MBProgress (1): 0.4/1.8 MBProgress (1): 0.4/1.8 MBProgress (1): 0.4/1.8 MBProgress (1): 0.4/1.8 MBProgress (1): 0.4/1.8 MBProgress (1): 0.4/1.8 MBProgress (1): 0.4/1.8 MBProgress (1): 0.4/1.8 MBProgress (1): 0.4/1.8 MBProgress (1): 0.4/1.8 MBProgress (1): 0.4/1.8 MBProgress (1): 0.4/1.8 MBProgress (1): 0.4/1.8 MBProgress (1): 0.4/1.8 MBProgress (1): 0.4/1.8 MBProgress (1): 0.4/1.8 MBProgress (1): 0.4/1.8 MBProgress (1): 0.4/1.8 MBProgress (1): 0.4/1.8 MBProgress (1): 0.5/1.8 MBProgress (1): 0.5/1.8 MBProgress (1): 0.5/1.8 MBProgress (1): 0.5/1.8 MBProgress (1): 0.5/1.8 MBProgress (1): 0.5/1.8 MBProgress (1): 0.5/1.8 MBProgress (1): 0.5/1.8 MBProgress (1): 0.5/1.8 MBProgress (1): 0.5/1.8 MBProgress (1): 0.5/1.8 MBProgress (1): 0.5/1.8 MBProgress (1): 0.5/1.8 MBProgress (1): 0.5/1.8 MBProgress (1): 0.5/1.8 MBProgress (1): 0.5/1.8 MBProgress (1): 0.5/1.8 MBProgress (1): 0.5/1.8 MBProgress (1): 0.5/1.8 MBProgress (1): 0.5/1.8 MBProgress (1): 0.5/1.8 MBProgress (1): 0.5/1.8 MBProgress (1): 0.5/1.8 MBProgress (1): 0.5/1.8 MBProgress (1): 0.6/1.8 MBProgress (1): 0.6/1.8 MBProgress (1): 0.6/1.8 MBProgress (1): 0.6/1.8 MBProgress (1): 0.6/1.8 MBProgress (1): 0.6/1.8 MBProgress (1): 0.6/1.8 MBProgress (1): 0.6/1.8 MBProgress (1): 0.6/1.8 MBProgress (1): 0.6/1.8 MBProgress (1): 0.6/1.8 MBProgress (1): 0.6/1.8 MBProgress (1): 0.6/1.8 MBProgress (1): 0.6/1.8 MBProgress (1): 0.6/1.8 MBProgress (1): 0.6/1.8 MBProgress (1): 0.6/1.8 MBProgress (1): 0.6/1.8 MBProgress (1): 0.6/1.8 MBProgress (1): 0.6/1.8 MBProgress (1): 0.6/1.8 MBProgress (1): 0.6/1.8 MBProgress (1): 0.6/1.8 MBProgress (1): 0.6/1.8 MBProgress (1): 0.7/1.8 MBProgress (1): 0.7/1.8 MBProgress (1): 0.7/1.8 MBProgress (1): 0.7/1.8 MBProgress (1): 0.7/1.8 MBProgress (1): 0.7/1.8 MBProgress (1): 0.7/1.8 MBProgress (1): 0.7/1.8 MBProgress (1): 0.7/1.8 MBProgress (1): 0.7/1.8 MBProgress (1): 0.7/1.8 MBProgress (1): 0.7/1.8 MBProgress (1): 0.7/1.8 MBProgress (1): 0.7/1.8 MBProgress (1): 0.7/1.8 MBProgress (1): 0.7/1.8 MBProgress (1): 0.7/1.8 MBProgress (1): 0.7/1.8 MBProgress (1): 0.7/1.8 MBProgress (1): 0.7/1.8 MBProgress (1): 0.7/1.8 MBProgress (1): 0.7/1.8 MBProgress (1): 0.7/1.8 MBProgress (1): 0.7/1.8 MBProgress (1): 0.7/1.8 MBProgress (1): 0.8/1.8 MBProgress (1): 0.8/1.8 MBProgress (1): 0.8/1.8 MBProgress (1): 0.8/1.8 MBProgress (1): 0.8/1.8 MBProgress (1): 0.8/1.8 MBProgress (1): 0.8/1.8 MBProgress (1): 0.8/1.8 MBProgress (1): 0.8/1.8 MBProgress (1): 0.8/1.8 MBProgress (1): 0.8/1.8 MBProgress (1): 0.8/1.8 MBProgress (1): 0.8/1.8 MBProgress (1): 0.8/1.8 MBProgress (1): 0.8/1.8 MBProgress (1): 0.8/1.8 MBProgress (1): 0.8/1.8 MBProgress (1): 0.8/1.8 MBProgress (1): 0.8/1.8 MBProgress (1): 0.8/1.8 MBProgress (1): 0.8/1.8 MBProgress (1): 0.8/1.8 MBProgress (1): 0.8/1.8 MBProgress (1): 0.8/1.8 MBProgress (1): 0.9/1.8 MBProgress (1): 0.9/1.8 MBProgress (1): 0.9/1.8 MBProgress (1): 0.9/1.8 MBProgress (1): 0.9/1.8 MBProgress (1): 0.9/1.8 MBProgress (1): 0.9/1.8 MBProgress (1): 0.9/1.8 MBProgress (1): 0.9/1.8 MBProgress (1): 0.9/1.8 MBProgress (1): 0.9/1.8 MBProgress (1): 0.9/1.8 MBProgress (1): 0.9/1.8 MBProgress (1): 0.9/1.8 MBProgress (1): 0.9/1.8 MBProgress (1): 0.9/1.8 MBProgress (1): 0.9/1.8 MBProgress (1): 0.9/1.8 MBProgress (1): 0.9/1.8 MBProgress (1): 0.9/1.8 MBProgress (1): 0.9/1.8 MBProgress (1): 0.9/1.8 MBProgress (1): 0.9/1.8 MBProgress (1): 0.9/1.8 MBProgress (1): 0.9/1.8 MBProgress (1): 1.0/1.8 MBProgress (1): 1.0/1.8 MBProgress (1): 1.0/1.8 MBProgress (1): 1.0/1.8 MBProgress (1): 1.0/1.8 MBProgress (1): 1.0/1.8 MBProgress (1): 1.0/1.8 MBProgress (1): 1.0/1.8 MBProgress (1): 1.0/1.8 MBProgress (1): 1.0/1.8 MBProgress (1): 1.0/1.8 MBProgress (1): 1.0/1.8 MBProgress (1): 1.0/1.8 MBProgress (1): 1.0/1.8 MBProgress (1): 1.0/1.8 MBProgress (1): 1.0/1.8 MBProgress (1): 1.0/1.8 MBProgress (1): 1.0/1.8 MBProgress (1): 1.0/1.8 MBProgress (1): 1.0/1.8 MBProgress (1): 1.0/1.8 MBProgress (1): 1.0/1.8 MBProgress (1): 1.0/1.8 MBProgress (1): 1.0/1.8 MBProgress (1): 1.1/1.8 MBProgress (1): 1.1/1.8 MBProgress (1): 1.1/1.8 MBProgress (1): 1.1/1.8 MBProgress (1): 1.1/1.8 MBProgress (1): 1.1/1.8 MBProgress (1): 1.1/1.8 MBProgress (1): 1.1/1.8 MBProgress (1): 1.1/1.8 MBProgress (1): 1.1/1.8 MBProgress (1): 1.1/1.8 MBProgress (1): 1.1/1.8 MBProgress (1): 1.1/1.8 MBProgress (1): 1.1/1.8 MBProgress (1): 1.1/1.8 MBProgress (1): 1.1/1.8 MBProgress (1): 1.1/1.8 MBProgress (1): 1.1/1.8 MBProgress (1): 1.1/1.8 MBProgress (1): 1.1/1.8 MBProgress (1): 1.1/1.8 MBProgress (1): 1.1/1.8 MBProgress (1): 1.1/1.8 MBProgress (1): 1.1/1.8 MBProgress (1): 1.2/1.8 MBProgress (1): 1.2/1.8 MBProgress (1): 1.2/1.8 MBProgress (1): 1.2/1.8 MBProgress (1): 1.2/1.8 MBProgress (1): 1.2/1.8 MBProgress (1): 1.2/1.8 MBProgress (1): 1.2/1.8 MBProgress (1): 1.2/1.8 MBProgress (1): 1.2/1.8 MBProgress (1): 1.2/1.8 MBProgress (1): 1.2/1.8 MBProgress (1): 1.2/1.8 MBProgress (1): 1.2/1.8 MBProgress (1): 1.2/1.8 MBProgress (1): 1.2/1.8 MBProgress (1): 1.2/1.8 MBProgress (1): 1.2/1.8 MBProgress (1): 1.2/1.8 MBProgress (1): 1.2/1.8 MBProgress (1): 1.2/1.8 MBProgress (1): 1.2/1.8 MBProgress (1): 1.2/1.8 MBProgress (1): 1.2/1.8 MBProgress (1): 1.2/1.8 MBProgress (1): 1.3/1.8 MBProgress (1): 1.3/1.8 MBProgress (1): 1.3/1.8 MBProgress (1): 1.3/1.8 MBProgress (1): 1.3/1.8 MBProgress (1): 1.3/1.8 MBProgress (1): 1.3/1.8 MBProgress (1): 1.3/1.8 MBProgress (1): 1.3/1.8 MBProgress (1): 1.3/1.8 MBProgress (1): 1.3/1.8 MBProgress (1): 1.3/1.8 MBProgress (1): 1.3/1.8 MBProgress (1): 1.3/1.8 MBProgress (1): 1.3/1.8 MBProgress (1): 1.3/1.8 MBProgress (1): 1.3/1.8 MBProgress (1): 1.3/1.8 MBProgress (1): 1.3/1.8 MBProgress (1): 1.3/1.8 MBProgress (1): 1.3/1.8 MBProgress (1): 1.3/1.8 MBProgress (1): 1.3/1.8 MBProgress (1): 1.3/1.8 MBProgress (1): 1.4/1.8 MBProgress (1): 1.4/1.8 MBProgress (1): 1.4/1.8 MBProgress (1): 1.4/1.8 MBProgress (1): 1.4/1.8 MBProgress (1): 1.4/1.8 MBProgress (1): 1.4/1.8 MBProgress (1): 1.4/1.8 MBProgress (1): 1.4/1.8 MBProgress (1): 1.4/1.8 MBProgress (1): 1.4/1.8 MBProgress (1): 1.4/1.8 MBProgress (1): 1.4/1.8 MBProgress (1): 1.4/1.8 MBProgress (1): 1.4/1.8 MBProgress (1): 1.4/1.8 MBProgress (1): 1.4/1.8 MBProgress (1): 1.4/1.8 MBProgress (1): 1.4/1.8 MBProgress (1): 1.4/1.8 MBProgress (1): 1.4/1.8 MBProgress (1): 1.4/1.8 MBProgress (1): 1.4/1.8 MBProgress (1): 1.4/1.8 MBProgress (1): 1.4/1.8 MBProgress (1): 1.4/1.8 MBProgress (1): 1.5/1.8 MBProgress (1): 1.5/1.8 MBProgress (1): 1.5/1.8 MBProgress (1): 1.5/1.8 MBProgress (1): 1.5/1.8 MBProgress (1): 1.5/1.8 MBProgress (1): 1.5/1.8 MBProgress (1): 1.5/1.8 MBProgress (1): 1.5/1.8 MBProgress (1): 1.5/1.8 MBProgress (1): 1.5/1.8 MBProgress (1): 1.5/1.8 MBProgress (1): 1.5/1.8 MBProgress (1): 1.5/1.8 MBProgress (1): 1.5/1.8 MBProgress (1): 1.5/1.8 MBProgress (1): 1.5/1.8 MBProgress (1): 1.5/1.8 MBProgress (1): 1.5/1.8 MBProgress (1): 1.5/1.8 MBProgress (1): 1.5/1.8 MBProgress (1): 1.5/1.8 MBProgress (1): 1.5/1.8 MBProgress (1): 1.5/1.8 MBProgress (1): 1.6/1.8 MBProgress (1): 1.6/1.8 MBProgress (1): 1.6/1.8 MBProgress (1): 1.6/1.8 MBProgress (1): 1.6/1.8 MBProgress (1): 1.6/1.8 MBProgress (1): 1.6/1.8 MBProgress (1): 1.6/1.8 MBProgress (1): 1.6/1.8 MBProgress (1): 1.6/1.8 MBProgress (1): 1.6/1.8 MBProgress (1): 1.6/1.8 MBProgress (1): 1.6/1.8 MBProgress (1): 1.6/1.8 MBProgress (1): 1.6/1.8 MBProgress (1): 1.6/1.8 MBProgress (1): 1.6/1.8 MBProgress (1): 1.6/1.8 MBProgress (1): 1.6/1.8 MBProgress (1): 1.6/1.8 MBProgress (1): 1.6/1.8 MBProgress (1): 1.6/1.8 MBProgress (1): 1.6/1.8 MBProgress (1): 1.6/1.8 MBProgress (1): 1.7/1.8 MBProgress (1): 1.7/1.8 MBProgress (1): 1.7/1.8 MBProgress (1): 1.7/1.8 MBProgress (1): 1.7/1.8 MBProgress (1): 1.7/1.8 MBProgress (1): 1.7/1.8 MBProgress (1): 1.7/1.8 MBProgress (1): 1.7/1.8 MBProgress (1): 1.7/1.8 MBProgress (1): 1.7/1.8 MBProgress (1): 1.7/1.8 MBProgress (1): 1.7/1.8 MBProgress (1): 1.7/1.8 MBProgress (1): 1.7/1.8 MBProgress (1): 1.7/1.8 MBProgress (1): 1.7/1.8 MBProgress (1): 1.7/1.8 MBProgress (1): 1.7/1.8 MBProgress (1): 1.7/1.8 MBProgress (1): 1.7/1.8 MBProgress (1): 1.7/1.8 MBProgress (1): 1.7/1.8 MBProgress (1): 1.7/1.8 MBProgress (1): 1.7/1.8 MBProgress (1): 1.8/1.8 MBProgress (1): 1.8/1.8 MBProgress (1): 1.8/1.8 MBProgress (1): 1.8/1.8 MBProgress (1): 1.8/1.8 MBProgress (1): 1.8/1.8 MBProgress (1): 1.8/1.8 MBProgress (1): 1.8/1.8 MBProgress (1): 1.8/1.8 MBProgress (1): 1.8/1.8 MBProgress (1): 1.8/1.8 MBProgress (1): 1.8/1.8 MBProgress (1): 1.8 MB                        Downloaded from central: https://repo.maven.apache.org/maven2/fr/inria/gforge/spoon/spoon-core/9.1.0/spoon-core-9.1.0.jar (1.8 MB at 3.4 MB/s)
[[1;34mINFO[m] Running in FULLCLASSPATH mode (doc: http://spoon.gforge.inria.fr/launcher.html).
[[1;34mINFO[m] Spoon version ${project.version}
[[1;34mINFO[m] running Spoon...
[[1;34mINFO[m] start processing...
[[1;34mINFO[m] spoon.support.JavaOutputProcessor
[[1;34mINFO[m] end of processing: 
[[1;34mINFO[m] no errors, no warnings
[[1;34mINFO[m] [1m------------------------------------------------------------------------[m
[[1;34mINFO[m] [1;32mBUILD SUCCESS[m
[[1;34mINFO[m] [1m------------------------------------------------------------------------[m
[[1;34mINFO[m] Total time:  23.375 s
[[1;34mINFO[m] Finished at: 2022-05-21T15:37:08+02:00
[[1;34mINFO[m] [1m------------------------------------------------------------------------[m
ERROR: no tag class, spoon has failed
Build step 'Execute shell' marked build as failure
Archiving artifacts
/net/www/ci/sos/jobs/Bukkit/builds/2329/archive does not exist.
ERROR: Step ?Publish XML Summary Reports? failed: /net/www/ci/sos/jobs/Bukkit/builds/2329/archive does not exist.
GitHub Issue Notifier: Build has started failing, filed GitHub issue #4733
Finished: FAILURE
